ARM GAS  C:\Users\Greg\AppData\Local\Temp\ccHfEQvv.s 			page 1


   1              		.cpu cortex-m0
   2              		.fpu softvfp
   3              		.eabi_attribute 20, 1
   4              		.eabi_attribute 21, 1
   5              		.eabi_attribute 23, 3
   6              		.eabi_attribute 24, 1
   7              		.eabi_attribute 25, 1
   8              		.eabi_attribute 26, 1
   9              		.eabi_attribute 30, 6
  10              		.eabi_attribute 34, 0
  11              		.eabi_attribute 18, 4
  12              		.code	16
  13              		.file	"I2C.c"
  14              		.text
  15              	.Ltext0:
  16              		.cfi_sections	.debug_frame
  17              		.global	I2C_initVar
  18              		.bss
  19              		.type	I2C_initVar, %object
  20              		.size	I2C_initVar, 1
  21              	I2C_initVar:
  22 0000 00       		.space	1
  23              		.global	I2C_customIntrHandler
  24 0001 000000   		.align	2
  25              		.type	I2C_customIntrHandler, %object
  26              		.size	I2C_customIntrHandler, 4
  27              	I2C_customIntrHandler:
  28 0004 00000000 		.space	4
  29              		.section	.text.I2C_Init,"ax",%progbits
  30              		.align	2
  31              		.global	I2C_Init
  32              		.code	16
  33              		.thumb_func
  34              		.type	I2C_Init, %function
  35              	I2C_Init:
  36              	.LFB0:
  37              		.file 1 ".\\Generated_Source\\PSoC4\\I2C.c"
   1:.\Generated_Source\PSoC4/I2C.c **** /*******************************************************************************
   2:.\Generated_Source\PSoC4/I2C.c **** * File Name: I2C.c
   3:.\Generated_Source\PSoC4/I2C.c **** * Version 1.10
   4:.\Generated_Source\PSoC4/I2C.c **** *
   5:.\Generated_Source\PSoC4/I2C.c **** * Description:
   6:.\Generated_Source\PSoC4/I2C.c **** *  This file provides the source code to the API for the SCB Component.
   7:.\Generated_Source\PSoC4/I2C.c **** *
   8:.\Generated_Source\PSoC4/I2C.c **** * Note:
   9:.\Generated_Source\PSoC4/I2C.c **** *
  10:.\Generated_Source\PSoC4/I2C.c **** *******************************************************************************
  11:.\Generated_Source\PSoC4/I2C.c **** * Copyright 2013, Cypress Semiconductor Corporation.  All rights reserved.
  12:.\Generated_Source\PSoC4/I2C.c **** * You may use this file only in accordance with the license, terms, conditions,
  13:.\Generated_Source\PSoC4/I2C.c **** * disclaimers, and limitations in the end user license agreement accompanying
  14:.\Generated_Source\PSoC4/I2C.c **** * the software package with which this file was provided.
  15:.\Generated_Source\PSoC4/I2C.c **** *******************************************************************************/
  16:.\Generated_Source\PSoC4/I2C.c **** 
  17:.\Generated_Source\PSoC4/I2C.c **** #include "I2C_PVT.h"
  18:.\Generated_Source\PSoC4/I2C.c **** 
  19:.\Generated_Source\PSoC4/I2C.c **** #if(I2C_SCB_MODE_I2C_INC)
  20:.\Generated_Source\PSoC4/I2C.c ****     #include "I2C_I2C_PVT.h"
ARM GAS  C:\Users\Greg\AppData\Local\Temp\ccHfEQvv.s 			page 2


  21:.\Generated_Source\PSoC4/I2C.c **** #endif /* (I2C_SCB_MODE_I2C_INC) */
  22:.\Generated_Source\PSoC4/I2C.c **** 
  23:.\Generated_Source\PSoC4/I2C.c **** #if(I2C_SCB_MODE_EZI2C_INC)
  24:.\Generated_Source\PSoC4/I2C.c ****     #include "I2C_EZI2C_PVT.h"
  25:.\Generated_Source\PSoC4/I2C.c **** #endif /* (I2C_SCB_MODE_EZI2C_INC) */
  26:.\Generated_Source\PSoC4/I2C.c **** 
  27:.\Generated_Source\PSoC4/I2C.c **** #if(I2C_SCB_MODE_SPI_INC || I2C_SCB_MODE_UART_INC)
  28:.\Generated_Source\PSoC4/I2C.c ****     #include "I2C_SPI_UART_PVT.h"
  29:.\Generated_Source\PSoC4/I2C.c **** #endif /* (I2C_SCB_MODE_SPI_INC || I2C_SCB_MODE_UART_INC) */
  30:.\Generated_Source\PSoC4/I2C.c **** 
  31:.\Generated_Source\PSoC4/I2C.c **** 
  32:.\Generated_Source\PSoC4/I2C.c **** /**********************************
  33:.\Generated_Source\PSoC4/I2C.c **** *    Run Time Configuration Vars
  34:.\Generated_Source\PSoC4/I2C.c **** **********************************/
  35:.\Generated_Source\PSoC4/I2C.c **** 
  36:.\Generated_Source\PSoC4/I2C.c **** /* Stores internal component configuration for unconfigured mode */
  37:.\Generated_Source\PSoC4/I2C.c **** #if(I2C_SCB_MODE_UNCONFIG_CONST_CFG)
  38:.\Generated_Source\PSoC4/I2C.c ****     /* Common config vars */
  39:.\Generated_Source\PSoC4/I2C.c ****     uint8 I2C_scbMode = I2C_SCB_MODE_UNCONFIG;
  40:.\Generated_Source\PSoC4/I2C.c ****     uint8 I2C_scbEnableWake;
  41:.\Generated_Source\PSoC4/I2C.c ****     uint8 I2C_scbEnableIntr;
  42:.\Generated_Source\PSoC4/I2C.c **** 
  43:.\Generated_Source\PSoC4/I2C.c ****     /* I2C config vars */
  44:.\Generated_Source\PSoC4/I2C.c ****     uint8 I2C_mode;
  45:.\Generated_Source\PSoC4/I2C.c ****     uint8 I2C_acceptAddr;
  46:.\Generated_Source\PSoC4/I2C.c **** 
  47:.\Generated_Source\PSoC4/I2C.c ****     /* SPI/UART config vars */
  48:.\Generated_Source\PSoC4/I2C.c ****     volatile uint8 * I2C_rxBuffer;
  49:.\Generated_Source\PSoC4/I2C.c ****     uint8  I2C_rxDataBits;
  50:.\Generated_Source\PSoC4/I2C.c ****     uint32 I2C_rxBufferSize;
  51:.\Generated_Source\PSoC4/I2C.c **** 
  52:.\Generated_Source\PSoC4/I2C.c ****     volatile uint8 * I2C_txBuffer;
  53:.\Generated_Source\PSoC4/I2C.c ****     uint8  I2C_txDataBits;
  54:.\Generated_Source\PSoC4/I2C.c ****     uint32 I2C_txBufferSize;
  55:.\Generated_Source\PSoC4/I2C.c **** 
  56:.\Generated_Source\PSoC4/I2C.c ****     /* EZI2C config vars */
  57:.\Generated_Source\PSoC4/I2C.c ****     uint8 I2C_numberOfAddr;
  58:.\Generated_Source\PSoC4/I2C.c ****     uint8 I2C_subAddrSize;
  59:.\Generated_Source\PSoC4/I2C.c **** #endif /* (I2C_SCB_MODE_UNCONFIG_CONST_CFG) */
  60:.\Generated_Source\PSoC4/I2C.c **** 
  61:.\Generated_Source\PSoC4/I2C.c **** 
  62:.\Generated_Source\PSoC4/I2C.c **** /**********************************
  63:.\Generated_Source\PSoC4/I2C.c **** *     Common SCB Vars
  64:.\Generated_Source\PSoC4/I2C.c **** **********************************/
  65:.\Generated_Source\PSoC4/I2C.c **** 
  66:.\Generated_Source\PSoC4/I2C.c **** uint8 I2C_initVar = 0u;
  67:.\Generated_Source\PSoC4/I2C.c **** cyisraddress I2C_customIntrHandler = NULL;
  68:.\Generated_Source\PSoC4/I2C.c **** 
  69:.\Generated_Source\PSoC4/I2C.c **** 
  70:.\Generated_Source\PSoC4/I2C.c **** /***************************************
  71:.\Generated_Source\PSoC4/I2C.c **** *    Private Function Prototypes
  72:.\Generated_Source\PSoC4/I2C.c **** ***************************************/
  73:.\Generated_Source\PSoC4/I2C.c **** 
  74:.\Generated_Source\PSoC4/I2C.c **** static void I2C_ScbEnableIntr(void);
  75:.\Generated_Source\PSoC4/I2C.c **** static void I2C_ScbModeStop(void);
  76:.\Generated_Source\PSoC4/I2C.c **** 
  77:.\Generated_Source\PSoC4/I2C.c **** 
ARM GAS  C:\Users\Greg\AppData\Local\Temp\ccHfEQvv.s 			page 3


  78:.\Generated_Source\PSoC4/I2C.c **** /*******************************************************************************
  79:.\Generated_Source\PSoC4/I2C.c **** * Function Name: I2C_Init
  80:.\Generated_Source\PSoC4/I2C.c **** ********************************************************************************
  81:.\Generated_Source\PSoC4/I2C.c **** *
  82:.\Generated_Source\PSoC4/I2C.c **** * Summary:
  83:.\Generated_Source\PSoC4/I2C.c **** *  Initializes SCB component to operate in one of selected configurations:
  84:.\Generated_Source\PSoC4/I2C.c **** *  I2C, SPI, UART, EZI2C or EZSPI.
  85:.\Generated_Source\PSoC4/I2C.c **** *  This function does not do any initialization when configuration is set to
  86:.\Generated_Source\PSoC4/I2C.c **** *  Unconfigured SCB.
  87:.\Generated_Source\PSoC4/I2C.c **** *
  88:.\Generated_Source\PSoC4/I2C.c **** * Parameters:
  89:.\Generated_Source\PSoC4/I2C.c **** *  None
  90:.\Generated_Source\PSoC4/I2C.c **** *
  91:.\Generated_Source\PSoC4/I2C.c **** * Return:
  92:.\Generated_Source\PSoC4/I2C.c **** *  None
  93:.\Generated_Source\PSoC4/I2C.c **** *
  94:.\Generated_Source\PSoC4/I2C.c **** *******************************************************************************/
  95:.\Generated_Source\PSoC4/I2C.c **** void I2C_Init(void)
  96:.\Generated_Source\PSoC4/I2C.c **** {
  38              		.loc 1 96 0
  39              		.cfi_startproc
  40 0000 80B5     		push	{r7, lr}
  41              	.LCFI0:
  42              		.cfi_def_cfa_offset 8
  43              		.cfi_offset 7, -8
  44              		.cfi_offset 14, -4
  45 0002 00AF     		add	r7, sp, #0
  46              	.LCFI1:
  47              		.cfi_def_cfa_register 7
  97:.\Generated_Source\PSoC4/I2C.c **** #if(I2C_SCB_MODE_UNCONFIG_CONST_CFG)
  98:.\Generated_Source\PSoC4/I2C.c ****     if(I2C_SCB_MODE_UNCONFIG_RUNTM_CFG)
  99:.\Generated_Source\PSoC4/I2C.c ****     {
 100:.\Generated_Source\PSoC4/I2C.c ****         I2C_initVar = 0u; /* Clear init var */
 101:.\Generated_Source\PSoC4/I2C.c ****     }
 102:.\Generated_Source\PSoC4/I2C.c ****     else
 103:.\Generated_Source\PSoC4/I2C.c ****     {
 104:.\Generated_Source\PSoC4/I2C.c ****         /* Initialization was done before call */
 105:.\Generated_Source\PSoC4/I2C.c ****     }
 106:.\Generated_Source\PSoC4/I2C.c **** 
 107:.\Generated_Source\PSoC4/I2C.c **** #elif(I2C_SCB_MODE_I2C_CONST_CFG)
 108:.\Generated_Source\PSoC4/I2C.c ****     I2C_I2CInit();
  48              		.loc 1 108 0
  49 0004 FFF7FEFF 		bl	I2C_I2CInit
 109:.\Generated_Source\PSoC4/I2C.c **** 
 110:.\Generated_Source\PSoC4/I2C.c **** #elif(I2C_SCB_MODE_SPI_CONST_CFG)
 111:.\Generated_Source\PSoC4/I2C.c ****     I2C_SpiInit();
 112:.\Generated_Source\PSoC4/I2C.c **** 
 113:.\Generated_Source\PSoC4/I2C.c **** #elif(I2C_SCB_MODE_UART_CONST_CFG)
 114:.\Generated_Source\PSoC4/I2C.c ****     I2C_UartInit();
 115:.\Generated_Source\PSoC4/I2C.c **** 
 116:.\Generated_Source\PSoC4/I2C.c **** #elif(I2C_SCB_MODE_EZI2C_CONST_CFG)
 117:.\Generated_Source\PSoC4/I2C.c ****     I2C_EzI2CInit();
 118:.\Generated_Source\PSoC4/I2C.c **** 
 119:.\Generated_Source\PSoC4/I2C.c **** #endif /* (I2C_SCB_MODE_UNCONFIG_CONST_CFG) */
 120:.\Generated_Source\PSoC4/I2C.c **** }
  50              		.loc 1 120 0
  51 0008 BD46     		mov	sp, r7
ARM GAS  C:\Users\Greg\AppData\Local\Temp\ccHfEQvv.s 			page 4


  52              		@ sp needed for prologue
  53 000a 80BD     		pop	{r7, pc}
  54              		.cfi_endproc
  55              	.LFE0:
  56              		.size	I2C_Init, .-I2C_Init
  57              		.section	.text.I2C_Enable,"ax",%progbits
  58              		.align	2
  59              		.global	I2C_Enable
  60              		.code	16
  61              		.thumb_func
  62              		.type	I2C_Enable, %function
  63              	I2C_Enable:
  64              	.LFB1:
 121:.\Generated_Source\PSoC4/I2C.c **** 
 122:.\Generated_Source\PSoC4/I2C.c **** 
 123:.\Generated_Source\PSoC4/I2C.c **** /*******************************************************************************
 124:.\Generated_Source\PSoC4/I2C.c **** * Function Name: I2C_Enable
 125:.\Generated_Source\PSoC4/I2C.c **** ********************************************************************************
 126:.\Generated_Source\PSoC4/I2C.c **** *
 127:.\Generated_Source\PSoC4/I2C.c **** * Summary:
 128:.\Generated_Source\PSoC4/I2C.c **** *  Enables SCB component operation.
 129:.\Generated_Source\PSoC4/I2C.c **** *  The SCB configuration should be not changed when the component is enabled.
 130:.\Generated_Source\PSoC4/I2C.c **** *  Any configuration changes should be made after disabling the component.
 131:.\Generated_Source\PSoC4/I2C.c **** *
 132:.\Generated_Source\PSoC4/I2C.c **** * Parameters:
 133:.\Generated_Source\PSoC4/I2C.c **** *  None
 134:.\Generated_Source\PSoC4/I2C.c **** *
 135:.\Generated_Source\PSoC4/I2C.c **** * Return:
 136:.\Generated_Source\PSoC4/I2C.c **** *  None
 137:.\Generated_Source\PSoC4/I2C.c **** *
 138:.\Generated_Source\PSoC4/I2C.c **** *******************************************************************************/
 139:.\Generated_Source\PSoC4/I2C.c **** void I2C_Enable(void)
 140:.\Generated_Source\PSoC4/I2C.c **** {
  65              		.loc 1 140 0
  66              		.cfi_startproc
  67 0000 80B5     		push	{r7, lr}
  68              	.LCFI2:
  69              		.cfi_def_cfa_offset 8
  70              		.cfi_offset 7, -8
  71              		.cfi_offset 14, -4
  72 0002 00AF     		add	r7, sp, #0
  73              	.LCFI3:
  74              		.cfi_def_cfa_register 7
 141:.\Generated_Source\PSoC4/I2C.c **** #if(I2C_SCB_MODE_UNCONFIG_CONST_CFG)
 142:.\Generated_Source\PSoC4/I2C.c ****     if(!I2C_SCB_MODE_UNCONFIG_RUNTM_CFG)
 143:.\Generated_Source\PSoC4/I2C.c ****     {
 144:.\Generated_Source\PSoC4/I2C.c ****         /* Enable SCB block, only if already configured */
 145:.\Generated_Source\PSoC4/I2C.c ****         I2C_CTRL_REG |= I2C_CTRL_ENABLED;
 146:.\Generated_Source\PSoC4/I2C.c ****         
 147:.\Generated_Source\PSoC4/I2C.c ****         /* Enable interrupt */
 148:.\Generated_Source\PSoC4/I2C.c ****         I2C_ScbEnableIntr();
 149:.\Generated_Source\PSoC4/I2C.c ****     }
 150:.\Generated_Source\PSoC4/I2C.c **** #else
 151:.\Generated_Source\PSoC4/I2C.c ****     I2C_CTRL_REG |= I2C_CTRL_ENABLED; /* Enable SCB block */
  75              		.loc 1 151 0
  76 0004 054B     		ldr	r3, .L3
  77 0006 054A     		ldr	r2, .L3
ARM GAS  C:\Users\Greg\AppData\Local\Temp\ccHfEQvv.s 			page 5


  78 0008 1268     		ldr	r2, [r2]
  79 000a 8021     		mov	r1, #128
  80 000c 0906     		lsl	r1, r1, #24
  81 000e 0A43     		orr	r2, r1
  82 0010 1A60     		str	r2, [r3]
 152:.\Generated_Source\PSoC4/I2C.c ****     
 153:.\Generated_Source\PSoC4/I2C.c ****     I2C_ScbEnableIntr();
  83              		.loc 1 153 0
  84 0012 FFF7FEFF 		bl	I2C_ScbEnableIntr
 154:.\Generated_Source\PSoC4/I2C.c **** #endif /* (I2C_SCB_MODE_UNCONFIG_CONST_CFG) */
 155:.\Generated_Source\PSoC4/I2C.c **** }
  85              		.loc 1 155 0
  86 0016 BD46     		mov	sp, r7
  87              		@ sp needed for prologue
  88 0018 80BD     		pop	{r7, pc}
  89              	.L4:
  90 001a C046     		.align	2
  91              	.L3:
  92 001c 00000740 		.word	1074200576
  93              		.cfi_endproc
  94              	.LFE1:
  95              		.size	I2C_Enable, .-I2C_Enable
  96              		.section	.text.I2C_Start,"ax",%progbits
  97              		.align	2
  98              		.global	I2C_Start
  99              		.code	16
 100              		.thumb_func
 101              		.type	I2C_Start, %function
 102              	I2C_Start:
 103              	.LFB2:
 156:.\Generated_Source\PSoC4/I2C.c **** 
 157:.\Generated_Source\PSoC4/I2C.c **** 
 158:.\Generated_Source\PSoC4/I2C.c **** /*******************************************************************************
 159:.\Generated_Source\PSoC4/I2C.c **** * Function Name: I2C_Start
 160:.\Generated_Source\PSoC4/I2C.c **** ********************************************************************************
 161:.\Generated_Source\PSoC4/I2C.c **** *
 162:.\Generated_Source\PSoC4/I2C.c **** * Summary:
 163:.\Generated_Source\PSoC4/I2C.c **** *  Invokes SCB_Init() and SCB_Enable().
 164:.\Generated_Source\PSoC4/I2C.c **** *  After this function call the component is enabled and ready for operation.
 165:.\Generated_Source\PSoC4/I2C.c **** *
 166:.\Generated_Source\PSoC4/I2C.c **** * Parameters:
 167:.\Generated_Source\PSoC4/I2C.c **** *  None
 168:.\Generated_Source\PSoC4/I2C.c **** *
 169:.\Generated_Source\PSoC4/I2C.c **** * Return:
 170:.\Generated_Source\PSoC4/I2C.c **** *  None
 171:.\Generated_Source\PSoC4/I2C.c **** *
 172:.\Generated_Source\PSoC4/I2C.c **** * Global variables:
 173:.\Generated_Source\PSoC4/I2C.c **** *  I2C_initVar - used to check initial configuration, modified
 174:.\Generated_Source\PSoC4/I2C.c **** *  on first function call.
 175:.\Generated_Source\PSoC4/I2C.c **** *
 176:.\Generated_Source\PSoC4/I2C.c **** *******************************************************************************/
 177:.\Generated_Source\PSoC4/I2C.c **** void I2C_Start(void)
 178:.\Generated_Source\PSoC4/I2C.c **** {
 104              		.loc 1 178 0
 105              		.cfi_startproc
 106 0000 80B5     		push	{r7, lr}
 107              	.LCFI4:
ARM GAS  C:\Users\Greg\AppData\Local\Temp\ccHfEQvv.s 			page 6


 108              		.cfi_def_cfa_offset 8
 109              		.cfi_offset 7, -8
 110              		.cfi_offset 14, -4
 111 0002 00AF     		add	r7, sp, #0
 112              	.LCFI5:
 113              		.cfi_def_cfa_register 7
 179:.\Generated_Source\PSoC4/I2C.c ****     if(0u == I2C_initVar)
 114              		.loc 1 179 0
 115 0004 064B     		ldr	r3, .L7
 116 0006 1B78     		ldrb	r3, [r3]
 117 0008 002B     		cmp	r3, #0
 118 000a 04D1     		bne	.L6
 180:.\Generated_Source\PSoC4/I2C.c ****     {
 181:.\Generated_Source\PSoC4/I2C.c ****         I2C_initVar = 1u; /* Component was initialized */
 119              		.loc 1 181 0
 120 000c 044B     		ldr	r3, .L7
 121 000e 0122     		mov	r2, #1
 122 0010 1A70     		strb	r2, [r3]
 182:.\Generated_Source\PSoC4/I2C.c ****         I2C_Init();       /* Initialize component      */
 123              		.loc 1 182 0
 124 0012 FFF7FEFF 		bl	I2C_Init
 125              	.L6:
 183:.\Generated_Source\PSoC4/I2C.c ****     }
 184:.\Generated_Source\PSoC4/I2C.c **** 
 185:.\Generated_Source\PSoC4/I2C.c ****     I2C_Enable();
 126              		.loc 1 185 0
 127 0016 FFF7FEFF 		bl	I2C_Enable
 186:.\Generated_Source\PSoC4/I2C.c **** }
 128              		.loc 1 186 0
 129 001a BD46     		mov	sp, r7
 130              		@ sp needed for prologue
 131 001c 80BD     		pop	{r7, pc}
 132              	.L8:
 133 001e C046     		.align	2
 134              	.L7:
 135 0020 00000000 		.word	I2C_initVar
 136              		.cfi_endproc
 137              	.LFE2:
 138              		.size	I2C_Start, .-I2C_Start
 139              		.section	.text.I2C_Stop,"ax",%progbits
 140              		.align	2
 141              		.global	I2C_Stop
 142              		.code	16
 143              		.thumb_func
 144              		.type	I2C_Stop, %function
 145              	I2C_Stop:
 146              	.LFB3:
 187:.\Generated_Source\PSoC4/I2C.c **** 
 188:.\Generated_Source\PSoC4/I2C.c **** 
 189:.\Generated_Source\PSoC4/I2C.c **** /*******************************************************************************
 190:.\Generated_Source\PSoC4/I2C.c **** * Function Name: I2C_Stop
 191:.\Generated_Source\PSoC4/I2C.c **** ********************************************************************************
 192:.\Generated_Source\PSoC4/I2C.c **** *
 193:.\Generated_Source\PSoC4/I2C.c **** * Summary:
 194:.\Generated_Source\PSoC4/I2C.c **** *  Disables the SCB component.
 195:.\Generated_Source\PSoC4/I2C.c **** *
 196:.\Generated_Source\PSoC4/I2C.c **** * Parameters:
ARM GAS  C:\Users\Greg\AppData\Local\Temp\ccHfEQvv.s 			page 7


 197:.\Generated_Source\PSoC4/I2C.c **** *  None
 198:.\Generated_Source\PSoC4/I2C.c **** *
 199:.\Generated_Source\PSoC4/I2C.c **** * Return:
 200:.\Generated_Source\PSoC4/I2C.c **** *  None
 201:.\Generated_Source\PSoC4/I2C.c **** *
 202:.\Generated_Source\PSoC4/I2C.c **** *******************************************************************************/
 203:.\Generated_Source\PSoC4/I2C.c **** void I2C_Stop(void)
 204:.\Generated_Source\PSoC4/I2C.c **** {
 147              		.loc 1 204 0
 148              		.cfi_startproc
 149 0000 80B5     		push	{r7, lr}
 150              	.LCFI6:
 151              		.cfi_def_cfa_offset 8
 152              		.cfi_offset 7, -8
 153              		.cfi_offset 14, -4
 154 0002 00AF     		add	r7, sp, #0
 155              	.LCFI7:
 156              		.cfi_def_cfa_register 7
 205:.\Generated_Source\PSoC4/I2C.c **** #if(I2C_SCB_IRQ_INTERNAL)
 206:.\Generated_Source\PSoC4/I2C.c ****     I2C_SCB_IRQ_Disable();     /* Disable interrupt before block */
 157              		.loc 1 206 0
 158 0004 FFF7FEFF 		bl	I2C_SCB_IRQ_Disable
 207:.\Generated_Source\PSoC4/I2C.c **** #endif /* (I2C_SCB_IRQ_INTERNAL) */
 208:.\Generated_Source\PSoC4/I2C.c **** 
 209:.\Generated_Source\PSoC4/I2C.c ****     I2C_CTRL_REG &= (uint32) ~I2C_CTRL_ENABLED;  /* Disable SCB block */
 159              		.loc 1 209 0
 160 0008 054B     		ldr	r3, .L10
 161 000a 054A     		ldr	r2, .L10
 162 000c 1268     		ldr	r2, [r2]
 163 000e 5200     		lsl	r2, r2, #1
 164 0010 5208     		lsr	r2, r2, #1
 165 0012 1A60     		str	r2, [r3]
 210:.\Generated_Source\PSoC4/I2C.c **** 
 211:.\Generated_Source\PSoC4/I2C.c **** #if(I2C_SCB_IRQ_INTERNAL)
 212:.\Generated_Source\PSoC4/I2C.c ****     I2C_SCB_IRQ_ClearPending(); /* Clear pending interrupt */
 166              		.loc 1 212 0
 167 0014 FFF7FEFF 		bl	I2C_SCB_IRQ_ClearPending
 213:.\Generated_Source\PSoC4/I2C.c **** #endif /* (I2C_SCB_IRQ_INTERNAL) */
 214:.\Generated_Source\PSoC4/I2C.c ****     
 215:.\Generated_Source\PSoC4/I2C.c ****     I2C_ScbModeStop(); /* Calls scbMode specific Stop function */
 168              		.loc 1 215 0
 169 0018 FFF7FEFF 		bl	I2C_ScbModeStop
 216:.\Generated_Source\PSoC4/I2C.c **** }
 170              		.loc 1 216 0
 171 001c BD46     		mov	sp, r7
 172              		@ sp needed for prologue
 173 001e 80BD     		pop	{r7, pc}
 174              	.L11:
 175              		.align	2
 176              	.L10:
 177 0020 00000740 		.word	1074200576
 178              		.cfi_endproc
 179              	.LFE3:
 180              		.size	I2C_Stop, .-I2C_Stop
 181              		.section	.text.I2C_SetCustomInterruptHandler,"ax",%progbits
 182              		.align	2
 183              		.global	I2C_SetCustomInterruptHandler
ARM GAS  C:\Users\Greg\AppData\Local\Temp\ccHfEQvv.s 			page 8


 184              		.code	16
 185              		.thumb_func
 186              		.type	I2C_SetCustomInterruptHandler, %function
 187              	I2C_SetCustomInterruptHandler:
 188              	.LFB4:
 217:.\Generated_Source\PSoC4/I2C.c **** 
 218:.\Generated_Source\PSoC4/I2C.c **** 
 219:.\Generated_Source\PSoC4/I2C.c **** /*******************************************************************************
 220:.\Generated_Source\PSoC4/I2C.c **** * Function Name: I2C_SetCustomInterruptHandler
 221:.\Generated_Source\PSoC4/I2C.c **** ********************************************************************************
 222:.\Generated_Source\PSoC4/I2C.c **** *
 223:.\Generated_Source\PSoC4/I2C.c **** * Summary:
 224:.\Generated_Source\PSoC4/I2C.c **** *  Registers a function to be called by the internal interrupt handler.
 225:.\Generated_Source\PSoC4/I2C.c **** *  First the function that is registered is called, then the internal interrupt
 226:.\Generated_Source\PSoC4/I2C.c **** *  handler performs any operations such as software buffer management functions
 227:.\Generated_Source\PSoC4/I2C.c **** *  before the interrupt returns.  It is user's responsibility to not break the
 228:.\Generated_Source\PSoC4/I2C.c **** *  software buffer operations. Only one custom handler is supported, which is
 229:.\Generated_Source\PSoC4/I2C.c **** *  the function provided by the most recent call.
 230:.\Generated_Source\PSoC4/I2C.c **** *  At initialization time no custom handler is registered.
 231:.\Generated_Source\PSoC4/I2C.c **** *
 232:.\Generated_Source\PSoC4/I2C.c **** * Parameters:
 233:.\Generated_Source\PSoC4/I2C.c **** *  func: Pointer to the function to register.
 234:.\Generated_Source\PSoC4/I2C.c **** *        The value NULL indicates to remove the current custom interrupt
 235:.\Generated_Source\PSoC4/I2C.c **** *        handler.
 236:.\Generated_Source\PSoC4/I2C.c **** *
 237:.\Generated_Source\PSoC4/I2C.c **** * Return:
 238:.\Generated_Source\PSoC4/I2C.c **** *  None
 239:.\Generated_Source\PSoC4/I2C.c **** *
 240:.\Generated_Source\PSoC4/I2C.c **** *******************************************************************************/
 241:.\Generated_Source\PSoC4/I2C.c **** void I2C_SetCustomInterruptHandler(cyisraddress func)
 242:.\Generated_Source\PSoC4/I2C.c **** {
 189              		.loc 1 242 0
 190              		.cfi_startproc
 191 0000 80B5     		push	{r7, lr}
 192              	.LCFI8:
 193              		.cfi_def_cfa_offset 8
 194              		.cfi_offset 7, -8
 195              		.cfi_offset 14, -4
 196 0002 82B0     		sub	sp, sp, #8
 197              	.LCFI9:
 198              		.cfi_def_cfa_offset 16
 199 0004 00AF     		add	r7, sp, #0
 200              	.LCFI10:
 201              		.cfi_def_cfa_register 7
 202 0006 7860     		str	r0, [r7, #4]
 243:.\Generated_Source\PSoC4/I2C.c ****     I2C_customIntrHandler = func; /* Register interrupt handler */
 203              		.loc 1 243 0
 204 0008 024B     		ldr	r3, .L13
 205 000a 7A68     		ldr	r2, [r7, #4]
 206 000c 1A60     		str	r2, [r3]
 244:.\Generated_Source\PSoC4/I2C.c **** }
 207              		.loc 1 244 0
 208 000e BD46     		mov	sp, r7
 209 0010 02B0     		add	sp, sp, #8
 210              		@ sp needed for prologue
 211 0012 80BD     		pop	{r7, pc}
 212              	.L14:
ARM GAS  C:\Users\Greg\AppData\Local\Temp\ccHfEQvv.s 			page 9


 213              		.align	2
 214              	.L13:
 215 0014 00000000 		.word	I2C_customIntrHandler
 216              		.cfi_endproc
 217              	.LFE4:
 218              		.size	I2C_SetCustomInterruptHandler, .-I2C_SetCustomInterruptHandler
 219              		.section	.text.I2C_ScbEnableIntr,"ax",%progbits
 220              		.align	2
 221              		.code	16
 222              		.thumb_func
 223              		.type	I2C_ScbEnableIntr, %function
 224              	I2C_ScbEnableIntr:
 225              	.LFB5:
 245:.\Generated_Source\PSoC4/I2C.c **** 
 246:.\Generated_Source\PSoC4/I2C.c **** 
 247:.\Generated_Source\PSoC4/I2C.c **** /*******************************************************************************
 248:.\Generated_Source\PSoC4/I2C.c **** * Function Name: I2C_ScbModeEnableIntr
 249:.\Generated_Source\PSoC4/I2C.c **** ********************************************************************************
 250:.\Generated_Source\PSoC4/I2C.c **** *
 251:.\Generated_Source\PSoC4/I2C.c **** * Summary:
 252:.\Generated_Source\PSoC4/I2C.c **** *  Enables interrupt for specific mode.
 253:.\Generated_Source\PSoC4/I2C.c **** *
 254:.\Generated_Source\PSoC4/I2C.c **** * Parameters:
 255:.\Generated_Source\PSoC4/I2C.c **** *  None
 256:.\Generated_Source\PSoC4/I2C.c **** *
 257:.\Generated_Source\PSoC4/I2C.c **** * Return:
 258:.\Generated_Source\PSoC4/I2C.c **** *  None
 259:.\Generated_Source\PSoC4/I2C.c **** *
 260:.\Generated_Source\PSoC4/I2C.c **** *******************************************************************************/
 261:.\Generated_Source\PSoC4/I2C.c **** static void I2C_ScbEnableIntr(void)
 262:.\Generated_Source\PSoC4/I2C.c **** {
 226              		.loc 1 262 0
 227              		.cfi_startproc
 228 0000 80B5     		push	{r7, lr}
 229              	.LCFI11:
 230              		.cfi_def_cfa_offset 8
 231              		.cfi_offset 7, -8
 232              		.cfi_offset 14, -4
 233 0002 00AF     		add	r7, sp, #0
 234              	.LCFI12:
 235              		.cfi_def_cfa_register 7
 263:.\Generated_Source\PSoC4/I2C.c **** #if(I2C_SCB_IRQ_INTERNAL)
 264:.\Generated_Source\PSoC4/I2C.c ****     #if(I2C_SCB_MODE_UNCONFIG_CONST_CFG)
 265:.\Generated_Source\PSoC4/I2C.c ****         /* Enable interrupt source */
 266:.\Generated_Source\PSoC4/I2C.c ****         if(0u != I2C_scbEnableIntr)
 267:.\Generated_Source\PSoC4/I2C.c ****         {
 268:.\Generated_Source\PSoC4/I2C.c ****             I2C_SCB_IRQ_Enable();
 269:.\Generated_Source\PSoC4/I2C.c ****         }
 270:.\Generated_Source\PSoC4/I2C.c ****     #else
 271:.\Generated_Source\PSoC4/I2C.c ****         I2C_SCB_IRQ_Enable();
 236              		.loc 1 271 0
 237 0004 FFF7FEFF 		bl	I2C_SCB_IRQ_Enable
 272:.\Generated_Source\PSoC4/I2C.c ****         
 273:.\Generated_Source\PSoC4/I2C.c ****     #endif /* (I2C_SCB_MODE_UNCONFIG_CONST_CFG) */
 274:.\Generated_Source\PSoC4/I2C.c **** #endif /* (I2C_SCB_IRQ_INTERNAL) */
 275:.\Generated_Source\PSoC4/I2C.c **** }
 238              		.loc 1 275 0
ARM GAS  C:\Users\Greg\AppData\Local\Temp\ccHfEQvv.s 			page 10


 239 0008 BD46     		mov	sp, r7
 240              		@ sp needed for prologue
 241 000a 80BD     		pop	{r7, pc}
 242              		.cfi_endproc
 243              	.LFE5:
 244              		.size	I2C_ScbEnableIntr, .-I2C_ScbEnableIntr
 245              		.section	.text.I2C_ScbModeStop,"ax",%progbits
 246              		.align	2
 247              		.code	16
 248              		.thumb_func
 249              		.type	I2C_ScbModeStop, %function
 250              	I2C_ScbModeStop:
 251              	.LFB6:
 276:.\Generated_Source\PSoC4/I2C.c **** 
 277:.\Generated_Source\PSoC4/I2C.c **** 
 278:.\Generated_Source\PSoC4/I2C.c **** /*******************************************************************************
 279:.\Generated_Source\PSoC4/I2C.c **** * Function Name: I2C_ScbModeEnableIntr
 280:.\Generated_Source\PSoC4/I2C.c **** ********************************************************************************
 281:.\Generated_Source\PSoC4/I2C.c **** *
 282:.\Generated_Source\PSoC4/I2C.c **** * Summary:
 283:.\Generated_Source\PSoC4/I2C.c **** *  Calls Stop function for specific operation mode.
 284:.\Generated_Source\PSoC4/I2C.c **** *
 285:.\Generated_Source\PSoC4/I2C.c **** * Parameters:
 286:.\Generated_Source\PSoC4/I2C.c **** *  None
 287:.\Generated_Source\PSoC4/I2C.c **** *
 288:.\Generated_Source\PSoC4/I2C.c **** * Return:
 289:.\Generated_Source\PSoC4/I2C.c **** *  None
 290:.\Generated_Source\PSoC4/I2C.c **** *
 291:.\Generated_Source\PSoC4/I2C.c **** *******************************************************************************/
 292:.\Generated_Source\PSoC4/I2C.c **** static void I2C_ScbModeStop(void)
 293:.\Generated_Source\PSoC4/I2C.c **** {
 252              		.loc 1 293 0
 253              		.cfi_startproc
 254 0000 80B5     		push	{r7, lr}
 255              	.LCFI13:
 256              		.cfi_def_cfa_offset 8
 257              		.cfi_offset 7, -8
 258              		.cfi_offset 14, -4
 259 0002 00AF     		add	r7, sp, #0
 260              	.LCFI14:
 261              		.cfi_def_cfa_register 7
 294:.\Generated_Source\PSoC4/I2C.c **** #if(I2C_SCB_MODE_UNCONFIG_CONST_CFG)
 295:.\Generated_Source\PSoC4/I2C.c ****     if(I2C_SCB_MODE_I2C_RUNTM_CFG)
 296:.\Generated_Source\PSoC4/I2C.c ****     {
 297:.\Generated_Source\PSoC4/I2C.c ****         I2C_I2CStop();
 298:.\Generated_Source\PSoC4/I2C.c ****     }
 299:.\Generated_Source\PSoC4/I2C.c ****     else if(I2C_SCB_MODE_EZI2C_RUNTM_CFG)
 300:.\Generated_Source\PSoC4/I2C.c ****     {
 301:.\Generated_Source\PSoC4/I2C.c ****         I2C_EzI2CStop();
 302:.\Generated_Source\PSoC4/I2C.c ****     }
 303:.\Generated_Source\PSoC4/I2C.c ****     else
 304:.\Generated_Source\PSoC4/I2C.c ****     {
 305:.\Generated_Source\PSoC4/I2C.c ****         /* None of modes above */
 306:.\Generated_Source\PSoC4/I2C.c ****     }
 307:.\Generated_Source\PSoC4/I2C.c **** #elif(I2C_SCB_MODE_I2C_CONST_CFG)
 308:.\Generated_Source\PSoC4/I2C.c ****     I2C_I2CStop();
 262              		.loc 1 308 0
ARM GAS  C:\Users\Greg\AppData\Local\Temp\ccHfEQvv.s 			page 11


 263 0004 FFF7FEFF 		bl	I2C_I2CStop
 309:.\Generated_Source\PSoC4/I2C.c **** 
 310:.\Generated_Source\PSoC4/I2C.c **** #elif(I2C_SCB_MODE_EZI2C_CONST_CFG)
 311:.\Generated_Source\PSoC4/I2C.c ****     I2C_EzI2CStop();
 312:.\Generated_Source\PSoC4/I2C.c **** 
 313:.\Generated_Source\PSoC4/I2C.c **** #endif /* (I2C_SCB_MODE_UNCONFIG_CONST_CFG) */
 314:.\Generated_Source\PSoC4/I2C.c **** }
 264              		.loc 1 314 0
 265 0008 BD46     		mov	sp, r7
 266              		@ sp needed for prologue
 267 000a 80BD     		pop	{r7, pc}
 268              		.cfi_endproc
 269              	.LFE6:
 270              		.size	I2C_ScbModeStop, .-I2C_ScbModeStop
 271              		.text
 272              	.Letext0:
 273              		.file 2 ".\\Generated_Source\\PSoC4\\cytypes.h"
 274              		.section	.debug_info,"",%progbits
 275              	.Ldebug_info0:
 276 0000 93010000 		.4byte	0x193
 277 0004 0200     		.2byte	0x2
 278 0006 00000000 		.4byte	.Ldebug_abbrev0
 279 000a 04       		.byte	0x4
 280 000b 01       		.uleb128 0x1
 281 000c 2C010000 		.4byte	.LASF25
 282 0010 01       		.byte	0x1
 283 0011 19000000 		.4byte	.LASF26
 284 0015 93010000 		.4byte	.LASF27
 285 0019 00000000 		.4byte	.Ldebug_ranges0+0
 286 001d 00000000 		.4byte	0
 287 0021 00000000 		.4byte	0
 288 0025 00000000 		.4byte	.Ldebug_line0
 289 0029 02       		.uleb128 0x2
 290 002a 01       		.byte	0x1
 291 002b 06       		.byte	0x6
 292 002c 87010000 		.4byte	.LASF0
 293 0030 02       		.uleb128 0x2
 294 0031 01       		.byte	0x1
 295 0032 08       		.byte	0x8
 296 0033 5A000000 		.4byte	.LASF1
 297 0037 02       		.uleb128 0x2
 298 0038 02       		.byte	0x2
 299 0039 05       		.byte	0x5
 300 003a 22010000 		.4byte	.LASF2
 301 003e 02       		.uleb128 0x2
 302 003f 02       		.byte	0x2
 303 0040 07       		.byte	0x7
 304 0041 06000000 		.4byte	.LASF3
 305 0045 02       		.uleb128 0x2
 306 0046 04       		.byte	0x4
 307 0047 05       		.byte	0x5
 308 0048 75010000 		.4byte	.LASF4
 309 004c 02       		.uleb128 0x2
 310 004d 04       		.byte	0x4
 311 004e 07       		.byte	0x7
 312 004f 78000000 		.4byte	.LASF5
 313 0053 02       		.uleb128 0x2
ARM GAS  C:\Users\Greg\AppData\Local\Temp\ccHfEQvv.s 			page 12


 314 0054 08       		.byte	0x8
 315 0055 05       		.byte	0x5
 316 0056 0F010000 		.4byte	.LASF6
 317 005a 02       		.uleb128 0x2
 318 005b 08       		.byte	0x8
 319 005c 07       		.byte	0x7
 320 005d D9000000 		.4byte	.LASF7
 321 0061 03       		.uleb128 0x3
 322 0062 04       		.byte	0x4
 323 0063 05       		.byte	0x5
 324 0064 696E7400 		.ascii	"int\000"
 325 0068 02       		.uleb128 0x2
 326 0069 04       		.byte	0x4
 327 006a 07       		.byte	0x7
 328 006b CC000000 		.4byte	.LASF8
 329 006f 04       		.uleb128 0x4
 330 0070 8A000000 		.4byte	.LASF9
 331 0074 02       		.byte	0x2
 332 0075 5B       		.byte	0x5b
 333 0076 30000000 		.4byte	0x30
 334 007a 04       		.uleb128 0x4
 335 007b C5000000 		.4byte	.LASF10
 336 007f 02       		.byte	0x2
 337 0080 5D       		.byte	0x5d
 338 0081 4C000000 		.4byte	0x4c
 339 0085 02       		.uleb128 0x2
 340 0086 04       		.byte	0x4
 341 0087 04       		.byte	0x4
 342 0088 54000000 		.4byte	.LASF11
 343 008c 02       		.uleb128 0x2
 344 008d 08       		.byte	0x8
 345 008e 04       		.byte	0x4
 346 008f 9B000000 		.4byte	.LASF12
 347 0093 02       		.uleb128 0x2
 348 0094 01       		.byte	0x1
 349 0095 08       		.byte	0x8
 350 0096 1D010000 		.4byte	.LASF13
 351 009a 04       		.uleb128 0x4
 352 009b 00000000 		.4byte	.LASF14
 353 009f 02       		.byte	0x2
 354 00a0 F2       		.byte	0xf2
 355 00a1 A5000000 		.4byte	0xa5
 356 00a5 05       		.uleb128 0x5
 357 00a6 7A000000 		.4byte	0x7a
 358 00aa 06       		.uleb128 0x6
 359 00ab F0000000 		.4byte	.LASF15
 360 00af 02       		.byte	0x2
 361 00b0 0201     		.2byte	0x102
 362 00b2 B6000000 		.4byte	0xb6
 363 00b6 07       		.uleb128 0x7
 364 00b7 04       		.byte	0x4
 365 00b8 BC000000 		.4byte	0xbc
 366 00bc 08       		.uleb128 0x8
 367 00bd 01       		.byte	0x1
 368 00be 02       		.uleb128 0x2
 369 00bf 04       		.byte	0x4
 370 00c0 07       		.byte	0x7
ARM GAS  C:\Users\Greg\AppData\Local\Temp\ccHfEQvv.s 			page 13


 371 00c1 06010000 		.4byte	.LASF16
 372 00c5 09       		.uleb128 0x9
 373 00c6 01       		.byte	0x1
 374 00c7 FD000000 		.4byte	.LASF17
 375 00cb 01       		.byte	0x1
 376 00cc 5F       		.byte	0x5f
 377 00cd 01       		.byte	0x1
 378 00ce 00000000 		.4byte	.LFB0
 379 00d2 0C000000 		.4byte	.LFE0
 380 00d6 00000000 		.4byte	.LLST0
 381 00da 01       		.byte	0x1
 382 00db 09       		.uleb128 0x9
 383 00dc 01       		.byte	0x1
 384 00dd 90000000 		.4byte	.LASF18
 385 00e1 01       		.byte	0x1
 386 00e2 8B       		.byte	0x8b
 387 00e3 01       		.byte	0x1
 388 00e4 00000000 		.4byte	.LFB1
 389 00e8 20000000 		.4byte	.LFE1
 390 00ec 2C000000 		.4byte	.LLST1
 391 00f0 01       		.byte	0x1
 392 00f1 09       		.uleb128 0x9
 393 00f2 01       		.byte	0x1
 394 00f3 4A000000 		.4byte	.LASF19
 395 00f7 01       		.byte	0x1
 396 00f8 B1       		.byte	0xb1
 397 00f9 01       		.byte	0x1
 398 00fa 00000000 		.4byte	.LFB2
 399 00fe 24000000 		.4byte	.LFE2
 400 0102 58000000 		.4byte	.LLST2
 401 0106 01       		.byte	0x1
 402 0107 09       		.uleb128 0x9
 403 0108 01       		.byte	0x1
 404 0109 7E010000 		.4byte	.LASF20
 405 010d 01       		.byte	0x1
 406 010e CB       		.byte	0xcb
 407 010f 01       		.byte	0x1
 408 0110 00000000 		.4byte	.LFB3
 409 0114 24000000 		.4byte	.LFE3
 410 0118 84000000 		.4byte	.LLST3
 411 011c 01       		.byte	0x1
 412 011d 0A       		.uleb128 0xa
 413 011e 01       		.byte	0x1
 414 011f A7000000 		.4byte	.LASF28
 415 0123 01       		.byte	0x1
 416 0124 F1       		.byte	0xf1
 417 0125 01       		.byte	0x1
 418 0126 00000000 		.4byte	.LFB4
 419 012a 18000000 		.4byte	.LFE4
 420 012e B0000000 		.4byte	.LLST4
 421 0132 01       		.byte	0x1
 422 0133 46010000 		.4byte	0x146
 423 0137 0B       		.uleb128 0xb
 424 0138 A2000000 		.4byte	.LASF29
 425 013c 01       		.byte	0x1
 426 013d F1       		.byte	0xf1
 427 013e AA000000 		.4byte	0xaa
ARM GAS  C:\Users\Greg\AppData\Local\Temp\ccHfEQvv.s 			page 14


 428 0142 02       		.byte	0x2
 429 0143 91       		.byte	0x91
 430 0144 74       		.sleb128 -12
 431 0145 00       		.byte	0
 432 0146 0C       		.uleb128 0xc
 433 0147 38000000 		.4byte	.LASF21
 434 014b 01       		.byte	0x1
 435 014c 0501     		.2byte	0x105
 436 014e 01       		.byte	0x1
 437 014f 00000000 		.4byte	.LFB5
 438 0153 0C000000 		.4byte	.LFE5
 439 0157 E8000000 		.4byte	.LLST5
 440 015b 01       		.byte	0x1
 441 015c 0C       		.uleb128 0xc
 442 015d 68000000 		.4byte	.LASF22
 443 0161 01       		.byte	0x1
 444 0162 2401     		.2byte	0x124
 445 0164 01       		.byte	0x1
 446 0165 00000000 		.4byte	.LFB6
 447 0169 0C000000 		.4byte	.LFE6
 448 016d 14010000 		.4byte	.LLST6
 449 0171 01       		.byte	0x1
 450 0172 0D       		.uleb128 0xd
 451 0173 22020000 		.4byte	.LASF23
 452 0177 01       		.byte	0x1
 453 0178 42       		.byte	0x42
 454 0179 6F000000 		.4byte	0x6f
 455 017d 01       		.byte	0x1
 456 017e 05       		.byte	0x5
 457 017f 03       		.byte	0x3
 458 0180 00000000 		.4byte	I2C_initVar
 459 0184 0D       		.uleb128 0xd
 460 0185 0C020000 		.4byte	.LASF24
 461 0189 01       		.byte	0x1
 462 018a 43       		.byte	0x43
 463 018b AA000000 		.4byte	0xaa
 464 018f 01       		.byte	0x1
 465 0190 05       		.byte	0x5
 466 0191 03       		.byte	0x3
 467 0192 00000000 		.4byte	I2C_customIntrHandler
 468 0196 00       		.byte	0
 469              		.section	.debug_abbrev,"",%progbits
 470              	.Ldebug_abbrev0:
 471 0000 01       		.uleb128 0x1
 472 0001 11       		.uleb128 0x11
 473 0002 01       		.byte	0x1
 474 0003 25       		.uleb128 0x25
 475 0004 0E       		.uleb128 0xe
 476 0005 13       		.uleb128 0x13
 477 0006 0B       		.uleb128 0xb
 478 0007 03       		.uleb128 0x3
 479 0008 0E       		.uleb128 0xe
 480 0009 1B       		.uleb128 0x1b
 481 000a 0E       		.uleb128 0xe
 482 000b 55       		.uleb128 0x55
 483 000c 06       		.uleb128 0x6
 484 000d 11       		.uleb128 0x11
ARM GAS  C:\Users\Greg\AppData\Local\Temp\ccHfEQvv.s 			page 15


 485 000e 01       		.uleb128 0x1
 486 000f 52       		.uleb128 0x52
 487 0010 01       		.uleb128 0x1
 488 0011 10       		.uleb128 0x10
 489 0012 06       		.uleb128 0x6
 490 0013 00       		.byte	0
 491 0014 00       		.byte	0
 492 0015 02       		.uleb128 0x2
 493 0016 24       		.uleb128 0x24
 494 0017 00       		.byte	0
 495 0018 0B       		.uleb128 0xb
 496 0019 0B       		.uleb128 0xb
 497 001a 3E       		.uleb128 0x3e
 498 001b 0B       		.uleb128 0xb
 499 001c 03       		.uleb128 0x3
 500 001d 0E       		.uleb128 0xe
 501 001e 00       		.byte	0
 502 001f 00       		.byte	0
 503 0020 03       		.uleb128 0x3
 504 0021 24       		.uleb128 0x24
 505 0022 00       		.byte	0
 506 0023 0B       		.uleb128 0xb
 507 0024 0B       		.uleb128 0xb
 508 0025 3E       		.uleb128 0x3e
 509 0026 0B       		.uleb128 0xb
 510 0027 03       		.uleb128 0x3
 511 0028 08       		.uleb128 0x8
 512 0029 00       		.byte	0
 513 002a 00       		.byte	0
 514 002b 04       		.uleb128 0x4
 515 002c 16       		.uleb128 0x16
 516 002d 00       		.byte	0
 517 002e 03       		.uleb128 0x3
 518 002f 0E       		.uleb128 0xe
 519 0030 3A       		.uleb128 0x3a
 520 0031 0B       		.uleb128 0xb
 521 0032 3B       		.uleb128 0x3b
 522 0033 0B       		.uleb128 0xb
 523 0034 49       		.uleb128 0x49
 524 0035 13       		.uleb128 0x13
 525 0036 00       		.byte	0
 526 0037 00       		.byte	0
 527 0038 05       		.uleb128 0x5
 528 0039 35       		.uleb128 0x35
 529 003a 00       		.byte	0
 530 003b 49       		.uleb128 0x49
 531 003c 13       		.uleb128 0x13
 532 003d 00       		.byte	0
 533 003e 00       		.byte	0
 534 003f 06       		.uleb128 0x6
 535 0040 16       		.uleb128 0x16
 536 0041 00       		.byte	0
 537 0042 03       		.uleb128 0x3
 538 0043 0E       		.uleb128 0xe
 539 0044 3A       		.uleb128 0x3a
 540 0045 0B       		.uleb128 0xb
 541 0046 3B       		.uleb128 0x3b
ARM GAS  C:\Users\Greg\AppData\Local\Temp\ccHfEQvv.s 			page 16


 542 0047 05       		.uleb128 0x5
 543 0048 49       		.uleb128 0x49
 544 0049 13       		.uleb128 0x13
 545 004a 00       		.byte	0
 546 004b 00       		.byte	0
 547 004c 07       		.uleb128 0x7
 548 004d 0F       		.uleb128 0xf
 549 004e 00       		.byte	0
 550 004f 0B       		.uleb128 0xb
 551 0050 0B       		.uleb128 0xb
 552 0051 49       		.uleb128 0x49
 553 0052 13       		.uleb128 0x13
 554 0053 00       		.byte	0
 555 0054 00       		.byte	0
 556 0055 08       		.uleb128 0x8
 557 0056 15       		.uleb128 0x15
 558 0057 00       		.byte	0
 559 0058 27       		.uleb128 0x27
 560 0059 0C       		.uleb128 0xc
 561 005a 00       		.byte	0
 562 005b 00       		.byte	0
 563 005c 09       		.uleb128 0x9
 564 005d 2E       		.uleb128 0x2e
 565 005e 00       		.byte	0
 566 005f 3F       		.uleb128 0x3f
 567 0060 0C       		.uleb128 0xc
 568 0061 03       		.uleb128 0x3
 569 0062 0E       		.uleb128 0xe
 570 0063 3A       		.uleb128 0x3a
 571 0064 0B       		.uleb128 0xb
 572 0065 3B       		.uleb128 0x3b
 573 0066 0B       		.uleb128 0xb
 574 0067 27       		.uleb128 0x27
 575 0068 0C       		.uleb128 0xc
 576 0069 11       		.uleb128 0x11
 577 006a 01       		.uleb128 0x1
 578 006b 12       		.uleb128 0x12
 579 006c 01       		.uleb128 0x1
 580 006d 40       		.uleb128 0x40
 581 006e 06       		.uleb128 0x6
 582 006f 9642     		.uleb128 0x2116
 583 0071 0C       		.uleb128 0xc
 584 0072 00       		.byte	0
 585 0073 00       		.byte	0
 586 0074 0A       		.uleb128 0xa
 587 0075 2E       		.uleb128 0x2e
 588 0076 01       		.byte	0x1
 589 0077 3F       		.uleb128 0x3f
 590 0078 0C       		.uleb128 0xc
 591 0079 03       		.uleb128 0x3
 592 007a 0E       		.uleb128 0xe
 593 007b 3A       		.uleb128 0x3a
 594 007c 0B       		.uleb128 0xb
 595 007d 3B       		.uleb128 0x3b
 596 007e 0B       		.uleb128 0xb
 597 007f 27       		.uleb128 0x27
 598 0080 0C       		.uleb128 0xc
ARM GAS  C:\Users\Greg\AppData\Local\Temp\ccHfEQvv.s 			page 17


 599 0081 11       		.uleb128 0x11
 600 0082 01       		.uleb128 0x1
 601 0083 12       		.uleb128 0x12
 602 0084 01       		.uleb128 0x1
 603 0085 40       		.uleb128 0x40
 604 0086 06       		.uleb128 0x6
 605 0087 9742     		.uleb128 0x2117
 606 0089 0C       		.uleb128 0xc
 607 008a 01       		.uleb128 0x1
 608 008b 13       		.uleb128 0x13
 609 008c 00       		.byte	0
 610 008d 00       		.byte	0
 611 008e 0B       		.uleb128 0xb
 612 008f 05       		.uleb128 0x5
 613 0090 00       		.byte	0
 614 0091 03       		.uleb128 0x3
 615 0092 0E       		.uleb128 0xe
 616 0093 3A       		.uleb128 0x3a
 617 0094 0B       		.uleb128 0xb
 618 0095 3B       		.uleb128 0x3b
 619 0096 0B       		.uleb128 0xb
 620 0097 49       		.uleb128 0x49
 621 0098 13       		.uleb128 0x13
 622 0099 02       		.uleb128 0x2
 623 009a 0A       		.uleb128 0xa
 624 009b 00       		.byte	0
 625 009c 00       		.byte	0
 626 009d 0C       		.uleb128 0xc
 627 009e 2E       		.uleb128 0x2e
 628 009f 00       		.byte	0
 629 00a0 03       		.uleb128 0x3
 630 00a1 0E       		.uleb128 0xe
 631 00a2 3A       		.uleb128 0x3a
 632 00a3 0B       		.uleb128 0xb
 633 00a4 3B       		.uleb128 0x3b
 634 00a5 05       		.uleb128 0x5
 635 00a6 27       		.uleb128 0x27
 636 00a7 0C       		.uleb128 0xc
 637 00a8 11       		.uleb128 0x11
 638 00a9 01       		.uleb128 0x1
 639 00aa 12       		.uleb128 0x12
 640 00ab 01       		.uleb128 0x1
 641 00ac 40       		.uleb128 0x40
 642 00ad 06       		.uleb128 0x6
 643 00ae 9642     		.uleb128 0x2116
 644 00b0 0C       		.uleb128 0xc
 645 00b1 00       		.byte	0
 646 00b2 00       		.byte	0
 647 00b3 0D       		.uleb128 0xd
 648 00b4 34       		.uleb128 0x34
 649 00b5 00       		.byte	0
 650 00b6 03       		.uleb128 0x3
 651 00b7 0E       		.uleb128 0xe
 652 00b8 3A       		.uleb128 0x3a
 653 00b9 0B       		.uleb128 0xb
 654 00ba 3B       		.uleb128 0x3b
 655 00bb 0B       		.uleb128 0xb
ARM GAS  C:\Users\Greg\AppData\Local\Temp\ccHfEQvv.s 			page 18


 656 00bc 49       		.uleb128 0x49
 657 00bd 13       		.uleb128 0x13
 658 00be 3F       		.uleb128 0x3f
 659 00bf 0C       		.uleb128 0xc
 660 00c0 02       		.uleb128 0x2
 661 00c1 0A       		.uleb128 0xa
 662 00c2 00       		.byte	0
 663 00c3 00       		.byte	0
 664 00c4 00       		.byte	0
 665              		.section	.debug_loc,"",%progbits
 666              	.Ldebug_loc0:
 667              	.LLST0:
 668 0000 00000000 		.4byte	.LFB0
 669 0004 02000000 		.4byte	.LCFI0
 670 0008 0200     		.2byte	0x2
 671 000a 7D       		.byte	0x7d
 672 000b 00       		.sleb128 0
 673 000c 02000000 		.4byte	.LCFI0
 674 0010 04000000 		.4byte	.LCFI1
 675 0014 0200     		.2byte	0x2
 676 0016 7D       		.byte	0x7d
 677 0017 08       		.sleb128 8
 678 0018 04000000 		.4byte	.LCFI1
 679 001c 0C000000 		.4byte	.LFE0
 680 0020 0200     		.2byte	0x2
 681 0022 77       		.byte	0x77
 682 0023 08       		.sleb128 8
 683 0024 00000000 		.4byte	0
 684 0028 00000000 		.4byte	0
 685              	.LLST1:
 686 002c 00000000 		.4byte	.LFB1
 687 0030 02000000 		.4byte	.LCFI2
 688 0034 0200     		.2byte	0x2
 689 0036 7D       		.byte	0x7d
 690 0037 00       		.sleb128 0
 691 0038 02000000 		.4byte	.LCFI2
 692 003c 04000000 		.4byte	.LCFI3
 693 0040 0200     		.2byte	0x2
 694 0042 7D       		.byte	0x7d
 695 0043 08       		.sleb128 8
 696 0044 04000000 		.4byte	.LCFI3
 697 0048 20000000 		.4byte	.LFE1
 698 004c 0200     		.2byte	0x2
 699 004e 77       		.byte	0x77
 700 004f 08       		.sleb128 8
 701 0050 00000000 		.4byte	0
 702 0054 00000000 		.4byte	0
 703              	.LLST2:
 704 0058 00000000 		.4byte	.LFB2
 705 005c 02000000 		.4byte	.LCFI4
 706 0060 0200     		.2byte	0x2
 707 0062 7D       		.byte	0x7d
 708 0063 00       		.sleb128 0
 709 0064 02000000 		.4byte	.LCFI4
 710 0068 04000000 		.4byte	.LCFI5
 711 006c 0200     		.2byte	0x2
 712 006e 7D       		.byte	0x7d
ARM GAS  C:\Users\Greg\AppData\Local\Temp\ccHfEQvv.s 			page 19


 713 006f 08       		.sleb128 8
 714 0070 04000000 		.4byte	.LCFI5
 715 0074 24000000 		.4byte	.LFE2
 716 0078 0200     		.2byte	0x2
 717 007a 77       		.byte	0x77
 718 007b 08       		.sleb128 8
 719 007c 00000000 		.4byte	0
 720 0080 00000000 		.4byte	0
 721              	.LLST3:
 722 0084 00000000 		.4byte	.LFB3
 723 0088 02000000 		.4byte	.LCFI6
 724 008c 0200     		.2byte	0x2
 725 008e 7D       		.byte	0x7d
 726 008f 00       		.sleb128 0
 727 0090 02000000 		.4byte	.LCFI6
 728 0094 04000000 		.4byte	.LCFI7
 729 0098 0200     		.2byte	0x2
 730 009a 7D       		.byte	0x7d
 731 009b 08       		.sleb128 8
 732 009c 04000000 		.4byte	.LCFI7
 733 00a0 24000000 		.4byte	.LFE3
 734 00a4 0200     		.2byte	0x2
 735 00a6 77       		.byte	0x77
 736 00a7 08       		.sleb128 8
 737 00a8 00000000 		.4byte	0
 738 00ac 00000000 		.4byte	0
 739              	.LLST4:
 740 00b0 00000000 		.4byte	.LFB4
 741 00b4 02000000 		.4byte	.LCFI8
 742 00b8 0200     		.2byte	0x2
 743 00ba 7D       		.byte	0x7d
 744 00bb 00       		.sleb128 0
 745 00bc 02000000 		.4byte	.LCFI8
 746 00c0 04000000 		.4byte	.LCFI9
 747 00c4 0200     		.2byte	0x2
 748 00c6 7D       		.byte	0x7d
 749 00c7 08       		.sleb128 8
 750 00c8 04000000 		.4byte	.LCFI9
 751 00cc 06000000 		.4byte	.LCFI10
 752 00d0 0200     		.2byte	0x2
 753 00d2 7D       		.byte	0x7d
 754 00d3 10       		.sleb128 16
 755 00d4 06000000 		.4byte	.LCFI10
 756 00d8 18000000 		.4byte	.LFE4
 757 00dc 0200     		.2byte	0x2
 758 00de 77       		.byte	0x77
 759 00df 10       		.sleb128 16
 760 00e0 00000000 		.4byte	0
 761 00e4 00000000 		.4byte	0
 762              	.LLST5:
 763 00e8 00000000 		.4byte	.LFB5
 764 00ec 02000000 		.4byte	.LCFI11
 765 00f0 0200     		.2byte	0x2
 766 00f2 7D       		.byte	0x7d
 767 00f3 00       		.sleb128 0
 768 00f4 02000000 		.4byte	.LCFI11
 769 00f8 04000000 		.4byte	.LCFI12
ARM GAS  C:\Users\Greg\AppData\Local\Temp\ccHfEQvv.s 			page 20


 770 00fc 0200     		.2byte	0x2
 771 00fe 7D       		.byte	0x7d
 772 00ff 08       		.sleb128 8
 773 0100 04000000 		.4byte	.LCFI12
 774 0104 0C000000 		.4byte	.LFE5
 775 0108 0200     		.2byte	0x2
 776 010a 77       		.byte	0x77
 777 010b 08       		.sleb128 8
 778 010c 00000000 		.4byte	0
 779 0110 00000000 		.4byte	0
 780              	.LLST6:
 781 0114 00000000 		.4byte	.LFB6
 782 0118 02000000 		.4byte	.LCFI13
 783 011c 0200     		.2byte	0x2
 784 011e 7D       		.byte	0x7d
 785 011f 00       		.sleb128 0
 786 0120 02000000 		.4byte	.LCFI13
 787 0124 04000000 		.4byte	.LCFI14
 788 0128 0200     		.2byte	0x2
 789 012a 7D       		.byte	0x7d
 790 012b 08       		.sleb128 8
 791 012c 04000000 		.4byte	.LCFI14
 792 0130 0C000000 		.4byte	.LFE6
 793 0134 0200     		.2byte	0x2
 794 0136 77       		.byte	0x77
 795 0137 08       		.sleb128 8
 796 0138 00000000 		.4byte	0
 797 013c 00000000 		.4byte	0
 798              		.section	.debug_aranges,"",%progbits
 799 0000 4C000000 		.4byte	0x4c
 800 0004 0200     		.2byte	0x2
 801 0006 00000000 		.4byte	.Ldebug_info0
 802 000a 04       		.byte	0x4
 803 000b 00       		.byte	0
 804 000c 0000     		.2byte	0
 805 000e 0000     		.2byte	0
 806 0010 00000000 		.4byte	.LFB0
 807 0014 0C000000 		.4byte	.LFE0-.LFB0
 808 0018 00000000 		.4byte	.LFB1
 809 001c 20000000 		.4byte	.LFE1-.LFB1
 810 0020 00000000 		.4byte	.LFB2
 811 0024 24000000 		.4byte	.LFE2-.LFB2
 812 0028 00000000 		.4byte	.LFB3
 813 002c 24000000 		.4byte	.LFE3-.LFB3
 814 0030 00000000 		.4byte	.LFB4
 815 0034 18000000 		.4byte	.LFE4-.LFB4
 816 0038 00000000 		.4byte	.LFB5
 817 003c 0C000000 		.4byte	.LFE5-.LFB5
 818 0040 00000000 		.4byte	.LFB6
 819 0044 0C000000 		.4byte	.LFE6-.LFB6
 820 0048 00000000 		.4byte	0
 821 004c 00000000 		.4byte	0
 822              		.section	.debug_ranges,"",%progbits
 823              	.Ldebug_ranges0:
 824 0000 00000000 		.4byte	.LFB0
 825 0004 0C000000 		.4byte	.LFE0
 826 0008 00000000 		.4byte	.LFB1
ARM GAS  C:\Users\Greg\AppData\Local\Temp\ccHfEQvv.s 			page 21


 827 000c 20000000 		.4byte	.LFE1
 828 0010 00000000 		.4byte	.LFB2
 829 0014 24000000 		.4byte	.LFE2
 830 0018 00000000 		.4byte	.LFB3
 831 001c 24000000 		.4byte	.LFE3
 832 0020 00000000 		.4byte	.LFB4
 833 0024 18000000 		.4byte	.LFE4
 834 0028 00000000 		.4byte	.LFB5
 835 002c 0C000000 		.4byte	.LFE5
 836 0030 00000000 		.4byte	.LFB6
 837 0034 0C000000 		.4byte	.LFE6
 838 0038 00000000 		.4byte	0
 839 003c 00000000 		.4byte	0
 840              		.section	.debug_line,"",%progbits
 841              	.Ldebug_line0:
 842 0000 D7000000 		.section	.debug_str,"MS",%progbits,1
 842      02004200 
 842      00000201 
 842      FB0E0D00 
 842      01010101 
 843              	.LASF14:
 844 0000 72656733 		.ascii	"reg32\000"
 844      3200
 845              	.LASF3:
 846 0006 73686F72 		.ascii	"short unsigned int\000"
 846      7420756E 
 846      7369676E 
 846      65642069 
 846      6E7400
 847              	.LASF26:
 848 0019 2E5C4765 		.ascii	".\\Generated_Source\\PSoC4\\I2C.c\000"
 848      6E657261 
 848      7465645F 
 848      536F7572 
 848      63655C50 
 849              	.LASF21:
 850 0038 4932435F 		.ascii	"I2C_ScbEnableIntr\000"
 850      53636245 
 850      6E61626C 
 850      65496E74 
 850      7200
 851              	.LASF19:
 852 004a 4932435F 		.ascii	"I2C_Start\000"
 852      53746172 
 852      7400
 853              	.LASF11:
 854 0054 666C6F61 		.ascii	"float\000"
 854      7400
 855              	.LASF1:
 856 005a 756E7369 		.ascii	"unsigned char\000"
 856      676E6564 
 856      20636861 
 856      7200
 857              	.LASF22:
 858 0068 4932435F 		.ascii	"I2C_ScbModeStop\000"
 858      5363624D 
 858      6F646553 
ARM GAS  C:\Users\Greg\AppData\Local\Temp\ccHfEQvv.s 			page 22


 858      746F7000 
 859              	.LASF5:
 860 0078 6C6F6E67 		.ascii	"long unsigned int\000"
 860      20756E73 
 860      69676E65 
 860      6420696E 
 860      7400
 861              	.LASF9:
 862 008a 75696E74 		.ascii	"uint8\000"
 862      3800
 863              	.LASF18:
 864 0090 4932435F 		.ascii	"I2C_Enable\000"
 864      456E6162 
 864      6C6500
 865              	.LASF12:
 866 009b 646F7562 		.ascii	"double\000"
 866      6C6500
 867              	.LASF29:
 868 00a2 66756E63 		.ascii	"func\000"
 868      00
 869              	.LASF28:
 870 00a7 4932435F 		.ascii	"I2C_SetCustomInterruptHandler\000"
 870      53657443 
 870      7573746F 
 870      6D496E74 
 870      65727275 
 871              	.LASF10:
 872 00c5 75696E74 		.ascii	"uint32\000"
 872      333200
 873              	.LASF8:
 874 00cc 756E7369 		.ascii	"unsigned int\000"
 874      676E6564 
 874      20696E74 
 874      00
 875              	.LASF7:
 876 00d9 6C6F6E67 		.ascii	"long long unsigned int\000"
 876      206C6F6E 
 876      6720756E 
 876      7369676E 
 876      65642069 
 877              	.LASF15:
 878 00f0 63796973 		.ascii	"cyisraddress\000"
 878      72616464 
 878      72657373 
 878      00
 879              	.LASF17:
 880 00fd 4932435F 		.ascii	"I2C_Init\000"
 880      496E6974 
 880      00
 881              	.LASF16:
 882 0106 73697A65 		.ascii	"sizetype\000"
 882      74797065 
 882      00
 883              	.LASF6:
 884 010f 6C6F6E67 		.ascii	"long long int\000"
 884      206C6F6E 
 884      6720696E 
ARM GAS  C:\Users\Greg\AppData\Local\Temp\ccHfEQvv.s 			page 23


 884      7400
 885              	.LASF13:
 886 011d 63686172 		.ascii	"char\000"
 886      00
 887              	.LASF2:
 888 0122 73686F72 		.ascii	"short int\000"
 888      7420696E 
 888      7400
 889              	.LASF25:
 890 012c 474E5520 		.ascii	"GNU C 4.7.3 20130312 (release) [ARM/embedded-4_7-br"
 890      4320342E 
 890      372E3320 
 890      32303133 
 890      30333132 
 891 015f 616E6368 		.ascii	"anch revision 196615]\000"
 891      20726576 
 891      6973696F 
 891      6E203139 
 891      36363135 
 892              	.LASF4:
 893 0175 6C6F6E67 		.ascii	"long int\000"
 893      20696E74 
 893      00
 894              	.LASF20:
 895 017e 4932435F 		.ascii	"I2C_Stop\000"
 895      53746F70 
 895      00
 896              	.LASF0:
 897 0187 7369676E 		.ascii	"signed char\000"
 897      65642063 
 897      68617200 
 898              	.LASF27:
 899 0193 433A5C70 		.ascii	"C:\\perforce\\gjl_work\\apps\\CYSC\\Cypress_PSoC_Ac"
 899      6572666F 
 899      7263655C 
 899      676A6C5F 
 899      776F726B 
 900 01c1 6164656D 		.ascii	"ademy\\101_basic\\Projects\\Simon_Rev03\\Simon_Mast"
 900      795C3130 
 900      315F6261 
 900      7369635C 
 900      50726F6A 
 901 01f0 65725F50 		.ascii	"er_P4\\Simon_Master_P4.cydsn\000"
 901      345C5369 
 901      6D6F6E5F 
 901      4D617374 
 901      65725F50 
 902              	.LASF24:
 903 020c 4932435F 		.ascii	"I2C_customIntrHandler\000"
 903      63757374 
 903      6F6D496E 
 903      74724861 
 903      6E646C65 
 904              	.LASF23:
 905 0222 4932435F 		.ascii	"I2C_initVar\000"
 905      696E6974 
 905      56617200 
ARM GAS  C:\Users\Greg\AppData\Local\Temp\ccHfEQvv.s 			page 24


 906              		.ident	"GCC: (GNU Tools for ARM Embedded Processors) 4.7.3 20130312 (release) [ARM/embedded-4_7-br
