ARM GAS  C:\Users\Greg\AppData\Local\Temp\ccottAVC.s 			page 1


   1              		.cpu cortex-m0
   2              		.fpu softvfp
   3              		.eabi_attribute 20, 1
   4              		.eabi_attribute 21, 1
   5              		.eabi_attribute 23, 3
   6              		.eabi_attribute 24, 1
   7              		.eabi_attribute 25, 1
   8              		.eabi_attribute 26, 1
   9              		.eabi_attribute 30, 6
  10              		.eabi_attribute 34, 0
  11              		.eabi_attribute 18, 4
  12              		.code	16
  13              		.file	"I2C_PM.c"
  14              		.text
  15              	.Ltext0:
  16              		.cfi_sections	.debug_frame
  17              		.global	I2C_backup
  18              		.bss
  19              		.align	2
  20              		.type	I2C_backup, %object
  21              		.size	I2C_backup, 1
  22              	I2C_backup:
  23 0000 00       		.space	1
  24 0001 000000   		.section	.text.I2C_Sleep,"ax",%progbits
  25              		.align	2
  26              		.global	I2C_Sleep
  27              		.code	16
  28              		.thumb_func
  29              		.type	I2C_Sleep, %function
  30              	I2C_Sleep:
  31              	.LFB0:
  32              		.file 1 ".\\Generated_Source\\PSoC4\\I2C_PM.c"
   1:.\Generated_Source\PSoC4/I2C_PM.c **** /*******************************************************************************
   2:.\Generated_Source\PSoC4/I2C_PM.c **** * File Name: I2C_PM.c
   3:.\Generated_Source\PSoC4/I2C_PM.c **** * Version 1.10
   4:.\Generated_Source\PSoC4/I2C_PM.c **** *
   5:.\Generated_Source\PSoC4/I2C_PM.c **** * Description:
   6:.\Generated_Source\PSoC4/I2C_PM.c **** *  This file provides the source code to the Power Management support for
   7:.\Generated_Source\PSoC4/I2C_PM.c **** *  the SCB Component.
   8:.\Generated_Source\PSoC4/I2C_PM.c **** *
   9:.\Generated_Source\PSoC4/I2C_PM.c **** * Note:
  10:.\Generated_Source\PSoC4/I2C_PM.c **** *
  11:.\Generated_Source\PSoC4/I2C_PM.c **** ********************************************************************************
  12:.\Generated_Source\PSoC4/I2C_PM.c **** * Copyright 2013, Cypress Semiconductor Corporation.  All rights reserved.
  13:.\Generated_Source\PSoC4/I2C_PM.c **** * You may use this file only in accordance with the license, terms, conditions,
  14:.\Generated_Source\PSoC4/I2C_PM.c **** * disclaimers, and limitations in the end user license agreement accompanying
  15:.\Generated_Source\PSoC4/I2C_PM.c **** * the software package with which this file was provided.
  16:.\Generated_Source\PSoC4/I2C_PM.c **** *******************************************************************************/
  17:.\Generated_Source\PSoC4/I2C_PM.c **** 
  18:.\Generated_Source\PSoC4/I2C_PM.c **** #include "I2C.h"
  19:.\Generated_Source\PSoC4/I2C_PM.c **** #include "I2C_PVT.h"
  20:.\Generated_Source\PSoC4/I2C_PM.c **** 
  21:.\Generated_Source\PSoC4/I2C_PM.c **** #if(I2C_SCB_MODE_I2C_INC)
  22:.\Generated_Source\PSoC4/I2C_PM.c ****     #include "I2C_I2C_PVT.h"
  23:.\Generated_Source\PSoC4/I2C_PM.c **** #endif /* (I2C_SCB_MODE_I2C_INC) */
  24:.\Generated_Source\PSoC4/I2C_PM.c **** 
  25:.\Generated_Source\PSoC4/I2C_PM.c **** #if(I2C_SCB_MODE_EZI2C_INC)
ARM GAS  C:\Users\Greg\AppData\Local\Temp\ccottAVC.s 			page 2


  26:.\Generated_Source\PSoC4/I2C_PM.c ****     #include "I2C_EZI2C_PVT.h"
  27:.\Generated_Source\PSoC4/I2C_PM.c **** #endif /* (I2C_SCB_MODE_EZI2C_INC) */
  28:.\Generated_Source\PSoC4/I2C_PM.c **** 
  29:.\Generated_Source\PSoC4/I2C_PM.c **** #if(I2C_SCB_MODE_SPI_INC || I2C_SCB_MODE_UART_INC)
  30:.\Generated_Source\PSoC4/I2C_PM.c ****     #include "I2C_SPI_UART_PVT.h"
  31:.\Generated_Source\PSoC4/I2C_PM.c **** #endif /* (I2C_SCB_MODE_SPI_INC || I2C_SCB_MODE_UART_INC) */
  32:.\Generated_Source\PSoC4/I2C_PM.c **** 
  33:.\Generated_Source\PSoC4/I2C_PM.c **** 
  34:.\Generated_Source\PSoC4/I2C_PM.c **** /***************************************
  35:.\Generated_Source\PSoC4/I2C_PM.c **** *   Backup Structure declaration
  36:.\Generated_Source\PSoC4/I2C_PM.c **** ***************************************/
  37:.\Generated_Source\PSoC4/I2C_PM.c **** 
  38:.\Generated_Source\PSoC4/I2C_PM.c **** I2C_BACKUP_STRUCT I2C_backup =
  39:.\Generated_Source\PSoC4/I2C_PM.c **** {
  40:.\Generated_Source\PSoC4/I2C_PM.c ****     0u, /* enableState */
  41:.\Generated_Source\PSoC4/I2C_PM.c **** };
  42:.\Generated_Source\PSoC4/I2C_PM.c **** 
  43:.\Generated_Source\PSoC4/I2C_PM.c **** 
  44:.\Generated_Source\PSoC4/I2C_PM.c **** /*******************************************************************************
  45:.\Generated_Source\PSoC4/I2C_PM.c **** * Function Name: I2C_Sleep
  46:.\Generated_Source\PSoC4/I2C_PM.c **** ********************************************************************************
  47:.\Generated_Source\PSoC4/I2C_PM.c **** *
  48:.\Generated_Source\PSoC4/I2C_PM.c **** * Summary:
  49:.\Generated_Source\PSoC4/I2C_PM.c **** *  Calls SaveConfig function fucntion for selected mode.
  50:.\Generated_Source\PSoC4/I2C_PM.c **** *
  51:.\Generated_Source\PSoC4/I2C_PM.c **** * Parameters:
  52:.\Generated_Source\PSoC4/I2C_PM.c **** *  None
  53:.\Generated_Source\PSoC4/I2C_PM.c **** *
  54:.\Generated_Source\PSoC4/I2C_PM.c **** * Return:
  55:.\Generated_Source\PSoC4/I2C_PM.c **** *  None
  56:.\Generated_Source\PSoC4/I2C_PM.c **** *
  57:.\Generated_Source\PSoC4/I2C_PM.c **** *******************************************************************************/
  58:.\Generated_Source\PSoC4/I2C_PM.c **** void I2C_Sleep(void)
  59:.\Generated_Source\PSoC4/I2C_PM.c **** {
  33              		.loc 1 59 0
  34              		.cfi_startproc
  35 0000 80B5     		push	{r7, lr}
  36              	.LCFI0:
  37              		.cfi_def_cfa_offset 8
  38              		.cfi_offset 7, -8
  39              		.cfi_offset 14, -4
  40 0002 00AF     		add	r7, sp, #0
  41              	.LCFI1:
  42              		.cfi_def_cfa_register 7
  60:.\Generated_Source\PSoC4/I2C_PM.c **** #if(I2C_SCB_MODE_UNCONFIG_CONST_CFG)
  61:.\Generated_Source\PSoC4/I2C_PM.c **** 
  62:.\Generated_Source\PSoC4/I2C_PM.c ****     if(0u != I2C_scbEnableWake)
  63:.\Generated_Source\PSoC4/I2C_PM.c ****     {
  64:.\Generated_Source\PSoC4/I2C_PM.c ****         if(I2C_SCB_MODE_I2C_RUNTM_CFG)
  65:.\Generated_Source\PSoC4/I2C_PM.c ****         {
  66:.\Generated_Source\PSoC4/I2C_PM.c ****             I2C_I2CSaveConfig();
  67:.\Generated_Source\PSoC4/I2C_PM.c ****         }
  68:.\Generated_Source\PSoC4/I2C_PM.c ****         else if(I2C_SCB_MODE_SPI_RUNTM_CFG)
  69:.\Generated_Source\PSoC4/I2C_PM.c ****         {
  70:.\Generated_Source\PSoC4/I2C_PM.c ****             I2C_SpiSaveConfig();
  71:.\Generated_Source\PSoC4/I2C_PM.c ****         }
  72:.\Generated_Source\PSoC4/I2C_PM.c ****         else if(I2C_SCB_MODE_UART_RUNTM_CFG)
ARM GAS  C:\Users\Greg\AppData\Local\Temp\ccottAVC.s 			page 3


  73:.\Generated_Source\PSoC4/I2C_PM.c ****         {
  74:.\Generated_Source\PSoC4/I2C_PM.c ****             I2C_UartSaveConfig();
  75:.\Generated_Source\PSoC4/I2C_PM.c ****         }
  76:.\Generated_Source\PSoC4/I2C_PM.c ****         else if(I2C_SCB_MODE_EZI2C_RUNTM_CFG)
  77:.\Generated_Source\PSoC4/I2C_PM.c ****         {
  78:.\Generated_Source\PSoC4/I2C_PM.c ****             I2C_EzI2CSaveConfig();
  79:.\Generated_Source\PSoC4/I2C_PM.c ****         }
  80:.\Generated_Source\PSoC4/I2C_PM.c ****         else
  81:.\Generated_Source\PSoC4/I2C_PM.c ****         {
  82:.\Generated_Source\PSoC4/I2C_PM.c ****             /* Unknown mode: do nothing */
  83:.\Generated_Source\PSoC4/I2C_PM.c ****         }
  84:.\Generated_Source\PSoC4/I2C_PM.c ****     }
  85:.\Generated_Source\PSoC4/I2C_PM.c ****     else
  86:.\Generated_Source\PSoC4/I2C_PM.c ****     {
  87:.\Generated_Source\PSoC4/I2C_PM.c ****         I2C_backup.enableState = (uint8) I2C_GET_CTRL_ENABLED;
  88:.\Generated_Source\PSoC4/I2C_PM.c ****         
  89:.\Generated_Source\PSoC4/I2C_PM.c ****         if(0u != I2C_backup.enableState)
  90:.\Generated_Source\PSoC4/I2C_PM.c ****         {
  91:.\Generated_Source\PSoC4/I2C_PM.c ****             I2C_Stop();
  92:.\Generated_Source\PSoC4/I2C_PM.c ****         }
  93:.\Generated_Source\PSoC4/I2C_PM.c ****     }
  94:.\Generated_Source\PSoC4/I2C_PM.c ****     
  95:.\Generated_Source\PSoC4/I2C_PM.c ****     I2C_DisableTxPinsInputBuffer();
  96:.\Generated_Source\PSoC4/I2C_PM.c ****     
  97:.\Generated_Source\PSoC4/I2C_PM.c **** #else
  98:.\Generated_Source\PSoC4/I2C_PM.c ****     
  99:.\Generated_Source\PSoC4/I2C_PM.c ****     #if defined (I2C_I2C_WAKE_ENABLE_CONST) && (I2C_I2C_WAKE_ENABLE_CONST)
 100:.\Generated_Source\PSoC4/I2C_PM.c ****         I2C_I2CSaveConfig();
 101:.\Generated_Source\PSoC4/I2C_PM.c ****         
 102:.\Generated_Source\PSoC4/I2C_PM.c ****     #elif defined (I2C_SPI_WAKE_ENABLE_CONST) && (I2C_SPI_WAKE_ENABLE_CONST)
 103:.\Generated_Source\PSoC4/I2C_PM.c ****         I2C_SpiSaveConfig();
 104:.\Generated_Source\PSoC4/I2C_PM.c ****         
 105:.\Generated_Source\PSoC4/I2C_PM.c ****     #elif defined (I2C_UART_WAKE_ENABLE_CONST) && (I2C_UART_WAKE_ENABLE_CONST)
 106:.\Generated_Source\PSoC4/I2C_PM.c ****         I2C_UartSaveConfig();
 107:.\Generated_Source\PSoC4/I2C_PM.c ****         
 108:.\Generated_Source\PSoC4/I2C_PM.c ****     #elif defined (I2C_EZI2C_WAKE_ENABLE_CONST) && (I2C_EZI2C_WAKE_ENABLE_CONST)
 109:.\Generated_Source\PSoC4/I2C_PM.c ****         I2C_EzI2CSaveConfig();
 110:.\Generated_Source\PSoC4/I2C_PM.c ****     
 111:.\Generated_Source\PSoC4/I2C_PM.c ****     #else
 112:.\Generated_Source\PSoC4/I2C_PM.c ****         
 113:.\Generated_Source\PSoC4/I2C_PM.c ****         I2C_backup.enableState = (uint8) I2C_GET_CTRL_ENABLED;
  43              		.loc 1 113 0
  44 0004 084B     		ldr	r3, .L3
  45 0006 1B68     		ldr	r3, [r3]
  46 0008 DB0F     		lsr	r3, r3, #31
  47 000a DBB2     		uxtb	r3, r3
  48 000c 1A1C     		mov	r2, r3
  49 000e 074B     		ldr	r3, .L3+4
  50 0010 1A70     		strb	r2, [r3]
 114:.\Generated_Source\PSoC4/I2C_PM.c ****         
 115:.\Generated_Source\PSoC4/I2C_PM.c ****         /* Check enable state */
 116:.\Generated_Source\PSoC4/I2C_PM.c ****         if(0u != I2C_backup.enableState)
  51              		.loc 1 116 0
  52 0012 064B     		ldr	r3, .L3+4
  53 0014 1B78     		ldrb	r3, [r3]
  54 0016 002B     		cmp	r3, #0
  55 0018 01D0     		beq	.L2
ARM GAS  C:\Users\Greg\AppData\Local\Temp\ccottAVC.s 			page 4


 117:.\Generated_Source\PSoC4/I2C_PM.c ****         {
 118:.\Generated_Source\PSoC4/I2C_PM.c ****             I2C_Stop();
  56              		.loc 1 118 0
  57 001a FFF7FEFF 		bl	I2C_Stop
  58              	.L2:
 119:.\Generated_Source\PSoC4/I2C_PM.c ****         }
 120:.\Generated_Source\PSoC4/I2C_PM.c ****         
 121:.\Generated_Source\PSoC4/I2C_PM.c ****     #endif /* defined (I2C_SCB_MODE_I2C_CONST_CFG) && (I2C_I2C_WAKE_ENABLE_CONST) */
 122:.\Generated_Source\PSoC4/I2C_PM.c ****     
 123:.\Generated_Source\PSoC4/I2C_PM.c ****     I2C_DisableTxPinsInputBuffer();
  59              		.loc 1 123 0
  60 001e FFF7FEFF 		bl	I2C_DisableTxPinsInputBuffer
 124:.\Generated_Source\PSoC4/I2C_PM.c ****     
 125:.\Generated_Source\PSoC4/I2C_PM.c **** #endif /* (I2C_SCB_MODE_UNCONFIG_CONST_CFG) */
 126:.\Generated_Source\PSoC4/I2C_PM.c **** }
  61              		.loc 1 126 0
  62 0022 BD46     		mov	sp, r7
  63              		@ sp needed for prologue
  64 0024 80BD     		pop	{r7, pc}
  65              	.L4:
  66 0026 C046     		.align	2
  67              	.L3:
  68 0028 00000740 		.word	1074200576
  69 002c 00000000 		.word	I2C_backup
  70              		.cfi_endproc
  71              	.LFE0:
  72              		.size	I2C_Sleep, .-I2C_Sleep
  73              		.section	.text.I2C_Wakeup,"ax",%progbits
  74              		.align	2
  75              		.global	I2C_Wakeup
  76              		.code	16
  77              		.thumb_func
  78              		.type	I2C_Wakeup, %function
  79              	I2C_Wakeup:
  80              	.LFB1:
 127:.\Generated_Source\PSoC4/I2C_PM.c **** 
 128:.\Generated_Source\PSoC4/I2C_PM.c **** 
 129:.\Generated_Source\PSoC4/I2C_PM.c **** /*******************************************************************************
 130:.\Generated_Source\PSoC4/I2C_PM.c **** * Function Name: I2C_Wakeup
 131:.\Generated_Source\PSoC4/I2C_PM.c **** ********************************************************************************
 132:.\Generated_Source\PSoC4/I2C_PM.c **** *
 133:.\Generated_Source\PSoC4/I2C_PM.c **** * Summary:
 134:.\Generated_Source\PSoC4/I2C_PM.c **** *  Calls RestoreConfig function fucntion for selected mode.
 135:.\Generated_Source\PSoC4/I2C_PM.c **** *
 136:.\Generated_Source\PSoC4/I2C_PM.c **** * Parameters:
 137:.\Generated_Source\PSoC4/I2C_PM.c **** *  None
 138:.\Generated_Source\PSoC4/I2C_PM.c **** *
 139:.\Generated_Source\PSoC4/I2C_PM.c **** * Return:
 140:.\Generated_Source\PSoC4/I2C_PM.c **** *  None
 141:.\Generated_Source\PSoC4/I2C_PM.c **** *
 142:.\Generated_Source\PSoC4/I2C_PM.c **** *******************************************************************************/
 143:.\Generated_Source\PSoC4/I2C_PM.c **** void I2C_Wakeup(void)
 144:.\Generated_Source\PSoC4/I2C_PM.c **** {
  81              		.loc 1 144 0
  82              		.cfi_startproc
  83 0000 80B5     		push	{r7, lr}
  84              	.LCFI2:
ARM GAS  C:\Users\Greg\AppData\Local\Temp\ccottAVC.s 			page 5


  85              		.cfi_def_cfa_offset 8
  86              		.cfi_offset 7, -8
  87              		.cfi_offset 14, -4
  88 0002 00AF     		add	r7, sp, #0
  89              	.LCFI3:
  90              		.cfi_def_cfa_register 7
 145:.\Generated_Source\PSoC4/I2C_PM.c **** #if(I2C_SCB_MODE_UNCONFIG_CONST_CFG)
 146:.\Generated_Source\PSoC4/I2C_PM.c **** 
 147:.\Generated_Source\PSoC4/I2C_PM.c ****     I2C_EnableTxPinsInputBuffer();
 148:.\Generated_Source\PSoC4/I2C_PM.c ****         
 149:.\Generated_Source\PSoC4/I2C_PM.c ****     if(0u != I2C_scbEnableWake)
 150:.\Generated_Source\PSoC4/I2C_PM.c ****     {
 151:.\Generated_Source\PSoC4/I2C_PM.c ****         if(I2C_SCB_MODE_I2C_RUNTM_CFG)
 152:.\Generated_Source\PSoC4/I2C_PM.c ****         {
 153:.\Generated_Source\PSoC4/I2C_PM.c ****             I2C_I2CRestoreConfig();
 154:.\Generated_Source\PSoC4/I2C_PM.c ****         }
 155:.\Generated_Source\PSoC4/I2C_PM.c ****         else if(I2C_SCB_MODE_SPI_RUNTM_CFG)
 156:.\Generated_Source\PSoC4/I2C_PM.c ****         {
 157:.\Generated_Source\PSoC4/I2C_PM.c ****             I2C_SpiRestoreConfig();
 158:.\Generated_Source\PSoC4/I2C_PM.c ****         }
 159:.\Generated_Source\PSoC4/I2C_PM.c ****         else if(I2C_SCB_MODE_UART_RUNTM_CFG)
 160:.\Generated_Source\PSoC4/I2C_PM.c ****         {
 161:.\Generated_Source\PSoC4/I2C_PM.c ****             I2C_UartRestoreConfig();
 162:.\Generated_Source\PSoC4/I2C_PM.c ****         }
 163:.\Generated_Source\PSoC4/I2C_PM.c ****         else if(I2C_SCB_MODE_EZI2C_RUNTM_CFG)
 164:.\Generated_Source\PSoC4/I2C_PM.c ****         {
 165:.\Generated_Source\PSoC4/I2C_PM.c ****             I2C_EzI2CRestoreConfig();
 166:.\Generated_Source\PSoC4/I2C_PM.c ****         }
 167:.\Generated_Source\PSoC4/I2C_PM.c ****         else
 168:.\Generated_Source\PSoC4/I2C_PM.c ****         {
 169:.\Generated_Source\PSoC4/I2C_PM.c ****             /* Unknown mode: do nothing */
 170:.\Generated_Source\PSoC4/I2C_PM.c ****         }
 171:.\Generated_Source\PSoC4/I2C_PM.c ****     }
 172:.\Generated_Source\PSoC4/I2C_PM.c ****     else
 173:.\Generated_Source\PSoC4/I2C_PM.c ****     {    
 174:.\Generated_Source\PSoC4/I2C_PM.c ****         /* Restore enable state */
 175:.\Generated_Source\PSoC4/I2C_PM.c ****         if(0u != I2C_backup.enableState)
 176:.\Generated_Source\PSoC4/I2C_PM.c ****         {
 177:.\Generated_Source\PSoC4/I2C_PM.c ****             I2C_Enable();
 178:.\Generated_Source\PSoC4/I2C_PM.c ****         }
 179:.\Generated_Source\PSoC4/I2C_PM.c ****     }
 180:.\Generated_Source\PSoC4/I2C_PM.c **** 
 181:.\Generated_Source\PSoC4/I2C_PM.c **** #else
 182:.\Generated_Source\PSoC4/I2C_PM.c ****     
 183:.\Generated_Source\PSoC4/I2C_PM.c ****     I2C_EnableTxPinsInputBuffer();
  91              		.loc 1 183 0
  92 0004 FFF7FEFF 		bl	I2C_EnableTxPinsInputBuffer
 184:.\Generated_Source\PSoC4/I2C_PM.c ****         
 185:.\Generated_Source\PSoC4/I2C_PM.c ****     #if defined (I2C_I2C_WAKE_ENABLE_CONST) && (I2C_I2C_WAKE_ENABLE_CONST)
 186:.\Generated_Source\PSoC4/I2C_PM.c ****         I2C_I2CRestoreConfig();
 187:.\Generated_Source\PSoC4/I2C_PM.c ****         
 188:.\Generated_Source\PSoC4/I2C_PM.c ****     #elif defined (I2C_SPI_WAKE_ENABLE_CONST) && (I2C_SPI_WAKE_ENABLE_CONST)
 189:.\Generated_Source\PSoC4/I2C_PM.c ****         I2C_SpiRestoreConfig();
 190:.\Generated_Source\PSoC4/I2C_PM.c ****         
 191:.\Generated_Source\PSoC4/I2C_PM.c ****     #elif defined (I2C_UART_WAKE_ENABLE_CONST) && (I2C_UART_WAKE_ENABLE_CONST)
 192:.\Generated_Source\PSoC4/I2C_PM.c ****         I2C_UartRestoreConfig();
 193:.\Generated_Source\PSoC4/I2C_PM.c ****         
ARM GAS  C:\Users\Greg\AppData\Local\Temp\ccottAVC.s 			page 6


 194:.\Generated_Source\PSoC4/I2C_PM.c ****     #elif defined (I2C_EZI2C_WAKE_ENABLE_CONST) && (I2C_EZI2C_WAKE_ENABLE_CONST)
 195:.\Generated_Source\PSoC4/I2C_PM.c ****         I2C_EzI2CRestoreConfig();
 196:.\Generated_Source\PSoC4/I2C_PM.c ****     
 197:.\Generated_Source\PSoC4/I2C_PM.c ****     #else
 198:.\Generated_Source\PSoC4/I2C_PM.c ****         /* Check enable state */
 199:.\Generated_Source\PSoC4/I2C_PM.c ****         if(0u != I2C_backup.enableState)
  93              		.loc 1 199 0
  94 0008 034B     		ldr	r3, .L7
  95 000a 1B78     		ldrb	r3, [r3]
  96 000c 002B     		cmp	r3, #0
  97 000e 01D0     		beq	.L5
 200:.\Generated_Source\PSoC4/I2C_PM.c ****         {
 201:.\Generated_Source\PSoC4/I2C_PM.c ****             I2C_Enable();
  98              		.loc 1 201 0
  99 0010 FFF7FEFF 		bl	I2C_Enable
 100              	.L5:
 202:.\Generated_Source\PSoC4/I2C_PM.c ****         }
 203:.\Generated_Source\PSoC4/I2C_PM.c ****         
 204:.\Generated_Source\PSoC4/I2C_PM.c ****     #endif /* (I2C_I2C_WAKE_ENABLE_CONST) */
 205:.\Generated_Source\PSoC4/I2C_PM.c **** 
 206:.\Generated_Source\PSoC4/I2C_PM.c **** #endif /* (I2C_SCB_MODE_UNCONFIG_CONST_CFG) */
 207:.\Generated_Source\PSoC4/I2C_PM.c **** }
 101              		.loc 1 207 0
 102 0014 BD46     		mov	sp, r7
 103              		@ sp needed for prologue
 104 0016 80BD     		pop	{r7, pc}
 105              	.L8:
 106              		.align	2
 107              	.L7:
 108 0018 00000000 		.word	I2C_backup
 109              		.cfi_endproc
 110              	.LFE1:
 111              		.size	I2C_Wakeup, .-I2C_Wakeup
 112              		.section	.text.I2C_DisableTxPinsInputBuffer,"ax",%progbits
 113              		.align	2
 114              		.global	I2C_DisableTxPinsInputBuffer
 115              		.code	16
 116              		.thumb_func
 117              		.type	I2C_DisableTxPinsInputBuffer, %function
 118              	I2C_DisableTxPinsInputBuffer:
 119              	.LFB2:
 208:.\Generated_Source\PSoC4/I2C_PM.c **** 
 209:.\Generated_Source\PSoC4/I2C_PM.c **** 
 210:.\Generated_Source\PSoC4/I2C_PM.c **** /*******************************************************************************
 211:.\Generated_Source\PSoC4/I2C_PM.c **** * Function Name: I2C_DisableTxPinsInputBuffer
 212:.\Generated_Source\PSoC4/I2C_PM.c **** ********************************************************************************
 213:.\Generated_Source\PSoC4/I2C_PM.c **** *
 214:.\Generated_Source\PSoC4/I2C_PM.c **** * Summary:
 215:.\Generated_Source\PSoC4/I2C_PM.c **** *  Disables input buffers for TX pins. This action removes leakage current while
 216:.\Generated_Source\PSoC4/I2C_PM.c **** *  low power mode (Cypress ID 149635).
 217:.\Generated_Source\PSoC4/I2C_PM.c **** *   SCB mode is I2C and EZI2C: bus is pulled-up. Leave pins as it is.
 218:.\Generated_Source\PSoC4/I2C_PM.c **** *   SCB mode SPI:
 219:.\Generated_Source\PSoC4/I2C_PM.c **** *     Slave  - disable input buffer for MISO pin.
 220:.\Generated_Source\PSoC4/I2C_PM.c **** *     Master - disable input buffer for all pins.
 221:.\Generated_Source\PSoC4/I2C_PM.c **** *   SCB mode SmartCard: 
 222:.\Generated_Source\PSoC4/I2C_PM.c **** *     Standard and IrDA - disable input buffer for TX pin.
 223:.\Generated_Source\PSoC4/I2C_PM.c **** *     SmartCard - RX_TX pin is pulled-up. Leave pin as it is.
ARM GAS  C:\Users\Greg\AppData\Local\Temp\ccottAVC.s 			page 7


 224:.\Generated_Source\PSoC4/I2C_PM.c **** *
 225:.\Generated_Source\PSoC4/I2C_PM.c **** * Parameters:
 226:.\Generated_Source\PSoC4/I2C_PM.c **** *  None
 227:.\Generated_Source\PSoC4/I2C_PM.c **** *
 228:.\Generated_Source\PSoC4/I2C_PM.c **** * Return:
 229:.\Generated_Source\PSoC4/I2C_PM.c **** *  None
 230:.\Generated_Source\PSoC4/I2C_PM.c **** *
 231:.\Generated_Source\PSoC4/I2C_PM.c **** *******************************************************************************/
 232:.\Generated_Source\PSoC4/I2C_PM.c **** void I2C_DisableTxPinsInputBuffer(void)
 233:.\Generated_Source\PSoC4/I2C_PM.c **** {
 120              		.loc 1 233 0
 121              		.cfi_startproc
 122 0000 80B5     		push	{r7, lr}
 123              	.LCFI4:
 124              		.cfi_def_cfa_offset 8
 125              		.cfi_offset 7, -8
 126              		.cfi_offset 14, -4
 127 0002 00AF     		add	r7, sp, #0
 128              	.LCFI5:
 129              		.cfi_def_cfa_register 7
 234:.\Generated_Source\PSoC4/I2C_PM.c **** #if(I2C_SCB_MODE_UNCONFIG_CONST_CFG)
 235:.\Generated_Source\PSoC4/I2C_PM.c ****     
 236:.\Generated_Source\PSoC4/I2C_PM.c ****     /* SCB mode is I2C and EZI2C: bus is pulled-up. Does nothing */
 237:.\Generated_Source\PSoC4/I2C_PM.c ****        
 238:.\Generated_Source\PSoC4/I2C_PM.c ****     if(I2C_SCB_MODE_SPI_RUNTM_CFG)
 239:.\Generated_Source\PSoC4/I2C_PM.c ****     {
 240:.\Generated_Source\PSoC4/I2C_PM.c ****         if(0u != (I2C_SPI_CTRL_REG & I2C_SPI_CTRL_MASTER))
 241:.\Generated_Source\PSoC4/I2C_PM.c ****         /* SPI Master */
 242:.\Generated_Source\PSoC4/I2C_PM.c ****         {
 243:.\Generated_Source\PSoC4/I2C_PM.c ****         #if(I2C_MOSI_SCL_RX_WAKE_PIN)
 244:.\Generated_Source\PSoC4/I2C_PM.c ****             I2C_spi_mosi_i2c_scl_uart_rx_wake_INP_DIS |= \
 245:.\Generated_Source\PSoC4/I2C_PM.c ****                                                                 I2C_spi_mosi_i2c_scl_uart_rx_wake_M
 246:.\Generated_Source\PSoC4/I2C_PM.c ****         #endif /* (I2C_MOSI_SCL_RX_WAKE_PIN) */
 247:.\Generated_Source\PSoC4/I2C_PM.c **** 
 248:.\Generated_Source\PSoC4/I2C_PM.c ****         #if(I2C_MOSI_SCL_RX_PIN)
 249:.\Generated_Source\PSoC4/I2C_PM.c ****             I2C_spi_mosi_i2c_scl_uart_rx_INP_DIS |= I2C_spi_mosi_i2c_scl_uart_rx_MASK;
 250:.\Generated_Source\PSoC4/I2C_PM.c ****         #endif /* (I2C_MOSI_SCL_RX_PIN) */
 251:.\Generated_Source\PSoC4/I2C_PM.c **** 
 252:.\Generated_Source\PSoC4/I2C_PM.c ****         #if(I2C_MISO_SDA_TX_PIN)
 253:.\Generated_Source\PSoC4/I2C_PM.c ****             I2C_spi_miso_i2c_sda_uart_tx_INP_DIS |= I2C_spi_miso_i2c_sda_uart_tx_MASK;
 254:.\Generated_Source\PSoC4/I2C_PM.c ****         #endif /* (I2C_MISO_SDA_TX_PIN_PIN) */
 255:.\Generated_Source\PSoC4/I2C_PM.c **** 
 256:.\Generated_Source\PSoC4/I2C_PM.c ****         #if(I2C_SCLK_PIN)
 257:.\Generated_Source\PSoC4/I2C_PM.c ****             I2C_spi_sclk_INP_DIS |= I2C_spi_sclk_MASK;
 258:.\Generated_Source\PSoC4/I2C_PM.c ****         #endif /* (I2C_SCLK_PIN) */
 259:.\Generated_Source\PSoC4/I2C_PM.c **** 
 260:.\Generated_Source\PSoC4/I2C_PM.c ****         #if(I2C_SS0_PIN)
 261:.\Generated_Source\PSoC4/I2C_PM.c ****             I2C_spi_ss0_INP_DIS |= I2C_spi_ss0_MASK;
 262:.\Generated_Source\PSoC4/I2C_PM.c ****         #endif /* (I2C_SS1_PIN) */
 263:.\Generated_Source\PSoC4/I2C_PM.c **** 
 264:.\Generated_Source\PSoC4/I2C_PM.c ****         #if(I2C_SS1_PIN)
 265:.\Generated_Source\PSoC4/I2C_PM.c ****             I2C_spi_ss1_INP_DIS |= I2C_spi_ss1_MASK;
 266:.\Generated_Source\PSoC4/I2C_PM.c ****         #endif /* (I2C_SS1_PIN) */
 267:.\Generated_Source\PSoC4/I2C_PM.c **** 
 268:.\Generated_Source\PSoC4/I2C_PM.c ****         #if(I2C_SS2_PIN)
 269:.\Generated_Source\PSoC4/I2C_PM.c ****             I2C_spi_ss2_INP_DIS |= I2C_spi_ss2_MASK;
 270:.\Generated_Source\PSoC4/I2C_PM.c ****         #endif /* (I2C_SS2_PIN) */
ARM GAS  C:\Users\Greg\AppData\Local\Temp\ccottAVC.s 			page 8


 271:.\Generated_Source\PSoC4/I2C_PM.c **** 
 272:.\Generated_Source\PSoC4/I2C_PM.c ****         #if(I2C_SS3_PIN)
 273:.\Generated_Source\PSoC4/I2C_PM.c ****             I2C_spi_ss3_INP_DIS |= I2C_spi_ss3_MASK;
 274:.\Generated_Source\PSoC4/I2C_PM.c ****         #endif /* (I2C_SS3_PIN) */
 275:.\Generated_Source\PSoC4/I2C_PM.c ****         }
 276:.\Generated_Source\PSoC4/I2C_PM.c ****         else
 277:.\Generated_Source\PSoC4/I2C_PM.c ****         /* SPI Slave */
 278:.\Generated_Source\PSoC4/I2C_PM.c ****         {
 279:.\Generated_Source\PSoC4/I2C_PM.c ****         #if(I2C_MISO_SDA_TX_PIN)
 280:.\Generated_Source\PSoC4/I2C_PM.c ****             I2C_spi_miso_i2c_sda_uart_tx_INP_DIS |= I2C_spi_miso_i2c_sda_uart_tx_MASK;
 281:.\Generated_Source\PSoC4/I2C_PM.c ****         #endif /* (I2C_MISO_SDA_TX_PIN_PIN) */
 282:.\Generated_Source\PSoC4/I2C_PM.c ****         }
 283:.\Generated_Source\PSoC4/I2C_PM.c ****     }
 284:.\Generated_Source\PSoC4/I2C_PM.c ****     else if (I2C_SCB_MODE_UART_RUNTM_CFG)
 285:.\Generated_Source\PSoC4/I2C_PM.c ****     {
 286:.\Generated_Source\PSoC4/I2C_PM.c ****         if(I2C_UART_CTRL_MODE_UART_SMARTCARD != 
 287:.\Generated_Source\PSoC4/I2C_PM.c ****             (I2C_UART_CTRL_REG & I2C_UART_CTRL_MODE_MASK))
 288:.\Generated_Source\PSoC4/I2C_PM.c ****         /* UART Standard or IrDA */
 289:.\Generated_Source\PSoC4/I2C_PM.c ****         {
 290:.\Generated_Source\PSoC4/I2C_PM.c ****         #if(I2C_MISO_SDA_TX_PIN)
 291:.\Generated_Source\PSoC4/I2C_PM.c ****             I2C_spi_miso_i2c_sda_uart_tx_INP_DIS |= I2C_spi_miso_i2c_sda_uart_tx_MASK;
 292:.\Generated_Source\PSoC4/I2C_PM.c ****         #endif /* (I2C_MISO_SDA_TX_PIN_PIN) */
 293:.\Generated_Source\PSoC4/I2C_PM.c ****         }
 294:.\Generated_Source\PSoC4/I2C_PM.c ****     }
 295:.\Generated_Source\PSoC4/I2C_PM.c ****     else
 296:.\Generated_Source\PSoC4/I2C_PM.c ****     {
 297:.\Generated_Source\PSoC4/I2C_PM.c ****         /* Does nothing */
 298:.\Generated_Source\PSoC4/I2C_PM.c ****     }
 299:.\Generated_Source\PSoC4/I2C_PM.c ****     
 300:.\Generated_Source\PSoC4/I2C_PM.c **** #else
 301:.\Generated_Source\PSoC4/I2C_PM.c ****     
 302:.\Generated_Source\PSoC4/I2C_PM.c ****     /* SCB mode is I2C and EZI2C: bus is pulled-up. Does nothing */
 303:.\Generated_Source\PSoC4/I2C_PM.c ****         
 304:.\Generated_Source\PSoC4/I2C_PM.c ****     /* SCB mode is SPI Master */
 305:.\Generated_Source\PSoC4/I2C_PM.c ****     #if(I2C_SPI_MASTER_PINS)
 306:.\Generated_Source\PSoC4/I2C_PM.c ****         I2C_sclk_m_INP_DIS |= I2C_sclk_m_MASK;
 307:.\Generated_Source\PSoC4/I2C_PM.c ****         I2C_mosi_m_INP_DIS |= I2C_mosi_m_MASK;
 308:.\Generated_Source\PSoC4/I2C_PM.c ****         I2C_miso_m_INP_DIS |= I2C_miso_m_MASK;
 309:.\Generated_Source\PSoC4/I2C_PM.c ****     #endif /* (I2C_SPI_MASTER_PINS) */
 310:.\Generated_Source\PSoC4/I2C_PM.c **** 
 311:.\Generated_Source\PSoC4/I2C_PM.c ****     #if(I2C_SPI_MASTER_SS0_PIN)
 312:.\Generated_Source\PSoC4/I2C_PM.c ****         I2C_ss0_m_INP_DIS |= I2C_ss0_m_MASK;
 313:.\Generated_Source\PSoC4/I2C_PM.c ****     #endif /* (I2C_SPI_MASTER_SS0_PIN) */
 314:.\Generated_Source\PSoC4/I2C_PM.c **** 
 315:.\Generated_Source\PSoC4/I2C_PM.c ****     #if(I2C_SPI_MASTER_SS1_PIN)
 316:.\Generated_Source\PSoC4/I2C_PM.c ****         I2C_ss1_m_INP_DIS |= I2C_ss1_m_MASK;
 317:.\Generated_Source\PSoC4/I2C_PM.c ****     #endif /* (I2C_SPI_MASTER_SS1_PIN) */
 318:.\Generated_Source\PSoC4/I2C_PM.c **** 
 319:.\Generated_Source\PSoC4/I2C_PM.c ****     #if(I2C_SPI_MASTER_SS2_PIN)
 320:.\Generated_Source\PSoC4/I2C_PM.c ****         I2C_ss2_m_INP_DIS |= I2C_ss2_m_MASK;
 321:.\Generated_Source\PSoC4/I2C_PM.c ****     #endif /* (I2C_SPI_MASTER_SS2_PIN) */
 322:.\Generated_Source\PSoC4/I2C_PM.c **** 
 323:.\Generated_Source\PSoC4/I2C_PM.c ****     #if(I2C_SPI_MASTER_SS3_PIN)
 324:.\Generated_Source\PSoC4/I2C_PM.c ****         I2C_ss3_m_INP_DIS |= I2C_ss3_m_MASK;
 325:.\Generated_Source\PSoC4/I2C_PM.c ****     #endif /* (I2C_SPI_MASTER_SS3_PIN) */
 326:.\Generated_Source\PSoC4/I2C_PM.c ****     
 327:.\Generated_Source\PSoC4/I2C_PM.c ****     /* SCB mode is SPI Slave */
ARM GAS  C:\Users\Greg\AppData\Local\Temp\ccottAVC.s 			page 9


 328:.\Generated_Source\PSoC4/I2C_PM.c ****     #if(I2C_SPI_SLAVE_PINS)
 329:.\Generated_Source\PSoC4/I2C_PM.c ****         I2C_miso_s_INP_DIS |= I2C_miso_s_MASK;
 330:.\Generated_Source\PSoC4/I2C_PM.c ****     #endif /* (I2C_SPI_SLAVE_PINS) */
 331:.\Generated_Source\PSoC4/I2C_PM.c **** 
 332:.\Generated_Source\PSoC4/I2C_PM.c ****     /* SCB mode is UART */
 333:.\Generated_Source\PSoC4/I2C_PM.c ****     #if(I2C_UART_TX_PIN)
 334:.\Generated_Source\PSoC4/I2C_PM.c ****         I2C_tx_INP_DIS |= I2C_tx_MASK;
 335:.\Generated_Source\PSoC4/I2C_PM.c ****     #endif /* (I2C_UART_TX_PIN) */
 336:.\Generated_Source\PSoC4/I2C_PM.c **** 
 337:.\Generated_Source\PSoC4/I2C_PM.c **** #endif /* (I2C_SCB_MODE_UNCONFIG_CONST_CFG) */
 338:.\Generated_Source\PSoC4/I2C_PM.c **** }
 130              		.loc 1 338 0
 131 0004 BD46     		mov	sp, r7
 132              		@ sp needed for prologue
 133 0006 80BD     		pop	{r7, pc}
 134              		.cfi_endproc
 135              	.LFE2:
 136              		.size	I2C_DisableTxPinsInputBuffer, .-I2C_DisableTxPinsInputBuffer
 137              		.section	.text.I2C_EnableTxPinsInputBuffer,"ax",%progbits
 138              		.align	2
 139              		.global	I2C_EnableTxPinsInputBuffer
 140              		.code	16
 141              		.thumb_func
 142              		.type	I2C_EnableTxPinsInputBuffer, %function
 143              	I2C_EnableTxPinsInputBuffer:
 144              	.LFB3:
 339:.\Generated_Source\PSoC4/I2C_PM.c **** 
 340:.\Generated_Source\PSoC4/I2C_PM.c **** 
 341:.\Generated_Source\PSoC4/I2C_PM.c **** /*******************************************************************************
 342:.\Generated_Source\PSoC4/I2C_PM.c **** * Function Name: I2C_EnableTxPinsInputBuffer
 343:.\Generated_Source\PSoC4/I2C_PM.c **** ********************************************************************************
 344:.\Generated_Source\PSoC4/I2C_PM.c **** *
 345:.\Generated_Source\PSoC4/I2C_PM.c **** * Summary:
 346:.\Generated_Source\PSoC4/I2C_PM.c **** *  Enables input buffers for TX pins. Restore changes done byte
 347:.\Generated_Source\PSoC4/I2C_PM.c **** *I2C_DisableTxPinsInputBuffer.
 348:.\Generated_Source\PSoC4/I2C_PM.c **** *
 349:.\Generated_Source\PSoC4/I2C_PM.c **** * Parameters:
 350:.\Generated_Source\PSoC4/I2C_PM.c **** *  None
 351:.\Generated_Source\PSoC4/I2C_PM.c **** *
 352:.\Generated_Source\PSoC4/I2C_PM.c **** * Return:
 353:.\Generated_Source\PSoC4/I2C_PM.c **** *  None
 354:.\Generated_Source\PSoC4/I2C_PM.c **** *
 355:.\Generated_Source\PSoC4/I2C_PM.c **** *******************************************************************************/
 356:.\Generated_Source\PSoC4/I2C_PM.c **** void I2C_EnableTxPinsInputBuffer(void)
 357:.\Generated_Source\PSoC4/I2C_PM.c **** {
 145              		.loc 1 357 0
 146              		.cfi_startproc
 147 0000 80B5     		push	{r7, lr}
 148              	.LCFI6:
 149              		.cfi_def_cfa_offset 8
 150              		.cfi_offset 7, -8
 151              		.cfi_offset 14, -4
 152 0002 00AF     		add	r7, sp, #0
 153              	.LCFI7:
 154              		.cfi_def_cfa_register 7
 358:.\Generated_Source\PSoC4/I2C_PM.c **** #if(I2C_SCB_MODE_UNCONFIG_CONST_CFG)
 359:.\Generated_Source\PSoC4/I2C_PM.c ****     if(I2C_SCB_MODE_SPI_RUNTM_CFG)
ARM GAS  C:\Users\Greg\AppData\Local\Temp\ccottAVC.s 			page 10


 360:.\Generated_Source\PSoC4/I2C_PM.c ****     {
 361:.\Generated_Source\PSoC4/I2C_PM.c ****         if(0u != (I2C_SPI_CTRL_REG & I2C_SPI_CTRL_MASTER))
 362:.\Generated_Source\PSoC4/I2C_PM.c ****         /* SPI Master */
 363:.\Generated_Source\PSoC4/I2C_PM.c ****         {
 364:.\Generated_Source\PSoC4/I2C_PM.c ****         #if(I2C_MOSI_SCL_RX_WAKE_PIN)
 365:.\Generated_Source\PSoC4/I2C_PM.c ****             I2C_spi_mosi_i2c_scl_uart_rx_wake_INP_DIS &= \
 366:.\Generated_Source\PSoC4/I2C_PM.c ****                                             (uint32) ~((uint32) I2C_spi_mosi_i2c_scl_uart_rx_wake_M
 367:.\Generated_Source\PSoC4/I2C_PM.c ****         #endif /* (I2C_MOSI_SCL_RX_WAKE_PIN) */
 368:.\Generated_Source\PSoC4/I2C_PM.c **** 
 369:.\Generated_Source\PSoC4/I2C_PM.c ****         #if(I2C_MOSI_SCL_RX_PIN)
 370:.\Generated_Source\PSoC4/I2C_PM.c ****             I2C_spi_mosi_i2c_scl_uart_rx_INP_DIS &= \
 371:.\Generated_Source\PSoC4/I2C_PM.c ****                                             (uint32) ~((uint32) I2C_spi_mosi_i2c_scl_uart_rx_MASK);
 372:.\Generated_Source\PSoC4/I2C_PM.c ****         #endif /* (I2C_MOSI_SCL_RX_PIN) */
 373:.\Generated_Source\PSoC4/I2C_PM.c **** 
 374:.\Generated_Source\PSoC4/I2C_PM.c ****         #if(I2C_MISO_SDA_TX_PIN)
 375:.\Generated_Source\PSoC4/I2C_PM.c ****             I2C_spi_miso_i2c_sda_uart_tx_INP_DIS &= \
 376:.\Generated_Source\PSoC4/I2C_PM.c ****                                             (uint32) ~((uint32) I2C_spi_miso_i2c_sda_uart_tx_MASK);
 377:.\Generated_Source\PSoC4/I2C_PM.c ****         #endif /* (I2C_MISO_SDA_TX_PIN_PIN) */
 378:.\Generated_Source\PSoC4/I2C_PM.c **** 
 379:.\Generated_Source\PSoC4/I2C_PM.c ****         #if(I2C_SCLK_PIN)
 380:.\Generated_Source\PSoC4/I2C_PM.c ****             I2C_spi_sclk_INP_DIS &= (uint32) ~((uint32) I2C_spi_sclk_MASK);
 381:.\Generated_Source\PSoC4/I2C_PM.c ****         #endif /* (I2C_SCLK_PIN) */
 382:.\Generated_Source\PSoC4/I2C_PM.c **** 
 383:.\Generated_Source\PSoC4/I2C_PM.c ****         #if(I2C_SS0_PIN)
 384:.\Generated_Source\PSoC4/I2C_PM.c ****             I2C_spi_ss0_INP_DIS &= (uint32) ~((uint32) I2C_spi_ss0_MASK);
 385:.\Generated_Source\PSoC4/I2C_PM.c ****         #endif /* (I2C_SS1_PIN) */
 386:.\Generated_Source\PSoC4/I2C_PM.c **** 
 387:.\Generated_Source\PSoC4/I2C_PM.c ****         #if(I2C_SS1_PIN)
 388:.\Generated_Source\PSoC4/I2C_PM.c ****             I2C_spi_ss1_INP_DIS &= (uint32) ~((uint32) I2C_spi_ss1_MASK);
 389:.\Generated_Source\PSoC4/I2C_PM.c ****         #endif /* (I2C_SS1_PIN) */
 390:.\Generated_Source\PSoC4/I2C_PM.c **** 
 391:.\Generated_Source\PSoC4/I2C_PM.c ****         #if(I2C_SS2_PIN)
 392:.\Generated_Source\PSoC4/I2C_PM.c ****             I2C_spi_ss2_INP_DIS &= (uint32) ~((uint32) I2C_spi_ss2_MASK);
 393:.\Generated_Source\PSoC4/I2C_PM.c ****         #endif /* (I2C_SS2_PIN) */
 394:.\Generated_Source\PSoC4/I2C_PM.c **** 
 395:.\Generated_Source\PSoC4/I2C_PM.c ****         #if(I2C_SS3_PIN)
 396:.\Generated_Source\PSoC4/I2C_PM.c ****             I2C_spi_ss3_INP_DIS &= (uint32) ~((uint32) I2C_spi_ss3_MASK);
 397:.\Generated_Source\PSoC4/I2C_PM.c ****         #endif /* (I2C_SS3_PIN) */
 398:.\Generated_Source\PSoC4/I2C_PM.c ****         }
 399:.\Generated_Source\PSoC4/I2C_PM.c ****         else
 400:.\Generated_Source\PSoC4/I2C_PM.c ****         /* SPI Slave */
 401:.\Generated_Source\PSoC4/I2C_PM.c ****         {
 402:.\Generated_Source\PSoC4/I2C_PM.c ****         #if(I2C_MISO_SDA_TX_PIN)
 403:.\Generated_Source\PSoC4/I2C_PM.c ****             I2C_spi_miso_i2c_sda_uart_tx_INP_DIS &= \
 404:.\Generated_Source\PSoC4/I2C_PM.c ****                                                 (uint32) ~((uint32) I2C_spi_miso_i2c_sda_uart_tx_MA
 405:.\Generated_Source\PSoC4/I2C_PM.c ****         #endif /* (I2C_MISO_SDA_TX_PIN_PIN) */
 406:.\Generated_Source\PSoC4/I2C_PM.c ****         }
 407:.\Generated_Source\PSoC4/I2C_PM.c ****     }
 408:.\Generated_Source\PSoC4/I2C_PM.c ****     else if (I2C_SCB_MODE_UART_RUNTM_CFG)
 409:.\Generated_Source\PSoC4/I2C_PM.c ****     {
 410:.\Generated_Source\PSoC4/I2C_PM.c ****         if(I2C_UART_CTRL_MODE_UART_SMARTCARD != 
 411:.\Generated_Source\PSoC4/I2C_PM.c ****                 (I2C_UART_CTRL_REG & I2C_UART_CTRL_MODE_MASK))
 412:.\Generated_Source\PSoC4/I2C_PM.c ****         /* UART Standard or IrDA */
 413:.\Generated_Source\PSoC4/I2C_PM.c ****         {
 414:.\Generated_Source\PSoC4/I2C_PM.c ****         #if(I2C_MISO_SDA_TX_PIN)
 415:.\Generated_Source\PSoC4/I2C_PM.c ****             I2C_spi_miso_i2c_sda_uart_tx_INP_DIS &= \
 416:.\Generated_Source\PSoC4/I2C_PM.c ****                                                 (uint32) ~((uint32) I2C_spi_miso_i2c_sda_uart_tx_MA
ARM GAS  C:\Users\Greg\AppData\Local\Temp\ccottAVC.s 			page 11


 417:.\Generated_Source\PSoC4/I2C_PM.c ****         #endif /* (I2C_MISO_SDA_TX_PIN_PIN) */
 418:.\Generated_Source\PSoC4/I2C_PM.c ****         }
 419:.\Generated_Source\PSoC4/I2C_PM.c ****     }
 420:.\Generated_Source\PSoC4/I2C_PM.c ****     else
 421:.\Generated_Source\PSoC4/I2C_PM.c ****     {
 422:.\Generated_Source\PSoC4/I2C_PM.c ****         /* Does nothing */
 423:.\Generated_Source\PSoC4/I2C_PM.c ****     }
 424:.\Generated_Source\PSoC4/I2C_PM.c ****     
 425:.\Generated_Source\PSoC4/I2C_PM.c **** #else
 426:.\Generated_Source\PSoC4/I2C_PM.c ****         
 427:.\Generated_Source\PSoC4/I2C_PM.c ****     /* SCB mode is SPI Master */
 428:.\Generated_Source\PSoC4/I2C_PM.c ****     #if(I2C_SPI_MASTER_PINS)
 429:.\Generated_Source\PSoC4/I2C_PM.c ****         I2C_sclk_m_INP_DIS &= (uint32) ~((uint32) I2C_sclk_m_MASK);
 430:.\Generated_Source\PSoC4/I2C_PM.c ****         I2C_mosi_m_INP_DIS &= (uint32) ~((uint32) I2C_mosi_m_MASK);
 431:.\Generated_Source\PSoC4/I2C_PM.c ****         I2C_miso_m_INP_DIS &= (uint32) ~((uint32) I2C_miso_m_MASK);
 432:.\Generated_Source\PSoC4/I2C_PM.c ****     #endif /* (I2C_SPI_MASTER_PINS) */
 433:.\Generated_Source\PSoC4/I2C_PM.c **** 
 434:.\Generated_Source\PSoC4/I2C_PM.c ****     #if(I2C_SPI_MASTER_SS0_PIN)
 435:.\Generated_Source\PSoC4/I2C_PM.c ****         I2C_ss0_m_INP_DIS &= (uint32) ~((uint32) I2C_ss0_m_MASK);
 436:.\Generated_Source\PSoC4/I2C_PM.c ****     #endif /* (I2C_SPI_MASTER_SS0_PIN) */
 437:.\Generated_Source\PSoC4/I2C_PM.c **** 
 438:.\Generated_Source\PSoC4/I2C_PM.c ****     #if(I2C_SPI_MASTER_SS1_PIN)
 439:.\Generated_Source\PSoC4/I2C_PM.c ****         I2C_ss1_m_INP_DIS &= (uint32) ~((uint32) I2C_ss1_m_MASK);
 440:.\Generated_Source\PSoC4/I2C_PM.c ****     #endif /* (I2C_SPI_MASTER_SS1_PIN) */
 441:.\Generated_Source\PSoC4/I2C_PM.c **** 
 442:.\Generated_Source\PSoC4/I2C_PM.c ****     #if(I2C_SPI_MASTER_SS2_PIN)
 443:.\Generated_Source\PSoC4/I2C_PM.c ****         I2C_ss2_m_INP_DIS &= (uint32) ~((uint32) I2C_ss2_m_MASK);
 444:.\Generated_Source\PSoC4/I2C_PM.c ****     #endif /* (I2C_SPI_MASTER_SS2_PIN) */
 445:.\Generated_Source\PSoC4/I2C_PM.c **** 
 446:.\Generated_Source\PSoC4/I2C_PM.c ****     #if(I2C_SPI_MASTER_SS3_PIN)
 447:.\Generated_Source\PSoC4/I2C_PM.c ****         I2C_ss3_m_INP_DIS &= (uint32) ~((uint32) I2C_ss3_m_MASK);
 448:.\Generated_Source\PSoC4/I2C_PM.c ****     #endif /* (I2C_SPI_MASTER_SS3_PIN) */
 449:.\Generated_Source\PSoC4/I2C_PM.c ****     
 450:.\Generated_Source\PSoC4/I2C_PM.c ****     /* SCB mode is SPI Slave */
 451:.\Generated_Source\PSoC4/I2C_PM.c ****     #if(I2C_SPI_SLAVE_PINS)
 452:.\Generated_Source\PSoC4/I2C_PM.c ****         I2C_miso_s_INP_DIS &= (uint32) ~((uint32) I2C_miso_s_MASK);
 453:.\Generated_Source\PSoC4/I2C_PM.c ****     #endif /* (I2C_SPI_SLAVE_PINS) */
 454:.\Generated_Source\PSoC4/I2C_PM.c **** 
 455:.\Generated_Source\PSoC4/I2C_PM.c ****     /* SCB mode is UART */
 456:.\Generated_Source\PSoC4/I2C_PM.c ****     #if(I2C_UART_TX_PIN)
 457:.\Generated_Source\PSoC4/I2C_PM.c ****         I2C_tx_INP_DIS &= (uint32) ~((uint32) I2C_tx_MASK);
 458:.\Generated_Source\PSoC4/I2C_PM.c ****     #endif /* (I2C_UART_TX_PIN) */
 459:.\Generated_Source\PSoC4/I2C_PM.c **** 
 460:.\Generated_Source\PSoC4/I2C_PM.c **** #endif /* (I2C_SCB_MODE_UNCONFIG_CONST_CFG) */
 461:.\Generated_Source\PSoC4/I2C_PM.c **** }
 155              		.loc 1 461 0
 156 0004 BD46     		mov	sp, r7
 157              		@ sp needed for prologue
 158 0006 80BD     		pop	{r7, pc}
 159              		.cfi_endproc
 160              	.LFE3:
 161              		.size	I2C_EnableTxPinsInputBuffer, .-I2C_EnableTxPinsInputBuffer
 162              		.text
 163              	.Letext0:
 164              		.file 2 ".\\Generated_Source\\PSoC4\\cytypes.h"
 165              		.file 3 ".\\Generated_Source\\PSoC4\\I2C.h"
 166              		.section	.debug_info,"",%progbits
ARM GAS  C:\Users\Greg\AppData\Local\Temp\ccottAVC.s 			page 12


 167              	.Ldebug_info0:
 168 0000 3B010000 		.4byte	0x13b
 169 0004 0200     		.2byte	0x2
 170 0006 00000000 		.4byte	.Ldebug_abbrev0
 171 000a 04       		.byte	0x4
 172 000b 01       		.uleb128 0x1
 173 000c 5B000000 		.4byte	.LASF21
 174 0010 01       		.byte	0x1
 175 0011 2E000000 		.4byte	.LASF22
 176 0015 D3000000 		.4byte	.LASF23
 177 0019 00000000 		.4byte	.Ldebug_ranges0+0
 178 001d 00000000 		.4byte	0
 179 0021 00000000 		.4byte	0
 180 0025 00000000 		.4byte	.Ldebug_line0
 181 0029 02       		.uleb128 0x2
 182 002a 01       		.byte	0x1
 183 002b 06       		.byte	0x6
 184 002c B7010000 		.4byte	.LASF0
 185 0030 02       		.uleb128 0x2
 186 0031 01       		.byte	0x1
 187 0032 08       		.byte	0x8
 188 0033 5E010000 		.4byte	.LASF1
 189 0037 02       		.uleb128 0x2
 190 0038 02       		.byte	0x2
 191 0039 05       		.byte	0x5
 192 003a D4010000 		.4byte	.LASF2
 193 003e 02       		.uleb128 0x2
 194 003f 02       		.byte	0x2
 195 0040 07       		.byte	0x7
 196 0041 A4010000 		.4byte	.LASF3
 197 0045 02       		.uleb128 0x2
 198 0046 04       		.byte	0x4
 199 0047 05       		.byte	0x5
 200 0048 71010000 		.4byte	.LASF4
 201 004c 02       		.uleb128 0x2
 202 004d 04       		.byte	0x4
 203 004e 07       		.byte	0x7
 204 004f AA000000 		.4byte	.LASF5
 205 0053 02       		.uleb128 0x2
 206 0054 08       		.byte	0x8
 207 0055 05       		.byte	0x5
 208 0056 00000000 		.4byte	.LASF6
 209 005a 02       		.uleb128 0x2
 210 005b 08       		.byte	0x8
 211 005c 07       		.byte	0x7
 212 005d BC000000 		.4byte	.LASF7
 213 0061 03       		.uleb128 0x3
 214 0062 04       		.byte	0x4
 215 0063 05       		.byte	0x5
 216 0064 696E7400 		.ascii	"int\000"
 217 0068 02       		.uleb128 0x2
 218 0069 04       		.byte	0x4
 219 006a 07       		.byte	0x7
 220 006b 21000000 		.4byte	.LASF8
 221 006f 04       		.uleb128 0x4
 222 0070 A4000000 		.4byte	.LASF9
 223 0074 02       		.byte	0x2
ARM GAS  C:\Users\Greg\AppData\Local\Temp\ccottAVC.s 			page 13


 224 0075 5B       		.byte	0x5b
 225 0076 30000000 		.4byte	0x30
 226 007a 04       		.uleb128 0x4
 227 007b 0E000000 		.4byte	.LASF10
 228 007f 02       		.byte	0x2
 229 0080 5D       		.byte	0x5d
 230 0081 4C000000 		.4byte	0x4c
 231 0085 02       		.uleb128 0x2
 232 0086 04       		.byte	0x4
 233 0087 04       		.byte	0x4
 234 0088 C3010000 		.4byte	.LASF11
 235 008c 02       		.uleb128 0x2
 236 008d 08       		.byte	0x8
 237 008e 04       		.byte	0x4
 238 008f 97010000 		.4byte	.LASF12
 239 0093 02       		.uleb128 0x2
 240 0094 01       		.byte	0x1
 241 0095 08       		.byte	0x8
 242 0096 6C010000 		.4byte	.LASF13
 243 009a 04       		.uleb128 0x4
 244 009b 9E010000 		.4byte	.LASF14
 245 009f 02       		.byte	0x2
 246 00a0 F2       		.byte	0xf2
 247 00a1 A5000000 		.4byte	0xa5
 248 00a5 05       		.uleb128 0x5
 249 00a6 7A000000 		.4byte	0x7a
 250 00aa 02       		.uleb128 0x2
 251 00ab 04       		.byte	0x4
 252 00ac 07       		.byte	0x7
 253 00ad E8010000 		.4byte	.LASF15
 254 00b1 06       		.uleb128 0x6
 255 00b2 01       		.byte	0x1
 256 00b3 03       		.byte	0x3
 257 00b4 5F       		.byte	0x5f
 258 00b5 C8000000 		.4byte	0xc8
 259 00b9 07       		.uleb128 0x7
 260 00ba 15000000 		.4byte	.LASF24
 261 00be 03       		.byte	0x3
 262 00bf 61       		.byte	0x61
 263 00c0 6F000000 		.4byte	0x6f
 264 00c4 02       		.byte	0x2
 265 00c5 23       		.byte	0x23
 266 00c6 00       		.uleb128 0
 267 00c7 00       		.byte	0
 268 00c8 04       		.uleb128 0x4
 269 00c9 4C010000 		.4byte	.LASF16
 270 00cd 03       		.byte	0x3
 271 00ce 62       		.byte	0x62
 272 00cf B1000000 		.4byte	0xb1
 273 00d3 08       		.uleb128 0x8
 274 00d4 01       		.byte	0x1
 275 00d5 DE010000 		.4byte	.LASF17
 276 00d9 01       		.byte	0x1
 277 00da 3A       		.byte	0x3a
 278 00db 01       		.byte	0x1
 279 00dc 00000000 		.4byte	.LFB0
 280 00e0 30000000 		.4byte	.LFE0
ARM GAS  C:\Users\Greg\AppData\Local\Temp\ccottAVC.s 			page 14


 281 00e4 00000000 		.4byte	.LLST0
 282 00e8 01       		.byte	0x1
 283 00e9 08       		.uleb128 0x8
 284 00ea 01       		.byte	0x1
 285 00eb 50000000 		.4byte	.LASF18
 286 00ef 01       		.byte	0x1
 287 00f0 8F       		.byte	0x8f
 288 00f1 01       		.byte	0x1
 289 00f2 00000000 		.4byte	.LFB1
 290 00f6 1C000000 		.4byte	.LFE1
 291 00fa 2C000000 		.4byte	.LLST1
 292 00fe 01       		.byte	0x1
 293 00ff 09       		.uleb128 0x9
 294 0100 01       		.byte	0x1
 295 0101 7A010000 		.4byte	.LASF19
 296 0105 01       		.byte	0x1
 297 0106 E8       		.byte	0xe8
 298 0107 01       		.byte	0x1
 299 0108 00000000 		.4byte	.LFB2
 300 010c 08000000 		.4byte	.LFE2
 301 0110 58000000 		.4byte	.LLST2
 302 0114 01       		.byte	0x1
 303 0115 0A       		.uleb128 0xa
 304 0116 01       		.byte	0x1
 305 0117 F1010000 		.4byte	.LASF20
 306 011b 01       		.byte	0x1
 307 011c 6401     		.2byte	0x164
 308 011e 01       		.byte	0x1
 309 011f 00000000 		.4byte	.LFB3
 310 0123 08000000 		.4byte	.LFE3
 311 0127 84000000 		.4byte	.LLST3
 312 012b 01       		.byte	0x1
 313 012c 0B       		.uleb128 0xb
 314 012d C9010000 		.4byte	.LASF25
 315 0131 01       		.byte	0x1
 316 0132 26       		.byte	0x26
 317 0133 C8000000 		.4byte	0xc8
 318 0137 01       		.byte	0x1
 319 0138 05       		.byte	0x5
 320 0139 03       		.byte	0x3
 321 013a 00000000 		.4byte	I2C_backup
 322 013e 00       		.byte	0
 323              		.section	.debug_abbrev,"",%progbits
 324              	.Ldebug_abbrev0:
 325 0000 01       		.uleb128 0x1
 326 0001 11       		.uleb128 0x11
 327 0002 01       		.byte	0x1
 328 0003 25       		.uleb128 0x25
 329 0004 0E       		.uleb128 0xe
 330 0005 13       		.uleb128 0x13
 331 0006 0B       		.uleb128 0xb
 332 0007 03       		.uleb128 0x3
 333 0008 0E       		.uleb128 0xe
 334 0009 1B       		.uleb128 0x1b
 335 000a 0E       		.uleb128 0xe
 336 000b 55       		.uleb128 0x55
 337 000c 06       		.uleb128 0x6
ARM GAS  C:\Users\Greg\AppData\Local\Temp\ccottAVC.s 			page 15


 338 000d 11       		.uleb128 0x11
 339 000e 01       		.uleb128 0x1
 340 000f 52       		.uleb128 0x52
 341 0010 01       		.uleb128 0x1
 342 0011 10       		.uleb128 0x10
 343 0012 06       		.uleb128 0x6
 344 0013 00       		.byte	0
 345 0014 00       		.byte	0
 346 0015 02       		.uleb128 0x2
 347 0016 24       		.uleb128 0x24
 348 0017 00       		.byte	0
 349 0018 0B       		.uleb128 0xb
 350 0019 0B       		.uleb128 0xb
 351 001a 3E       		.uleb128 0x3e
 352 001b 0B       		.uleb128 0xb
 353 001c 03       		.uleb128 0x3
 354 001d 0E       		.uleb128 0xe
 355 001e 00       		.byte	0
 356 001f 00       		.byte	0
 357 0020 03       		.uleb128 0x3
 358 0021 24       		.uleb128 0x24
 359 0022 00       		.byte	0
 360 0023 0B       		.uleb128 0xb
 361 0024 0B       		.uleb128 0xb
 362 0025 3E       		.uleb128 0x3e
 363 0026 0B       		.uleb128 0xb
 364 0027 03       		.uleb128 0x3
 365 0028 08       		.uleb128 0x8
 366 0029 00       		.byte	0
 367 002a 00       		.byte	0
 368 002b 04       		.uleb128 0x4
 369 002c 16       		.uleb128 0x16
 370 002d 00       		.byte	0
 371 002e 03       		.uleb128 0x3
 372 002f 0E       		.uleb128 0xe
 373 0030 3A       		.uleb128 0x3a
 374 0031 0B       		.uleb128 0xb
 375 0032 3B       		.uleb128 0x3b
 376 0033 0B       		.uleb128 0xb
 377 0034 49       		.uleb128 0x49
 378 0035 13       		.uleb128 0x13
 379 0036 00       		.byte	0
 380 0037 00       		.byte	0
 381 0038 05       		.uleb128 0x5
 382 0039 35       		.uleb128 0x35
 383 003a 00       		.byte	0
 384 003b 49       		.uleb128 0x49
 385 003c 13       		.uleb128 0x13
 386 003d 00       		.byte	0
 387 003e 00       		.byte	0
 388 003f 06       		.uleb128 0x6
 389 0040 13       		.uleb128 0x13
 390 0041 01       		.byte	0x1
 391 0042 0B       		.uleb128 0xb
 392 0043 0B       		.uleb128 0xb
 393 0044 3A       		.uleb128 0x3a
 394 0045 0B       		.uleb128 0xb
ARM GAS  C:\Users\Greg\AppData\Local\Temp\ccottAVC.s 			page 16


 395 0046 3B       		.uleb128 0x3b
 396 0047 0B       		.uleb128 0xb
 397 0048 01       		.uleb128 0x1
 398 0049 13       		.uleb128 0x13
 399 004a 00       		.byte	0
 400 004b 00       		.byte	0
 401 004c 07       		.uleb128 0x7
 402 004d 0D       		.uleb128 0xd
 403 004e 00       		.byte	0
 404 004f 03       		.uleb128 0x3
 405 0050 0E       		.uleb128 0xe
 406 0051 3A       		.uleb128 0x3a
 407 0052 0B       		.uleb128 0xb
 408 0053 3B       		.uleb128 0x3b
 409 0054 0B       		.uleb128 0xb
 410 0055 49       		.uleb128 0x49
 411 0056 13       		.uleb128 0x13
 412 0057 38       		.uleb128 0x38
 413 0058 0A       		.uleb128 0xa
 414 0059 00       		.byte	0
 415 005a 00       		.byte	0
 416 005b 08       		.uleb128 0x8
 417 005c 2E       		.uleb128 0x2e
 418 005d 00       		.byte	0
 419 005e 3F       		.uleb128 0x3f
 420 005f 0C       		.uleb128 0xc
 421 0060 03       		.uleb128 0x3
 422 0061 0E       		.uleb128 0xe
 423 0062 3A       		.uleb128 0x3a
 424 0063 0B       		.uleb128 0xb
 425 0064 3B       		.uleb128 0x3b
 426 0065 0B       		.uleb128 0xb
 427 0066 27       		.uleb128 0x27
 428 0067 0C       		.uleb128 0xc
 429 0068 11       		.uleb128 0x11
 430 0069 01       		.uleb128 0x1
 431 006a 12       		.uleb128 0x12
 432 006b 01       		.uleb128 0x1
 433 006c 40       		.uleb128 0x40
 434 006d 06       		.uleb128 0x6
 435 006e 9642     		.uleb128 0x2116
 436 0070 0C       		.uleb128 0xc
 437 0071 00       		.byte	0
 438 0072 00       		.byte	0
 439 0073 09       		.uleb128 0x9
 440 0074 2E       		.uleb128 0x2e
 441 0075 00       		.byte	0
 442 0076 3F       		.uleb128 0x3f
 443 0077 0C       		.uleb128 0xc
 444 0078 03       		.uleb128 0x3
 445 0079 0E       		.uleb128 0xe
 446 007a 3A       		.uleb128 0x3a
 447 007b 0B       		.uleb128 0xb
 448 007c 3B       		.uleb128 0x3b
 449 007d 0B       		.uleb128 0xb
 450 007e 27       		.uleb128 0x27
 451 007f 0C       		.uleb128 0xc
ARM GAS  C:\Users\Greg\AppData\Local\Temp\ccottAVC.s 			page 17


 452 0080 11       		.uleb128 0x11
 453 0081 01       		.uleb128 0x1
 454 0082 12       		.uleb128 0x12
 455 0083 01       		.uleb128 0x1
 456 0084 40       		.uleb128 0x40
 457 0085 06       		.uleb128 0x6
 458 0086 9742     		.uleb128 0x2117
 459 0088 0C       		.uleb128 0xc
 460 0089 00       		.byte	0
 461 008a 00       		.byte	0
 462 008b 0A       		.uleb128 0xa
 463 008c 2E       		.uleb128 0x2e
 464 008d 00       		.byte	0
 465 008e 3F       		.uleb128 0x3f
 466 008f 0C       		.uleb128 0xc
 467 0090 03       		.uleb128 0x3
 468 0091 0E       		.uleb128 0xe
 469 0092 3A       		.uleb128 0x3a
 470 0093 0B       		.uleb128 0xb
 471 0094 3B       		.uleb128 0x3b
 472 0095 05       		.uleb128 0x5
 473 0096 27       		.uleb128 0x27
 474 0097 0C       		.uleb128 0xc
 475 0098 11       		.uleb128 0x11
 476 0099 01       		.uleb128 0x1
 477 009a 12       		.uleb128 0x12
 478 009b 01       		.uleb128 0x1
 479 009c 40       		.uleb128 0x40
 480 009d 06       		.uleb128 0x6
 481 009e 9742     		.uleb128 0x2117
 482 00a0 0C       		.uleb128 0xc
 483 00a1 00       		.byte	0
 484 00a2 00       		.byte	0
 485 00a3 0B       		.uleb128 0xb
 486 00a4 34       		.uleb128 0x34
 487 00a5 00       		.byte	0
 488 00a6 03       		.uleb128 0x3
 489 00a7 0E       		.uleb128 0xe
 490 00a8 3A       		.uleb128 0x3a
 491 00a9 0B       		.uleb128 0xb
 492 00aa 3B       		.uleb128 0x3b
 493 00ab 0B       		.uleb128 0xb
 494 00ac 49       		.uleb128 0x49
 495 00ad 13       		.uleb128 0x13
 496 00ae 3F       		.uleb128 0x3f
 497 00af 0C       		.uleb128 0xc
 498 00b0 02       		.uleb128 0x2
 499 00b1 0A       		.uleb128 0xa
 500 00b2 00       		.byte	0
 501 00b3 00       		.byte	0
 502 00b4 00       		.byte	0
 503              		.section	.debug_loc,"",%progbits
 504              	.Ldebug_loc0:
 505              	.LLST0:
 506 0000 00000000 		.4byte	.LFB0
 507 0004 02000000 		.4byte	.LCFI0
 508 0008 0200     		.2byte	0x2
ARM GAS  C:\Users\Greg\AppData\Local\Temp\ccottAVC.s 			page 18


 509 000a 7D       		.byte	0x7d
 510 000b 00       		.sleb128 0
 511 000c 02000000 		.4byte	.LCFI0
 512 0010 04000000 		.4byte	.LCFI1
 513 0014 0200     		.2byte	0x2
 514 0016 7D       		.byte	0x7d
 515 0017 08       		.sleb128 8
 516 0018 04000000 		.4byte	.LCFI1
 517 001c 30000000 		.4byte	.LFE0
 518 0020 0200     		.2byte	0x2
 519 0022 77       		.byte	0x77
 520 0023 08       		.sleb128 8
 521 0024 00000000 		.4byte	0
 522 0028 00000000 		.4byte	0
 523              	.LLST1:
 524 002c 00000000 		.4byte	.LFB1
 525 0030 02000000 		.4byte	.LCFI2
 526 0034 0200     		.2byte	0x2
 527 0036 7D       		.byte	0x7d
 528 0037 00       		.sleb128 0
 529 0038 02000000 		.4byte	.LCFI2
 530 003c 04000000 		.4byte	.LCFI3
 531 0040 0200     		.2byte	0x2
 532 0042 7D       		.byte	0x7d
 533 0043 08       		.sleb128 8
 534 0044 04000000 		.4byte	.LCFI3
 535 0048 1C000000 		.4byte	.LFE1
 536 004c 0200     		.2byte	0x2
 537 004e 77       		.byte	0x77
 538 004f 08       		.sleb128 8
 539 0050 00000000 		.4byte	0
 540 0054 00000000 		.4byte	0
 541              	.LLST2:
 542 0058 00000000 		.4byte	.LFB2
 543 005c 02000000 		.4byte	.LCFI4
 544 0060 0200     		.2byte	0x2
 545 0062 7D       		.byte	0x7d
 546 0063 00       		.sleb128 0
 547 0064 02000000 		.4byte	.LCFI4
 548 0068 04000000 		.4byte	.LCFI5
 549 006c 0200     		.2byte	0x2
 550 006e 7D       		.byte	0x7d
 551 006f 08       		.sleb128 8
 552 0070 04000000 		.4byte	.LCFI5
 553 0074 08000000 		.4byte	.LFE2
 554 0078 0200     		.2byte	0x2
 555 007a 77       		.byte	0x77
 556 007b 08       		.sleb128 8
 557 007c 00000000 		.4byte	0
 558 0080 00000000 		.4byte	0
 559              	.LLST3:
 560 0084 00000000 		.4byte	.LFB3
 561 0088 02000000 		.4byte	.LCFI6
 562 008c 0200     		.2byte	0x2
 563 008e 7D       		.byte	0x7d
 564 008f 00       		.sleb128 0
 565 0090 02000000 		.4byte	.LCFI6
ARM GAS  C:\Users\Greg\AppData\Local\Temp\ccottAVC.s 			page 19


 566 0094 04000000 		.4byte	.LCFI7
 567 0098 0200     		.2byte	0x2
 568 009a 7D       		.byte	0x7d
 569 009b 08       		.sleb128 8
 570 009c 04000000 		.4byte	.LCFI7
 571 00a0 08000000 		.4byte	.LFE3
 572 00a4 0200     		.2byte	0x2
 573 00a6 77       		.byte	0x77
 574 00a7 08       		.sleb128 8
 575 00a8 00000000 		.4byte	0
 576 00ac 00000000 		.4byte	0
 577              		.section	.debug_aranges,"",%progbits
 578 0000 34000000 		.4byte	0x34
 579 0004 0200     		.2byte	0x2
 580 0006 00000000 		.4byte	.Ldebug_info0
 581 000a 04       		.byte	0x4
 582 000b 00       		.byte	0
 583 000c 0000     		.2byte	0
 584 000e 0000     		.2byte	0
 585 0010 00000000 		.4byte	.LFB0
 586 0014 30000000 		.4byte	.LFE0-.LFB0
 587 0018 00000000 		.4byte	.LFB1
 588 001c 1C000000 		.4byte	.LFE1-.LFB1
 589 0020 00000000 		.4byte	.LFB2
 590 0024 08000000 		.4byte	.LFE2-.LFB2
 591 0028 00000000 		.4byte	.LFB3
 592 002c 08000000 		.4byte	.LFE3-.LFB3
 593 0030 00000000 		.4byte	0
 594 0034 00000000 		.4byte	0
 595              		.section	.debug_ranges,"",%progbits
 596              	.Ldebug_ranges0:
 597 0000 00000000 		.4byte	.LFB0
 598 0004 30000000 		.4byte	.LFE0
 599 0008 00000000 		.4byte	.LFB1
 600 000c 1C000000 		.4byte	.LFE1
 601 0010 00000000 		.4byte	.LFB2
 602 0014 08000000 		.4byte	.LFE2
 603 0018 00000000 		.4byte	.LFB3
 604 001c 08000000 		.4byte	.LFE3
 605 0020 00000000 		.4byte	0
 606 0024 00000000 		.4byte	0
 607              		.section	.debug_line,"",%progbits
 608              	.Ldebug_line0:
 609 0000 AA000000 		.section	.debug_str,"MS",%progbits,1
 609      02004E00 
 609      00000201 
 609      FB0E0D00 
 609      01010101 
 610              	.LASF6:
 611 0000 6C6F6E67 		.ascii	"long long int\000"
 611      206C6F6E 
 611      6720696E 
 611      7400
 612              	.LASF10:
 613 000e 75696E74 		.ascii	"uint32\000"
 613      333200
 614              	.LASF24:
ARM GAS  C:\Users\Greg\AppData\Local\Temp\ccottAVC.s 			page 20


 615 0015 656E6162 		.ascii	"enableState\000"
 615      6C655374 
 615      61746500 
 616              	.LASF8:
 617 0021 756E7369 		.ascii	"unsigned int\000"
 617      676E6564 
 617      20696E74 
 617      00
 618              	.LASF22:
 619 002e 2E5C4765 		.ascii	".\\Generated_Source\\PSoC4\\I2C_PM.c\000"
 619      6E657261 
 619      7465645F 
 619      536F7572 
 619      63655C50 
 620              	.LASF18:
 621 0050 4932435F 		.ascii	"I2C_Wakeup\000"
 621      57616B65 
 621      757000
 622              	.LASF21:
 623 005b 474E5520 		.ascii	"GNU C 4.7.3 20130312 (release) [ARM/embedded-4_7-br"
 623      4320342E 
 623      372E3320 
 623      32303133 
 623      30333132 
 624 008e 616E6368 		.ascii	"anch revision 196615]\000"
 624      20726576 
 624      6973696F 
 624      6E203139 
 624      36363135 
 625              	.LASF9:
 626 00a4 75696E74 		.ascii	"uint8\000"
 626      3800
 627              	.LASF5:
 628 00aa 6C6F6E67 		.ascii	"long unsigned int\000"
 628      20756E73 
 628      69676E65 
 628      6420696E 
 628      7400
 629              	.LASF7:
 630 00bc 6C6F6E67 		.ascii	"long long unsigned int\000"
 630      206C6F6E 
 630      6720756E 
 630      7369676E 
 630      65642069 
 631              	.LASF23:
 632 00d3 433A5C70 		.ascii	"C:\\perforce\\gjl_work\\apps\\CYSC\\Cypress_PSoC_Ac"
 632      6572666F 
 632      7263655C 
 632      676A6C5F 
 632      776F726B 
 633 0101 6164656D 		.ascii	"ademy\\101_basic\\Projects\\Simon_Rev03\\Simon_Mast"
 633      795C3130 
 633      315F6261 
 633      7369635C 
 633      50726F6A 
 634 0130 65725F50 		.ascii	"er_P4\\Simon_Master_P4.cydsn\000"
 634      345C5369 
ARM GAS  C:\Users\Greg\AppData\Local\Temp\ccottAVC.s 			page 21


 634      6D6F6E5F 
 634      4D617374 
 634      65725F50 
 635              	.LASF16:
 636 014c 4932435F 		.ascii	"I2C_BACKUP_STRUCT\000"
 636      4241434B 
 636      55505F53 
 636      54525543 
 636      5400
 637              	.LASF1:
 638 015e 756E7369 		.ascii	"unsigned char\000"
 638      676E6564 
 638      20636861 
 638      7200
 639              	.LASF13:
 640 016c 63686172 		.ascii	"char\000"
 640      00
 641              	.LASF4:
 642 0171 6C6F6E67 		.ascii	"long int\000"
 642      20696E74 
 642      00
 643              	.LASF19:
 644 017a 4932435F 		.ascii	"I2C_DisableTxPinsInputBuffer\000"
 644      44697361 
 644      626C6554 
 644      7850696E 
 644      73496E70 
 645              	.LASF12:
 646 0197 646F7562 		.ascii	"double\000"
 646      6C6500
 647              	.LASF14:
 648 019e 72656733 		.ascii	"reg32\000"
 648      3200
 649              	.LASF3:
 650 01a4 73686F72 		.ascii	"short unsigned int\000"
 650      7420756E 
 650      7369676E 
 650      65642069 
 650      6E7400
 651              	.LASF0:
 652 01b7 7369676E 		.ascii	"signed char\000"
 652      65642063 
 652      68617200 
 653              	.LASF11:
 654 01c3 666C6F61 		.ascii	"float\000"
 654      7400
 655              	.LASF25:
 656 01c9 4932435F 		.ascii	"I2C_backup\000"
 656      6261636B 
 656      757000
 657              	.LASF2:
 658 01d4 73686F72 		.ascii	"short int\000"
 658      7420696E 
 658      7400
 659              	.LASF17:
 660 01de 4932435F 		.ascii	"I2C_Sleep\000"
 660      536C6565 
ARM GAS  C:\Users\Greg\AppData\Local\Temp\ccottAVC.s 			page 22


 660      7000
 661              	.LASF15:
 662 01e8 73697A65 		.ascii	"sizetype\000"
 662      74797065 
 662      00
 663              	.LASF20:
 664 01f1 4932435F 		.ascii	"I2C_EnableTxPinsInputBuffer\000"
 664      456E6162 
 664      6C655478 
 664      50696E73 
 664      496E7075 
 665              		.ident	"GCC: (GNU Tools for ARM Embedded Processors) 4.7.3 20130312 (release) [ARM/embedded-4_7-br
