ARM GAS  C:\Users\Greg\AppData\Local\Temp\cc4YOaB2.s 			page 1


   1              		.cpu cortex-m0
   2              		.fpu softvfp
   3              		.eabi_attribute 20, 1
   4              		.eabi_attribute 21, 1
   5              		.eabi_attribute 23, 3
   6              		.eabi_attribute 24, 1
   7              		.eabi_attribute 25, 1
   8              		.eabi_attribute 26, 1
   9              		.eabi_attribute 30, 6
  10              		.eabi_attribute 34, 0
  11              		.eabi_attribute 18, 4
  12              		.code	16
  13              		.file	"ADC_PM.c"
  14              		.text
  15              	.Ltext0:
  16              		.cfi_sections	.debug_frame
  17              		.bss
  18              		.align	2
  19              	ADC_backup:
  20 0000 00       		.space	1
  21 0001 000000   		.section	.text.ADC_SaveConfig,"ax",%progbits
  22              		.align	2
  23              		.global	ADC_SaveConfig
  24              		.code	16
  25              		.thumb_func
  26              		.type	ADC_SaveConfig, %function
  27              	ADC_SaveConfig:
  28              	.LFB0:
  29              		.file 1 ".\\Generated_Source\\PSoC4\\ADC_PM.c"
   1:.\Generated_Source\PSoC4/ADC_PM.c **** /*******************************************************************************
   2:.\Generated_Source\PSoC4/ADC_PM.c **** * File Name: ADC_PM.c
   3:.\Generated_Source\PSoC4/ADC_PM.c **** * Version 1.10
   4:.\Generated_Source\PSoC4/ADC_PM.c **** *
   5:.\Generated_Source\PSoC4/ADC_PM.c **** * Description:
   6:.\Generated_Source\PSoC4/ADC_PM.c **** *  This file provides Sleep/WakeUp APIs functionality.
   7:.\Generated_Source\PSoC4/ADC_PM.c **** *
   8:.\Generated_Source\PSoC4/ADC_PM.c **** * Note:
   9:.\Generated_Source\PSoC4/ADC_PM.c **** *
  10:.\Generated_Source\PSoC4/ADC_PM.c **** ********************************************************************************
  11:.\Generated_Source\PSoC4/ADC_PM.c **** * Copyright 2008-2013, Cypress Semiconductor Corporation.  All rights reserved.
  12:.\Generated_Source\PSoC4/ADC_PM.c **** * You may use this file only in accordance with the license, terms, conditions,
  13:.\Generated_Source\PSoC4/ADC_PM.c **** * disclaimers, and limitations in the end user license agreement accompanying
  14:.\Generated_Source\PSoC4/ADC_PM.c **** * the software package with which this file was provided.
  15:.\Generated_Source\PSoC4/ADC_PM.c **** *******************************************************************************/
  16:.\Generated_Source\PSoC4/ADC_PM.c **** 
  17:.\Generated_Source\PSoC4/ADC_PM.c **** #include "CyLib.h"
  18:.\Generated_Source\PSoC4/ADC_PM.c **** #include "ADC.h"
  19:.\Generated_Source\PSoC4/ADC_PM.c **** 
  20:.\Generated_Source\PSoC4/ADC_PM.c **** 
  21:.\Generated_Source\PSoC4/ADC_PM.c **** /***************************************
  22:.\Generated_Source\PSoC4/ADC_PM.c **** * Local data allocation
  23:.\Generated_Source\PSoC4/ADC_PM.c **** ***************************************/
  24:.\Generated_Source\PSoC4/ADC_PM.c **** 
  25:.\Generated_Source\PSoC4/ADC_PM.c **** static ADC_BACKUP_STRUCT  ADC_backup =
  26:.\Generated_Source\PSoC4/ADC_PM.c **** {
  27:.\Generated_Source\PSoC4/ADC_PM.c ****     ADC_DISABLED
  28:.\Generated_Source\PSoC4/ADC_PM.c **** };
ARM GAS  C:\Users\Greg\AppData\Local\Temp\cc4YOaB2.s 			page 2


  29:.\Generated_Source\PSoC4/ADC_PM.c **** 
  30:.\Generated_Source\PSoC4/ADC_PM.c **** 
  31:.\Generated_Source\PSoC4/ADC_PM.c **** /*******************************************************************************
  32:.\Generated_Source\PSoC4/ADC_PM.c **** * Function Name: ADC_SaveConfig
  33:.\Generated_Source\PSoC4/ADC_PM.c **** ********************************************************************************
  34:.\Generated_Source\PSoC4/ADC_PM.c **** *
  35:.\Generated_Source\PSoC4/ADC_PM.c **** * Summary:
  36:.\Generated_Source\PSoC4/ADC_PM.c **** *  Saves the current user configuration.
  37:.\Generated_Source\PSoC4/ADC_PM.c **** *
  38:.\Generated_Source\PSoC4/ADC_PM.c **** * Parameters:
  39:.\Generated_Source\PSoC4/ADC_PM.c **** *  None.
  40:.\Generated_Source\PSoC4/ADC_PM.c **** *
  41:.\Generated_Source\PSoC4/ADC_PM.c **** * Return:
  42:.\Generated_Source\PSoC4/ADC_PM.c **** *  None.
  43:.\Generated_Source\PSoC4/ADC_PM.c **** *
  44:.\Generated_Source\PSoC4/ADC_PM.c **** *******************************************************************************/
  45:.\Generated_Source\PSoC4/ADC_PM.c **** void ADC_SaveConfig(void)
  46:.\Generated_Source\PSoC4/ADC_PM.c **** {
  30              		.loc 1 46 0
  31              		.cfi_startproc
  32 0000 80B5     		push	{r7, lr}
  33              	.LCFI0:
  34              		.cfi_def_cfa_offset 8
  35              		.cfi_offset 7, -8
  36              		.cfi_offset 14, -4
  37 0002 00AF     		add	r7, sp, #0
  38              	.LCFI1:
  39              		.cfi_def_cfa_register 7
  47:.\Generated_Source\PSoC4/ADC_PM.c ****     /* All configuration registers are marked as [reset_all_retention] */
  48:.\Generated_Source\PSoC4/ADC_PM.c **** }
  40              		.loc 1 48 0
  41 0004 BD46     		mov	sp, r7
  42              		@ sp needed for prologue
  43 0006 80BD     		pop	{r7, pc}
  44              		.cfi_endproc
  45              	.LFE0:
  46              		.size	ADC_SaveConfig, .-ADC_SaveConfig
  47              		.section	.text.ADC_RestoreConfig,"ax",%progbits
  48              		.align	2
  49              		.global	ADC_RestoreConfig
  50              		.code	16
  51              		.thumb_func
  52              		.type	ADC_RestoreConfig, %function
  53              	ADC_RestoreConfig:
  54              	.LFB1:
  49:.\Generated_Source\PSoC4/ADC_PM.c **** 
  50:.\Generated_Source\PSoC4/ADC_PM.c **** 
  51:.\Generated_Source\PSoC4/ADC_PM.c **** /*******************************************************************************
  52:.\Generated_Source\PSoC4/ADC_PM.c **** * Function Name: ADC_RestoreConfig
  53:.\Generated_Source\PSoC4/ADC_PM.c **** ********************************************************************************
  54:.\Generated_Source\PSoC4/ADC_PM.c **** *
  55:.\Generated_Source\PSoC4/ADC_PM.c **** * Summary:
  56:.\Generated_Source\PSoC4/ADC_PM.c **** *  Restores the current user configuration.
  57:.\Generated_Source\PSoC4/ADC_PM.c **** *
  58:.\Generated_Source\PSoC4/ADC_PM.c **** * Parameters:
  59:.\Generated_Source\PSoC4/ADC_PM.c **** *  None.
  60:.\Generated_Source\PSoC4/ADC_PM.c **** *
ARM GAS  C:\Users\Greg\AppData\Local\Temp\cc4YOaB2.s 			page 3


  61:.\Generated_Source\PSoC4/ADC_PM.c **** * Return:
  62:.\Generated_Source\PSoC4/ADC_PM.c **** *  None.
  63:.\Generated_Source\PSoC4/ADC_PM.c **** *
  64:.\Generated_Source\PSoC4/ADC_PM.c **** *******************************************************************************/
  65:.\Generated_Source\PSoC4/ADC_PM.c **** void ADC_RestoreConfig(void)
  66:.\Generated_Source\PSoC4/ADC_PM.c **** {
  55              		.loc 1 66 0
  56              		.cfi_startproc
  57 0000 80B5     		push	{r7, lr}
  58              	.LCFI2:
  59              		.cfi_def_cfa_offset 8
  60              		.cfi_offset 7, -8
  61              		.cfi_offset 14, -4
  62 0002 00AF     		add	r7, sp, #0
  63              	.LCFI3:
  64              		.cfi_def_cfa_register 7
  67:.\Generated_Source\PSoC4/ADC_PM.c ****     /* All congiguration registers are marked as [reset_all_retention] */
  68:.\Generated_Source\PSoC4/ADC_PM.c **** }
  65              		.loc 1 68 0
  66 0004 BD46     		mov	sp, r7
  67              		@ sp needed for prologue
  68 0006 80BD     		pop	{r7, pc}
  69              		.cfi_endproc
  70              	.LFE1:
  71              		.size	ADC_RestoreConfig, .-ADC_RestoreConfig
  72              		.section	.text.ADC_Sleep,"ax",%progbits
  73              		.align	2
  74              		.global	ADC_Sleep
  75              		.code	16
  76              		.thumb_func
  77              		.type	ADC_Sleep, %function
  78              	ADC_Sleep:
  79              	.LFB2:
  69:.\Generated_Source\PSoC4/ADC_PM.c **** 
  70:.\Generated_Source\PSoC4/ADC_PM.c **** 
  71:.\Generated_Source\PSoC4/ADC_PM.c **** /*******************************************************************************
  72:.\Generated_Source\PSoC4/ADC_PM.c **** * Function Name: ADC_Sleep
  73:.\Generated_Source\PSoC4/ADC_PM.c **** ********************************************************************************
  74:.\Generated_Source\PSoC4/ADC_PM.c **** *
  75:.\Generated_Source\PSoC4/ADC_PM.c **** * Summary:
  76:.\Generated_Source\PSoC4/ADC_PM.c **** *  Stops the ADC operation and saves the configuration registers and component
  77:.\Generated_Source\PSoC4/ADC_PM.c **** *  enable state. Should be called just prior to entering sleep.
  78:.\Generated_Source\PSoC4/ADC_PM.c **** *
  79:.\Generated_Source\PSoC4/ADC_PM.c **** * Parameters:
  80:.\Generated_Source\PSoC4/ADC_PM.c **** *  None.
  81:.\Generated_Source\PSoC4/ADC_PM.c **** *
  82:.\Generated_Source\PSoC4/ADC_PM.c **** * Return:
  83:.\Generated_Source\PSoC4/ADC_PM.c **** *  None.
  84:.\Generated_Source\PSoC4/ADC_PM.c **** *
  85:.\Generated_Source\PSoC4/ADC_PM.c **** * Global Variables:
  86:.\Generated_Source\PSoC4/ADC_PM.c **** *  ADC_backup - modified.
  87:.\Generated_Source\PSoC4/ADC_PM.c **** *
  88:.\Generated_Source\PSoC4/ADC_PM.c **** *******************************************************************************/
  89:.\Generated_Source\PSoC4/ADC_PM.c **** void ADC_Sleep(void)
  90:.\Generated_Source\PSoC4/ADC_PM.c **** {
  80              		.loc 1 90 0
  81              		.cfi_startproc
ARM GAS  C:\Users\Greg\AppData\Local\Temp\cc4YOaB2.s 			page 4


  82 0000 80B5     		push	{r7, lr}
  83              	.LCFI4:
  84              		.cfi_def_cfa_offset 8
  85              		.cfi_offset 7, -8
  86              		.cfi_offset 14, -4
  87 0002 00AF     		add	r7, sp, #0
  88              	.LCFI5:
  89              		.cfi_def_cfa_register 7
  91:.\Generated_Source\PSoC4/ADC_PM.c ****     /* During deepsleep/ hibernate mode keep SARMUX active, i.e. do not open
  92:.\Generated_Source\PSoC4/ADC_PM.c ****     *   all switches (disconnect), to be used for ADFT
  93:.\Generated_Source\PSoC4/ADC_PM.c ****     */
  94:.\Generated_Source\PSoC4/ADC_PM.c ****     ADC_SAR_DFT_CTRL_REG |= ADC_ADFT_OVERRIDE;
  90              		.loc 1 94 0
  91 0004 104B     		ldr	r3, .L8
  92 0006 104A     		ldr	r2, .L8
  93 0008 1268     		ldr	r2, [r2]
  94 000a 8021     		mov	r1, #128
  95 000c 0906     		lsl	r1, r1, #24
  96 000e 0A43     		orr	r2, r1
  97 0010 1A60     		str	r2, [r3]
  95:.\Generated_Source\PSoC4/ADC_PM.c ****     if((ADC_SAR_CTRL_REG  & ADC_ENABLE) != 0u)
  98              		.loc 1 95 0
  99 0012 0E4B     		ldr	r3, .L8+4
 100 0014 1B68     		ldr	r3, [r3]
 101 0016 002B     		cmp	r3, #0
 102 0018 11DA     		bge	.L4
  96:.\Generated_Source\PSoC4/ADC_PM.c ****     {
  97:.\Generated_Source\PSoC4/ADC_PM.c ****         if((ADC_SAR_SAMPLE_CTRL_REG & ADC_CONTINUOUS_EN) != 0u)
 103              		.loc 1 97 0
 104 001a 0D4B     		ldr	r3, .L8+8
 105 001c 1A68     		ldr	r2, [r3]
 106 001e 8023     		mov	r3, #128
 107 0020 5B02     		lsl	r3, r3, #9
 108 0022 1340     		and	r3, r2
 109 0024 03D0     		beq	.L5
  98:.\Generated_Source\PSoC4/ADC_PM.c ****         {
  99:.\Generated_Source\PSoC4/ADC_PM.c ****             ADC_backup.enableState = ADC_ENABLED | ADC_STARTED;
 110              		.loc 1 99 0
 111 0026 0B4B     		ldr	r3, .L8+12
 112 0028 0322     		mov	r2, #3
 113 002a 1A70     		strb	r2, [r3]
 114 002c 02E0     		b	.L6
 115              	.L5:
 100:.\Generated_Source\PSoC4/ADC_PM.c ****         }
 101:.\Generated_Source\PSoC4/ADC_PM.c ****         else
 102:.\Generated_Source\PSoC4/ADC_PM.c ****         {
 103:.\Generated_Source\PSoC4/ADC_PM.c ****             ADC_backup.enableState = ADC_ENABLED;
 116              		.loc 1 103 0
 117 002e 094B     		ldr	r3, .L8+12
 118 0030 0122     		mov	r2, #1
 119 0032 1A70     		strb	r2, [r3]
 120              	.L6:
 104:.\Generated_Source\PSoC4/ADC_PM.c ****         }
 105:.\Generated_Source\PSoC4/ADC_PM.c ****         ADC_StopConvert();
 121              		.loc 1 105 0
 122 0034 FFF7FEFF 		bl	ADC_StopConvert
 106:.\Generated_Source\PSoC4/ADC_PM.c ****         ADC_Stop();
ARM GAS  C:\Users\Greg\AppData\Local\Temp\cc4YOaB2.s 			page 5


 123              		.loc 1 106 0
 124 0038 FFF7FEFF 		bl	ADC_Stop
 125 003c 02E0     		b	.L3
 126              	.L4:
 107:.\Generated_Source\PSoC4/ADC_PM.c ****     }
 108:.\Generated_Source\PSoC4/ADC_PM.c ****     else
 109:.\Generated_Source\PSoC4/ADC_PM.c ****     {
 110:.\Generated_Source\PSoC4/ADC_PM.c ****         ADC_backup.enableState = ADC_DISABLED;
 127              		.loc 1 110 0
 128 003e 054B     		ldr	r3, .L8+12
 129 0040 0022     		mov	r2, #0
 130 0042 1A70     		strb	r2, [r3]
 131              	.L3:
 111:.\Generated_Source\PSoC4/ADC_PM.c ****     }
 112:.\Generated_Source\PSoC4/ADC_PM.c **** }
 132              		.loc 1 112 0
 133 0044 BD46     		mov	sp, r7
 134              		@ sp needed for prologue
 135 0046 80BD     		pop	{r7, pc}
 136              	.L9:
 137              		.align	2
 138              	.L8:
 139 0048 30001A40 		.word	1075445808
 140 004c 00001A40 		.word	1075445760
 141 0050 04001A40 		.word	1075445764
 142 0054 00000000 		.word	ADC_backup
 143              		.cfi_endproc
 144              	.LFE2:
 145              		.size	ADC_Sleep, .-ADC_Sleep
 146              		.section	.text.ADC_Wakeup,"ax",%progbits
 147              		.align	2
 148              		.global	ADC_Wakeup
 149              		.code	16
 150              		.thumb_func
 151              		.type	ADC_Wakeup, %function
 152              	ADC_Wakeup:
 153              	.LFB3:
 113:.\Generated_Source\PSoC4/ADC_PM.c **** 
 114:.\Generated_Source\PSoC4/ADC_PM.c **** 
 115:.\Generated_Source\PSoC4/ADC_PM.c **** /*******************************************************************************
 116:.\Generated_Source\PSoC4/ADC_PM.c **** * Function Name: ADC_Wakeup
 117:.\Generated_Source\PSoC4/ADC_PM.c **** ********************************************************************************
 118:.\Generated_Source\PSoC4/ADC_PM.c **** *
 119:.\Generated_Source\PSoC4/ADC_PM.c **** * Summary:
 120:.\Generated_Source\PSoC4/ADC_PM.c **** *  Restores the component enable state and configuration registers.
 121:.\Generated_Source\PSoC4/ADC_PM.c **** *  This should be called just after awaking from sleep mode.
 122:.\Generated_Source\PSoC4/ADC_PM.c **** *
 123:.\Generated_Source\PSoC4/ADC_PM.c **** * Parameters:
 124:.\Generated_Source\PSoC4/ADC_PM.c **** *  None.
 125:.\Generated_Source\PSoC4/ADC_PM.c **** *
 126:.\Generated_Source\PSoC4/ADC_PM.c **** * Return:
 127:.\Generated_Source\PSoC4/ADC_PM.c **** *  None.
 128:.\Generated_Source\PSoC4/ADC_PM.c **** *
 129:.\Generated_Source\PSoC4/ADC_PM.c **** * Global Variables:
 130:.\Generated_Source\PSoC4/ADC_PM.c **** *  ADC_backup - used.
 131:.\Generated_Source\PSoC4/ADC_PM.c **** *
 132:.\Generated_Source\PSoC4/ADC_PM.c **** *******************************************************************************/
ARM GAS  C:\Users\Greg\AppData\Local\Temp\cc4YOaB2.s 			page 6


 133:.\Generated_Source\PSoC4/ADC_PM.c **** void ADC_Wakeup(void)
 134:.\Generated_Source\PSoC4/ADC_PM.c **** {
 154              		.loc 1 134 0
 155              		.cfi_startproc
 156 0000 80B5     		push	{r7, lr}
 157              	.LCFI6:
 158              		.cfi_def_cfa_offset 8
 159              		.cfi_offset 7, -8
 160              		.cfi_offset 14, -4
 161 0002 00AF     		add	r7, sp, #0
 162              	.LCFI7:
 163              		.cfi_def_cfa_register 7
 135:.\Generated_Source\PSoC4/ADC_PM.c ****     ADC_SAR_DFT_CTRL_REG &= (uint32)~ADC_ADFT_OVERRIDE;
 164              		.loc 1 135 0
 165 0004 0A4B     		ldr	r3, .L12
 166 0006 0A4A     		ldr	r2, .L12
 167 0008 1268     		ldr	r2, [r2]
 168 000a 5200     		lsl	r2, r2, #1
 169 000c 5208     		lsr	r2, r2, #1
 170 000e 1A60     		str	r2, [r3]
 136:.\Generated_Source\PSoC4/ADC_PM.c ****     if(ADC_backup.enableState != ADC_DISABLED)
 171              		.loc 1 136 0
 172 0010 084B     		ldr	r3, .L12+4
 173 0012 1B78     		ldrb	r3, [r3]
 174 0014 002B     		cmp	r3, #0
 175 0016 09D0     		beq	.L10
 137:.\Generated_Source\PSoC4/ADC_PM.c ****     {
 138:.\Generated_Source\PSoC4/ADC_PM.c ****         ADC_Start();
 176              		.loc 1 138 0
 177 0018 FFF7FEFF 		bl	ADC_Start
 139:.\Generated_Source\PSoC4/ADC_PM.c ****         if((ADC_backup.enableState & ADC_STARTED) != 0u)
 178              		.loc 1 139 0
 179 001c 054B     		ldr	r3, .L12+4
 180 001e 1B78     		ldrb	r3, [r3]
 181 0020 1A1C     		mov	r2, r3
 182 0022 0223     		mov	r3, #2
 183 0024 1340     		and	r3, r2
 184 0026 01D0     		beq	.L10
 140:.\Generated_Source\PSoC4/ADC_PM.c ****         {
 141:.\Generated_Source\PSoC4/ADC_PM.c ****             ADC_StartConvert();
 185              		.loc 1 141 0
 186 0028 FFF7FEFF 		bl	ADC_StartConvert
 187              	.L10:
 142:.\Generated_Source\PSoC4/ADC_PM.c ****         }
 143:.\Generated_Source\PSoC4/ADC_PM.c ****     }
 144:.\Generated_Source\PSoC4/ADC_PM.c **** }
 188              		.loc 1 144 0
 189 002c BD46     		mov	sp, r7
 190              		@ sp needed for prologue
 191 002e 80BD     		pop	{r7, pc}
 192              	.L13:
 193              		.align	2
 194              	.L12:
 195 0030 30001A40 		.word	1075445808
 196 0034 00000000 		.word	ADC_backup
 197              		.cfi_endproc
 198              	.LFE3:
ARM GAS  C:\Users\Greg\AppData\Local\Temp\cc4YOaB2.s 			page 7


 199              		.size	ADC_Wakeup, .-ADC_Wakeup
 200              		.text
 201              	.Letext0:
 202              		.file 2 ".\\Generated_Source\\PSoC4\\cytypes.h"
 203              		.file 3 ".\\Generated_Source\\PSoC4\\ADC.h"
 204              		.section	.debug_info,"",%progbits
 205              	.Ldebug_info0:
 206 0000 39010000 		.4byte	0x139
 207 0004 0200     		.2byte	0x2
 208 0006 00000000 		.4byte	.Ldebug_abbrev0
 209 000a 04       		.byte	0x4
 210 000b 01       		.uleb128 0x1
 211 000c 4F000000 		.4byte	.LASF21
 212 0010 01       		.byte	0x1
 213 0011 2D000000 		.4byte	.LASF22
 214 0015 69010000 		.4byte	.LASF23
 215 0019 00000000 		.4byte	.Ldebug_ranges0+0
 216 001d 00000000 		.4byte	0
 217 0021 00000000 		.4byte	0
 218 0025 00000000 		.4byte	.Ldebug_line0
 219 0029 02       		.uleb128 0x2
 220 002a 01       		.byte	0x1
 221 002b 06       		.byte	0x6
 222 002c 57010000 		.4byte	.LASF0
 223 0030 02       		.uleb128 0x2
 224 0031 01       		.byte	0x1
 225 0032 08       		.byte	0x8
 226 0033 05010000 		.4byte	.LASF1
 227 0037 02       		.uleb128 0x2
 228 0038 02       		.byte	0x2
 229 0039 05       		.byte	0x5
 230 003a EA010000 		.4byte	.LASF2
 231 003e 02       		.uleb128 0x2
 232 003f 02       		.byte	0x2
 233 0040 07       		.byte	0x7
 234 0041 44010000 		.4byte	.LASF3
 235 0045 02       		.uleb128 0x2
 236 0046 04       		.byte	0x4
 237 0047 05       		.byte	0x5
 238 0048 22010000 		.4byte	.LASF4
 239 004c 02       		.uleb128 0x2
 240 004d 04       		.byte	0x4
 241 004e 07       		.byte	0x7
 242 004f 9E000000 		.4byte	.LASF5
 243 0053 02       		.uleb128 0x2
 244 0054 08       		.byte	0x8
 245 0055 05       		.byte	0x5
 246 0056 00000000 		.4byte	.LASF6
 247 005a 02       		.uleb128 0x2
 248 005b 08       		.byte	0x8
 249 005c 07       		.byte	0x7
 250 005d B0000000 		.4byte	.LASF7
 251 0061 03       		.uleb128 0x3
 252 0062 04       		.byte	0x4
 253 0063 05       		.byte	0x5
 254 0064 696E7400 		.ascii	"int\000"
 255 0068 02       		.uleb128 0x2
ARM GAS  C:\Users\Greg\AppData\Local\Temp\cc4YOaB2.s 			page 8


 256 0069 04       		.byte	0x4
 257 006a 07       		.byte	0x7
 258 006b 20000000 		.4byte	.LASF8
 259 006f 04       		.uleb128 0x4
 260 0070 98000000 		.4byte	.LASF9
 261 0074 02       		.byte	0x2
 262 0075 5B       		.byte	0x5b
 263 0076 30000000 		.4byte	0x30
 264 007a 04       		.uleb128 0x4
 265 007b 0E000000 		.4byte	.LASF10
 266 007f 02       		.byte	0x2
 267 0080 5D       		.byte	0x5d
 268 0081 4C000000 		.4byte	0x4c
 269 0085 02       		.uleb128 0x2
 270 0086 04       		.byte	0x4
 271 0087 04       		.byte	0x4
 272 0088 63010000 		.4byte	.LASF11
 273 008c 02       		.uleb128 0x2
 274 008d 08       		.byte	0x8
 275 008e 04       		.byte	0x4
 276 008f 37010000 		.4byte	.LASF12
 277 0093 02       		.uleb128 0x2
 278 0094 01       		.byte	0x1
 279 0095 08       		.byte	0x8
 280 0096 13010000 		.4byte	.LASF13
 281 009a 04       		.uleb128 0x4
 282 009b 3E010000 		.4byte	.LASF14
 283 009f 02       		.byte	0x2
 284 00a0 F2       		.byte	0xf2
 285 00a1 A5000000 		.4byte	0xa5
 286 00a5 05       		.uleb128 0x5
 287 00a6 7A000000 		.4byte	0x7a
 288 00aa 02       		.uleb128 0x2
 289 00ab 04       		.byte	0x4
 290 00ac 07       		.byte	0x7
 291 00ad F4010000 		.4byte	.LASF15
 292 00b1 06       		.uleb128 0x6
 293 00b2 01       		.byte	0x1
 294 00b3 03       		.byte	0x3
 295 00b4 1B       		.byte	0x1b
 296 00b5 C8000000 		.4byte	0xc8
 297 00b9 07       		.uleb128 0x7
 298 00ba 2B010000 		.4byte	.LASF24
 299 00be 03       		.byte	0x3
 300 00bf 1D       		.byte	0x1d
 301 00c0 6F000000 		.4byte	0x6f
 302 00c4 02       		.byte	0x2
 303 00c5 23       		.byte	0x23
 304 00c6 00       		.uleb128 0
 305 00c7 00       		.byte	0
 306 00c8 04       		.uleb128 0x4
 307 00c9 D9000000 		.4byte	.LASF16
 308 00cd 03       		.byte	0x3
 309 00ce 1E       		.byte	0x1e
 310 00cf B1000000 		.4byte	0xb1
 311 00d3 08       		.uleb128 0x8
 312 00d4 01       		.byte	0x1
ARM GAS  C:\Users\Greg\AppData\Local\Temp\cc4YOaB2.s 			page 9


 313 00d5 F6000000 		.4byte	.LASF17
 314 00d9 01       		.byte	0x1
 315 00da 2D       		.byte	0x2d
 316 00db 01       		.byte	0x1
 317 00dc 00000000 		.4byte	.LFB0
 318 00e0 08000000 		.4byte	.LFE0
 319 00e4 00000000 		.4byte	.LLST0
 320 00e8 01       		.byte	0x1
 321 00e9 08       		.uleb128 0x8
 322 00ea 01       		.byte	0x1
 323 00eb C7000000 		.4byte	.LASF18
 324 00ef 01       		.byte	0x1
 325 00f0 41       		.byte	0x41
 326 00f1 01       		.byte	0x1
 327 00f2 00000000 		.4byte	.LFB1
 328 00f6 08000000 		.4byte	.LFE1
 329 00fa 2C000000 		.4byte	.LLST1
 330 00fe 01       		.byte	0x1
 331 00ff 09       		.uleb128 0x9
 332 0100 01       		.byte	0x1
 333 0101 18010000 		.4byte	.LASF19
 334 0105 01       		.byte	0x1
 335 0106 59       		.byte	0x59
 336 0107 01       		.byte	0x1
 337 0108 00000000 		.4byte	.LFB2
 338 010c 58000000 		.4byte	.LFE2
 339 0110 58000000 		.4byte	.LLST2
 340 0114 01       		.byte	0x1
 341 0115 09       		.uleb128 0x9
 342 0116 01       		.byte	0x1
 343 0117 EB000000 		.4byte	.LASF20
 344 011b 01       		.byte	0x1
 345 011c 85       		.byte	0x85
 346 011d 01       		.byte	0x1
 347 011e 00000000 		.4byte	.LFB3
 348 0122 38000000 		.4byte	.LFE3
 349 0126 84000000 		.4byte	.LLST3
 350 012a 01       		.byte	0x1
 351 012b 0A       		.uleb128 0xa
 352 012c 15000000 		.4byte	.LASF25
 353 0130 01       		.byte	0x1
 354 0131 19       		.byte	0x19
 355 0132 C8000000 		.4byte	0xc8
 356 0136 05       		.byte	0x5
 357 0137 03       		.byte	0x3
 358 0138 00000000 		.4byte	ADC_backup
 359 013c 00       		.byte	0
 360              		.section	.debug_abbrev,"",%progbits
 361              	.Ldebug_abbrev0:
 362 0000 01       		.uleb128 0x1
 363 0001 11       		.uleb128 0x11
 364 0002 01       		.byte	0x1
 365 0003 25       		.uleb128 0x25
 366 0004 0E       		.uleb128 0xe
 367 0005 13       		.uleb128 0x13
 368 0006 0B       		.uleb128 0xb
 369 0007 03       		.uleb128 0x3
ARM GAS  C:\Users\Greg\AppData\Local\Temp\cc4YOaB2.s 			page 10


 370 0008 0E       		.uleb128 0xe
 371 0009 1B       		.uleb128 0x1b
 372 000a 0E       		.uleb128 0xe
 373 000b 55       		.uleb128 0x55
 374 000c 06       		.uleb128 0x6
 375 000d 11       		.uleb128 0x11
 376 000e 01       		.uleb128 0x1
 377 000f 52       		.uleb128 0x52
 378 0010 01       		.uleb128 0x1
 379 0011 10       		.uleb128 0x10
 380 0012 06       		.uleb128 0x6
 381 0013 00       		.byte	0
 382 0014 00       		.byte	0
 383 0015 02       		.uleb128 0x2
 384 0016 24       		.uleb128 0x24
 385 0017 00       		.byte	0
 386 0018 0B       		.uleb128 0xb
 387 0019 0B       		.uleb128 0xb
 388 001a 3E       		.uleb128 0x3e
 389 001b 0B       		.uleb128 0xb
 390 001c 03       		.uleb128 0x3
 391 001d 0E       		.uleb128 0xe
 392 001e 00       		.byte	0
 393 001f 00       		.byte	0
 394 0020 03       		.uleb128 0x3
 395 0021 24       		.uleb128 0x24
 396 0022 00       		.byte	0
 397 0023 0B       		.uleb128 0xb
 398 0024 0B       		.uleb128 0xb
 399 0025 3E       		.uleb128 0x3e
 400 0026 0B       		.uleb128 0xb
 401 0027 03       		.uleb128 0x3
 402 0028 08       		.uleb128 0x8
 403 0029 00       		.byte	0
 404 002a 00       		.byte	0
 405 002b 04       		.uleb128 0x4
 406 002c 16       		.uleb128 0x16
 407 002d 00       		.byte	0
 408 002e 03       		.uleb128 0x3
 409 002f 0E       		.uleb128 0xe
 410 0030 3A       		.uleb128 0x3a
 411 0031 0B       		.uleb128 0xb
 412 0032 3B       		.uleb128 0x3b
 413 0033 0B       		.uleb128 0xb
 414 0034 49       		.uleb128 0x49
 415 0035 13       		.uleb128 0x13
 416 0036 00       		.byte	0
 417 0037 00       		.byte	0
 418 0038 05       		.uleb128 0x5
 419 0039 35       		.uleb128 0x35
 420 003a 00       		.byte	0
 421 003b 49       		.uleb128 0x49
 422 003c 13       		.uleb128 0x13
 423 003d 00       		.byte	0
 424 003e 00       		.byte	0
 425 003f 06       		.uleb128 0x6
 426 0040 13       		.uleb128 0x13
ARM GAS  C:\Users\Greg\AppData\Local\Temp\cc4YOaB2.s 			page 11


 427 0041 01       		.byte	0x1
 428 0042 0B       		.uleb128 0xb
 429 0043 0B       		.uleb128 0xb
 430 0044 3A       		.uleb128 0x3a
 431 0045 0B       		.uleb128 0xb
 432 0046 3B       		.uleb128 0x3b
 433 0047 0B       		.uleb128 0xb
 434 0048 01       		.uleb128 0x1
 435 0049 13       		.uleb128 0x13
 436 004a 00       		.byte	0
 437 004b 00       		.byte	0
 438 004c 07       		.uleb128 0x7
 439 004d 0D       		.uleb128 0xd
 440 004e 00       		.byte	0
 441 004f 03       		.uleb128 0x3
 442 0050 0E       		.uleb128 0xe
 443 0051 3A       		.uleb128 0x3a
 444 0052 0B       		.uleb128 0xb
 445 0053 3B       		.uleb128 0x3b
 446 0054 0B       		.uleb128 0xb
 447 0055 49       		.uleb128 0x49
 448 0056 13       		.uleb128 0x13
 449 0057 38       		.uleb128 0x38
 450 0058 0A       		.uleb128 0xa
 451 0059 00       		.byte	0
 452 005a 00       		.byte	0
 453 005b 08       		.uleb128 0x8
 454 005c 2E       		.uleb128 0x2e
 455 005d 00       		.byte	0
 456 005e 3F       		.uleb128 0x3f
 457 005f 0C       		.uleb128 0xc
 458 0060 03       		.uleb128 0x3
 459 0061 0E       		.uleb128 0xe
 460 0062 3A       		.uleb128 0x3a
 461 0063 0B       		.uleb128 0xb
 462 0064 3B       		.uleb128 0x3b
 463 0065 0B       		.uleb128 0xb
 464 0066 27       		.uleb128 0x27
 465 0067 0C       		.uleb128 0xc
 466 0068 11       		.uleb128 0x11
 467 0069 01       		.uleb128 0x1
 468 006a 12       		.uleb128 0x12
 469 006b 01       		.uleb128 0x1
 470 006c 40       		.uleb128 0x40
 471 006d 06       		.uleb128 0x6
 472 006e 9742     		.uleb128 0x2117
 473 0070 0C       		.uleb128 0xc
 474 0071 00       		.byte	0
 475 0072 00       		.byte	0
 476 0073 09       		.uleb128 0x9
 477 0074 2E       		.uleb128 0x2e
 478 0075 00       		.byte	0
 479 0076 3F       		.uleb128 0x3f
 480 0077 0C       		.uleb128 0xc
 481 0078 03       		.uleb128 0x3
 482 0079 0E       		.uleb128 0xe
 483 007a 3A       		.uleb128 0x3a
ARM GAS  C:\Users\Greg\AppData\Local\Temp\cc4YOaB2.s 			page 12


 484 007b 0B       		.uleb128 0xb
 485 007c 3B       		.uleb128 0x3b
 486 007d 0B       		.uleb128 0xb
 487 007e 27       		.uleb128 0x27
 488 007f 0C       		.uleb128 0xc
 489 0080 11       		.uleb128 0x11
 490 0081 01       		.uleb128 0x1
 491 0082 12       		.uleb128 0x12
 492 0083 01       		.uleb128 0x1
 493 0084 40       		.uleb128 0x40
 494 0085 06       		.uleb128 0x6
 495 0086 9642     		.uleb128 0x2116
 496 0088 0C       		.uleb128 0xc
 497 0089 00       		.byte	0
 498 008a 00       		.byte	0
 499 008b 0A       		.uleb128 0xa
 500 008c 34       		.uleb128 0x34
 501 008d 00       		.byte	0
 502 008e 03       		.uleb128 0x3
 503 008f 0E       		.uleb128 0xe
 504 0090 3A       		.uleb128 0x3a
 505 0091 0B       		.uleb128 0xb
 506 0092 3B       		.uleb128 0x3b
 507 0093 0B       		.uleb128 0xb
 508 0094 49       		.uleb128 0x49
 509 0095 13       		.uleb128 0x13
 510 0096 02       		.uleb128 0x2
 511 0097 0A       		.uleb128 0xa
 512 0098 00       		.byte	0
 513 0099 00       		.byte	0
 514 009a 00       		.byte	0
 515              		.section	.debug_loc,"",%progbits
 516              	.Ldebug_loc0:
 517              	.LLST0:
 518 0000 00000000 		.4byte	.LFB0
 519 0004 02000000 		.4byte	.LCFI0
 520 0008 0200     		.2byte	0x2
 521 000a 7D       		.byte	0x7d
 522 000b 00       		.sleb128 0
 523 000c 02000000 		.4byte	.LCFI0
 524 0010 04000000 		.4byte	.LCFI1
 525 0014 0200     		.2byte	0x2
 526 0016 7D       		.byte	0x7d
 527 0017 08       		.sleb128 8
 528 0018 04000000 		.4byte	.LCFI1
 529 001c 08000000 		.4byte	.LFE0
 530 0020 0200     		.2byte	0x2
 531 0022 77       		.byte	0x77
 532 0023 08       		.sleb128 8
 533 0024 00000000 		.4byte	0
 534 0028 00000000 		.4byte	0
 535              	.LLST1:
 536 002c 00000000 		.4byte	.LFB1
 537 0030 02000000 		.4byte	.LCFI2
 538 0034 0200     		.2byte	0x2
 539 0036 7D       		.byte	0x7d
 540 0037 00       		.sleb128 0
ARM GAS  C:\Users\Greg\AppData\Local\Temp\cc4YOaB2.s 			page 13


 541 0038 02000000 		.4byte	.LCFI2
 542 003c 04000000 		.4byte	.LCFI3
 543 0040 0200     		.2byte	0x2
 544 0042 7D       		.byte	0x7d
 545 0043 08       		.sleb128 8
 546 0044 04000000 		.4byte	.LCFI3
 547 0048 08000000 		.4byte	.LFE1
 548 004c 0200     		.2byte	0x2
 549 004e 77       		.byte	0x77
 550 004f 08       		.sleb128 8
 551 0050 00000000 		.4byte	0
 552 0054 00000000 		.4byte	0
 553              	.LLST2:
 554 0058 00000000 		.4byte	.LFB2
 555 005c 02000000 		.4byte	.LCFI4
 556 0060 0200     		.2byte	0x2
 557 0062 7D       		.byte	0x7d
 558 0063 00       		.sleb128 0
 559 0064 02000000 		.4byte	.LCFI4
 560 0068 04000000 		.4byte	.LCFI5
 561 006c 0200     		.2byte	0x2
 562 006e 7D       		.byte	0x7d
 563 006f 08       		.sleb128 8
 564 0070 04000000 		.4byte	.LCFI5
 565 0074 58000000 		.4byte	.LFE2
 566 0078 0200     		.2byte	0x2
 567 007a 77       		.byte	0x77
 568 007b 08       		.sleb128 8
 569 007c 00000000 		.4byte	0
 570 0080 00000000 		.4byte	0
 571              	.LLST3:
 572 0084 00000000 		.4byte	.LFB3
 573 0088 02000000 		.4byte	.LCFI6
 574 008c 0200     		.2byte	0x2
 575 008e 7D       		.byte	0x7d
 576 008f 00       		.sleb128 0
 577 0090 02000000 		.4byte	.LCFI6
 578 0094 04000000 		.4byte	.LCFI7
 579 0098 0200     		.2byte	0x2
 580 009a 7D       		.byte	0x7d
 581 009b 08       		.sleb128 8
 582 009c 04000000 		.4byte	.LCFI7
 583 00a0 38000000 		.4byte	.LFE3
 584 00a4 0200     		.2byte	0x2
 585 00a6 77       		.byte	0x77
 586 00a7 08       		.sleb128 8
 587 00a8 00000000 		.4byte	0
 588 00ac 00000000 		.4byte	0
 589              		.section	.debug_aranges,"",%progbits
 590 0000 34000000 		.4byte	0x34
 591 0004 0200     		.2byte	0x2
 592 0006 00000000 		.4byte	.Ldebug_info0
 593 000a 04       		.byte	0x4
 594 000b 00       		.byte	0
 595 000c 0000     		.2byte	0
 596 000e 0000     		.2byte	0
 597 0010 00000000 		.4byte	.LFB0
ARM GAS  C:\Users\Greg\AppData\Local\Temp\cc4YOaB2.s 			page 14


 598 0014 08000000 		.4byte	.LFE0-.LFB0
 599 0018 00000000 		.4byte	.LFB1
 600 001c 08000000 		.4byte	.LFE1-.LFB1
 601 0020 00000000 		.4byte	.LFB2
 602 0024 58000000 		.4byte	.LFE2-.LFB2
 603 0028 00000000 		.4byte	.LFB3
 604 002c 38000000 		.4byte	.LFE3-.LFB3
 605 0030 00000000 		.4byte	0
 606 0034 00000000 		.4byte	0
 607              		.section	.debug_ranges,"",%progbits
 608              	.Ldebug_ranges0:
 609 0000 00000000 		.4byte	.LFB0
 610 0004 08000000 		.4byte	.LFE0
 611 0008 00000000 		.4byte	.LFB1
 612 000c 08000000 		.4byte	.LFE1
 613 0010 00000000 		.4byte	.LFB2
 614 0014 58000000 		.4byte	.LFE2
 615 0018 00000000 		.4byte	.LFB3
 616 001c 38000000 		.4byte	.LFE3
 617 0020 00000000 		.4byte	0
 618 0024 00000000 		.4byte	0
 619              		.section	.debug_line,"",%progbits
 620              	.Ldebug_line0:
 621 0000 A4000000 		.section	.debug_str,"MS",%progbits,1
 621      02004E00 
 621      00000201 
 621      FB0E0D00 
 621      01010101 
 622              	.LASF6:
 623 0000 6C6F6E67 		.ascii	"long long int\000"
 623      206C6F6E 
 623      6720696E 
 623      7400
 624              	.LASF10:
 625 000e 75696E74 		.ascii	"uint32\000"
 625      333200
 626              	.LASF25:
 627 0015 4144435F 		.ascii	"ADC_backup\000"
 627      6261636B 
 627      757000
 628              	.LASF8:
 629 0020 756E7369 		.ascii	"unsigned int\000"
 629      676E6564 
 629      20696E74 
 629      00
 630              	.LASF22:
 631 002d 2E5C4765 		.ascii	".\\Generated_Source\\PSoC4\\ADC_PM.c\000"
 631      6E657261 
 631      7465645F 
 631      536F7572 
 631      63655C50 
 632              	.LASF21:
 633 004f 474E5520 		.ascii	"GNU C 4.7.3 20130312 (release) [ARM/embedded-4_7-br"
 633      4320342E 
 633      372E3320 
 633      32303133 
 633      30333132 
ARM GAS  C:\Users\Greg\AppData\Local\Temp\cc4YOaB2.s 			page 15


 634 0082 616E6368 		.ascii	"anch revision 196615]\000"
 634      20726576 
 634      6973696F 
 634      6E203139 
 634      36363135 
 635              	.LASF9:
 636 0098 75696E74 		.ascii	"uint8\000"
 636      3800
 637              	.LASF5:
 638 009e 6C6F6E67 		.ascii	"long unsigned int\000"
 638      20756E73 
 638      69676E65 
 638      6420696E 
 638      7400
 639              	.LASF7:
 640 00b0 6C6F6E67 		.ascii	"long long unsigned int\000"
 640      206C6F6E 
 640      6720756E 
 640      7369676E 
 640      65642069 
 641              	.LASF18:
 642 00c7 4144435F 		.ascii	"ADC_RestoreConfig\000"
 642      52657374 
 642      6F726543 
 642      6F6E6669 
 642      6700
 643              	.LASF16:
 644 00d9 4144435F 		.ascii	"ADC_BACKUP_STRUCT\000"
 644      4241434B 
 644      55505F53 
 644      54525543 
 644      5400
 645              	.LASF20:
 646 00eb 4144435F 		.ascii	"ADC_Wakeup\000"
 646      57616B65 
 646      757000
 647              	.LASF17:
 648 00f6 4144435F 		.ascii	"ADC_SaveConfig\000"
 648      53617665 
 648      436F6E66 
 648      696700
 649              	.LASF1:
 650 0105 756E7369 		.ascii	"unsigned char\000"
 650      676E6564 
 650      20636861 
 650      7200
 651              	.LASF13:
 652 0113 63686172 		.ascii	"char\000"
 652      00
 653              	.LASF19:
 654 0118 4144435F 		.ascii	"ADC_Sleep\000"
 654      536C6565 
 654      7000
 655              	.LASF4:
 656 0122 6C6F6E67 		.ascii	"long int\000"
 656      20696E74 
 656      00
ARM GAS  C:\Users\Greg\AppData\Local\Temp\cc4YOaB2.s 			page 16


 657              	.LASF24:
 658 012b 656E6162 		.ascii	"enableState\000"
 658      6C655374 
 658      61746500 
 659              	.LASF12:
 660 0137 646F7562 		.ascii	"double\000"
 660      6C6500
 661              	.LASF14:
 662 013e 72656733 		.ascii	"reg32\000"
 662      3200
 663              	.LASF3:
 664 0144 73686F72 		.ascii	"short unsigned int\000"
 664      7420756E 
 664      7369676E 
 664      65642069 
 664      6E7400
 665              	.LASF0:
 666 0157 7369676E 		.ascii	"signed char\000"
 666      65642063 
 666      68617200 
 667              	.LASF11:
 668 0163 666C6F61 		.ascii	"float\000"
 668      7400
 669              	.LASF23:
 670 0169 433A5C70 		.ascii	"C:\\perforce\\gjl_work\\apps\\CYSC\\Cypress_PSoC_Ac"
 670      6572666F 
 670      7263655C 
 670      676A6C5F 
 670      776F726B 
 671 0197 6164656D 		.ascii	"ademy\\101_basic\\Projects\\Simon_Rev03\\Simon_Slav"
 671      795C3130 
 671      315F6261 
 671      7369635C 
 671      50726F6A 
 672 01c6 655F5069 		.ascii	"e_Pioneer\\Simon_Slave_Pioneer.cydsn\000"
 672      6F6E6565 
 672      725C5369 
 672      6D6F6E5F 
 672      536C6176 
 673              	.LASF2:
 674 01ea 73686F72 		.ascii	"short int\000"
 674      7420696E 
 674      7400
 675              	.LASF15:
 676 01f4 73697A65 		.ascii	"sizetype\000"
 676      74797065 
 676      00
 677              		.ident	"GCC: (GNU Tools for ARM Embedded Processors) 4.7.3 20130312 (release) [ARM/embedded-4_7-br
