ARM GAS  C:\Users\Greg\AppData\Local\Temp\ccpx878a.s 			page 1


   1              		.cpu cortex-m0
   2              		.fpu softvfp
   3              		.eabi_attribute 20, 1
   4              		.eabi_attribute 21, 1
   5              		.eabi_attribute 23, 3
   6              		.eabi_attribute 24, 1
   7              		.eabi_attribute 25, 1
   8              		.eabi_attribute 26, 1
   9              		.eabi_attribute 30, 6
  10              		.eabi_attribute 34, 0
  11              		.eabi_attribute 18, 4
  12              		.code	16
  13              		.file	"EZI2C.c"
  14              		.text
  15              	.Ltext0:
  16              		.cfi_sections	.debug_frame
  17              		.global	EZI2C_initVar
  18              		.bss
  19              		.type	EZI2C_initVar, %object
  20              		.size	EZI2C_initVar, 1
  21              	EZI2C_initVar:
  22 0000 00       		.space	1
  23              		.global	EZI2C_customIntrHandler
  24 0001 000000   		.align	2
  25              		.type	EZI2C_customIntrHandler, %object
  26              		.size	EZI2C_customIntrHandler, 4
  27              	EZI2C_customIntrHandler:
  28 0004 00000000 		.space	4
  29              		.section	.text.EZI2C_Init,"ax",%progbits
  30              		.align	2
  31              		.global	EZI2C_Init
  32              		.code	16
  33              		.thumb_func
  34              		.type	EZI2C_Init, %function
  35              	EZI2C_Init:
  36              	.LFB0:
  37              		.file 1 ".\\Generated_Source\\PSoC4\\EZI2C.c"
   1:.\Generated_Source\PSoC4/EZI2C.c **** /*******************************************************************************
   2:.\Generated_Source\PSoC4/EZI2C.c **** * File Name: EZI2C.c
   3:.\Generated_Source\PSoC4/EZI2C.c **** * Version 1.20
   4:.\Generated_Source\PSoC4/EZI2C.c **** *
   5:.\Generated_Source\PSoC4/EZI2C.c **** * Description:
   6:.\Generated_Source\PSoC4/EZI2C.c **** *  This file provides the source code to the API for the SCB Component.
   7:.\Generated_Source\PSoC4/EZI2C.c **** *
   8:.\Generated_Source\PSoC4/EZI2C.c **** * Note:
   9:.\Generated_Source\PSoC4/EZI2C.c **** *
  10:.\Generated_Source\PSoC4/EZI2C.c **** *******************************************************************************
  11:.\Generated_Source\PSoC4/EZI2C.c **** * Copyright 2013-2014, Cypress Semiconductor Corporation.  All rights reserved.
  12:.\Generated_Source\PSoC4/EZI2C.c **** * You may use this file only in accordance with the license, terms, conditions,
  13:.\Generated_Source\PSoC4/EZI2C.c **** * disclaimers, and limitations in the end user license agreement accompanying
  14:.\Generated_Source\PSoC4/EZI2C.c **** * the software package with which this file was provided.
  15:.\Generated_Source\PSoC4/EZI2C.c **** *******************************************************************************/
  16:.\Generated_Source\PSoC4/EZI2C.c **** 
  17:.\Generated_Source\PSoC4/EZI2C.c **** #include "EZI2C_PVT.h"
  18:.\Generated_Source\PSoC4/EZI2C.c **** 
  19:.\Generated_Source\PSoC4/EZI2C.c **** #if(EZI2C_SCB_MODE_I2C_INC)
  20:.\Generated_Source\PSoC4/EZI2C.c ****     #include "EZI2C_I2C_PVT.h"
ARM GAS  C:\Users\Greg\AppData\Local\Temp\ccpx878a.s 			page 2


  21:.\Generated_Source\PSoC4/EZI2C.c **** #endif /* (EZI2C_SCB_MODE_I2C_INC) */
  22:.\Generated_Source\PSoC4/EZI2C.c **** 
  23:.\Generated_Source\PSoC4/EZI2C.c **** #if(EZI2C_SCB_MODE_EZI2C_INC)
  24:.\Generated_Source\PSoC4/EZI2C.c ****     #include "EZI2C_EZI2C_PVT.h"
  25:.\Generated_Source\PSoC4/EZI2C.c **** #endif /* (EZI2C_SCB_MODE_EZI2C_INC) */
  26:.\Generated_Source\PSoC4/EZI2C.c **** 
  27:.\Generated_Source\PSoC4/EZI2C.c **** #if(EZI2C_SCB_MODE_SPI_INC || EZI2C_SCB_MODE_UART_INC)
  28:.\Generated_Source\PSoC4/EZI2C.c ****     #include "EZI2C_SPI_UART_PVT.h"
  29:.\Generated_Source\PSoC4/EZI2C.c **** #endif /* (EZI2C_SCB_MODE_SPI_INC || EZI2C_SCB_MODE_UART_INC) */
  30:.\Generated_Source\PSoC4/EZI2C.c **** 
  31:.\Generated_Source\PSoC4/EZI2C.c **** 
  32:.\Generated_Source\PSoC4/EZI2C.c **** /***************************************
  33:.\Generated_Source\PSoC4/EZI2C.c **** *    Run Time Configuration Vars
  34:.\Generated_Source\PSoC4/EZI2C.c **** ***************************************/
  35:.\Generated_Source\PSoC4/EZI2C.c **** 
  36:.\Generated_Source\PSoC4/EZI2C.c **** /* Stores internal component configuration for unconfigured mode */
  37:.\Generated_Source\PSoC4/EZI2C.c **** #if(EZI2C_SCB_MODE_UNCONFIG_CONST_CFG)
  38:.\Generated_Source\PSoC4/EZI2C.c ****     /* Common config vars */
  39:.\Generated_Source\PSoC4/EZI2C.c ****     uint8 EZI2C_scbMode = EZI2C_SCB_MODE_UNCONFIG;
  40:.\Generated_Source\PSoC4/EZI2C.c ****     uint8 EZI2C_scbEnableWake;
  41:.\Generated_Source\PSoC4/EZI2C.c ****     uint8 EZI2C_scbEnableIntr;
  42:.\Generated_Source\PSoC4/EZI2C.c **** 
  43:.\Generated_Source\PSoC4/EZI2C.c ****     /* I2C config vars */
  44:.\Generated_Source\PSoC4/EZI2C.c ****     uint8 EZI2C_mode;
  45:.\Generated_Source\PSoC4/EZI2C.c ****     uint8 EZI2C_acceptAddr;
  46:.\Generated_Source\PSoC4/EZI2C.c **** 
  47:.\Generated_Source\PSoC4/EZI2C.c ****     /* SPI/UART config vars */
  48:.\Generated_Source\PSoC4/EZI2C.c ****     volatile uint8 * EZI2C_rxBuffer;
  49:.\Generated_Source\PSoC4/EZI2C.c ****     uint8  EZI2C_rxDataBits;
  50:.\Generated_Source\PSoC4/EZI2C.c ****     uint32 EZI2C_rxBufferSize;
  51:.\Generated_Source\PSoC4/EZI2C.c **** 
  52:.\Generated_Source\PSoC4/EZI2C.c ****     volatile uint8 * EZI2C_txBuffer;
  53:.\Generated_Source\PSoC4/EZI2C.c ****     uint8  EZI2C_txDataBits;
  54:.\Generated_Source\PSoC4/EZI2C.c ****     uint32 EZI2C_txBufferSize;
  55:.\Generated_Source\PSoC4/EZI2C.c **** 
  56:.\Generated_Source\PSoC4/EZI2C.c ****     /* EZI2C config vars */
  57:.\Generated_Source\PSoC4/EZI2C.c ****     uint8 EZI2C_numberOfAddr;
  58:.\Generated_Source\PSoC4/EZI2C.c ****     uint8 EZI2C_subAddrSize;
  59:.\Generated_Source\PSoC4/EZI2C.c **** #endif /* (EZI2C_SCB_MODE_UNCONFIG_CONST_CFG) */
  60:.\Generated_Source\PSoC4/EZI2C.c **** 
  61:.\Generated_Source\PSoC4/EZI2C.c **** 
  62:.\Generated_Source\PSoC4/EZI2C.c **** /***************************************
  63:.\Generated_Source\PSoC4/EZI2C.c **** *     Common SCB Vars
  64:.\Generated_Source\PSoC4/EZI2C.c **** ***************************************/
  65:.\Generated_Source\PSoC4/EZI2C.c **** 
  66:.\Generated_Source\PSoC4/EZI2C.c **** uint8 EZI2C_initVar = 0u;
  67:.\Generated_Source\PSoC4/EZI2C.c **** 
  68:.\Generated_Source\PSoC4/EZI2C.c **** #if !defined (CY_REMOVE_EZI2C_CUSTOM_INTR_HANDLER)
  69:.\Generated_Source\PSoC4/EZI2C.c ****     cyisraddress EZI2C_customIntrHandler = NULL;
  70:.\Generated_Source\PSoC4/EZI2C.c **** #endif /* !defined (CY_REMOVE_EZI2C_CUSTOM_INTR_HANDLER) */
  71:.\Generated_Source\PSoC4/EZI2C.c **** 
  72:.\Generated_Source\PSoC4/EZI2C.c **** 
  73:.\Generated_Source\PSoC4/EZI2C.c **** /***************************************
  74:.\Generated_Source\PSoC4/EZI2C.c **** *    Private Function Prototypes
  75:.\Generated_Source\PSoC4/EZI2C.c **** ***************************************/
  76:.\Generated_Source\PSoC4/EZI2C.c **** 
  77:.\Generated_Source\PSoC4/EZI2C.c **** static void EZI2C_ScbEnableIntr(void);
ARM GAS  C:\Users\Greg\AppData\Local\Temp\ccpx878a.s 			page 3


  78:.\Generated_Source\PSoC4/EZI2C.c **** static void EZI2C_ScbModeStop(void);
  79:.\Generated_Source\PSoC4/EZI2C.c **** 
  80:.\Generated_Source\PSoC4/EZI2C.c **** 
  81:.\Generated_Source\PSoC4/EZI2C.c **** /*******************************************************************************
  82:.\Generated_Source\PSoC4/EZI2C.c **** * Function Name: EZI2C_Init
  83:.\Generated_Source\PSoC4/EZI2C.c **** ********************************************************************************
  84:.\Generated_Source\PSoC4/EZI2C.c **** *
  85:.\Generated_Source\PSoC4/EZI2C.c **** * Summary:
  86:.\Generated_Source\PSoC4/EZI2C.c **** *  Initializes the SCB component to operate in one of the selected configurations:
  87:.\Generated_Source\PSoC4/EZI2C.c **** *  I2C, SPI, UART or EZ I2C.
  88:.\Generated_Source\PSoC4/EZI2C.c **** *  When the configuration is set to “Unconfigured SCB”, this function does
  89:.\Generated_Source\PSoC4/EZI2C.c **** *  not do any initialization. Use mode-specific initialization APIs instead:
  90:.\Generated_Source\PSoC4/EZI2C.c **** *  SCB_I2CInit, SCB_SpiInit, SCB_UartInit or SCB_EzI2CInit.
  91:.\Generated_Source\PSoC4/EZI2C.c **** *
  92:.\Generated_Source\PSoC4/EZI2C.c **** * Parameters:
  93:.\Generated_Source\PSoC4/EZI2C.c **** *  None
  94:.\Generated_Source\PSoC4/EZI2C.c **** *
  95:.\Generated_Source\PSoC4/EZI2C.c **** * Return:
  96:.\Generated_Source\PSoC4/EZI2C.c **** *  None
  97:.\Generated_Source\PSoC4/EZI2C.c **** *
  98:.\Generated_Source\PSoC4/EZI2C.c **** *******************************************************************************/
  99:.\Generated_Source\PSoC4/EZI2C.c **** void EZI2C_Init(void)
 100:.\Generated_Source\PSoC4/EZI2C.c **** {
  38              		.loc 1 100 0
  39              		.cfi_startproc
  40 0000 80B5     		push	{r7, lr}
  41              	.LCFI0:
  42              		.cfi_def_cfa_offset 8
  43              		.cfi_offset 7, -8
  44              		.cfi_offset 14, -4
  45 0002 00AF     		add	r7, sp, #0
  46              	.LCFI1:
  47              		.cfi_def_cfa_register 7
 101:.\Generated_Source\PSoC4/EZI2C.c **** #if(EZI2C_SCB_MODE_UNCONFIG_CONST_CFG)
 102:.\Generated_Source\PSoC4/EZI2C.c ****     if(EZI2C_SCB_MODE_UNCONFIG_RUNTM_CFG)
 103:.\Generated_Source\PSoC4/EZI2C.c ****     {
 104:.\Generated_Source\PSoC4/EZI2C.c ****         EZI2C_initVar = 0u; /* Clear init var */
 105:.\Generated_Source\PSoC4/EZI2C.c ****     }
 106:.\Generated_Source\PSoC4/EZI2C.c ****     else
 107:.\Generated_Source\PSoC4/EZI2C.c ****     {
 108:.\Generated_Source\PSoC4/EZI2C.c ****         /* Initialization was done before call */
 109:.\Generated_Source\PSoC4/EZI2C.c ****     }
 110:.\Generated_Source\PSoC4/EZI2C.c **** 
 111:.\Generated_Source\PSoC4/EZI2C.c **** #elif(EZI2C_SCB_MODE_I2C_CONST_CFG)
 112:.\Generated_Source\PSoC4/EZI2C.c ****     EZI2C_I2CInit();
 113:.\Generated_Source\PSoC4/EZI2C.c **** 
 114:.\Generated_Source\PSoC4/EZI2C.c **** #elif(EZI2C_SCB_MODE_SPI_CONST_CFG)
 115:.\Generated_Source\PSoC4/EZI2C.c ****     EZI2C_SpiInit();
 116:.\Generated_Source\PSoC4/EZI2C.c **** 
 117:.\Generated_Source\PSoC4/EZI2C.c **** #elif(EZI2C_SCB_MODE_UART_CONST_CFG)
 118:.\Generated_Source\PSoC4/EZI2C.c ****     EZI2C_UartInit();
 119:.\Generated_Source\PSoC4/EZI2C.c **** 
 120:.\Generated_Source\PSoC4/EZI2C.c **** #elif(EZI2C_SCB_MODE_EZI2C_CONST_CFG)
 121:.\Generated_Source\PSoC4/EZI2C.c ****     EZI2C_EzI2CInit();
  48              		.loc 1 121 0
  49 0004 FFF7FEFF 		bl	EZI2C_EzI2CInit
 122:.\Generated_Source\PSoC4/EZI2C.c **** 
ARM GAS  C:\Users\Greg\AppData\Local\Temp\ccpx878a.s 			page 4


 123:.\Generated_Source\PSoC4/EZI2C.c **** #endif /* (EZI2C_SCB_MODE_UNCONFIG_CONST_CFG) */
 124:.\Generated_Source\PSoC4/EZI2C.c **** }
  50              		.loc 1 124 0
  51 0008 BD46     		mov	sp, r7
  52              		@ sp needed for prologue
  53 000a 80BD     		pop	{r7, pc}
  54              		.cfi_endproc
  55              	.LFE0:
  56              		.size	EZI2C_Init, .-EZI2C_Init
  57              		.section	.text.EZI2C_Enable,"ax",%progbits
  58              		.align	2
  59              		.global	EZI2C_Enable
  60              		.code	16
  61              		.thumb_func
  62              		.type	EZI2C_Enable, %function
  63              	EZI2C_Enable:
  64              	.LFB1:
 125:.\Generated_Source\PSoC4/EZI2C.c **** 
 126:.\Generated_Source\PSoC4/EZI2C.c **** 
 127:.\Generated_Source\PSoC4/EZI2C.c **** /*******************************************************************************
 128:.\Generated_Source\PSoC4/EZI2C.c **** * Function Name: EZI2C_Enable
 129:.\Generated_Source\PSoC4/EZI2C.c **** ********************************************************************************
 130:.\Generated_Source\PSoC4/EZI2C.c **** *
 131:.\Generated_Source\PSoC4/EZI2C.c **** * Summary:
 132:.\Generated_Source\PSoC4/EZI2C.c **** *  Enables the SCB component operation.
 133:.\Generated_Source\PSoC4/EZI2C.c **** *  The SCB configuration should be not changed when the component is enabled.
 134:.\Generated_Source\PSoC4/EZI2C.c **** *  Any configuration changes should be made after disabling the component.
 135:.\Generated_Source\PSoC4/EZI2C.c **** *
 136:.\Generated_Source\PSoC4/EZI2C.c **** * Parameters:
 137:.\Generated_Source\PSoC4/EZI2C.c **** *  None
 138:.\Generated_Source\PSoC4/EZI2C.c **** *
 139:.\Generated_Source\PSoC4/EZI2C.c **** * Return:
 140:.\Generated_Source\PSoC4/EZI2C.c **** *  None
 141:.\Generated_Source\PSoC4/EZI2C.c **** *
 142:.\Generated_Source\PSoC4/EZI2C.c **** *******************************************************************************/
 143:.\Generated_Source\PSoC4/EZI2C.c **** void EZI2C_Enable(void)
 144:.\Generated_Source\PSoC4/EZI2C.c **** {
  65              		.loc 1 144 0
  66              		.cfi_startproc
  67 0000 80B5     		push	{r7, lr}
  68              	.LCFI2:
  69              		.cfi_def_cfa_offset 8
  70              		.cfi_offset 7, -8
  71              		.cfi_offset 14, -4
  72 0002 00AF     		add	r7, sp, #0
  73              	.LCFI3:
  74              		.cfi_def_cfa_register 7
 145:.\Generated_Source\PSoC4/EZI2C.c **** #if(EZI2C_SCB_MODE_UNCONFIG_CONST_CFG)
 146:.\Generated_Source\PSoC4/EZI2C.c ****     /* Enable SCB block, only if it is already configured */
 147:.\Generated_Source\PSoC4/EZI2C.c ****     if(!EZI2C_SCB_MODE_UNCONFIG_RUNTM_CFG)
 148:.\Generated_Source\PSoC4/EZI2C.c ****     {
 149:.\Generated_Source\PSoC4/EZI2C.c ****         EZI2C_CTRL_REG |= EZI2C_CTRL_ENABLED;
 150:.\Generated_Source\PSoC4/EZI2C.c **** 
 151:.\Generated_Source\PSoC4/EZI2C.c ****         EZI2C_ScbEnableIntr();
 152:.\Generated_Source\PSoC4/EZI2C.c ****     }
 153:.\Generated_Source\PSoC4/EZI2C.c **** #else
 154:.\Generated_Source\PSoC4/EZI2C.c ****     EZI2C_CTRL_REG |= EZI2C_CTRL_ENABLED;
ARM GAS  C:\Users\Greg\AppData\Local\Temp\ccpx878a.s 			page 5


  75              		.loc 1 154 0
  76 0004 054B     		ldr	r3, .L3
  77 0006 054A     		ldr	r2, .L3
  78 0008 1268     		ldr	r2, [r2]
  79 000a 8021     		mov	r1, #128
  80 000c 0906     		lsl	r1, r1, #24
  81 000e 0A43     		orr	r2, r1
  82 0010 1A60     		str	r2, [r3]
 155:.\Generated_Source\PSoC4/EZI2C.c **** 
 156:.\Generated_Source\PSoC4/EZI2C.c ****     EZI2C_ScbEnableIntr();
  83              		.loc 1 156 0
  84 0012 FFF7FEFF 		bl	EZI2C_ScbEnableIntr
 157:.\Generated_Source\PSoC4/EZI2C.c **** #endif /* (EZI2C_SCB_MODE_UNCONFIG_CONST_CFG) */
 158:.\Generated_Source\PSoC4/EZI2C.c **** }
  85              		.loc 1 158 0
  86 0016 BD46     		mov	sp, r7
  87              		@ sp needed for prologue
  88 0018 80BD     		pop	{r7, pc}
  89              	.L4:
  90 001a C046     		.align	2
  91              	.L3:
  92 001c 00000740 		.word	1074200576
  93              		.cfi_endproc
  94              	.LFE1:
  95              		.size	EZI2C_Enable, .-EZI2C_Enable
  96              		.section	.text.EZI2C_Start,"ax",%progbits
  97              		.align	2
  98              		.global	EZI2C_Start
  99              		.code	16
 100              		.thumb_func
 101              		.type	EZI2C_Start, %function
 102              	EZI2C_Start:
 103              	.LFB2:
 159:.\Generated_Source\PSoC4/EZI2C.c **** 
 160:.\Generated_Source\PSoC4/EZI2C.c **** 
 161:.\Generated_Source\PSoC4/EZI2C.c **** /*******************************************************************************
 162:.\Generated_Source\PSoC4/EZI2C.c **** * Function Name: EZI2C_Start
 163:.\Generated_Source\PSoC4/EZI2C.c **** ********************************************************************************
 164:.\Generated_Source\PSoC4/EZI2C.c **** *
 165:.\Generated_Source\PSoC4/EZI2C.c **** * Summary:
 166:.\Generated_Source\PSoC4/EZI2C.c **** *  Invokes SCB_Init() and SCB_Enable().
 167:.\Generated_Source\PSoC4/EZI2C.c **** *  After this function call, the component is enabled and ready for operation.
 168:.\Generated_Source\PSoC4/EZI2C.c **** *  When configuration is set to “Unconfigured SCB”, the component must first be
 169:.\Generated_Source\PSoC4/EZI2C.c **** *  initialized to operate in one of the following configurations: I2C, SPI, UART
 170:.\Generated_Source\PSoC4/EZI2C.c **** *  or EZ I2C. Otherwise this function does not enable the component.
 171:.\Generated_Source\PSoC4/EZI2C.c **** *
 172:.\Generated_Source\PSoC4/EZI2C.c **** * Parameters:
 173:.\Generated_Source\PSoC4/EZI2C.c **** *  None
 174:.\Generated_Source\PSoC4/EZI2C.c **** *
 175:.\Generated_Source\PSoC4/EZI2C.c **** * Return:
 176:.\Generated_Source\PSoC4/EZI2C.c **** *  None
 177:.\Generated_Source\PSoC4/EZI2C.c **** *
 178:.\Generated_Source\PSoC4/EZI2C.c **** * Global variables:
 179:.\Generated_Source\PSoC4/EZI2C.c **** *  EZI2C_initVar - used to check initial configuration, modified
 180:.\Generated_Source\PSoC4/EZI2C.c **** *  on first function call.
 181:.\Generated_Source\PSoC4/EZI2C.c **** *
 182:.\Generated_Source\PSoC4/EZI2C.c **** *******************************************************************************/
ARM GAS  C:\Users\Greg\AppData\Local\Temp\ccpx878a.s 			page 6


 183:.\Generated_Source\PSoC4/EZI2C.c **** void EZI2C_Start(void)
 184:.\Generated_Source\PSoC4/EZI2C.c **** {
 104              		.loc 1 184 0
 105              		.cfi_startproc
 106 0000 80B5     		push	{r7, lr}
 107              	.LCFI4:
 108              		.cfi_def_cfa_offset 8
 109              		.cfi_offset 7, -8
 110              		.cfi_offset 14, -4
 111 0002 00AF     		add	r7, sp, #0
 112              	.LCFI5:
 113              		.cfi_def_cfa_register 7
 185:.\Generated_Source\PSoC4/EZI2C.c ****     if(0u == EZI2C_initVar)
 114              		.loc 1 185 0
 115 0004 064B     		ldr	r3, .L7
 116 0006 1B78     		ldrb	r3, [r3]
 117 0008 002B     		cmp	r3, #0
 118 000a 04D1     		bne	.L6
 186:.\Generated_Source\PSoC4/EZI2C.c ****     {
 187:.\Generated_Source\PSoC4/EZI2C.c ****         EZI2C_Init();
 119              		.loc 1 187 0
 120 000c FFF7FEFF 		bl	EZI2C_Init
 188:.\Generated_Source\PSoC4/EZI2C.c ****         EZI2C_initVar = 1u; /* Component was initialized */
 121              		.loc 1 188 0
 122 0010 034B     		ldr	r3, .L7
 123 0012 0122     		mov	r2, #1
 124 0014 1A70     		strb	r2, [r3]
 125              	.L6:
 189:.\Generated_Source\PSoC4/EZI2C.c ****     }
 190:.\Generated_Source\PSoC4/EZI2C.c **** 
 191:.\Generated_Source\PSoC4/EZI2C.c ****     EZI2C_Enable();
 126              		.loc 1 191 0
 127 0016 FFF7FEFF 		bl	EZI2C_Enable
 192:.\Generated_Source\PSoC4/EZI2C.c **** }
 128              		.loc 1 192 0
 129 001a BD46     		mov	sp, r7
 130              		@ sp needed for prologue
 131 001c 80BD     		pop	{r7, pc}
 132              	.L8:
 133 001e C046     		.align	2
 134              	.L7:
 135 0020 00000000 		.word	EZI2C_initVar
 136              		.cfi_endproc
 137              	.LFE2:
 138              		.size	EZI2C_Start, .-EZI2C_Start
 139              		.section	.text.EZI2C_Stop,"ax",%progbits
 140              		.align	2
 141              		.global	EZI2C_Stop
 142              		.code	16
 143              		.thumb_func
 144              		.type	EZI2C_Stop, %function
 145              	EZI2C_Stop:
 146              	.LFB3:
 193:.\Generated_Source\PSoC4/EZI2C.c **** 
 194:.\Generated_Source\PSoC4/EZI2C.c **** 
 195:.\Generated_Source\PSoC4/EZI2C.c **** /*******************************************************************************
 196:.\Generated_Source\PSoC4/EZI2C.c **** * Function Name: EZI2C_Stop
ARM GAS  C:\Users\Greg\AppData\Local\Temp\ccpx878a.s 			page 7


 197:.\Generated_Source\PSoC4/EZI2C.c **** ********************************************************************************
 198:.\Generated_Source\PSoC4/EZI2C.c **** *
 199:.\Generated_Source\PSoC4/EZI2C.c **** * Summary:
 200:.\Generated_Source\PSoC4/EZI2C.c **** *  Disables the SCB component and its interrupt.
 201:.\Generated_Source\PSoC4/EZI2C.c **** *
 202:.\Generated_Source\PSoC4/EZI2C.c **** * Parameters:
 203:.\Generated_Source\PSoC4/EZI2C.c **** *  None
 204:.\Generated_Source\PSoC4/EZI2C.c **** *
 205:.\Generated_Source\PSoC4/EZI2C.c **** * Return:
 206:.\Generated_Source\PSoC4/EZI2C.c **** *  None
 207:.\Generated_Source\PSoC4/EZI2C.c **** *
 208:.\Generated_Source\PSoC4/EZI2C.c **** *******************************************************************************/
 209:.\Generated_Source\PSoC4/EZI2C.c **** void EZI2C_Stop(void)
 210:.\Generated_Source\PSoC4/EZI2C.c **** {
 147              		.loc 1 210 0
 148              		.cfi_startproc
 149 0000 80B5     		push	{r7, lr}
 150              	.LCFI6:
 151              		.cfi_def_cfa_offset 8
 152              		.cfi_offset 7, -8
 153              		.cfi_offset 14, -4
 154 0002 00AF     		add	r7, sp, #0
 155              	.LCFI7:
 156              		.cfi_def_cfa_register 7
 211:.\Generated_Source\PSoC4/EZI2C.c **** #if(EZI2C_SCB_IRQ_INTERNAL)
 212:.\Generated_Source\PSoC4/EZI2C.c ****     EZI2C_DisableInt();
 157              		.loc 1 212 0
 158 0004 0B20     		mov	r0, #11
 159 0006 FFF7FEFF 		bl	CyIntDisable
 213:.\Generated_Source\PSoC4/EZI2C.c **** #endif /* (EZI2C_SCB_IRQ_INTERNAL) */
 214:.\Generated_Source\PSoC4/EZI2C.c **** 
 215:.\Generated_Source\PSoC4/EZI2C.c ****     EZI2C_CTRL_REG &= (uint32) ~EZI2C_CTRL_ENABLED;  /* Disable SCB block */
 160              		.loc 1 215 0
 161 000a 064B     		ldr	r3, .L10
 162 000c 054A     		ldr	r2, .L10
 163 000e 1268     		ldr	r2, [r2]
 164 0010 5200     		lsl	r2, r2, #1
 165 0012 5208     		lsr	r2, r2, #1
 166 0014 1A60     		str	r2, [r3]
 216:.\Generated_Source\PSoC4/EZI2C.c **** 
 217:.\Generated_Source\PSoC4/EZI2C.c **** #if(EZI2C_SCB_IRQ_INTERNAL)
 218:.\Generated_Source\PSoC4/EZI2C.c ****     EZI2C_ClearPendingInt();
 167              		.loc 1 218 0
 168 0016 0B20     		mov	r0, #11
 169 0018 FFF7FEFF 		bl	CyIntClearPending
 219:.\Generated_Source\PSoC4/EZI2C.c **** #endif /* (EZI2C_SCB_IRQ_INTERNAL) */
 220:.\Generated_Source\PSoC4/EZI2C.c **** 
 221:.\Generated_Source\PSoC4/EZI2C.c ****     EZI2C_ScbModeStop(); /* Calls scbMode specific Stop function */
 170              		.loc 1 221 0
 171 001c FFF7FEFF 		bl	EZI2C_ScbModeStop
 222:.\Generated_Source\PSoC4/EZI2C.c **** }
 172              		.loc 1 222 0
 173 0020 BD46     		mov	sp, r7
 174              		@ sp needed for prologue
 175 0022 80BD     		pop	{r7, pc}
 176              	.L11:
 177              		.align	2
ARM GAS  C:\Users\Greg\AppData\Local\Temp\ccpx878a.s 			page 8


 178              	.L10:
 179 0024 00000740 		.word	1074200576
 180              		.cfi_endproc
 181              	.LFE3:
 182              		.size	EZI2C_Stop, .-EZI2C_Stop
 183              		.section	.text.EZI2C_SetCustomInterruptHandler,"ax",%progbits
 184              		.align	2
 185              		.global	EZI2C_SetCustomInterruptHandler
 186              		.code	16
 187              		.thumb_func
 188              		.type	EZI2C_SetCustomInterruptHandler, %function
 189              	EZI2C_SetCustomInterruptHandler:
 190              	.LFB4:
 223:.\Generated_Source\PSoC4/EZI2C.c **** 
 224:.\Generated_Source\PSoC4/EZI2C.c **** 
 225:.\Generated_Source\PSoC4/EZI2C.c **** /*******************************************************************************
 226:.\Generated_Source\PSoC4/EZI2C.c **** * Function Name: EZI2C_SetCustomInterruptHandler
 227:.\Generated_Source\PSoC4/EZI2C.c **** ********************************************************************************
 228:.\Generated_Source\PSoC4/EZI2C.c **** *
 229:.\Generated_Source\PSoC4/EZI2C.c **** * Summary:
 230:.\Generated_Source\PSoC4/EZI2C.c **** *  Registers a function to be called by the internal interrupt handler.
 231:.\Generated_Source\PSoC4/EZI2C.c **** *  First the function that is registered is called, then the internal interrupt
 232:.\Generated_Source\PSoC4/EZI2C.c **** *  handler performs any operations such as software buffer management functions
 233:.\Generated_Source\PSoC4/EZI2C.c **** *  before the interrupt returns.  It is the user's responsibility not to break the
 234:.\Generated_Source\PSoC4/EZI2C.c **** *  software buffer operations. Only one custom handler is supported, which is
 235:.\Generated_Source\PSoC4/EZI2C.c **** *  the function provided by the most recent call.
 236:.\Generated_Source\PSoC4/EZI2C.c **** *  At initialization time no custom handler is registered.
 237:.\Generated_Source\PSoC4/EZI2C.c **** *
 238:.\Generated_Source\PSoC4/EZI2C.c **** * Parameters:
 239:.\Generated_Source\PSoC4/EZI2C.c **** *  func: Pointer to the function to register.
 240:.\Generated_Source\PSoC4/EZI2C.c **** *        The value NULL indicates to remove the current custom interrupt
 241:.\Generated_Source\PSoC4/EZI2C.c **** *        handler.
 242:.\Generated_Source\PSoC4/EZI2C.c **** *
 243:.\Generated_Source\PSoC4/EZI2C.c **** * Return:
 244:.\Generated_Source\PSoC4/EZI2C.c **** *  None
 245:.\Generated_Source\PSoC4/EZI2C.c **** *
 246:.\Generated_Source\PSoC4/EZI2C.c **** *******************************************************************************/
 247:.\Generated_Source\PSoC4/EZI2C.c **** void EZI2C_SetCustomInterruptHandler(cyisraddress func)
 248:.\Generated_Source\PSoC4/EZI2C.c **** {
 191              		.loc 1 248 0
 192              		.cfi_startproc
 193 0000 80B5     		push	{r7, lr}
 194              	.LCFI8:
 195              		.cfi_def_cfa_offset 8
 196              		.cfi_offset 7, -8
 197              		.cfi_offset 14, -4
 198 0002 82B0     		sub	sp, sp, #8
 199              	.LCFI9:
 200              		.cfi_def_cfa_offset 16
 201 0004 00AF     		add	r7, sp, #0
 202              	.LCFI10:
 203              		.cfi_def_cfa_register 7
 204 0006 7860     		str	r0, [r7, #4]
 249:.\Generated_Source\PSoC4/EZI2C.c **** #if !defined (CY_REMOVE_EZI2C_CUSTOM_INTR_HANDLER)
 250:.\Generated_Source\PSoC4/EZI2C.c ****     EZI2C_customIntrHandler = func; /* Register interrupt handler */
 205              		.loc 1 250 0
 206 0008 024B     		ldr	r3, .L13
ARM GAS  C:\Users\Greg\AppData\Local\Temp\ccpx878a.s 			page 9


 207 000a 7A68     		ldr	r2, [r7, #4]
 208 000c 1A60     		str	r2, [r3]
 251:.\Generated_Source\PSoC4/EZI2C.c **** #else
 252:.\Generated_Source\PSoC4/EZI2C.c ****     if(NULL != func)
 253:.\Generated_Source\PSoC4/EZI2C.c ****     {
 254:.\Generated_Source\PSoC4/EZI2C.c ****         /* Suppress compiler warning */
 255:.\Generated_Source\PSoC4/EZI2C.c ****     }
 256:.\Generated_Source\PSoC4/EZI2C.c **** #endif /* !defined (CY_REMOVE_EZI2C_CUSTOM_INTR_HANDLER) */
 257:.\Generated_Source\PSoC4/EZI2C.c **** }
 209              		.loc 1 257 0
 210 000e BD46     		mov	sp, r7
 211 0010 02B0     		add	sp, sp, #8
 212              		@ sp needed for prologue
 213 0012 80BD     		pop	{r7, pc}
 214              	.L14:
 215              		.align	2
 216              	.L13:
 217 0014 00000000 		.word	EZI2C_customIntrHandler
 218              		.cfi_endproc
 219              	.LFE4:
 220              		.size	EZI2C_SetCustomInterruptHandler, .-EZI2C_SetCustomInterruptHandler
 221              		.section	.text.EZI2C_ScbEnableIntr,"ax",%progbits
 222              		.align	2
 223              		.code	16
 224              		.thumb_func
 225              		.type	EZI2C_ScbEnableIntr, %function
 226              	EZI2C_ScbEnableIntr:
 227              	.LFB5:
 258:.\Generated_Source\PSoC4/EZI2C.c **** 
 259:.\Generated_Source\PSoC4/EZI2C.c **** 
 260:.\Generated_Source\PSoC4/EZI2C.c **** /*******************************************************************************
 261:.\Generated_Source\PSoC4/EZI2C.c **** * Function Name: EZI2C_ScbModeEnableIntr
 262:.\Generated_Source\PSoC4/EZI2C.c **** ********************************************************************************
 263:.\Generated_Source\PSoC4/EZI2C.c **** *
 264:.\Generated_Source\PSoC4/EZI2C.c **** * Summary:
 265:.\Generated_Source\PSoC4/EZI2C.c **** *  Enables an interrupt for a specific mode.
 266:.\Generated_Source\PSoC4/EZI2C.c **** *
 267:.\Generated_Source\PSoC4/EZI2C.c **** * Parameters:
 268:.\Generated_Source\PSoC4/EZI2C.c **** *  None
 269:.\Generated_Source\PSoC4/EZI2C.c **** *
 270:.\Generated_Source\PSoC4/EZI2C.c **** * Return:
 271:.\Generated_Source\PSoC4/EZI2C.c **** *  None
 272:.\Generated_Source\PSoC4/EZI2C.c **** *
 273:.\Generated_Source\PSoC4/EZI2C.c **** *******************************************************************************/
 274:.\Generated_Source\PSoC4/EZI2C.c **** static void EZI2C_ScbEnableIntr(void)
 275:.\Generated_Source\PSoC4/EZI2C.c **** {
 228              		.loc 1 275 0
 229              		.cfi_startproc
 230 0000 80B5     		push	{r7, lr}
 231              	.LCFI11:
 232              		.cfi_def_cfa_offset 8
 233              		.cfi_offset 7, -8
 234              		.cfi_offset 14, -4
 235 0002 00AF     		add	r7, sp, #0
 236              	.LCFI12:
 237              		.cfi_def_cfa_register 7
 276:.\Generated_Source\PSoC4/EZI2C.c **** #if(EZI2C_SCB_IRQ_INTERNAL)
ARM GAS  C:\Users\Greg\AppData\Local\Temp\ccpx878a.s 			page 10


 277:.\Generated_Source\PSoC4/EZI2C.c ****     #if(EZI2C_SCB_MODE_UNCONFIG_CONST_CFG)
 278:.\Generated_Source\PSoC4/EZI2C.c ****         /* Enable interrupt in the NVIC */
 279:.\Generated_Source\PSoC4/EZI2C.c ****         if(0u != EZI2C_scbEnableIntr)
 280:.\Generated_Source\PSoC4/EZI2C.c ****         {
 281:.\Generated_Source\PSoC4/EZI2C.c ****             EZI2C_EnableInt();
 282:.\Generated_Source\PSoC4/EZI2C.c ****         }
 283:.\Generated_Source\PSoC4/EZI2C.c ****     #else
 284:.\Generated_Source\PSoC4/EZI2C.c ****         EZI2C_EnableInt();
 238              		.loc 1 284 0
 239 0004 0B20     		mov	r0, #11
 240 0006 FFF7FEFF 		bl	CyIntEnable
 285:.\Generated_Source\PSoC4/EZI2C.c **** 
 286:.\Generated_Source\PSoC4/EZI2C.c ****     #endif /* (EZI2C_SCB_MODE_UNCONFIG_CONST_CFG) */
 287:.\Generated_Source\PSoC4/EZI2C.c **** #endif /* (EZI2C_SCB_IRQ_INTERNAL) */
 288:.\Generated_Source\PSoC4/EZI2C.c **** }
 241              		.loc 1 288 0
 242 000a BD46     		mov	sp, r7
 243              		@ sp needed for prologue
 244 000c 80BD     		pop	{r7, pc}
 245              		.cfi_endproc
 246              	.LFE5:
 247              		.size	EZI2C_ScbEnableIntr, .-EZI2C_ScbEnableIntr
 248 000e C046     		.section	.text.EZI2C_ScbModeStop,"ax",%progbits
 249              		.align	2
 250              		.code	16
 251              		.thumb_func
 252              		.type	EZI2C_ScbModeStop, %function
 253              	EZI2C_ScbModeStop:
 254              	.LFB6:
 289:.\Generated_Source\PSoC4/EZI2C.c **** 
 290:.\Generated_Source\PSoC4/EZI2C.c **** 
 291:.\Generated_Source\PSoC4/EZI2C.c **** /*******************************************************************************
 292:.\Generated_Source\PSoC4/EZI2C.c **** * Function Name: EZI2C_ScbModeStop
 293:.\Generated_Source\PSoC4/EZI2C.c **** ********************************************************************************
 294:.\Generated_Source\PSoC4/EZI2C.c **** *
 295:.\Generated_Source\PSoC4/EZI2C.c **** * Summary:
 296:.\Generated_Source\PSoC4/EZI2C.c **** *  Calls the Stop function for a specific operation mode.
 297:.\Generated_Source\PSoC4/EZI2C.c **** *
 298:.\Generated_Source\PSoC4/EZI2C.c **** * Parameters:
 299:.\Generated_Source\PSoC4/EZI2C.c **** *  None
 300:.\Generated_Source\PSoC4/EZI2C.c **** *
 301:.\Generated_Source\PSoC4/EZI2C.c **** * Return:
 302:.\Generated_Source\PSoC4/EZI2C.c **** *  None
 303:.\Generated_Source\PSoC4/EZI2C.c **** *
 304:.\Generated_Source\PSoC4/EZI2C.c **** *******************************************************************************/
 305:.\Generated_Source\PSoC4/EZI2C.c **** static void EZI2C_ScbModeStop(void)
 306:.\Generated_Source\PSoC4/EZI2C.c **** {
 255              		.loc 1 306 0
 256              		.cfi_startproc
 257 0000 80B5     		push	{r7, lr}
 258              	.LCFI13:
 259              		.cfi_def_cfa_offset 8
 260              		.cfi_offset 7, -8
 261              		.cfi_offset 14, -4
 262 0002 00AF     		add	r7, sp, #0
 263              	.LCFI14:
 264              		.cfi_def_cfa_register 7
ARM GAS  C:\Users\Greg\AppData\Local\Temp\ccpx878a.s 			page 11


 307:.\Generated_Source\PSoC4/EZI2C.c **** #if(EZI2C_SCB_MODE_UNCONFIG_CONST_CFG)
 308:.\Generated_Source\PSoC4/EZI2C.c ****     if(EZI2C_SCB_MODE_I2C_RUNTM_CFG)
 309:.\Generated_Source\PSoC4/EZI2C.c ****     {
 310:.\Generated_Source\PSoC4/EZI2C.c ****         EZI2C_I2CStop();
 311:.\Generated_Source\PSoC4/EZI2C.c ****     }
 312:.\Generated_Source\PSoC4/EZI2C.c ****     else if(EZI2C_SCB_MODE_EZI2C_RUNTM_CFG)
 313:.\Generated_Source\PSoC4/EZI2C.c ****     {
 314:.\Generated_Source\PSoC4/EZI2C.c ****         EZI2C_EzI2CStop();
 315:.\Generated_Source\PSoC4/EZI2C.c ****     }
 316:.\Generated_Source\PSoC4/EZI2C.c ****     else
 317:.\Generated_Source\PSoC4/EZI2C.c ****     {
 318:.\Generated_Source\PSoC4/EZI2C.c ****         /* Do nohing for other modes */
 319:.\Generated_Source\PSoC4/EZI2C.c ****     }
 320:.\Generated_Source\PSoC4/EZI2C.c **** #elif(EZI2C_SCB_MODE_I2C_CONST_CFG)
 321:.\Generated_Source\PSoC4/EZI2C.c ****     EZI2C_I2CStop();
 322:.\Generated_Source\PSoC4/EZI2C.c **** 
 323:.\Generated_Source\PSoC4/EZI2C.c **** #elif(EZI2C_SCB_MODE_EZI2C_CONST_CFG)
 324:.\Generated_Source\PSoC4/EZI2C.c ****     EZI2C_EzI2CStop();
 265              		.loc 1 324 0
 266 0004 FFF7FEFF 		bl	EZI2C_EzI2CStop
 325:.\Generated_Source\PSoC4/EZI2C.c **** 
 326:.\Generated_Source\PSoC4/EZI2C.c **** #endif /* (EZI2C_SCB_MODE_UNCONFIG_CONST_CFG) */
 327:.\Generated_Source\PSoC4/EZI2C.c **** }
 267              		.loc 1 327 0
 268 0008 BD46     		mov	sp, r7
 269              		@ sp needed for prologue
 270 000a 80BD     		pop	{r7, pc}
 271              		.cfi_endproc
 272              	.LFE6:
 273              		.size	EZI2C_ScbModeStop, .-EZI2C_ScbModeStop
 274              		.text
 275              	.Letext0:
 276              		.file 2 "./Generated_Source/PSoC4/cytypes.h"
 277              		.section	.debug_info,"",%progbits
 278              	.Ldebug_info0:
 279 0000 93010000 		.4byte	0x193
 280 0004 0200     		.2byte	0x2
 281 0006 00000000 		.4byte	.Ldebug_abbrev0
 282 000a 04       		.byte	0x4
 283 000b 01       		.uleb128 0x1
 284 000c CC010000 		.4byte	.LASF25
 285 0010 01       		.byte	0x1
 286 0011 8B000000 		.4byte	.LASF26
 287 0015 2A010000 		.4byte	.LASF27
 288 0019 00000000 		.4byte	.Ldebug_ranges0+0
 289 001d 00000000 		.4byte	0
 290 0021 00000000 		.4byte	0
 291 0025 00000000 		.4byte	.Ldebug_line0
 292 0029 02       		.uleb128 0x2
 293 002a 01       		.byte	0x1
 294 002b 06       		.byte	0x6
 295 002c 3E020000 		.4byte	.LASF0
 296 0030 02       		.uleb128 0x2
 297 0031 01       		.byte	0x1
 298 0032 08       		.byte	0x8
 299 0033 6B000000 		.4byte	.LASF1
 300 0037 02       		.uleb128 0x2
ARM GAS  C:\Users\Greg\AppData\Local\Temp\ccpx878a.s 			page 12


 301 0038 02       		.byte	0x2
 302 0039 05       		.byte	0x5
 303 003a B6010000 		.4byte	.LASF2
 304 003e 02       		.uleb128 0x2
 305 003f 02       		.byte	0x2
 306 0040 07       		.byte	0x7
 307 0041 52000000 		.4byte	.LASF3
 308 0045 02       		.uleb128 0x2
 309 0046 04       		.byte	0x4
 310 0047 05       		.byte	0x5
 311 0048 27020000 		.4byte	.LASF4
 312 004c 02       		.uleb128 0x2
 313 004d 04       		.byte	0x4
 314 004e 07       		.byte	0x7
 315 004f 79000000 		.4byte	.LASF5
 316 0053 02       		.uleb128 0x2
 317 0054 08       		.byte	0x8
 318 0055 05       		.byte	0x5
 319 0056 17010000 		.4byte	.LASF6
 320 005a 02       		.uleb128 0x2
 321 005b 08       		.byte	0x8
 322 005c 07       		.byte	0x7
 323 005d EA000000 		.4byte	.LASF7
 324 0061 03       		.uleb128 0x3
 325 0062 04       		.byte	0x4
 326 0063 05       		.byte	0x5
 327 0064 696E7400 		.ascii	"int\000"
 328 0068 02       		.uleb128 0x2
 329 0069 04       		.byte	0x4
 330 006a 07       		.byte	0x7
 331 006b DD000000 		.4byte	.LASF8
 332 006f 04       		.uleb128 0x4
 333 0070 AC000000 		.4byte	.LASF9
 334 0074 02       		.byte	0x2
 335 0075 5B       		.byte	0x5b
 336 0076 30000000 		.4byte	0x30
 337 007a 04       		.uleb128 0x4
 338 007b D6000000 		.4byte	.LASF10
 339 007f 02       		.byte	0x2
 340 0080 5D       		.byte	0x5d
 341 0081 4C000000 		.4byte	0x4c
 342 0085 02       		.uleb128 0x2
 343 0086 04       		.byte	0x4
 344 0087 04       		.byte	0x4
 345 0088 65000000 		.4byte	.LASF11
 346 008c 02       		.uleb128 0x2
 347 008d 08       		.byte	0x8
 348 008e 04       		.byte	0x4
 349 008f CA000000 		.4byte	.LASF12
 350 0093 02       		.uleb128 0x2
 351 0094 01       		.byte	0x1
 352 0095 08       		.byte	0x8
 353 0096 25010000 		.4byte	.LASF13
 354 009a 04       		.uleb128 0x4
 355 009b 00000000 		.4byte	.LASF14
 356 009f 02       		.byte	0x2
 357 00a0 F2       		.byte	0xf2
ARM GAS  C:\Users\Greg\AppData\Local\Temp\ccpx878a.s 			page 13


 358 00a1 A5000000 		.4byte	0xa5
 359 00a5 05       		.uleb128 0x5
 360 00a6 7A000000 		.4byte	0x7a
 361 00aa 06       		.uleb128 0x6
 362 00ab 01010000 		.4byte	.LASF15
 363 00af 02       		.byte	0x2
 364 00b0 0201     		.2byte	0x102
 365 00b2 B6000000 		.4byte	0xb6
 366 00b6 07       		.uleb128 0x7
 367 00b7 04       		.byte	0x4
 368 00b8 BC000000 		.4byte	0xbc
 369 00bc 08       		.uleb128 0x8
 370 00bd 01       		.byte	0x1
 371 00be 02       		.uleb128 0x2
 372 00bf 04       		.byte	0x4
 373 00c0 07       		.byte	0x7
 374 00c1 0E010000 		.4byte	.LASF16
 375 00c5 09       		.uleb128 0x9
 376 00c6 01       		.byte	0x1
 377 00c7 AB010000 		.4byte	.LASF17
 378 00cb 01       		.byte	0x1
 379 00cc 63       		.byte	0x63
 380 00cd 01       		.byte	0x1
 381 00ce 00000000 		.4byte	.LFB0
 382 00d2 0C000000 		.4byte	.LFE0
 383 00d6 00000000 		.4byte	.LLST0
 384 00da 01       		.byte	0x1
 385 00db 09       		.uleb128 0x9
 386 00dc 01       		.byte	0x1
 387 00dd 1A000000 		.4byte	.LASF18
 388 00e1 01       		.byte	0x1
 389 00e2 8F       		.byte	0x8f
 390 00e3 01       		.byte	0x1
 391 00e4 00000000 		.4byte	.LFB1
 392 00e8 20000000 		.4byte	.LFE1
 393 00ec 2C000000 		.4byte	.LLST1
 394 00f0 01       		.byte	0x1
 395 00f1 09       		.uleb128 0x9
 396 00f2 01       		.byte	0x1
 397 00f3 C0010000 		.4byte	.LASF19
 398 00f7 01       		.byte	0x1
 399 00f8 B7       		.byte	0xb7
 400 00f9 01       		.byte	0x1
 401 00fa 00000000 		.4byte	.LFB2
 402 00fe 24000000 		.4byte	.LFE2
 403 0102 58000000 		.4byte	.LLST2
 404 0106 01       		.byte	0x1
 405 0107 09       		.uleb128 0x9
 406 0108 01       		.byte	0x1
 407 0109 27000000 		.4byte	.LASF20
 408 010d 01       		.byte	0x1
 409 010e D1       		.byte	0xd1
 410 010f 01       		.byte	0x1
 411 0110 00000000 		.4byte	.LFB3
 412 0114 28000000 		.4byte	.LFE3
 413 0118 84000000 		.4byte	.LLST3
 414 011c 01       		.byte	0x1
ARM GAS  C:\Users\Greg\AppData\Local\Temp\ccpx878a.s 			page 14


 415 011d 0A       		.uleb128 0xa
 416 011e 01       		.byte	0x1
 417 011f 32000000 		.4byte	.LASF28
 418 0123 01       		.byte	0x1
 419 0124 F7       		.byte	0xf7
 420 0125 01       		.byte	0x1
 421 0126 00000000 		.4byte	.LFB4
 422 012a 18000000 		.4byte	.LFE4
 423 012e B0000000 		.4byte	.LLST4
 424 0132 01       		.byte	0x1
 425 0133 46010000 		.4byte	0x146
 426 0137 0B       		.uleb128 0xb
 427 0138 D1000000 		.4byte	.LASF29
 428 013c 01       		.byte	0x1
 429 013d F7       		.byte	0xf7
 430 013e AA000000 		.4byte	0xaa
 431 0142 02       		.byte	0x2
 432 0143 91       		.byte	0x91
 433 0144 74       		.sleb128 -12
 434 0145 00       		.byte	0
 435 0146 0C       		.uleb128 0xc
 436 0147 06000000 		.4byte	.LASF21
 437 014b 01       		.byte	0x1
 438 014c 1201     		.2byte	0x112
 439 014e 01       		.byte	0x1
 440 014f 00000000 		.4byte	.LFB5
 441 0153 0E000000 		.4byte	.LFE5
 442 0157 E8000000 		.4byte	.LLST5
 443 015b 01       		.byte	0x1
 444 015c 0C       		.uleb128 0xc
 445 015d 15020000 		.4byte	.LASF22
 446 0161 01       		.byte	0x1
 447 0162 3101     		.2byte	0x131
 448 0164 01       		.byte	0x1
 449 0165 00000000 		.4byte	.LFB6
 450 0169 0C000000 		.4byte	.LFE6
 451 016d 14010000 		.4byte	.LLST6
 452 0171 01       		.byte	0x1
 453 0172 0D       		.uleb128 0xd
 454 0173 30020000 		.4byte	.LASF23
 455 0177 01       		.byte	0x1
 456 0178 42       		.byte	0x42
 457 0179 6F000000 		.4byte	0x6f
 458 017d 01       		.byte	0x1
 459 017e 05       		.byte	0x5
 460 017f 03       		.byte	0x3
 461 0180 00000000 		.4byte	EZI2C_initVar
 462 0184 0D       		.uleb128 0xd
 463 0185 B2000000 		.4byte	.LASF24
 464 0189 01       		.byte	0x1
 465 018a 45       		.byte	0x45
 466 018b AA000000 		.4byte	0xaa
 467 018f 01       		.byte	0x1
 468 0190 05       		.byte	0x5
 469 0191 03       		.byte	0x3
 470 0192 00000000 		.4byte	EZI2C_customIntrHandler
 471 0196 00       		.byte	0
ARM GAS  C:\Users\Greg\AppData\Local\Temp\ccpx878a.s 			page 15


 472              		.section	.debug_abbrev,"",%progbits
 473              	.Ldebug_abbrev0:
 474 0000 01       		.uleb128 0x1
 475 0001 11       		.uleb128 0x11
 476 0002 01       		.byte	0x1
 477 0003 25       		.uleb128 0x25
 478 0004 0E       		.uleb128 0xe
 479 0005 13       		.uleb128 0x13
 480 0006 0B       		.uleb128 0xb
 481 0007 03       		.uleb128 0x3
 482 0008 0E       		.uleb128 0xe
 483 0009 1B       		.uleb128 0x1b
 484 000a 0E       		.uleb128 0xe
 485 000b 55       		.uleb128 0x55
 486 000c 06       		.uleb128 0x6
 487 000d 11       		.uleb128 0x11
 488 000e 01       		.uleb128 0x1
 489 000f 52       		.uleb128 0x52
 490 0010 01       		.uleb128 0x1
 491 0011 10       		.uleb128 0x10
 492 0012 06       		.uleb128 0x6
 493 0013 00       		.byte	0
 494 0014 00       		.byte	0
 495 0015 02       		.uleb128 0x2
 496 0016 24       		.uleb128 0x24
 497 0017 00       		.byte	0
 498 0018 0B       		.uleb128 0xb
 499 0019 0B       		.uleb128 0xb
 500 001a 3E       		.uleb128 0x3e
 501 001b 0B       		.uleb128 0xb
 502 001c 03       		.uleb128 0x3
 503 001d 0E       		.uleb128 0xe
 504 001e 00       		.byte	0
 505 001f 00       		.byte	0
 506 0020 03       		.uleb128 0x3
 507 0021 24       		.uleb128 0x24
 508 0022 00       		.byte	0
 509 0023 0B       		.uleb128 0xb
 510 0024 0B       		.uleb128 0xb
 511 0025 3E       		.uleb128 0x3e
 512 0026 0B       		.uleb128 0xb
 513 0027 03       		.uleb128 0x3
 514 0028 08       		.uleb128 0x8
 515 0029 00       		.byte	0
 516 002a 00       		.byte	0
 517 002b 04       		.uleb128 0x4
 518 002c 16       		.uleb128 0x16
 519 002d 00       		.byte	0
 520 002e 03       		.uleb128 0x3
 521 002f 0E       		.uleb128 0xe
 522 0030 3A       		.uleb128 0x3a
 523 0031 0B       		.uleb128 0xb
 524 0032 3B       		.uleb128 0x3b
 525 0033 0B       		.uleb128 0xb
 526 0034 49       		.uleb128 0x49
 527 0035 13       		.uleb128 0x13
 528 0036 00       		.byte	0
ARM GAS  C:\Users\Greg\AppData\Local\Temp\ccpx878a.s 			page 16


 529 0037 00       		.byte	0
 530 0038 05       		.uleb128 0x5
 531 0039 35       		.uleb128 0x35
 532 003a 00       		.byte	0
 533 003b 49       		.uleb128 0x49
 534 003c 13       		.uleb128 0x13
 535 003d 00       		.byte	0
 536 003e 00       		.byte	0
 537 003f 06       		.uleb128 0x6
 538 0040 16       		.uleb128 0x16
 539 0041 00       		.byte	0
 540 0042 03       		.uleb128 0x3
 541 0043 0E       		.uleb128 0xe
 542 0044 3A       		.uleb128 0x3a
 543 0045 0B       		.uleb128 0xb
 544 0046 3B       		.uleb128 0x3b
 545 0047 05       		.uleb128 0x5
 546 0048 49       		.uleb128 0x49
 547 0049 13       		.uleb128 0x13
 548 004a 00       		.byte	0
 549 004b 00       		.byte	0
 550 004c 07       		.uleb128 0x7
 551 004d 0F       		.uleb128 0xf
 552 004e 00       		.byte	0
 553 004f 0B       		.uleb128 0xb
 554 0050 0B       		.uleb128 0xb
 555 0051 49       		.uleb128 0x49
 556 0052 13       		.uleb128 0x13
 557 0053 00       		.byte	0
 558 0054 00       		.byte	0
 559 0055 08       		.uleb128 0x8
 560 0056 15       		.uleb128 0x15
 561 0057 00       		.byte	0
 562 0058 27       		.uleb128 0x27
 563 0059 0C       		.uleb128 0xc
 564 005a 00       		.byte	0
 565 005b 00       		.byte	0
 566 005c 09       		.uleb128 0x9
 567 005d 2E       		.uleb128 0x2e
 568 005e 00       		.byte	0
 569 005f 3F       		.uleb128 0x3f
 570 0060 0C       		.uleb128 0xc
 571 0061 03       		.uleb128 0x3
 572 0062 0E       		.uleb128 0xe
 573 0063 3A       		.uleb128 0x3a
 574 0064 0B       		.uleb128 0xb
 575 0065 3B       		.uleb128 0x3b
 576 0066 0B       		.uleb128 0xb
 577 0067 27       		.uleb128 0x27
 578 0068 0C       		.uleb128 0xc
 579 0069 11       		.uleb128 0x11
 580 006a 01       		.uleb128 0x1
 581 006b 12       		.uleb128 0x12
 582 006c 01       		.uleb128 0x1
 583 006d 40       		.uleb128 0x40
 584 006e 06       		.uleb128 0x6
 585 006f 9642     		.uleb128 0x2116
ARM GAS  C:\Users\Greg\AppData\Local\Temp\ccpx878a.s 			page 17


 586 0071 0C       		.uleb128 0xc
 587 0072 00       		.byte	0
 588 0073 00       		.byte	0
 589 0074 0A       		.uleb128 0xa
 590 0075 2E       		.uleb128 0x2e
 591 0076 01       		.byte	0x1
 592 0077 3F       		.uleb128 0x3f
 593 0078 0C       		.uleb128 0xc
 594 0079 03       		.uleb128 0x3
 595 007a 0E       		.uleb128 0xe
 596 007b 3A       		.uleb128 0x3a
 597 007c 0B       		.uleb128 0xb
 598 007d 3B       		.uleb128 0x3b
 599 007e 0B       		.uleb128 0xb
 600 007f 27       		.uleb128 0x27
 601 0080 0C       		.uleb128 0xc
 602 0081 11       		.uleb128 0x11
 603 0082 01       		.uleb128 0x1
 604 0083 12       		.uleb128 0x12
 605 0084 01       		.uleb128 0x1
 606 0085 40       		.uleb128 0x40
 607 0086 06       		.uleb128 0x6
 608 0087 9742     		.uleb128 0x2117
 609 0089 0C       		.uleb128 0xc
 610 008a 01       		.uleb128 0x1
 611 008b 13       		.uleb128 0x13
 612 008c 00       		.byte	0
 613 008d 00       		.byte	0
 614 008e 0B       		.uleb128 0xb
 615 008f 05       		.uleb128 0x5
 616 0090 00       		.byte	0
 617 0091 03       		.uleb128 0x3
 618 0092 0E       		.uleb128 0xe
 619 0093 3A       		.uleb128 0x3a
 620 0094 0B       		.uleb128 0xb
 621 0095 3B       		.uleb128 0x3b
 622 0096 0B       		.uleb128 0xb
 623 0097 49       		.uleb128 0x49
 624 0098 13       		.uleb128 0x13
 625 0099 02       		.uleb128 0x2
 626 009a 0A       		.uleb128 0xa
 627 009b 00       		.byte	0
 628 009c 00       		.byte	0
 629 009d 0C       		.uleb128 0xc
 630 009e 2E       		.uleb128 0x2e
 631 009f 00       		.byte	0
 632 00a0 03       		.uleb128 0x3
 633 00a1 0E       		.uleb128 0xe
 634 00a2 3A       		.uleb128 0x3a
 635 00a3 0B       		.uleb128 0xb
 636 00a4 3B       		.uleb128 0x3b
 637 00a5 05       		.uleb128 0x5
 638 00a6 27       		.uleb128 0x27
 639 00a7 0C       		.uleb128 0xc
 640 00a8 11       		.uleb128 0x11
 641 00a9 01       		.uleb128 0x1
 642 00aa 12       		.uleb128 0x12
ARM GAS  C:\Users\Greg\AppData\Local\Temp\ccpx878a.s 			page 18


 643 00ab 01       		.uleb128 0x1
 644 00ac 40       		.uleb128 0x40
 645 00ad 06       		.uleb128 0x6
 646 00ae 9642     		.uleb128 0x2116
 647 00b0 0C       		.uleb128 0xc
 648 00b1 00       		.byte	0
 649 00b2 00       		.byte	0
 650 00b3 0D       		.uleb128 0xd
 651 00b4 34       		.uleb128 0x34
 652 00b5 00       		.byte	0
 653 00b6 03       		.uleb128 0x3
 654 00b7 0E       		.uleb128 0xe
 655 00b8 3A       		.uleb128 0x3a
 656 00b9 0B       		.uleb128 0xb
 657 00ba 3B       		.uleb128 0x3b
 658 00bb 0B       		.uleb128 0xb
 659 00bc 49       		.uleb128 0x49
 660 00bd 13       		.uleb128 0x13
 661 00be 3F       		.uleb128 0x3f
 662 00bf 0C       		.uleb128 0xc
 663 00c0 02       		.uleb128 0x2
 664 00c1 0A       		.uleb128 0xa
 665 00c2 00       		.byte	0
 666 00c3 00       		.byte	0
 667 00c4 00       		.byte	0
 668              		.section	.debug_loc,"",%progbits
 669              	.Ldebug_loc0:
 670              	.LLST0:
 671 0000 00000000 		.4byte	.LFB0
 672 0004 02000000 		.4byte	.LCFI0
 673 0008 0200     		.2byte	0x2
 674 000a 7D       		.byte	0x7d
 675 000b 00       		.sleb128 0
 676 000c 02000000 		.4byte	.LCFI0
 677 0010 04000000 		.4byte	.LCFI1
 678 0014 0200     		.2byte	0x2
 679 0016 7D       		.byte	0x7d
 680 0017 08       		.sleb128 8
 681 0018 04000000 		.4byte	.LCFI1
 682 001c 0C000000 		.4byte	.LFE0
 683 0020 0200     		.2byte	0x2
 684 0022 77       		.byte	0x77
 685 0023 08       		.sleb128 8
 686 0024 00000000 		.4byte	0
 687 0028 00000000 		.4byte	0
 688              	.LLST1:
 689 002c 00000000 		.4byte	.LFB1
 690 0030 02000000 		.4byte	.LCFI2
 691 0034 0200     		.2byte	0x2
 692 0036 7D       		.byte	0x7d
 693 0037 00       		.sleb128 0
 694 0038 02000000 		.4byte	.LCFI2
 695 003c 04000000 		.4byte	.LCFI3
 696 0040 0200     		.2byte	0x2
 697 0042 7D       		.byte	0x7d
 698 0043 08       		.sleb128 8
 699 0044 04000000 		.4byte	.LCFI3
ARM GAS  C:\Users\Greg\AppData\Local\Temp\ccpx878a.s 			page 19


 700 0048 20000000 		.4byte	.LFE1
 701 004c 0200     		.2byte	0x2
 702 004e 77       		.byte	0x77
 703 004f 08       		.sleb128 8
 704 0050 00000000 		.4byte	0
 705 0054 00000000 		.4byte	0
 706              	.LLST2:
 707 0058 00000000 		.4byte	.LFB2
 708 005c 02000000 		.4byte	.LCFI4
 709 0060 0200     		.2byte	0x2
 710 0062 7D       		.byte	0x7d
 711 0063 00       		.sleb128 0
 712 0064 02000000 		.4byte	.LCFI4
 713 0068 04000000 		.4byte	.LCFI5
 714 006c 0200     		.2byte	0x2
 715 006e 7D       		.byte	0x7d
 716 006f 08       		.sleb128 8
 717 0070 04000000 		.4byte	.LCFI5
 718 0074 24000000 		.4byte	.LFE2
 719 0078 0200     		.2byte	0x2
 720 007a 77       		.byte	0x77
 721 007b 08       		.sleb128 8
 722 007c 00000000 		.4byte	0
 723 0080 00000000 		.4byte	0
 724              	.LLST3:
 725 0084 00000000 		.4byte	.LFB3
 726 0088 02000000 		.4byte	.LCFI6
 727 008c 0200     		.2byte	0x2
 728 008e 7D       		.byte	0x7d
 729 008f 00       		.sleb128 0
 730 0090 02000000 		.4byte	.LCFI6
 731 0094 04000000 		.4byte	.LCFI7
 732 0098 0200     		.2byte	0x2
 733 009a 7D       		.byte	0x7d
 734 009b 08       		.sleb128 8
 735 009c 04000000 		.4byte	.LCFI7
 736 00a0 28000000 		.4byte	.LFE3
 737 00a4 0200     		.2byte	0x2
 738 00a6 77       		.byte	0x77
 739 00a7 08       		.sleb128 8
 740 00a8 00000000 		.4byte	0
 741 00ac 00000000 		.4byte	0
 742              	.LLST4:
 743 00b0 00000000 		.4byte	.LFB4
 744 00b4 02000000 		.4byte	.LCFI8
 745 00b8 0200     		.2byte	0x2
 746 00ba 7D       		.byte	0x7d
 747 00bb 00       		.sleb128 0
 748 00bc 02000000 		.4byte	.LCFI8
 749 00c0 04000000 		.4byte	.LCFI9
 750 00c4 0200     		.2byte	0x2
 751 00c6 7D       		.byte	0x7d
 752 00c7 08       		.sleb128 8
 753 00c8 04000000 		.4byte	.LCFI9
 754 00cc 06000000 		.4byte	.LCFI10
 755 00d0 0200     		.2byte	0x2
 756 00d2 7D       		.byte	0x7d
ARM GAS  C:\Users\Greg\AppData\Local\Temp\ccpx878a.s 			page 20


 757 00d3 10       		.sleb128 16
 758 00d4 06000000 		.4byte	.LCFI10
 759 00d8 18000000 		.4byte	.LFE4
 760 00dc 0200     		.2byte	0x2
 761 00de 77       		.byte	0x77
 762 00df 10       		.sleb128 16
 763 00e0 00000000 		.4byte	0
 764 00e4 00000000 		.4byte	0
 765              	.LLST5:
 766 00e8 00000000 		.4byte	.LFB5
 767 00ec 02000000 		.4byte	.LCFI11
 768 00f0 0200     		.2byte	0x2
 769 00f2 7D       		.byte	0x7d
 770 00f3 00       		.sleb128 0
 771 00f4 02000000 		.4byte	.LCFI11
 772 00f8 04000000 		.4byte	.LCFI12
 773 00fc 0200     		.2byte	0x2
 774 00fe 7D       		.byte	0x7d
 775 00ff 08       		.sleb128 8
 776 0100 04000000 		.4byte	.LCFI12
 777 0104 0E000000 		.4byte	.LFE5
 778 0108 0200     		.2byte	0x2
 779 010a 77       		.byte	0x77
 780 010b 08       		.sleb128 8
 781 010c 00000000 		.4byte	0
 782 0110 00000000 		.4byte	0
 783              	.LLST6:
 784 0114 00000000 		.4byte	.LFB6
 785 0118 02000000 		.4byte	.LCFI13
 786 011c 0200     		.2byte	0x2
 787 011e 7D       		.byte	0x7d
 788 011f 00       		.sleb128 0
 789 0120 02000000 		.4byte	.LCFI13
 790 0124 04000000 		.4byte	.LCFI14
 791 0128 0200     		.2byte	0x2
 792 012a 7D       		.byte	0x7d
 793 012b 08       		.sleb128 8
 794 012c 04000000 		.4byte	.LCFI14
 795 0130 0C000000 		.4byte	.LFE6
 796 0134 0200     		.2byte	0x2
 797 0136 77       		.byte	0x77
 798 0137 08       		.sleb128 8
 799 0138 00000000 		.4byte	0
 800 013c 00000000 		.4byte	0
 801              		.section	.debug_aranges,"",%progbits
 802 0000 4C000000 		.4byte	0x4c
 803 0004 0200     		.2byte	0x2
 804 0006 00000000 		.4byte	.Ldebug_info0
 805 000a 04       		.byte	0x4
 806 000b 00       		.byte	0
 807 000c 0000     		.2byte	0
 808 000e 0000     		.2byte	0
 809 0010 00000000 		.4byte	.LFB0
 810 0014 0C000000 		.4byte	.LFE0-.LFB0
 811 0018 00000000 		.4byte	.LFB1
 812 001c 20000000 		.4byte	.LFE1-.LFB1
 813 0020 00000000 		.4byte	.LFB2
ARM GAS  C:\Users\Greg\AppData\Local\Temp\ccpx878a.s 			page 21


 814 0024 24000000 		.4byte	.LFE2-.LFB2
 815 0028 00000000 		.4byte	.LFB3
 816 002c 28000000 		.4byte	.LFE3-.LFB3
 817 0030 00000000 		.4byte	.LFB4
 818 0034 18000000 		.4byte	.LFE4-.LFB4
 819 0038 00000000 		.4byte	.LFB5
 820 003c 0E000000 		.4byte	.LFE5-.LFB5
 821 0040 00000000 		.4byte	.LFB6
 822 0044 0C000000 		.4byte	.LFE6-.LFB6
 823 0048 00000000 		.4byte	0
 824 004c 00000000 		.4byte	0
 825              		.section	.debug_ranges,"",%progbits
 826              	.Ldebug_ranges0:
 827 0000 00000000 		.4byte	.LFB0
 828 0004 0C000000 		.4byte	.LFE0
 829 0008 00000000 		.4byte	.LFB1
 830 000c 20000000 		.4byte	.LFE1
 831 0010 00000000 		.4byte	.LFB2
 832 0014 24000000 		.4byte	.LFE2
 833 0018 00000000 		.4byte	.LFB3
 834 001c 28000000 		.4byte	.LFE3
 835 0020 00000000 		.4byte	.LFB4
 836 0024 18000000 		.4byte	.LFE4
 837 0028 00000000 		.4byte	.LFB5
 838 002c 0E000000 		.4byte	.LFE5
 839 0030 00000000 		.4byte	.LFB6
 840 0034 0C000000 		.4byte	.LFE6
 841 0038 00000000 		.4byte	0
 842 003c 00000000 		.4byte	0
 843              		.section	.debug_line,"",%progbits
 844              	.Ldebug_line0:
 845 0000 D7000000 		.section	.debug_str,"MS",%progbits,1
 845      02004400 
 845      00000201 
 845      FB0E0D00 
 845      01010101 
 846              	.LASF14:
 847 0000 72656733 		.ascii	"reg32\000"
 847      3200
 848              	.LASF21:
 849 0006 455A4932 		.ascii	"EZI2C_ScbEnableIntr\000"
 849      435F5363 
 849      62456E61 
 849      626C6549 
 849      6E747200 
 850              	.LASF18:
 851 001a 455A4932 		.ascii	"EZI2C_Enable\000"
 851      435F456E 
 851      61626C65 
 851      00
 852              	.LASF20:
 853 0027 455A4932 		.ascii	"EZI2C_Stop\000"
 853      435F5374 
 853      6F7000
 854              	.LASF28:
 855 0032 455A4932 		.ascii	"EZI2C_SetCustomInterruptHandler\000"
 855      435F5365 
ARM GAS  C:\Users\Greg\AppData\Local\Temp\ccpx878a.s 			page 22


 855      74437573 
 855      746F6D49 
 855      6E746572 
 856              	.LASF3:
 857 0052 73686F72 		.ascii	"short unsigned int\000"
 857      7420756E 
 857      7369676E 
 857      65642069 
 857      6E7400
 858              	.LASF11:
 859 0065 666C6F61 		.ascii	"float\000"
 859      7400
 860              	.LASF1:
 861 006b 756E7369 		.ascii	"unsigned char\000"
 861      676E6564 
 861      20636861 
 861      7200
 862              	.LASF5:
 863 0079 6C6F6E67 		.ascii	"long unsigned int\000"
 863      20756E73 
 863      69676E65 
 863      6420696E 
 863      7400
 864              	.LASF26:
 865 008b 2E5C4765 		.ascii	".\\Generated_Source\\PSoC4\\EZI2C.c\000"
 865      6E657261 
 865      7465645F 
 865      536F7572 
 865      63655C50 
 866              	.LASF9:
 867 00ac 75696E74 		.ascii	"uint8\000"
 867      3800
 868              	.LASF24:
 869 00b2 455A4932 		.ascii	"EZI2C_customIntrHandler\000"
 869      435F6375 
 869      73746F6D 
 869      496E7472 
 869      48616E64 
 870              	.LASF12:
 871 00ca 646F7562 		.ascii	"double\000"
 871      6C6500
 872              	.LASF29:
 873 00d1 66756E63 		.ascii	"func\000"
 873      00
 874              	.LASF10:
 875 00d6 75696E74 		.ascii	"uint32\000"
 875      333200
 876              	.LASF8:
 877 00dd 756E7369 		.ascii	"unsigned int\000"
 877      676E6564 
 877      20696E74 
 877      00
 878              	.LASF7:
 879 00ea 6C6F6E67 		.ascii	"long long unsigned int\000"
 879      206C6F6E 
 879      6720756E 
 879      7369676E 
ARM GAS  C:\Users\Greg\AppData\Local\Temp\ccpx878a.s 			page 23


 879      65642069 
 880              	.LASF15:
 881 0101 63796973 		.ascii	"cyisraddress\000"
 881      72616464 
 881      72657373 
 881      00
 882              	.LASF16:
 883 010e 73697A65 		.ascii	"sizetype\000"
 883      74797065 
 883      00
 884              	.LASF6:
 885 0117 6C6F6E67 		.ascii	"long long int\000"
 885      206C6F6E 
 885      6720696E 
 885      7400
 886              	.LASF13:
 887 0125 63686172 		.ascii	"char\000"
 887      00
 888              	.LASF27:
 889 012a 433A5C70 		.ascii	"C:\\perforce\\gjl_work\\apps\\CYSC\\Cypress_PSoC_Ac"
 889      6572666F 
 889      7263655C 
 889      676A6C5F 
 889      776F726B 
 890 0158 6164656D 		.ascii	"ademy\\101_basic\\Projects\\Simon_Rev03\\Simon_Slav"
 890      795C3130 
 890      315F6261 
 890      7369635C 
 890      50726F6A 
 891 0187 655F5069 		.ascii	"e_Pioneer\\Simon_Slave_Pioneer.cydsn\000"
 891      6F6E6565 
 891      725C5369 
 891      6D6F6E5F 
 891      536C6176 
 892              	.LASF17:
 893 01ab 455A4932 		.ascii	"EZI2C_Init\000"
 893      435F496E 
 893      697400
 894              	.LASF2:
 895 01b6 73686F72 		.ascii	"short int\000"
 895      7420696E 
 895      7400
 896              	.LASF19:
 897 01c0 455A4932 		.ascii	"EZI2C_Start\000"
 897      435F5374 
 897      61727400 
 898              	.LASF25:
 899 01cc 474E5520 		.ascii	"GNU C 4.7.3 20130312 (release) [ARM/embedded-4_7-br"
 899      4320342E 
 899      372E3320 
 899      32303133 
 899      30333132 
 900 01ff 616E6368 		.ascii	"anch revision 196615]\000"
 900      20726576 
 900      6973696F 
 900      6E203139 
 900      36363135 
ARM GAS  C:\Users\Greg\AppData\Local\Temp\ccpx878a.s 			page 24


 901              	.LASF22:
 902 0215 455A4932 		.ascii	"EZI2C_ScbModeStop\000"
 902      435F5363 
 902      624D6F64 
 902      6553746F 
 902      7000
 903              	.LASF4:
 904 0227 6C6F6E67 		.ascii	"long int\000"
 904      20696E74 
 904      00
 905              	.LASF23:
 906 0230 455A4932 		.ascii	"EZI2C_initVar\000"
 906      435F696E 
 906      69745661 
 906      7200
 907              	.LASF0:
 908 023e 7369676E 		.ascii	"signed char\000"
 908      65642063 
 908      68617200 
 909              		.ident	"GCC: (GNU Tools for ARM Embedded Processors) 4.7.3 20130312 (release) [ARM/embedded-4_7-br
