ARM GAS  C:\Users\Greg\AppData\Local\Temp\ccmFjiSZ.s 			page 1


   1              		.cpu cortex-m0
   2              		.fpu softvfp
   3              		.eabi_attribute 20, 1
   4              		.eabi_attribute 21, 1
   5              		.eabi_attribute 23, 3
   6              		.eabi_attribute 24, 1
   7              		.eabi_attribute 25, 1
   8              		.eabi_attribute 26, 1
   9              		.eabi_attribute 30, 6
  10              		.eabi_attribute 34, 0
  11              		.eabi_attribute 18, 4
  12              		.code	16
  13              		.file	"LCD_LCDPort.c"
  14              		.text
  15              	.Ltext0:
  16              		.cfi_sections	.debug_frame
  17              		.section	.text.LCD_LCDPort_Write,"ax",%progbits
  18              		.align	2
  19              		.global	LCD_LCDPort_Write
  20              		.code	16
  21              		.thumb_func
  22              		.type	LCD_LCDPort_Write, %function
  23              	LCD_LCDPort_Write:
  24              	.LFB0:
  25              		.file 1 ".\\Generated_Source\\PSoC4\\LCD_LCDPort.c"
   1:.\Generated_Source\PSoC4/LCD_LCDPort.c **** /*******************************************************************************
   2:.\Generated_Source\PSoC4/LCD_LCDPort.c **** * File Name: LCD_LCDPort.c  
   3:.\Generated_Source\PSoC4/LCD_LCDPort.c **** * Version 2.0
   4:.\Generated_Source\PSoC4/LCD_LCDPort.c **** *
   5:.\Generated_Source\PSoC4/LCD_LCDPort.c **** * Description:
   6:.\Generated_Source\PSoC4/LCD_LCDPort.c **** *  This file contains API to enable firmware control of a Pins component.
   7:.\Generated_Source\PSoC4/LCD_LCDPort.c **** *
   8:.\Generated_Source\PSoC4/LCD_LCDPort.c **** * Note:
   9:.\Generated_Source\PSoC4/LCD_LCDPort.c **** *
  10:.\Generated_Source\PSoC4/LCD_LCDPort.c **** ********************************************************************************
  11:.\Generated_Source\PSoC4/LCD_LCDPort.c **** * Copyright 2008-2014, Cypress Semiconductor Corporation.  All rights reserved.
  12:.\Generated_Source\PSoC4/LCD_LCDPort.c **** * You may use this file only in accordance with the license, terms, conditions, 
  13:.\Generated_Source\PSoC4/LCD_LCDPort.c **** * disclaimers, and limitations in the end user license agreement accompanying 
  14:.\Generated_Source\PSoC4/LCD_LCDPort.c **** * the software package with which this file was provided.
  15:.\Generated_Source\PSoC4/LCD_LCDPort.c **** *******************************************************************************/
  16:.\Generated_Source\PSoC4/LCD_LCDPort.c **** 
  17:.\Generated_Source\PSoC4/LCD_LCDPort.c **** #include "cytypes.h"
  18:.\Generated_Source\PSoC4/LCD_LCDPort.c **** #include "LCD_LCDPort.h"
  19:.\Generated_Source\PSoC4/LCD_LCDPort.c **** 
  20:.\Generated_Source\PSoC4/LCD_LCDPort.c **** #define SetP4PinDriveMode(shift, mode)  \
  21:.\Generated_Source\PSoC4/LCD_LCDPort.c ****     do { \
  22:.\Generated_Source\PSoC4/LCD_LCDPort.c ****         LCD_LCDPort_PC =   (LCD_LCDPort_PC & \
  23:.\Generated_Source\PSoC4/LCD_LCDPort.c ****                                 (uint32)(~(uint32)(LCD_LCDPort_DRIVE_MODE_IND_MASK << (LCD_LCDPort_
  24:.\Generated_Source\PSoC4/LCD_LCDPort.c ****                                 (uint32)((uint32)(mode) << (LCD_LCDPort_DRIVE_MODE_BITS * (shift)))
  25:.\Generated_Source\PSoC4/LCD_LCDPort.c ****     } while (0)
  26:.\Generated_Source\PSoC4/LCD_LCDPort.c **** 
  27:.\Generated_Source\PSoC4/LCD_LCDPort.c **** 
  28:.\Generated_Source\PSoC4/LCD_LCDPort.c **** /*******************************************************************************
  29:.\Generated_Source\PSoC4/LCD_LCDPort.c **** * Function Name: LCD_LCDPort_Write
  30:.\Generated_Source\PSoC4/LCD_LCDPort.c **** ********************************************************************************
  31:.\Generated_Source\PSoC4/LCD_LCDPort.c **** *
  32:.\Generated_Source\PSoC4/LCD_LCDPort.c **** * Summary:
ARM GAS  C:\Users\Greg\AppData\Local\Temp\ccmFjiSZ.s 			page 2


  33:.\Generated_Source\PSoC4/LCD_LCDPort.c **** *  Assign a new value to the digital port's data output register.  
  34:.\Generated_Source\PSoC4/LCD_LCDPort.c **** *
  35:.\Generated_Source\PSoC4/LCD_LCDPort.c **** * Parameters:  
  36:.\Generated_Source\PSoC4/LCD_LCDPort.c **** *  prtValue:  The value to be assigned to the Digital Port. 
  37:.\Generated_Source\PSoC4/LCD_LCDPort.c **** *
  38:.\Generated_Source\PSoC4/LCD_LCDPort.c **** * Return: 
  39:.\Generated_Source\PSoC4/LCD_LCDPort.c **** *  None 
  40:.\Generated_Source\PSoC4/LCD_LCDPort.c **** *  
  41:.\Generated_Source\PSoC4/LCD_LCDPort.c **** *******************************************************************************/
  42:.\Generated_Source\PSoC4/LCD_LCDPort.c **** void LCD_LCDPort_Write(uint8 value) 
  43:.\Generated_Source\PSoC4/LCD_LCDPort.c **** {
  26              		.loc 1 43 0
  27              		.cfi_startproc
  28 0000 80B5     		push	{r7, lr}
  29              	.LCFI0:
  30              		.cfi_def_cfa_offset 8
  31              		.cfi_offset 7, -8
  32              		.cfi_offset 14, -4
  33 0002 84B0     		sub	sp, sp, #16
  34              	.LCFI1:
  35              		.cfi_def_cfa_offset 24
  36 0004 00AF     		add	r7, sp, #0
  37              	.LCFI2:
  38              		.cfi_def_cfa_register 7
  39 0006 021C     		mov	r2, r0
  40 0008 FB1D     		add	r3, r7, #7
  41 000a 1A70     		strb	r2, [r3]
  44:.\Generated_Source\PSoC4/LCD_LCDPort.c ****     uint8 drVal = (uint8)(LCD_LCDPort_DR & (uint8)(~LCD_LCDPort_MASK));
  42              		.loc 1 44 0
  43 000c 0D4B     		ldr	r3, .L2
  44 000e 1B68     		ldr	r3, [r3]
  45 0010 D9B2     		uxtb	r1, r3
  46 0012 3B1C     		mov	r3, r7
  47 0014 0F33     		add	r3, r3, #15
  48 0016 0122     		mov	r2, #1
  49 0018 0A40     		and	r2, r1
  50 001a 1A70     		strb	r2, [r3]
  45:.\Generated_Source\PSoC4/LCD_LCDPort.c ****     drVal = (drVal | ((uint8)(value << LCD_LCDPort_SHIFT) & LCD_LCDPort_MASK));
  51              		.loc 1 45 0
  52 001c FB1D     		add	r3, r7, #7
  53 001e 1B78     		ldrb	r3, [r3]
  54 0020 5B00     		lsl	r3, r3, #1
  55 0022 D9B2     		uxtb	r1, r3
  56 0024 3B1C     		mov	r3, r7
  57 0026 0F33     		add	r3, r3, #15
  58 0028 3A1C     		mov	r2, r7
  59 002a 0F32     		add	r2, r2, #15
  60 002c 1278     		ldrb	r2, [r2]
  61 002e 0A43     		orr	r2, r1
  62 0030 1A70     		strb	r2, [r3]
  46:.\Generated_Source\PSoC4/LCD_LCDPort.c ****     LCD_LCDPort_DR = (uint32)drVal;
  63              		.loc 1 46 0
  64 0032 044B     		ldr	r3, .L2
  65 0034 3A1C     		mov	r2, r7
  66 0036 0F32     		add	r2, r2, #15
  67 0038 1278     		ldrb	r2, [r2]
  68 003a 1A60     		str	r2, [r3]
ARM GAS  C:\Users\Greg\AppData\Local\Temp\ccmFjiSZ.s 			page 3


  47:.\Generated_Source\PSoC4/LCD_LCDPort.c **** }
  69              		.loc 1 47 0
  70 003c BD46     		mov	sp, r7
  71 003e 04B0     		add	sp, sp, #16
  72              		@ sp needed for prologue
  73 0040 80BD     		pop	{r7, pc}
  74              	.L3:
  75 0042 C046     		.align	2
  76              	.L2:
  77 0044 00020440 		.word	1074004480
  78              		.cfi_endproc
  79              	.LFE0:
  80              		.size	LCD_LCDPort_Write, .-LCD_LCDPort_Write
  81              		.section	.text.LCD_LCDPort_SetDriveMode,"ax",%progbits
  82              		.align	2
  83              		.global	LCD_LCDPort_SetDriveMode
  84              		.code	16
  85              		.thumb_func
  86              		.type	LCD_LCDPort_SetDriveMode, %function
  87              	LCD_LCDPort_SetDriveMode:
  88              	.LFB1:
  48:.\Generated_Source\PSoC4/LCD_LCDPort.c **** 
  49:.\Generated_Source\PSoC4/LCD_LCDPort.c **** 
  50:.\Generated_Source\PSoC4/LCD_LCDPort.c **** /*******************************************************************************
  51:.\Generated_Source\PSoC4/LCD_LCDPort.c **** * Function Name: LCD_LCDPort_SetDriveMode
  52:.\Generated_Source\PSoC4/LCD_LCDPort.c **** ********************************************************************************
  53:.\Generated_Source\PSoC4/LCD_LCDPort.c **** *
  54:.\Generated_Source\PSoC4/LCD_LCDPort.c **** * Summary:
  55:.\Generated_Source\PSoC4/LCD_LCDPort.c **** *  Change the drive mode on the pins of the port.
  56:.\Generated_Source\PSoC4/LCD_LCDPort.c **** * 
  57:.\Generated_Source\PSoC4/LCD_LCDPort.c **** * Parameters:  
  58:.\Generated_Source\PSoC4/LCD_LCDPort.c **** *  mode:  Change the pins to one of the following drive modes.
  59:.\Generated_Source\PSoC4/LCD_LCDPort.c **** *
  60:.\Generated_Source\PSoC4/LCD_LCDPort.c **** *  LCD_LCDPort_DM_STRONG     Strong Drive 
  61:.\Generated_Source\PSoC4/LCD_LCDPort.c **** *  LCD_LCDPort_DM_OD_HI      Open Drain, Drives High 
  62:.\Generated_Source\PSoC4/LCD_LCDPort.c **** *  LCD_LCDPort_DM_OD_LO      Open Drain, Drives Low 
  63:.\Generated_Source\PSoC4/LCD_LCDPort.c **** *  LCD_LCDPort_DM_RES_UP     Resistive Pull Up 
  64:.\Generated_Source\PSoC4/LCD_LCDPort.c **** *  LCD_LCDPort_DM_RES_DWN    Resistive Pull Down 
  65:.\Generated_Source\PSoC4/LCD_LCDPort.c **** *  LCD_LCDPort_DM_RES_UPDWN  Resistive Pull Up/Down 
  66:.\Generated_Source\PSoC4/LCD_LCDPort.c **** *  LCD_LCDPort_DM_DIG_HIZ    High Impedance Digital 
  67:.\Generated_Source\PSoC4/LCD_LCDPort.c **** *  LCD_LCDPort_DM_ALG_HIZ    High Impedance Analog 
  68:.\Generated_Source\PSoC4/LCD_LCDPort.c **** *
  69:.\Generated_Source\PSoC4/LCD_LCDPort.c **** * Return: 
  70:.\Generated_Source\PSoC4/LCD_LCDPort.c **** *  None
  71:.\Generated_Source\PSoC4/LCD_LCDPort.c **** *
  72:.\Generated_Source\PSoC4/LCD_LCDPort.c **** *******************************************************************************/
  73:.\Generated_Source\PSoC4/LCD_LCDPort.c **** void LCD_LCDPort_SetDriveMode(uint8 mode) 
  74:.\Generated_Source\PSoC4/LCD_LCDPort.c **** {
  89              		.loc 1 74 0
  90              		.cfi_startproc
  91 0000 80B5     		push	{r7, lr}
  92              	.LCFI3:
  93              		.cfi_def_cfa_offset 8
  94              		.cfi_offset 7, -8
  95              		.cfi_offset 14, -4
  96 0002 82B0     		sub	sp, sp, #8
  97              	.LCFI4:
ARM GAS  C:\Users\Greg\AppData\Local\Temp\ccmFjiSZ.s 			page 4


  98              		.cfi_def_cfa_offset 16
  99 0004 00AF     		add	r7, sp, #0
 100              	.LCFI5:
 101              		.cfi_def_cfa_register 7
 102 0006 021C     		mov	r2, r0
 103 0008 FB1D     		add	r3, r7, #7
 104 000a 1A70     		strb	r2, [r3]
  75:.\Generated_Source\PSoC4/LCD_LCDPort.c **** 	SetP4PinDriveMode(LCD_LCDPort__0__SHIFT, mode);
 105              		.loc 1 75 0
 106 000c 254B     		ldr	r3, .L5
 107 000e 254A     		ldr	r2, .L5
 108 0010 1268     		ldr	r2, [r2]
 109 0012 3821     		mov	r1, #56
 110 0014 101C     		mov	r0, r2
 111 0016 8843     		bic	r0, r1
 112 0018 011C     		mov	r1, r0
 113 001a FA1D     		add	r2, r7, #7
 114 001c 1278     		ldrb	r2, [r2]
 115 001e D200     		lsl	r2, r2, #3
 116 0020 0A43     		orr	r2, r1
 117 0022 1A60     		str	r2, [r3]
  76:.\Generated_Source\PSoC4/LCD_LCDPort.c **** 	SetP4PinDriveMode(LCD_LCDPort__1__SHIFT, mode);
 118              		.loc 1 76 0
 119 0024 1F4B     		ldr	r3, .L5
 120 0026 1F4A     		ldr	r2, .L5
 121 0028 1168     		ldr	r1, [r2]
 122 002a 1F4A     		ldr	r2, .L5+4
 123 002c 1140     		and	r1, r2
 124 002e FA1D     		add	r2, r7, #7
 125 0030 1278     		ldrb	r2, [r2]
 126 0032 9201     		lsl	r2, r2, #6
 127 0034 0A43     		orr	r2, r1
 128 0036 1A60     		str	r2, [r3]
  77:.\Generated_Source\PSoC4/LCD_LCDPort.c **** 	SetP4PinDriveMode(LCD_LCDPort__2__SHIFT, mode);
 129              		.loc 1 77 0
 130 0038 1A4B     		ldr	r3, .L5
 131 003a 1A4A     		ldr	r2, .L5
 132 003c 1168     		ldr	r1, [r2]
 133 003e 1B4A     		ldr	r2, .L5+8
 134 0040 1140     		and	r1, r2
 135 0042 FA1D     		add	r2, r7, #7
 136 0044 1278     		ldrb	r2, [r2]
 137 0046 5202     		lsl	r2, r2, #9
 138 0048 0A43     		orr	r2, r1
 139 004a 1A60     		str	r2, [r3]
  78:.\Generated_Source\PSoC4/LCD_LCDPort.c **** 	SetP4PinDriveMode(LCD_LCDPort__3__SHIFT, mode);
 140              		.loc 1 78 0
 141 004c 154B     		ldr	r3, .L5
 142 004e 154A     		ldr	r2, .L5
 143 0050 1168     		ldr	r1, [r2]
 144 0052 174A     		ldr	r2, .L5+12
 145 0054 1140     		and	r1, r2
 146 0056 FA1D     		add	r2, r7, #7
 147 0058 1278     		ldrb	r2, [r2]
 148 005a 1203     		lsl	r2, r2, #12
 149 005c 0A43     		orr	r2, r1
 150 005e 1A60     		str	r2, [r3]
ARM GAS  C:\Users\Greg\AppData\Local\Temp\ccmFjiSZ.s 			page 5


  79:.\Generated_Source\PSoC4/LCD_LCDPort.c **** 	SetP4PinDriveMode(LCD_LCDPort__4__SHIFT, mode);
 151              		.loc 1 79 0
 152 0060 104B     		ldr	r3, .L5
 153 0062 104A     		ldr	r2, .L5
 154 0064 1168     		ldr	r1, [r2]
 155 0066 134A     		ldr	r2, .L5+16
 156 0068 1140     		and	r1, r2
 157 006a FA1D     		add	r2, r7, #7
 158 006c 1278     		ldrb	r2, [r2]
 159 006e D203     		lsl	r2, r2, #15
 160 0070 0A43     		orr	r2, r1
 161 0072 1A60     		str	r2, [r3]
  80:.\Generated_Source\PSoC4/LCD_LCDPort.c **** 	SetP4PinDriveMode(LCD_LCDPort__5__SHIFT, mode);
 162              		.loc 1 80 0
 163 0074 0B4B     		ldr	r3, .L5
 164 0076 0B4A     		ldr	r2, .L5
 165 0078 1168     		ldr	r1, [r2]
 166 007a 0F4A     		ldr	r2, .L5+20
 167 007c 1140     		and	r1, r2
 168 007e FA1D     		add	r2, r7, #7
 169 0080 1278     		ldrb	r2, [r2]
 170 0082 9204     		lsl	r2, r2, #18
 171 0084 0A43     		orr	r2, r1
 172 0086 1A60     		str	r2, [r3]
  81:.\Generated_Source\PSoC4/LCD_LCDPort.c **** 	SetP4PinDriveMode(LCD_LCDPort__6__SHIFT, mode);
 173              		.loc 1 81 0
 174 0088 064B     		ldr	r3, .L5
 175 008a 064A     		ldr	r2, .L5
 176 008c 1168     		ldr	r1, [r2]
 177 008e 0B4A     		ldr	r2, .L5+24
 178 0090 1140     		and	r1, r2
 179 0092 FA1D     		add	r2, r7, #7
 180 0094 1278     		ldrb	r2, [r2]
 181 0096 5205     		lsl	r2, r2, #21
 182 0098 0A43     		orr	r2, r1
 183 009a 1A60     		str	r2, [r3]
  82:.\Generated_Source\PSoC4/LCD_LCDPort.c **** }
 184              		.loc 1 82 0
 185 009c BD46     		mov	sp, r7
 186 009e 02B0     		add	sp, sp, #8
 187              		@ sp needed for prologue
 188 00a0 80BD     		pop	{r7, pc}
 189              	.L6:
 190 00a2 C046     		.align	2
 191              	.L5:
 192 00a4 08020440 		.word	1074004488
 193 00a8 3FFEFFFF 		.word	-449
 194 00ac FFF1FFFF 		.word	-3585
 195 00b0 FF8FFFFF 		.word	-28673
 196 00b4 FF7FFCFF 		.word	-229377
 197 00b8 FFFFE3FF 		.word	-1835009
 198 00bc FFFF1FFF 		.word	-14680065
 199              		.cfi_endproc
 200              	.LFE1:
 201              		.size	LCD_LCDPort_SetDriveMode, .-LCD_LCDPort_SetDriveMode
 202              		.section	.text.LCD_LCDPort_Read,"ax",%progbits
 203              		.align	2
ARM GAS  C:\Users\Greg\AppData\Local\Temp\ccmFjiSZ.s 			page 6


 204              		.global	LCD_LCDPort_Read
 205              		.code	16
 206              		.thumb_func
 207              		.type	LCD_LCDPort_Read, %function
 208              	LCD_LCDPort_Read:
 209              	.LFB2:
  83:.\Generated_Source\PSoC4/LCD_LCDPort.c **** 
  84:.\Generated_Source\PSoC4/LCD_LCDPort.c **** 
  85:.\Generated_Source\PSoC4/LCD_LCDPort.c **** /*******************************************************************************
  86:.\Generated_Source\PSoC4/LCD_LCDPort.c **** * Function Name: LCD_LCDPort_Read
  87:.\Generated_Source\PSoC4/LCD_LCDPort.c **** ********************************************************************************
  88:.\Generated_Source\PSoC4/LCD_LCDPort.c **** *
  89:.\Generated_Source\PSoC4/LCD_LCDPort.c **** * Summary:
  90:.\Generated_Source\PSoC4/LCD_LCDPort.c **** *  Read the current value on the pins of the Digital Port in right justified 
  91:.\Generated_Source\PSoC4/LCD_LCDPort.c **** *  form.
  92:.\Generated_Source\PSoC4/LCD_LCDPort.c **** *
  93:.\Generated_Source\PSoC4/LCD_LCDPort.c **** * Parameters:  
  94:.\Generated_Source\PSoC4/LCD_LCDPort.c **** *  None 
  95:.\Generated_Source\PSoC4/LCD_LCDPort.c **** *
  96:.\Generated_Source\PSoC4/LCD_LCDPort.c **** * Return: 
  97:.\Generated_Source\PSoC4/LCD_LCDPort.c **** *  Returns the current value of the Digital Port as a right justified number
  98:.\Generated_Source\PSoC4/LCD_LCDPort.c **** *  
  99:.\Generated_Source\PSoC4/LCD_LCDPort.c **** * Note:
 100:.\Generated_Source\PSoC4/LCD_LCDPort.c **** *  Macro LCD_LCDPort_ReadPS calls this function. 
 101:.\Generated_Source\PSoC4/LCD_LCDPort.c **** *  
 102:.\Generated_Source\PSoC4/LCD_LCDPort.c **** *******************************************************************************/
 103:.\Generated_Source\PSoC4/LCD_LCDPort.c **** uint8 LCD_LCDPort_Read(void) 
 104:.\Generated_Source\PSoC4/LCD_LCDPort.c **** {
 210              		.loc 1 104 0
 211              		.cfi_startproc
 212 0000 80B5     		push	{r7, lr}
 213              	.LCFI6:
 214              		.cfi_def_cfa_offset 8
 215              		.cfi_offset 7, -8
 216              		.cfi_offset 14, -4
 217 0002 00AF     		add	r7, sp, #0
 218              	.LCFI7:
 219              		.cfi_def_cfa_register 7
 105:.\Generated_Source\PSoC4/LCD_LCDPort.c ****     return (uint8)((LCD_LCDPort_PS & LCD_LCDPort_MASK) >> LCD_LCDPort_SHIFT);
 220              		.loc 1 105 0
 221 0004 044B     		ldr	r3, .L9
 222 0006 1A68     		ldr	r2, [r3]
 223 0008 FE23     		mov	r3, #254
 224 000a 1340     		and	r3, r2
 225 000c 5B08     		lsr	r3, r3, #1
 226 000e DBB2     		uxtb	r3, r3
 106:.\Generated_Source\PSoC4/LCD_LCDPort.c **** }
 227              		.loc 1 106 0
 228 0010 181C     		mov	r0, r3
 229 0012 BD46     		mov	sp, r7
 230              		@ sp needed for prologue
 231 0014 80BD     		pop	{r7, pc}
 232              	.L10:
 233 0016 C046     		.align	2
 234              	.L9:
 235 0018 04020440 		.word	1074004484
 236              		.cfi_endproc
ARM GAS  C:\Users\Greg\AppData\Local\Temp\ccmFjiSZ.s 			page 7


 237              	.LFE2:
 238              		.size	LCD_LCDPort_Read, .-LCD_LCDPort_Read
 239              		.section	.text.LCD_LCDPort_ReadDataReg,"ax",%progbits
 240              		.align	2
 241              		.global	LCD_LCDPort_ReadDataReg
 242              		.code	16
 243              		.thumb_func
 244              		.type	LCD_LCDPort_ReadDataReg, %function
 245              	LCD_LCDPort_ReadDataReg:
 246              	.LFB3:
 107:.\Generated_Source\PSoC4/LCD_LCDPort.c **** 
 108:.\Generated_Source\PSoC4/LCD_LCDPort.c **** 
 109:.\Generated_Source\PSoC4/LCD_LCDPort.c **** /*******************************************************************************
 110:.\Generated_Source\PSoC4/LCD_LCDPort.c **** * Function Name: LCD_LCDPort_ReadDataReg
 111:.\Generated_Source\PSoC4/LCD_LCDPort.c **** ********************************************************************************
 112:.\Generated_Source\PSoC4/LCD_LCDPort.c **** *
 113:.\Generated_Source\PSoC4/LCD_LCDPort.c **** * Summary:
 114:.\Generated_Source\PSoC4/LCD_LCDPort.c **** *  Read the current value assigned to a Digital Port's data output register
 115:.\Generated_Source\PSoC4/LCD_LCDPort.c **** *
 116:.\Generated_Source\PSoC4/LCD_LCDPort.c **** * Parameters:  
 117:.\Generated_Source\PSoC4/LCD_LCDPort.c **** *  None 
 118:.\Generated_Source\PSoC4/LCD_LCDPort.c **** *
 119:.\Generated_Source\PSoC4/LCD_LCDPort.c **** * Return: 
 120:.\Generated_Source\PSoC4/LCD_LCDPort.c **** *  Returns the current value assigned to the Digital Port's data output register
 121:.\Generated_Source\PSoC4/LCD_LCDPort.c **** *  
 122:.\Generated_Source\PSoC4/LCD_LCDPort.c **** *******************************************************************************/
 123:.\Generated_Source\PSoC4/LCD_LCDPort.c **** uint8 LCD_LCDPort_ReadDataReg(void) 
 124:.\Generated_Source\PSoC4/LCD_LCDPort.c **** {
 247              		.loc 1 124 0
 248              		.cfi_startproc
 249 0000 80B5     		push	{r7, lr}
 250              	.LCFI8:
 251              		.cfi_def_cfa_offset 8
 252              		.cfi_offset 7, -8
 253              		.cfi_offset 14, -4
 254 0002 00AF     		add	r7, sp, #0
 255              	.LCFI9:
 256              		.cfi_def_cfa_register 7
 125:.\Generated_Source\PSoC4/LCD_LCDPort.c ****     return (uint8)((LCD_LCDPort_DR & LCD_LCDPort_MASK) >> LCD_LCDPort_SHIFT);
 257              		.loc 1 125 0
 258 0004 044B     		ldr	r3, .L13
 259 0006 1A68     		ldr	r2, [r3]
 260 0008 FE23     		mov	r3, #254
 261 000a 1340     		and	r3, r2
 262 000c 5B08     		lsr	r3, r3, #1
 263 000e DBB2     		uxtb	r3, r3
 126:.\Generated_Source\PSoC4/LCD_LCDPort.c **** }
 264              		.loc 1 126 0
 265 0010 181C     		mov	r0, r3
 266 0012 BD46     		mov	sp, r7
 267              		@ sp needed for prologue
 268 0014 80BD     		pop	{r7, pc}
 269              	.L14:
 270 0016 C046     		.align	2
 271              	.L13:
 272 0018 00020440 		.word	1074004480
 273              		.cfi_endproc
ARM GAS  C:\Users\Greg\AppData\Local\Temp\ccmFjiSZ.s 			page 8


 274              	.LFE3:
 275              		.size	LCD_LCDPort_ReadDataReg, .-LCD_LCDPort_ReadDataReg
 276              		.section	.text.LCD_LCDPort_ClearInterrupt,"ax",%progbits
 277              		.align	2
 278              		.global	LCD_LCDPort_ClearInterrupt
 279              		.code	16
 280              		.thumb_func
 281              		.type	LCD_LCDPort_ClearInterrupt, %function
 282              	LCD_LCDPort_ClearInterrupt:
 283              	.LFB4:
 127:.\Generated_Source\PSoC4/LCD_LCDPort.c **** 
 128:.\Generated_Source\PSoC4/LCD_LCDPort.c **** 
 129:.\Generated_Source\PSoC4/LCD_LCDPort.c **** /* If Interrupts Are Enabled for this Pins component */ 
 130:.\Generated_Source\PSoC4/LCD_LCDPort.c **** #if defined(LCD_LCDPort_INTSTAT) 
 131:.\Generated_Source\PSoC4/LCD_LCDPort.c **** 
 132:.\Generated_Source\PSoC4/LCD_LCDPort.c ****     /*******************************************************************************
 133:.\Generated_Source\PSoC4/LCD_LCDPort.c ****     * Function Name: LCD_LCDPort_ClearInterrupt
 134:.\Generated_Source\PSoC4/LCD_LCDPort.c ****     ********************************************************************************
 135:.\Generated_Source\PSoC4/LCD_LCDPort.c ****     *
 136:.\Generated_Source\PSoC4/LCD_LCDPort.c ****     * Summary:
 137:.\Generated_Source\PSoC4/LCD_LCDPort.c ****     *  Clears any active interrupts attached to port and returns the value of the 
 138:.\Generated_Source\PSoC4/LCD_LCDPort.c ****     *  interrupt status register.
 139:.\Generated_Source\PSoC4/LCD_LCDPort.c ****     *
 140:.\Generated_Source\PSoC4/LCD_LCDPort.c ****     * Parameters:  
 141:.\Generated_Source\PSoC4/LCD_LCDPort.c ****     *  None 
 142:.\Generated_Source\PSoC4/LCD_LCDPort.c ****     *
 143:.\Generated_Source\PSoC4/LCD_LCDPort.c ****     * Return: 
 144:.\Generated_Source\PSoC4/LCD_LCDPort.c ****     *  Returns the value of the interrupt status register
 145:.\Generated_Source\PSoC4/LCD_LCDPort.c ****     *  
 146:.\Generated_Source\PSoC4/LCD_LCDPort.c ****     *******************************************************************************/
 147:.\Generated_Source\PSoC4/LCD_LCDPort.c ****     uint8 LCD_LCDPort_ClearInterrupt(void) 
 148:.\Generated_Source\PSoC4/LCD_LCDPort.c ****     {
 284              		.loc 1 148 0
 285              		.cfi_startproc
 286 0000 80B5     		push	{r7, lr}
 287              	.LCFI10:
 288              		.cfi_def_cfa_offset 8
 289              		.cfi_offset 7, -8
 290              		.cfi_offset 14, -4
 291 0002 82B0     		sub	sp, sp, #8
 292              	.LCFI11:
 293              		.cfi_def_cfa_offset 16
 294 0004 00AF     		add	r7, sp, #0
 295              	.LCFI12:
 296              		.cfi_def_cfa_register 7
 149:.\Generated_Source\PSoC4/LCD_LCDPort.c **** 		uint8 maskedStatus = (uint8)(LCD_LCDPort_INTSTAT & LCD_LCDPort_MASK);
 297              		.loc 1 149 0
 298 0006 094B     		ldr	r3, .L17
 299 0008 1B68     		ldr	r3, [r3]
 300 000a DAB2     		uxtb	r2, r3
 301 000c FB1D     		add	r3, r7, #7
 302 000e 0121     		mov	r1, #1
 303 0010 8A43     		bic	r2, r1
 304 0012 1A70     		strb	r2, [r3]
 150:.\Generated_Source\PSoC4/LCD_LCDPort.c **** 		LCD_LCDPort_INTSTAT = maskedStatus;
 305              		.loc 1 150 0
 306 0014 054B     		ldr	r3, .L17
ARM GAS  C:\Users\Greg\AppData\Local\Temp\ccmFjiSZ.s 			page 9


 307 0016 FA1D     		add	r2, r7, #7
 308 0018 1278     		ldrb	r2, [r2]
 309 001a 1A60     		str	r2, [r3]
 151:.\Generated_Source\PSoC4/LCD_LCDPort.c ****         return maskedStatus >> LCD_LCDPort_SHIFT;
 310              		.loc 1 151 0
 311 001c FB1D     		add	r3, r7, #7
 312 001e 1B78     		ldrb	r3, [r3]
 313 0020 5B08     		lsr	r3, r3, #1
 314 0022 DBB2     		uxtb	r3, r3
 152:.\Generated_Source\PSoC4/LCD_LCDPort.c ****     }
 315              		.loc 1 152 0
 316 0024 181C     		mov	r0, r3
 317 0026 BD46     		mov	sp, r7
 318 0028 02B0     		add	sp, sp, #8
 319              		@ sp needed for prologue
 320 002a 80BD     		pop	{r7, pc}
 321              	.L18:
 322              		.align	2
 323              	.L17:
 324 002c 10020440 		.word	1074004496
 325              		.cfi_endproc
 326              	.LFE4:
 327              		.size	LCD_LCDPort_ClearInterrupt, .-LCD_LCDPort_ClearInterrupt
 328              		.text
 329              	.Letext0:
 330              		.file 2 ".\\Generated_Source\\PSoC4\\cytypes.h"
 331              		.section	.debug_info,"",%progbits
 332              	.Ldebug_info0:
 333 0000 64010000 		.4byte	0x164
 334 0004 0200     		.2byte	0x2
 335 0006 00000000 		.4byte	.Ldebug_abbrev0
 336 000a 04       		.byte	0x4
 337 000b 01       		.uleb128 0x1
 338 000c B8010000 		.4byte	.LASF24
 339 0010 01       		.byte	0x1
 340 0011 C4000000 		.4byte	.LASF25
 341 0015 27010000 		.4byte	.LASF26
 342 0019 00000000 		.4byte	.Ldebug_ranges0+0
 343 001d 00000000 		.4byte	0
 344 0021 00000000 		.4byte	0
 345 0025 00000000 		.4byte	.Ldebug_line0
 346 0029 02       		.uleb128 0x2
 347 002a 01       		.byte	0x1
 348 002b 06       		.byte	0x6
 349 002c 1B020000 		.4byte	.LASF0
 350 0030 02       		.uleb128 0x2
 351 0031 01       		.byte	0x1
 352 0032 08       		.byte	0x8
 353 0033 57000000 		.4byte	.LASF1
 354 0037 02       		.uleb128 0x2
 355 0038 02       		.byte	0x2
 356 0039 05       		.byte	0x5
 357 003a A8010000 		.4byte	.LASF2
 358 003e 02       		.uleb128 0x2
 359 003f 02       		.byte	0x2
 360 0040 07       		.byte	0x7
 361 0041 7D000000 		.4byte	.LASF3
ARM GAS  C:\Users\Greg\AppData\Local\Temp\ccmFjiSZ.s 			page 10


 362 0045 02       		.uleb128 0x2
 363 0046 04       		.byte	0x4
 364 0047 05       		.byte	0x5
 365 0048 12020000 		.4byte	.LASF4
 366 004c 02       		.uleb128 0x2
 367 004d 04       		.byte	0x4
 368 004e 07       		.byte	0x7
 369 004f 6B000000 		.4byte	.LASF5
 370 0053 02       		.uleb128 0x2
 371 0054 08       		.byte	0x8
 372 0055 05       		.byte	0x5
 373 0056 07010000 		.4byte	.LASF6
 374 005a 02       		.uleb128 0x2
 375 005b 08       		.byte	0x8
 376 005c 07       		.byte	0x7
 377 005d EB000000 		.4byte	.LASF7
 378 0061 03       		.uleb128 0x3
 379 0062 04       		.byte	0x4
 380 0063 05       		.byte	0x5
 381 0064 696E7400 		.ascii	"int\000"
 382 0068 02       		.uleb128 0x2
 383 0069 04       		.byte	0x4
 384 006a 07       		.byte	0x7
 385 006b B7000000 		.4byte	.LASF8
 386 006f 04       		.uleb128 0x4
 387 0070 B2010000 		.4byte	.LASF9
 388 0074 02       		.byte	0x2
 389 0075 5B       		.byte	0x5b
 390 0076 30000000 		.4byte	0x30
 391 007a 04       		.uleb128 0x4
 392 007b B0000000 		.4byte	.LASF10
 393 007f 02       		.byte	0x2
 394 0080 5D       		.byte	0x5d
 395 0081 4C000000 		.4byte	0x4c
 396 0085 02       		.uleb128 0x2
 397 0086 04       		.byte	0x4
 398 0087 04       		.byte	0x4
 399 0088 51000000 		.4byte	.LASF11
 400 008c 02       		.uleb128 0x2
 401 008d 08       		.byte	0x8
 402 008e 04       		.byte	0x4
 403 008f A9000000 		.4byte	.LASF12
 404 0093 02       		.uleb128 0x2
 405 0094 01       		.byte	0x1
 406 0095 08       		.byte	0x8
 407 0096 22010000 		.4byte	.LASF13
 408 009a 04       		.uleb128 0x4
 409 009b 00000000 		.4byte	.LASF14
 410 009f 02       		.byte	0x2
 411 00a0 F2       		.byte	0xf2
 412 00a1 A5000000 		.4byte	0xa5
 413 00a5 05       		.uleb128 0x5
 414 00a6 7A000000 		.4byte	0x7a
 415 00aa 06       		.uleb128 0x6
 416 00ab 01       		.byte	0x1
 417 00ac 0C000000 		.4byte	.LASF15
 418 00b0 01       		.byte	0x1
ARM GAS  C:\Users\Greg\AppData\Local\Temp\ccmFjiSZ.s 			page 11


 419 00b1 2A       		.byte	0x2a
 420 00b2 01       		.byte	0x1
 421 00b3 00000000 		.4byte	.LFB0
 422 00b7 48000000 		.4byte	.LFE0
 423 00bb 00000000 		.4byte	.LLST0
 424 00bf 01       		.byte	0x1
 425 00c0 E1000000 		.4byte	0xe1
 426 00c4 07       		.uleb128 0x7
 427 00c5 06000000 		.4byte	.LASF17
 428 00c9 01       		.byte	0x1
 429 00ca 2A       		.byte	0x2a
 430 00cb 6F000000 		.4byte	0x6f
 431 00cf 02       		.byte	0x2
 432 00d0 91       		.byte	0x91
 433 00d1 6F       		.sleb128 -17
 434 00d2 08       		.uleb128 0x8
 435 00d3 65000000 		.4byte	.LASF22
 436 00d7 01       		.byte	0x1
 437 00d8 2C       		.byte	0x2c
 438 00d9 6F000000 		.4byte	0x6f
 439 00dd 02       		.byte	0x2
 440 00de 91       		.byte	0x91
 441 00df 77       		.sleb128 -9
 442 00e0 00       		.byte	0
 443 00e1 06       		.uleb128 0x6
 444 00e2 01       		.byte	0x1
 445 00e3 90000000 		.4byte	.LASF16
 446 00e7 01       		.byte	0x1
 447 00e8 49       		.byte	0x49
 448 00e9 01       		.byte	0x1
 449 00ea 00000000 		.4byte	.LFB1
 450 00ee C0000000 		.4byte	.LFE1
 451 00f2 38000000 		.4byte	.LLST1
 452 00f6 01       		.byte	0x1
 453 00f7 0A010000 		.4byte	0x10a
 454 00fb 07       		.uleb128 0x7
 455 00fc 02010000 		.4byte	.LASF18
 456 0100 01       		.byte	0x1
 457 0101 49       		.byte	0x49
 458 0102 6F000000 		.4byte	0x6f
 459 0106 02       		.byte	0x2
 460 0107 91       		.byte	0x91
 461 0108 77       		.sleb128 -9
 462 0109 00       		.byte	0
 463 010a 09       		.uleb128 0x9
 464 010b 01       		.byte	0x1
 465 010c 01020000 		.4byte	.LASF19
 466 0110 01       		.byte	0x1
 467 0111 67       		.byte	0x67
 468 0112 01       		.byte	0x1
 469 0113 6F000000 		.4byte	0x6f
 470 0117 00000000 		.4byte	.LFB2
 471 011b 1C000000 		.4byte	.LFE2
 472 011f 70000000 		.4byte	.LLST2
 473 0123 01       		.byte	0x1
 474 0124 09       		.uleb128 0x9
 475 0125 01       		.byte	0x1
ARM GAS  C:\Users\Greg\AppData\Local\Temp\ccmFjiSZ.s 			page 12


 476 0126 1E000000 		.4byte	.LASF20
 477 012a 01       		.byte	0x1
 478 012b 7B       		.byte	0x7b
 479 012c 01       		.byte	0x1
 480 012d 6F000000 		.4byte	0x6f
 481 0131 00000000 		.4byte	.LFB3
 482 0135 1C000000 		.4byte	.LFE3
 483 0139 9C000000 		.4byte	.LLST3
 484 013d 01       		.byte	0x1
 485 013e 0A       		.uleb128 0xa
 486 013f 01       		.byte	0x1
 487 0140 36000000 		.4byte	.LASF21
 488 0144 01       		.byte	0x1
 489 0145 93       		.byte	0x93
 490 0146 01       		.byte	0x1
 491 0147 6F000000 		.4byte	0x6f
 492 014b 00000000 		.4byte	.LFB4
 493 014f 30000000 		.4byte	.LFE4
 494 0153 C8000000 		.4byte	.LLST4
 495 0157 01       		.byte	0x1
 496 0158 08       		.uleb128 0x8
 497 0159 15010000 		.4byte	.LASF23
 498 015d 01       		.byte	0x1
 499 015e 95       		.byte	0x95
 500 015f 6F000000 		.4byte	0x6f
 501 0163 02       		.byte	0x2
 502 0164 91       		.byte	0x91
 503 0165 77       		.sleb128 -9
 504 0166 00       		.byte	0
 505 0167 00       		.byte	0
 506              		.section	.debug_abbrev,"",%progbits
 507              	.Ldebug_abbrev0:
 508 0000 01       		.uleb128 0x1
 509 0001 11       		.uleb128 0x11
 510 0002 01       		.byte	0x1
 511 0003 25       		.uleb128 0x25
 512 0004 0E       		.uleb128 0xe
 513 0005 13       		.uleb128 0x13
 514 0006 0B       		.uleb128 0xb
 515 0007 03       		.uleb128 0x3
 516 0008 0E       		.uleb128 0xe
 517 0009 1B       		.uleb128 0x1b
 518 000a 0E       		.uleb128 0xe
 519 000b 55       		.uleb128 0x55
 520 000c 06       		.uleb128 0x6
 521 000d 11       		.uleb128 0x11
 522 000e 01       		.uleb128 0x1
 523 000f 52       		.uleb128 0x52
 524 0010 01       		.uleb128 0x1
 525 0011 10       		.uleb128 0x10
 526 0012 06       		.uleb128 0x6
 527 0013 00       		.byte	0
 528 0014 00       		.byte	0
 529 0015 02       		.uleb128 0x2
 530 0016 24       		.uleb128 0x24
 531 0017 00       		.byte	0
 532 0018 0B       		.uleb128 0xb
ARM GAS  C:\Users\Greg\AppData\Local\Temp\ccmFjiSZ.s 			page 13


 533 0019 0B       		.uleb128 0xb
 534 001a 3E       		.uleb128 0x3e
 535 001b 0B       		.uleb128 0xb
 536 001c 03       		.uleb128 0x3
 537 001d 0E       		.uleb128 0xe
 538 001e 00       		.byte	0
 539 001f 00       		.byte	0
 540 0020 03       		.uleb128 0x3
 541 0021 24       		.uleb128 0x24
 542 0022 00       		.byte	0
 543 0023 0B       		.uleb128 0xb
 544 0024 0B       		.uleb128 0xb
 545 0025 3E       		.uleb128 0x3e
 546 0026 0B       		.uleb128 0xb
 547 0027 03       		.uleb128 0x3
 548 0028 08       		.uleb128 0x8
 549 0029 00       		.byte	0
 550 002a 00       		.byte	0
 551 002b 04       		.uleb128 0x4
 552 002c 16       		.uleb128 0x16
 553 002d 00       		.byte	0
 554 002e 03       		.uleb128 0x3
 555 002f 0E       		.uleb128 0xe
 556 0030 3A       		.uleb128 0x3a
 557 0031 0B       		.uleb128 0xb
 558 0032 3B       		.uleb128 0x3b
 559 0033 0B       		.uleb128 0xb
 560 0034 49       		.uleb128 0x49
 561 0035 13       		.uleb128 0x13
 562 0036 00       		.byte	0
 563 0037 00       		.byte	0
 564 0038 05       		.uleb128 0x5
 565 0039 35       		.uleb128 0x35
 566 003a 00       		.byte	0
 567 003b 49       		.uleb128 0x49
 568 003c 13       		.uleb128 0x13
 569 003d 00       		.byte	0
 570 003e 00       		.byte	0
 571 003f 06       		.uleb128 0x6
 572 0040 2E       		.uleb128 0x2e
 573 0041 01       		.byte	0x1
 574 0042 3F       		.uleb128 0x3f
 575 0043 0C       		.uleb128 0xc
 576 0044 03       		.uleb128 0x3
 577 0045 0E       		.uleb128 0xe
 578 0046 3A       		.uleb128 0x3a
 579 0047 0B       		.uleb128 0xb
 580 0048 3B       		.uleb128 0x3b
 581 0049 0B       		.uleb128 0xb
 582 004a 27       		.uleb128 0x27
 583 004b 0C       		.uleb128 0xc
 584 004c 11       		.uleb128 0x11
 585 004d 01       		.uleb128 0x1
 586 004e 12       		.uleb128 0x12
 587 004f 01       		.uleb128 0x1
 588 0050 40       		.uleb128 0x40
 589 0051 06       		.uleb128 0x6
ARM GAS  C:\Users\Greg\AppData\Local\Temp\ccmFjiSZ.s 			page 14


 590 0052 9742     		.uleb128 0x2117
 591 0054 0C       		.uleb128 0xc
 592 0055 01       		.uleb128 0x1
 593 0056 13       		.uleb128 0x13
 594 0057 00       		.byte	0
 595 0058 00       		.byte	0
 596 0059 07       		.uleb128 0x7
 597 005a 05       		.uleb128 0x5
 598 005b 00       		.byte	0
 599 005c 03       		.uleb128 0x3
 600 005d 0E       		.uleb128 0xe
 601 005e 3A       		.uleb128 0x3a
 602 005f 0B       		.uleb128 0xb
 603 0060 3B       		.uleb128 0x3b
 604 0061 0B       		.uleb128 0xb
 605 0062 49       		.uleb128 0x49
 606 0063 13       		.uleb128 0x13
 607 0064 02       		.uleb128 0x2
 608 0065 0A       		.uleb128 0xa
 609 0066 00       		.byte	0
 610 0067 00       		.byte	0
 611 0068 08       		.uleb128 0x8
 612 0069 34       		.uleb128 0x34
 613 006a 00       		.byte	0
 614 006b 03       		.uleb128 0x3
 615 006c 0E       		.uleb128 0xe
 616 006d 3A       		.uleb128 0x3a
 617 006e 0B       		.uleb128 0xb
 618 006f 3B       		.uleb128 0x3b
 619 0070 0B       		.uleb128 0xb
 620 0071 49       		.uleb128 0x49
 621 0072 13       		.uleb128 0x13
 622 0073 02       		.uleb128 0x2
 623 0074 0A       		.uleb128 0xa
 624 0075 00       		.byte	0
 625 0076 00       		.byte	0
 626 0077 09       		.uleb128 0x9
 627 0078 2E       		.uleb128 0x2e
 628 0079 00       		.byte	0
 629 007a 3F       		.uleb128 0x3f
 630 007b 0C       		.uleb128 0xc
 631 007c 03       		.uleb128 0x3
 632 007d 0E       		.uleb128 0xe
 633 007e 3A       		.uleb128 0x3a
 634 007f 0B       		.uleb128 0xb
 635 0080 3B       		.uleb128 0x3b
 636 0081 0B       		.uleb128 0xb
 637 0082 27       		.uleb128 0x27
 638 0083 0C       		.uleb128 0xc
 639 0084 49       		.uleb128 0x49
 640 0085 13       		.uleb128 0x13
 641 0086 11       		.uleb128 0x11
 642 0087 01       		.uleb128 0x1
 643 0088 12       		.uleb128 0x12
 644 0089 01       		.uleb128 0x1
 645 008a 40       		.uleb128 0x40
 646 008b 06       		.uleb128 0x6
ARM GAS  C:\Users\Greg\AppData\Local\Temp\ccmFjiSZ.s 			page 15


 647 008c 9742     		.uleb128 0x2117
 648 008e 0C       		.uleb128 0xc
 649 008f 00       		.byte	0
 650 0090 00       		.byte	0
 651 0091 0A       		.uleb128 0xa
 652 0092 2E       		.uleb128 0x2e
 653 0093 01       		.byte	0x1
 654 0094 3F       		.uleb128 0x3f
 655 0095 0C       		.uleb128 0xc
 656 0096 03       		.uleb128 0x3
 657 0097 0E       		.uleb128 0xe
 658 0098 3A       		.uleb128 0x3a
 659 0099 0B       		.uleb128 0xb
 660 009a 3B       		.uleb128 0x3b
 661 009b 0B       		.uleb128 0xb
 662 009c 27       		.uleb128 0x27
 663 009d 0C       		.uleb128 0xc
 664 009e 49       		.uleb128 0x49
 665 009f 13       		.uleb128 0x13
 666 00a0 11       		.uleb128 0x11
 667 00a1 01       		.uleb128 0x1
 668 00a2 12       		.uleb128 0x12
 669 00a3 01       		.uleb128 0x1
 670 00a4 40       		.uleb128 0x40
 671 00a5 06       		.uleb128 0x6
 672 00a6 9742     		.uleb128 0x2117
 673 00a8 0C       		.uleb128 0xc
 674 00a9 00       		.byte	0
 675 00aa 00       		.byte	0
 676 00ab 00       		.byte	0
 677              		.section	.debug_loc,"",%progbits
 678              	.Ldebug_loc0:
 679              	.LLST0:
 680 0000 00000000 		.4byte	.LFB0
 681 0004 02000000 		.4byte	.LCFI0
 682 0008 0200     		.2byte	0x2
 683 000a 7D       		.byte	0x7d
 684 000b 00       		.sleb128 0
 685 000c 02000000 		.4byte	.LCFI0
 686 0010 04000000 		.4byte	.LCFI1
 687 0014 0200     		.2byte	0x2
 688 0016 7D       		.byte	0x7d
 689 0017 08       		.sleb128 8
 690 0018 04000000 		.4byte	.LCFI1
 691 001c 06000000 		.4byte	.LCFI2
 692 0020 0200     		.2byte	0x2
 693 0022 7D       		.byte	0x7d
 694 0023 18       		.sleb128 24
 695 0024 06000000 		.4byte	.LCFI2
 696 0028 48000000 		.4byte	.LFE0
 697 002c 0200     		.2byte	0x2
 698 002e 77       		.byte	0x77
 699 002f 18       		.sleb128 24
 700 0030 00000000 		.4byte	0
 701 0034 00000000 		.4byte	0
 702              	.LLST1:
 703 0038 00000000 		.4byte	.LFB1
ARM GAS  C:\Users\Greg\AppData\Local\Temp\ccmFjiSZ.s 			page 16


 704 003c 02000000 		.4byte	.LCFI3
 705 0040 0200     		.2byte	0x2
 706 0042 7D       		.byte	0x7d
 707 0043 00       		.sleb128 0
 708 0044 02000000 		.4byte	.LCFI3
 709 0048 04000000 		.4byte	.LCFI4
 710 004c 0200     		.2byte	0x2
 711 004e 7D       		.byte	0x7d
 712 004f 08       		.sleb128 8
 713 0050 04000000 		.4byte	.LCFI4
 714 0054 06000000 		.4byte	.LCFI5
 715 0058 0200     		.2byte	0x2
 716 005a 7D       		.byte	0x7d
 717 005b 10       		.sleb128 16
 718 005c 06000000 		.4byte	.LCFI5
 719 0060 C0000000 		.4byte	.LFE1
 720 0064 0200     		.2byte	0x2
 721 0066 77       		.byte	0x77
 722 0067 10       		.sleb128 16
 723 0068 00000000 		.4byte	0
 724 006c 00000000 		.4byte	0
 725              	.LLST2:
 726 0070 00000000 		.4byte	.LFB2
 727 0074 02000000 		.4byte	.LCFI6
 728 0078 0200     		.2byte	0x2
 729 007a 7D       		.byte	0x7d
 730 007b 00       		.sleb128 0
 731 007c 02000000 		.4byte	.LCFI6
 732 0080 04000000 		.4byte	.LCFI7
 733 0084 0200     		.2byte	0x2
 734 0086 7D       		.byte	0x7d
 735 0087 08       		.sleb128 8
 736 0088 04000000 		.4byte	.LCFI7
 737 008c 1C000000 		.4byte	.LFE2
 738 0090 0200     		.2byte	0x2
 739 0092 77       		.byte	0x77
 740 0093 08       		.sleb128 8
 741 0094 00000000 		.4byte	0
 742 0098 00000000 		.4byte	0
 743              	.LLST3:
 744 009c 00000000 		.4byte	.LFB3
 745 00a0 02000000 		.4byte	.LCFI8
 746 00a4 0200     		.2byte	0x2
 747 00a6 7D       		.byte	0x7d
 748 00a7 00       		.sleb128 0
 749 00a8 02000000 		.4byte	.LCFI8
 750 00ac 04000000 		.4byte	.LCFI9
 751 00b0 0200     		.2byte	0x2
 752 00b2 7D       		.byte	0x7d
 753 00b3 08       		.sleb128 8
 754 00b4 04000000 		.4byte	.LCFI9
 755 00b8 1C000000 		.4byte	.LFE3
 756 00bc 0200     		.2byte	0x2
 757 00be 77       		.byte	0x77
 758 00bf 08       		.sleb128 8
 759 00c0 00000000 		.4byte	0
 760 00c4 00000000 		.4byte	0
ARM GAS  C:\Users\Greg\AppData\Local\Temp\ccmFjiSZ.s 			page 17


 761              	.LLST4:
 762 00c8 00000000 		.4byte	.LFB4
 763 00cc 02000000 		.4byte	.LCFI10
 764 00d0 0200     		.2byte	0x2
 765 00d2 7D       		.byte	0x7d
 766 00d3 00       		.sleb128 0
 767 00d4 02000000 		.4byte	.LCFI10
 768 00d8 04000000 		.4byte	.LCFI11
 769 00dc 0200     		.2byte	0x2
 770 00de 7D       		.byte	0x7d
 771 00df 08       		.sleb128 8
 772 00e0 04000000 		.4byte	.LCFI11
 773 00e4 06000000 		.4byte	.LCFI12
 774 00e8 0200     		.2byte	0x2
 775 00ea 7D       		.byte	0x7d
 776 00eb 10       		.sleb128 16
 777 00ec 06000000 		.4byte	.LCFI12
 778 00f0 30000000 		.4byte	.LFE4
 779 00f4 0200     		.2byte	0x2
 780 00f6 77       		.byte	0x77
 781 00f7 10       		.sleb128 16
 782 00f8 00000000 		.4byte	0
 783 00fc 00000000 		.4byte	0
 784              		.section	.debug_aranges,"",%progbits
 785 0000 3C000000 		.4byte	0x3c
 786 0004 0200     		.2byte	0x2
 787 0006 00000000 		.4byte	.Ldebug_info0
 788 000a 04       		.byte	0x4
 789 000b 00       		.byte	0
 790 000c 0000     		.2byte	0
 791 000e 0000     		.2byte	0
 792 0010 00000000 		.4byte	.LFB0
 793 0014 48000000 		.4byte	.LFE0-.LFB0
 794 0018 00000000 		.4byte	.LFB1
 795 001c C0000000 		.4byte	.LFE1-.LFB1
 796 0020 00000000 		.4byte	.LFB2
 797 0024 1C000000 		.4byte	.LFE2-.LFB2
 798 0028 00000000 		.4byte	.LFB3
 799 002c 1C000000 		.4byte	.LFE3-.LFB3
 800 0030 00000000 		.4byte	.LFB4
 801 0034 30000000 		.4byte	.LFE4-.LFB4
 802 0038 00000000 		.4byte	0
 803 003c 00000000 		.4byte	0
 804              		.section	.debug_ranges,"",%progbits
 805              	.Ldebug_ranges0:
 806 0000 00000000 		.4byte	.LFB0
 807 0004 48000000 		.4byte	.LFE0
 808 0008 00000000 		.4byte	.LFB1
 809 000c C0000000 		.4byte	.LFE1
 810 0010 00000000 		.4byte	.LFB2
 811 0014 1C000000 		.4byte	.LFE2
 812 0018 00000000 		.4byte	.LFB3
 813 001c 1C000000 		.4byte	.LFE3
 814 0020 00000000 		.4byte	.LFB4
 815 0024 30000000 		.4byte	.LFE4
 816 0028 00000000 		.4byte	0
 817 002c 00000000 		.4byte	0
ARM GAS  C:\Users\Greg\AppData\Local\Temp\ccmFjiSZ.s 			page 18


 818              		.section	.debug_line,"",%progbits
 819              	.Ldebug_line0:
 820 0000 B3000000 		.section	.debug_str,"MS",%progbits,1
 820      02004A00 
 820      00000201 
 820      FB0E0D00 
 820      01010101 
 821              	.LASF14:
 822 0000 72656733 		.ascii	"reg32\000"
 822      3200
 823              	.LASF17:
 824 0006 76616C75 		.ascii	"value\000"
 824      6500
 825              	.LASF15:
 826 000c 4C43445F 		.ascii	"LCD_LCDPort_Write\000"
 826      4C434450 
 826      6F72745F 
 826      57726974 
 826      6500
 827              	.LASF20:
 828 001e 4C43445F 		.ascii	"LCD_LCDPort_ReadDataReg\000"
 828      4C434450 
 828      6F72745F 
 828      52656164 
 828      44617461 
 829              	.LASF21:
 830 0036 4C43445F 		.ascii	"LCD_LCDPort_ClearInterrupt\000"
 830      4C434450 
 830      6F72745F 
 830      436C6561 
 830      72496E74 
 831              	.LASF11:
 832 0051 666C6F61 		.ascii	"float\000"
 832      7400
 833              	.LASF1:
 834 0057 756E7369 		.ascii	"unsigned char\000"
 834      676E6564 
 834      20636861 
 834      7200
 835              	.LASF22:
 836 0065 64725661 		.ascii	"drVal\000"
 836      6C00
 837              	.LASF5:
 838 006b 6C6F6E67 		.ascii	"long unsigned int\000"
 838      20756E73 
 838      69676E65 
 838      6420696E 
 838      7400
 839              	.LASF3:
 840 007d 73686F72 		.ascii	"short unsigned int\000"
 840      7420756E 
 840      7369676E 
 840      65642069 
 840      6E7400
 841              	.LASF16:
 842 0090 4C43445F 		.ascii	"LCD_LCDPort_SetDriveMode\000"
 842      4C434450 
ARM GAS  C:\Users\Greg\AppData\Local\Temp\ccmFjiSZ.s 			page 19


 842      6F72745F 
 842      53657444 
 842      72697665 
 843              	.LASF12:
 844 00a9 646F7562 		.ascii	"double\000"
 844      6C6500
 845              	.LASF10:
 846 00b0 75696E74 		.ascii	"uint32\000"
 846      333200
 847              	.LASF8:
 848 00b7 756E7369 		.ascii	"unsigned int\000"
 848      676E6564 
 848      20696E74 
 848      00
 849              	.LASF25:
 850 00c4 2E5C4765 		.ascii	".\\Generated_Source\\PSoC4\\LCD_LCDPort.c\000"
 850      6E657261 
 850      7465645F 
 850      536F7572 
 850      63655C50 
 851              	.LASF7:
 852 00eb 6C6F6E67 		.ascii	"long long unsigned int\000"
 852      206C6F6E 
 852      6720756E 
 852      7369676E 
 852      65642069 
 853              	.LASF18:
 854 0102 6D6F6465 		.ascii	"mode\000"
 854      00
 855              	.LASF6:
 856 0107 6C6F6E67 		.ascii	"long long int\000"
 856      206C6F6E 
 856      6720696E 
 856      7400
 857              	.LASF23:
 858 0115 6D61736B 		.ascii	"maskedStatus\000"
 858      65645374 
 858      61747573 
 858      00
 859              	.LASF13:
 860 0122 63686172 		.ascii	"char\000"
 860      00
 861              	.LASF26:
 862 0127 433A5C70 		.ascii	"C:\\perforce\\gjl_work\\apps\\CYSC\\Cypress_PSoC_Ac"
 862      6572666F 
 862      7263655C 
 862      676A6C5F 
 862      776F726B 
 863 0155 6164656D 		.ascii	"ademy\\101_basic\\Projects\\Simon_Rev03\\Simon_Slav"
 863      795C3130 
 863      315F6261 
 863      7369635C 
 863      50726F6A 
 864 0184 655F5069 		.ascii	"e_Pioneer\\Simon_Slave_Pioneer.cydsn\000"
 864      6F6E6565 
 864      725C5369 
 864      6D6F6E5F 
ARM GAS  C:\Users\Greg\AppData\Local\Temp\ccmFjiSZ.s 			page 20


 864      536C6176 
 865              	.LASF2:
 866 01a8 73686F72 		.ascii	"short int\000"
 866      7420696E 
 866      7400
 867              	.LASF9:
 868 01b2 75696E74 		.ascii	"uint8\000"
 868      3800
 869              	.LASF24:
 870 01b8 474E5520 		.ascii	"GNU C 4.7.3 20130312 (release) [ARM/embedded-4_7-br"
 870      4320342E 
 870      372E3320 
 870      32303133 
 870      30333132 
 871 01eb 616E6368 		.ascii	"anch revision 196615]\000"
 871      20726576 
 871      6973696F 
 871      6E203139 
 871      36363135 
 872              	.LASF19:
 873 0201 4C43445F 		.ascii	"LCD_LCDPort_Read\000"
 873      4C434450 
 873      6F72745F 
 873      52656164 
 873      00
 874              	.LASF4:
 875 0212 6C6F6E67 		.ascii	"long int\000"
 875      20696E74 
 875      00
 876              	.LASF0:
 877 021b 7369676E 		.ascii	"signed char\000"
 877      65642063 
 877      68617200 
 878              		.ident	"GCC: (GNU Tools for ARM Embedded Processors) 4.7.3 20130312 (release) [ARM/embedded-4_7-br
