--------------- Build Started: 09/04/2014 22:59:58 Project: Simon_Slave_Pioneer, Configuration: ARM GCC 4.7.3 Debug ---------------
cydsfit.exe "-.appdatapath" "C:\Users\Greg\AppData\Local\Cypress Semiconductor\PSoC Creator\3.0" "-.fdsnotice" "-.fdswarpdepfile=warp_dependencies.txt" "-.fdselabdepfile=elab_dependencies.txt" "-.fdsbldfile=generated_files.txt" "-p" "C:\perforce\gjl_work\apps\CYSC\Cypress_PSoC_Academy\101_basic\Projects\Simon_Rev03\Simon_Slave_Pioneer\Simon_Slave_Pioneer.cydsn\Simon_Slave_Pioneer.cyprj" "-d" "CY8C4245AXI-483" "-s" "C:\perforce\gjl_work\apps\CYSC\Cypress_PSoC_Academy\101_basic\Projects\Simon_Rev03\Simon_Slave_Pioneer\Simon_Slave_Pioneer.cydsn\Generated_Source\PSoC4" "--" "-yv2" "-v3" "-ygs" "-q10" "-o2" "-.fftcfgtype=LE"
Elaborating Design...
HDL Generation ...
Synthesis ...
Place and Route ...
Tech mapping ...
Info: mpr.M0037: Unused pieces of the design have been optimized out. See the Tech mapping section of the report file for details. (App=cydsfit)
Analog Placement ...
Analog Routing ...
Analog Code Generation ...
Digital Placement ...
Digital Routing ...
Bitstream Generation ...
Static timing analysis ...
API Generation ...
Dependency Generation ...
Clean Temporary Files ...
arm-none-eabi-gcc.exe -I. -I./Generated_Source/PSoC4 -Wno-main -mcpu=cortex-m0 -mthumb -Wall -g -D DEBUG -Wa,-alh=.\CortexM0\ARM_GCC_473\Debug\main.lst -ffunction-sections -c .\main.c -o .\CortexM0\ARM_GCC_473\Debug\main.o
arm-none-eabi-gcc.exe -I. -I./Generated_Source/PSoC4 -Wno-main -mcpu=cortex-m0 -mthumb -Wall -g -D DEBUG -Wa,-alh=.\CortexM0\ARM_GCC_473\Debug\cyfitter_cfg.lst -ffunction-sections -c .\Generated_Source\PSoC4\cyfitter_cfg.c -o .\CortexM0\ARM_GCC_473\Debug\cyfitter_cfg.o
arm-none-eabi-gcc.exe -I. -I./Generated_Source/PSoC4 -Wno-main -mcpu=cortex-m0 -mthumb -Wall -g -D DEBUG -Wa,-alh=.\CortexM0\ARM_GCC_473\Debug\cymetadata.lst -ffunction-sections -c .\Generated_Source\PSoC4\cymetadata.c -o .\CortexM0\ARM_GCC_473\Debug\cymetadata.o
arm-none-eabi-gcc.exe -I. -I./Generated_Source/PSoC4 -Wno-main -mcpu=cortex-m0 -mthumb -Wall -g -D DEBUG -Wa,-alh=.\CortexM0\ARM_GCC_473\Debug\EZI2C.lst -ffunction-sections -c .\Generated_Source\PSoC4\EZI2C.c -o .\CortexM0\ARM_GCC_473\Debug\EZI2C.o
arm-none-eabi-gcc.exe -I. -I./Generated_Source/PSoC4 -Wno-main -mcpu=cortex-m0 -mthumb -Wall -g -D DEBUG -Wa,-alh=.\CortexM0\ARM_GCC_473\Debug\EZI2C_PM.lst -ffunction-sections -c .\Generated_Source\PSoC4\EZI2C_PM.c -o .\CortexM0\ARM_GCC_473\Debug\EZI2C_PM.o
arm-none-eabi-gcc.exe -I. -I./Generated_Source/PSoC4 -Wno-main -mcpu=cortex-m0 -mthumb -Wall -g -D DEBUG -Wa,-alh=.\CortexM0\ARM_GCC_473\Debug\EZI2C_BOOT.lst -ffunction-sections -c .\Generated_Source\PSoC4\EZI2C_BOOT.c -o .\CortexM0\ARM_GCC_473\Debug\EZI2C_BOOT.o
arm-none-eabi-gcc.exe -I. -I./Generated_Source/PSoC4 -Wno-main -mcpu=cortex-m0 -mthumb -Wall -g -D DEBUG -Wa,-alh=.\CortexM0\ARM_GCC_473\Debug\EZI2C_EZI2C.lst -ffunction-sections -c .\Generated_Source\PSoC4\EZI2C_EZI2C.c -o .\CortexM0\ARM_GCC_473\Debug\EZI2C_EZI2C.o
arm-none-eabi-gcc.exe -I. -I./Generated_Source/PSoC4 -Wno-main -mcpu=cortex-m0 -mthumb -Wall -g -D DEBUG -Wa,-alh=.\CortexM0\ARM_GCC_473\Debug\EZI2C_EZI2C_INT.lst -ffunction-sections -c .\Generated_Source\PSoC4\EZI2C_EZI2C_INT.c -o .\CortexM0\ARM_GCC_473\Debug\EZI2C_EZI2C_INT.o
arm-none-eabi-gcc.exe -I. -I./Generated_Source/PSoC4 -Wno-main -mcpu=cortex-m0 -mthumb -Wall -g -D DEBUG -Wa,-alh=.\CortexM0\ARM_GCC_473\Debug\EZI2C_EZI2C_BOOT.lst -ffunction-sections -c .\Generated_Source\PSoC4\EZI2C_EZI2C_BOOT.c -o .\CortexM0\ARM_GCC_473\Debug\EZI2C_EZI2C_BOOT.o
arm-none-eabi-gcc.exe -I. -I./Generated_Source/PSoC4 -Wno-main -mcpu=cortex-m0 -mthumb -Wall -g -D DEBUG -Wa,-alh=.\CortexM0\ARM_GCC_473\Debug\Button1.lst -ffunction-sections -c .\Generated_Source\PSoC4\Button1.c -o .\CortexM0\ARM_GCC_473\Debug\Button1.o
arm-none-eabi-gcc.exe -I. -I./Generated_Source/PSoC4 -Wno-main -mcpu=cortex-m0 -mthumb -Wall -g -D DEBUG -Wa,-alh=.\CortexM0\ARM_GCC_473\Debug\Button2.lst -ffunction-sections -c .\Generated_Source\PSoC4\Button2.c -o .\CortexM0\ARM_GCC_473\Debug\Button2.o
arm-none-eabi-gcc.exe -I. -I./Generated_Source/PSoC4 -Wno-main -mcpu=cortex-m0 -mthumb -Wall -g -D DEBUG -Wa,-alh=.\CortexM0\ARM_GCC_473\Debug\Button3.lst -ffunction-sections -c .\Generated_Source\PSoC4\Button3.c -o .\CortexM0\ARM_GCC_473\Debug\Button3.o
arm-none-eabi-gcc.exe -I. -I./Generated_Source/PSoC4 -Wno-main -mcpu=cortex-m0 -mthumb -Wall -g -D DEBUG -Wa,-alh=.\CortexM0\ARM_GCC_473\Debug\Button4.lst -ffunction-sections -c .\Generated_Source\PSoC4\Button4.c -o .\CortexM0\ARM_GCC_473\Debug\Button4.o
arm-none-eabi-gcc.exe -I. -I./Generated_Source/PSoC4 -Wno-main -mcpu=cortex-m0 -mthumb -Wall -g -D DEBUG -Wa,-alh=.\CortexM0\ARM_GCC_473\Debug\LCD.lst -ffunction-sections -c .\Generated_Source\PSoC4\LCD.c -o .\CortexM0\ARM_GCC_473\Debug\LCD.o
arm-none-eabi-gcc.exe -I. -I./Generated_Source/PSoC4 -Wno-main -mcpu=cortex-m0 -mthumb -Wall -g -D DEBUG -Wa,-alh=.\CortexM0\ARM_GCC_473\Debug\LCD_PM.lst -ffunction-sections -c .\Generated_Source\PSoC4\LCD_PM.c -o .\CortexM0\ARM_GCC_473\Debug\LCD_PM.o
arm-none-eabi-gcc.exe -I. -I./Generated_Source/PSoC4 -Wno-main -mcpu=cortex-m0 -mthumb -Wall -g -D DEBUG -Wa,-alh=.\CortexM0\ARM_GCC_473\Debug\LED1.lst -ffunction-sections -c .\Generated_Source\PSoC4\LED1.c -o .\CortexM0\ARM_GCC_473\Debug\LED1.o
arm-none-eabi-gcc.exe -I. -I./Generated_Source/PSoC4 -Wno-main -mcpu=cortex-m0 -mthumb -Wall -g -D DEBUG -Wa,-alh=.\CortexM0\ARM_GCC_473\Debug\LED2.lst -ffunction-sections -c .\Generated_Source\PSoC4\LED2.c -o .\CortexM0\ARM_GCC_473\Debug\LED2.o
arm-none-eabi-gcc.exe -I. -I./Generated_Source/PSoC4 -Wno-main -mcpu=cortex-m0 -mthumb -Wall -g -D DEBUG -Wa,-alh=.\CortexM0\ARM_GCC_473\Debug\LED3.lst -ffunction-sections -c .\Generated_Source\PSoC4\LED3.c -o .\CortexM0\ARM_GCC_473\Debug\LED3.o
arm-none-eabi-gcc.exe -I. -I./Generated_Source/PSoC4 -Wno-main -mcpu=cortex-m0 -mthumb -Wall -g -D DEBUG -Wa,-alh=.\CortexM0\ARM_GCC_473\Debug\LED4.lst -ffunction-sections -c .\Generated_Source\PSoC4\LED4.c -o .\CortexM0\ARM_GCC_473\Debug\LED4.o
arm-none-eabi-gcc.exe -I. -I./Generated_Source/PSoC4 -Wno-main -mcpu=cortex-m0 -mthumb -Wall -g -D DEBUG -Wa,-alh=.\CortexM0\ARM_GCC_473\Debug\LEDreg.lst -ffunction-sections -c .\Generated_Source\PSoC4\LEDreg.c -o .\CortexM0\ARM_GCC_473\Debug\LEDreg.o
arm-none-eabi-gcc.exe -I. -I./Generated_Source/PSoC4 -Wno-main -mcpu=cortex-m0 -mthumb -Wall -g -D DEBUG -Wa,-alh=.\CortexM0\ARM_GCC_473\Debug\Cheat.lst -ffunction-sections -c .\Generated_Source\PSoC4\Cheat.c -o .\CortexM0\ARM_GCC_473\Debug\Cheat.o
arm-none-eabi-gcc.exe -I. -I./Generated_Source/PSoC4 -Wno-main -mcpu=cortex-m0 -mthumb -Wall -g -D DEBUG -Wa,-alh=.\CortexM0\ARM_GCC_473\Debug\LED_AWAKE.lst -ffunction-sections -c .\Generated_Source\PSoC4\LED_AWAKE.c -o .\CortexM0\ARM_GCC_473\Debug\LED_AWAKE.o
arm-none-eabi-gcc.exe -I. -I./Generated_Source/PSoC4 -Wno-main -mcpu=cortex-m0 -mthumb -Wall -g -D DEBUG -Wa,-alh=.\CortexM0\ARM_GCC_473\Debug\ADC.lst -ffunction-sections -c .\Generated_Source\PSoC4\ADC.c -o .\CortexM0\ARM_GCC_473\Debug\ADC.o
arm-none-eabi-gcc.exe -I. -I./Generated_Source/PSoC4 -Wno-main -mcpu=cortex-m0 -mthumb -Wall -g -D DEBUG -Wa,-alh=.\CortexM0\ARM_GCC_473\Debug\ADC_PM.lst -ffunction-sections -c .\Generated_Source\PSoC4\ADC_PM.c -o .\CortexM0\ARM_GCC_473\Debug\ADC_PM.o
arm-none-eabi-gcc.exe -I. -I./Generated_Source/PSoC4 -Wno-main -mcpu=cortex-m0 -mthumb -Wall -g -D DEBUG -Wa,-alh=.\CortexM0\ARM_GCC_473\Debug\ADC_INT.lst -ffunction-sections -c .\Generated_Source\PSoC4\ADC_INT.c -o .\CortexM0\ARM_GCC_473\Debug\ADC_INT.o
arm-none-eabi-gcc.exe -I. -I./Generated_Source/PSoC4 -Wno-main -mcpu=cortex-m0 -mthumb -Wall -g -D DEBUG -Wa,-alh=.\CortexM0\ARM_GCC_473\Debug\SpeedPin.lst -ffunction-sections -c .\Generated_Source\PSoC4\SpeedPin.c -o .\CortexM0\ARM_GCC_473\Debug\SpeedPin.o
arm-none-eabi-gcc.exe -I. -I./Generated_Source/PSoC4 -Wno-main -mcpu=cortex-m0 -mthumb -Wall -g -D DEBUG -Wa,-alh=.\CortexM0\ARM_GCC_473\Debug\BUZZER.lst -ffunction-sections -c .\Generated_Source\PSoC4\BUZZER.c -o .\CortexM0\ARM_GCC_473\Debug\BUZZER.o
arm-none-eabi-gcc.exe -I. -I./Generated_Source/PSoC4 -Wno-main -mcpu=cortex-m0 -mthumb -Wall -g -D DEBUG -Wa,-alh=.\CortexM0\ARM_GCC_473\Debug\Clock_1.lst -ffunction-sections -c .\Generated_Source\PSoC4\Clock_1.c -o .\CortexM0\ARM_GCC_473\Debug\Clock_1.o
arm-none-eabi-gcc.exe -I. -I./Generated_Source/PSoC4 -Wno-main -mcpu=cortex-m0 -mthumb -Wall -g -D DEBUG -Wa,-alh=.\CortexM0\ARM_GCC_473\Debug\PWM_Fail.lst -ffunction-sections -c .\Generated_Source\PSoC4\PWM_Fail.c -o .\CortexM0\ARM_GCC_473\Debug\PWM_Fail.o
arm-none-eabi-gcc.exe -I. -I./Generated_Source/PSoC4 -Wno-main -mcpu=cortex-m0 -mthumb -Wall -g -D DEBUG -Wa,-alh=.\CortexM0\ARM_GCC_473\Debug\PWM_Fail_PM.lst -ffunction-sections -c .\Generated_Source\PSoC4\PWM_Fail_PM.c -o .\CortexM0\ARM_GCC_473\Debug\PWM_Fail_PM.o
arm-none-eabi-gcc.exe -I. -I./Generated_Source/PSoC4 -Wno-main -mcpu=cortex-m0 -mthumb -Wall -g -D DEBUG -Wa,-alh=.\CortexM0\ARM_GCC_473\Debug\isr_sleep.lst -ffunction-sections -c .\Generated_Source\PSoC4\isr_sleep.c -o .\CortexM0\ARM_GCC_473\Debug\isr_sleep.o
arm-none-eabi-gcc.exe -I. -I./Generated_Source/PSoC4 -Wno-main -mcpu=cortex-m0 -mthumb -Wall -g -D DEBUG -Wa,-alh=.\CortexM0\ARM_GCC_473\Debug\isr_fail.lst -ffunction-sections -c .\Generated_Source\PSoC4\isr_fail.c -o .\CortexM0\ARM_GCC_473\Debug\isr_fail.o
arm-none-eabi-gcc.exe -I. -I./Generated_Source/PSoC4 -Wno-main -mcpu=cortex-m0 -mthumb -Wall -g -D DEBUG -Wa,-alh=.\CortexM0\ARM_GCC_473\Debug\EZI2C_scl.lst -ffunction-sections -c .\Generated_Source\PSoC4\EZI2C_scl.c -o .\CortexM0\ARM_GCC_473\Debug\EZI2C_scl.o
arm-none-eabi-gcc.exe -I. -I./Generated_Source/PSoC4 -Wno-main -mcpu=cortex-m0 -mthumb -Wall -g -D DEBUG -Wa,-alh=.\CortexM0\ARM_GCC_473\Debug\EZI2C_sda.lst -ffunction-sections -c .\Generated_Source\PSoC4\EZI2C_sda.c -o .\CortexM0\ARM_GCC_473\Debug\EZI2C_sda.o
arm-none-eabi-gcc.exe -I. -I./Generated_Source/PSoC4 -Wno-main -mcpu=cortex-m0 -mthumb -Wall -g -D DEBUG -Wa,-alh=.\CortexM0\ARM_GCC_473\Debug\LCD_LCDPort.lst -ffunction-sections -c .\Generated_Source\PSoC4\LCD_LCDPort.c -o .\CortexM0\ARM_GCC_473\Debug\LCD_LCDPort.o
arm-none-eabi-gcc.exe -I. -I./Generated_Source/PSoC4 -Wno-main -mcpu=cortex-m0 -mthumb -Wall -g -D DEBUG -Wa,-alh=.\CortexM0\ARM_GCC_473\Debug\ADC_intClock.lst -ffunction-sections -c .\Generated_Source\PSoC4\ADC_intClock.c -o .\CortexM0\ARM_GCC_473\Debug\ADC_intClock.o
arm-none-eabi-gcc.exe -I. -I./Generated_Source/PSoC4 -Wno-main -mcpu=cortex-m0 -mthumb -Wall -g -D DEBUG -Wa,-alh=.\CortexM0\ARM_GCC_473\Debug\ADC_IRQ.lst -ffunction-sections -c .\Generated_Source\PSoC4\ADC_IRQ.c -o .\CortexM0\ARM_GCC_473\Debug\ADC_IRQ.o
arm-none-eabi-gcc.exe -I. -I./Generated_Source/PSoC4 -Wno-main -mcpu=cortex-m0 -mthumb -Wall -g -D DEBUG -Wa,-alh=.\CortexM0\ARM_GCC_473\Debug\Cm0Start.lst -ffunction-sections -c .\Generated_Source\PSoC4\Cm0Start.c -o .\CortexM0\ARM_GCC_473\Debug\Cm0Start.o
arm-none-eabi-as.exe -I. -I./Generated_Source/PSoC4 -mcpu=cortex-m0 -mthumb -g -alh=.\CortexM0\ARM_GCC_473\Debug/CyBootAsmGnu.lst -o .\CortexM0\ARM_GCC_473\Debug\CyBootAsmGnu.o .\Generated_Source\PSoC4\CyBootAsmGnu.s
arm-none-eabi-gcc.exe -I. -I./Generated_Source/PSoC4 -Wno-main -mcpu=cortex-m0 -mthumb -Wall -g -D DEBUG -Wa,-alh=.\CortexM0\ARM_GCC_473\Debug\CyFlash.lst -ffunction-sections -c .\Generated_Source\PSoC4\CyFlash.c -o .\CortexM0\ARM_GCC_473\Debug\CyFlash.o
arm-none-eabi-gcc.exe -I. -I./Generated_Source/PSoC4 -Wno-main -mcpu=cortex-m0 -mthumb -Wall -g -D DEBUG -Wa,-alh=.\CortexM0\ARM_GCC_473\Debug\CyLib.lst -ffunction-sections -c .\Generated_Source\PSoC4\CyLib.c -o .\CortexM0\ARM_GCC_473\Debug\CyLib.o
arm-none-eabi-gcc.exe -I. -I./Generated_Source/PSoC4 -Wno-main -mcpu=cortex-m0 -mthumb -Wall -g -D DEBUG -Wa,-alh=.\CortexM0\ARM_GCC_473\Debug\cyPm.lst -ffunction-sections -c .\Generated_Source\PSoC4\cyPm.c -o .\CortexM0\ARM_GCC_473\Debug\cyPm.o
arm-none-eabi-gcc.exe -I. -I./Generated_Source/PSoC4 -Wno-main -mcpu=cortex-m0 -mthumb -Wall -g -D DEBUG -Wa,-alh=.\CortexM0\ARM_GCC_473\Debug\cyutils.lst -ffunction-sections -c .\Generated_Source\PSoC4\cyutils.c -o .\CortexM0\ARM_GCC_473\Debug\cyutils.o
arm-none-eabi-gcc.exe -I. -I./Generated_Source/PSoC4 -Wno-main -mcpu=cortex-m0 -mthumb -Wall -g -D DEBUG -Wa,-alh=.\CortexM0\ARM_GCC_473\Debug\Button_Reg.lst -ffunction-sections -c .\Generated_Source\PSoC4\Button_Reg.c -o .\CortexM0\ARM_GCC_473\Debug\Button_Reg.o
arm-none-eabi-ar.exe -rs .\CortexM0\ARM_GCC_473\Debug\Simon_Slave_Pioneer.a .\CortexM0\ARM_GCC_473\Debug\cyfitter_cfg.o .\CortexM0\ARM_GCC_473\Debug\EZI2C.o .\CortexM0\ARM_GCC_473\Debug\EZI2C_PM.o .\CortexM0\ARM_GCC_473\Debug\EZI2C_BOOT.o .\CortexM0\ARM_GCC_473\Debug\EZI2C_EZI2C.o .\CortexM0\ARM_GCC_473\Debug\EZI2C_EZI2C_INT.o .\CortexM0\ARM_GCC_473\Debug\EZI2C_EZI2C_BOOT.o .\CortexM0\ARM_GCC_473\Debug\Button1.o .\CortexM0\ARM_GCC_473\Debug\Button2.o .\CortexM0\ARM_GCC_473\Debug\Button3.o .\CortexM0\ARM_GCC_473\Debug\Button4.o .\CortexM0\ARM_GCC_473\Debug\LCD.o .\CortexM0\ARM_GCC_473\Debug\LCD_PM.o .\CortexM0\ARM_GCC_473\Debug\LED1.o .\CortexM0\ARM_GCC_473\Debug\LED2.o .\CortexM0\ARM_GCC_473\Debug\LED3.o .\CortexM0\ARM_GCC_473\Debug\LED4.o .\CortexM0\ARM_GCC_473\Debug\LEDreg.o .\CortexM0\ARM_GCC_473\Debug\Cheat.o .\CortexM0\ARM_GCC_473\Debug\LED_AWAKE.o .\CortexM0\ARM_GCC_473\Debug\ADC.o .\CortexM0\ARM_GCC_473\Debug\ADC_PM.o .\CortexM0\ARM_GCC_473\Debug\ADC_INT.o .\CortexM0\ARM_GCC_473\Debug\SpeedPin.o .\CortexM0\ARM_GCC_473\Debug\BUZZER.o .\CortexM0\ARM_GCC_473\Debug\Clock_1.o .\CortexM0\ARM_GCC_473\Debug\PWM_Fail.o .\CortexM0\ARM_GCC_473\Debug\PWM_Fail_PM.o .\CortexM0\ARM_GCC_473\Debug\isr_sleep.o .\CortexM0\ARM_GCC_473\Debug\isr_fail.o .\CortexM0\ARM_GCC_473\Debug\EZI2C_scl.o .\CortexM0\ARM_GCC_473\Debug\EZI2C_sda.o .\CortexM0\ARM_GCC_473\Debug\LCD_LCDPort.o .\CortexM0\ARM_GCC_473\Debug\ADC_intClock.o .\CortexM0\ARM_GCC_473\Debug\ADC_IRQ.o .\CortexM0\ARM_GCC_473\Debug\CyBootAsmGnu.o .\CortexM0\ARM_GCC_473\Debug\CyFlash.o .\CortexM0\ARM_GCC_473\Debug\CyLib.o .\CortexM0\ARM_GCC_473\Debug\cyPm.o .\CortexM0\ARM_GCC_473\Debug\cyutils.o .\CortexM0\ARM_GCC_473\Debug\Button_Reg.o
arm-none-eabi-ar.exe: creating .\CortexM0\ARM_GCC_473\Debug\Simon_Slave_Pioneer.a
arm-none-eabi-gcc.exe -mthumb -march=armv6-m -T .\Generated_Source\PSoC4\cm0gcc.ld -g -Wl,-Map,.\CortexM0\ARM_GCC_473\Debug\Simon_Slave_Pioneer.map -specs=nano.specs -Wl,--gc-sections -Wl,--start-group -o .\CortexM0\ARM_GCC_473\Debug\Simon_Slave_Pioneer.elf .\CortexM0\ARM_GCC_473\Debug\main.o .\CortexM0\ARM_GCC_473\Debug\cymetadata.o .\CortexM0\ARM_GCC_473\Debug\Cm0Start.o .\CortexM0\ARM_GCC_473\Debug\Simon_Slave_Pioneer.a "C:\Program Files\Cypress\PSoC Creator\3.0\PSoC Creator\psoc\content\cycomponentlibrary\CyComponentLibrary.cylib\CortexM0\ARM_GCC_473\Debug\CyComponentLibrary.a" -Wl,--end-group
cyelftool.exe -C C:\perforce\gjl_work\apps\CYSC\Cypress_PSoC_Academy\101_basic\Projects\Simon_Rev03\Simon_Slave_Pioneer\Simon_Slave_Pioneer.cydsn\CortexM0\ARM_GCC_473\Debug\Simon_Slave_Pioneer.elf --flash_size 32768 --flash_row_size 128
cyelftool.exe -S C:\perforce\gjl_work\apps\CYSC\Cypress_PSoC_Academy\101_basic\Projects\Simon_Rev03\Simon_Slave_Pioneer\Simon_Slave_Pioneer.cydsn\CortexM0\ARM_GCC_473\Debug\Simon_Slave_Pioneer.elf
Flash used: 10030 of 32768 bytes (30.6 %).
SRAM used: 1596 of 4096 bytes (39.0 %).
--------------- Build Succeeded: 09/04/2014 23:00:34 ---------------
