ARM GAS  C:\Users\gjl\AppData\Local\Temp\cczlBp0o.s 			page 1


   1              		.syntax unified
   2              		.cpu cortex-m0
   3              		.fpu softvfp
   4              		.eabi_attribute 20, 1
   5              		.eabi_attribute 21, 1
   6              		.eabi_attribute 23, 3
   7              		.eabi_attribute 24, 1
   8              		.eabi_attribute 25, 1
   9              		.eabi_attribute 26, 1
  10              		.eabi_attribute 30, 6
  11              		.eabi_attribute 34, 0
  12              		.eabi_attribute 18, 4
  13              		.thumb
  14              		.syntax unified
  15              		.file	"ADC_INT.c"
  16              		.text
  17              	.Ltext0:
  18              		.cfi_sections	.debug_frame
  19              		.section	.text.ADC_ISR,"ax",%progbits
  20              		.align	2
  21              		.global	ADC_ISR
  22              		.code	16
  23              		.thumb_func
  24              		.type	ADC_ISR, %function
  25              	ADC_ISR:
  26              	.LFB0:
  27              		.file 1 "Generated_Source\\PSoC4\\ADC_INT.c"
   1:Generated_Source\PSoC4/ADC_INT.c **** /*******************************************************************************
   2:Generated_Source\PSoC4/ADC_INT.c **** * File Name: ADC_INT.c
   3:Generated_Source\PSoC4/ADC_INT.c **** * Version 2.50
   4:Generated_Source\PSoC4/ADC_INT.c **** *
   5:Generated_Source\PSoC4/ADC_INT.c **** *  Description:
   6:Generated_Source\PSoC4/ADC_INT.c **** *    This file contains the code that operates during the ADC_SAR interrupt
   7:Generated_Source\PSoC4/ADC_INT.c **** *    service routine.
   8:Generated_Source\PSoC4/ADC_INT.c **** *
   9:Generated_Source\PSoC4/ADC_INT.c **** *   Note:
  10:Generated_Source\PSoC4/ADC_INT.c **** *
  11:Generated_Source\PSoC4/ADC_INT.c **** ********************************************************************************
  12:Generated_Source\PSoC4/ADC_INT.c **** * Copyright 2008-2017, Cypress Semiconductor Corporation.  All rights reserved.
  13:Generated_Source\PSoC4/ADC_INT.c **** * You may use this file only in accordance with the license, terms, conditions,
  14:Generated_Source\PSoC4/ADC_INT.c **** * disclaimers, and limitations in the end user license agreement accompanying
  15:Generated_Source\PSoC4/ADC_INT.c **** * the software package with which this file was provided.
  16:Generated_Source\PSoC4/ADC_INT.c **** *******************************************************************************/
  17:Generated_Source\PSoC4/ADC_INT.c **** 
  18:Generated_Source\PSoC4/ADC_INT.c **** #include "ADC.h"
  19:Generated_Source\PSoC4/ADC_INT.c **** 
  20:Generated_Source\PSoC4/ADC_INT.c **** 
  21:Generated_Source\PSoC4/ADC_INT.c **** 
  22:Generated_Source\PSoC4/ADC_INT.c **** /******************************************************************************
  23:Generated_Source\PSoC4/ADC_INT.c **** * Custom Declarations and Variables
  24:Generated_Source\PSoC4/ADC_INT.c **** * - add user inlcude files, prototypes and variables between the following
  25:Generated_Source\PSoC4/ADC_INT.c **** *   #START and #END tags
  26:Generated_Source\PSoC4/ADC_INT.c **** ******************************************************************************/
  27:Generated_Source\PSoC4/ADC_INT.c **** /* `#START ADC_SYS_VAR`  */
  28:Generated_Source\PSoC4/ADC_INT.c **** 
  29:Generated_Source\PSoC4/ADC_INT.c **** /* `#END`  */
  30:Generated_Source\PSoC4/ADC_INT.c **** 
ARM GAS  C:\Users\gjl\AppData\Local\Temp\cczlBp0o.s 			page 2


  31:Generated_Source\PSoC4/ADC_INT.c **** #if(ADC_IRQ_REMOVE == 0u)
  32:Generated_Source\PSoC4/ADC_INT.c **** 
  33:Generated_Source\PSoC4/ADC_INT.c **** 
  34:Generated_Source\PSoC4/ADC_INT.c ****     /******************************************************************************
  35:Generated_Source\PSoC4/ADC_INT.c ****     * Function Name: ADC_ISR
  36:Generated_Source\PSoC4/ADC_INT.c ****     *******************************************************************************
  37:Generated_Source\PSoC4/ADC_INT.c ****     *
  38:Generated_Source\PSoC4/ADC_INT.c ****     * Summary:
  39:Generated_Source\PSoC4/ADC_INT.c ****     *  Handle Interrupt Service Routine.
  40:Generated_Source\PSoC4/ADC_INT.c ****     *
  41:Generated_Source\PSoC4/ADC_INT.c ****     * Parameters:
  42:Generated_Source\PSoC4/ADC_INT.c ****     *  None.
  43:Generated_Source\PSoC4/ADC_INT.c ****     *
  44:Generated_Source\PSoC4/ADC_INT.c ****     * Return:
  45:Generated_Source\PSoC4/ADC_INT.c ****     *  None.
  46:Generated_Source\PSoC4/ADC_INT.c ****     *
  47:Generated_Source\PSoC4/ADC_INT.c ****     * Reentrant:
  48:Generated_Source\PSoC4/ADC_INT.c ****     *  No.
  49:Generated_Source\PSoC4/ADC_INT.c ****     *
  50:Generated_Source\PSoC4/ADC_INT.c ****     ******************************************************************************/
  51:Generated_Source\PSoC4/ADC_INT.c ****     CY_ISR( ADC_ISR )
  52:Generated_Source\PSoC4/ADC_INT.c ****     {
  28              		.loc 1 52 0
  29              		.cfi_startproc
  30              		@ args = 0, pretend = 0, frame = 8
  31              		@ frame_needed = 1, uses_anonymous_args = 0
  32 0000 80B5     		push	{r7, lr}
  33              		.cfi_def_cfa_offset 8
  34              		.cfi_offset 7, -8
  35              		.cfi_offset 14, -4
  36 0002 82B0     		sub	sp, sp, #8
  37              		.cfi_def_cfa_offset 16
  38 0004 00AF     		add	r7, sp, #0
  39              		.cfi_def_cfa_register 7
  53:Generated_Source\PSoC4/ADC_INT.c ****         uint32 intr_status;
  54:Generated_Source\PSoC4/ADC_INT.c **** 
  55:Generated_Source\PSoC4/ADC_INT.c ****         /* Read interrupt status register */
  56:Generated_Source\PSoC4/ADC_INT.c ****         intr_status = ADC_SAR_INTR_REG;
  40              		.loc 1 56 0
  41 0006 054B     		ldr	r3, .L2
  42 0008 1B68     		ldr	r3, [r3]
  43 000a 7B60     		str	r3, [r7, #4]
  57:Generated_Source\PSoC4/ADC_INT.c **** 
  58:Generated_Source\PSoC4/ADC_INT.c ****         #ifdef ADC_ISR_INTERRUPT_CALLBACK
  59:Generated_Source\PSoC4/ADC_INT.c ****             ADC_ISR_InterruptCallback();
  60:Generated_Source\PSoC4/ADC_INT.c ****         #endif /* ADC_ISR_INTERRUPT_CALLBACK */
  61:Generated_Source\PSoC4/ADC_INT.c **** 
  62:Generated_Source\PSoC4/ADC_INT.c **** 
  63:Generated_Source\PSoC4/ADC_INT.c ****         /************************************************************************
  64:Generated_Source\PSoC4/ADC_INT.c ****         *  Custom Code
  65:Generated_Source\PSoC4/ADC_INT.c ****         *  - add user ISR code between the following #START and #END tags
  66:Generated_Source\PSoC4/ADC_INT.c ****         *************************************************************************/
  67:Generated_Source\PSoC4/ADC_INT.c ****         /* `#START MAIN_ADC_ISR`  */
  68:Generated_Source\PSoC4/ADC_INT.c **** 
  69:Generated_Source\PSoC4/ADC_INT.c ****         /* `#END`  */
  70:Generated_Source\PSoC4/ADC_INT.c ****         
  71:Generated_Source\PSoC4/ADC_INT.c ****         /* Clear handled interrupt */
ARM GAS  C:\Users\gjl\AppData\Local\Temp\cczlBp0o.s 			page 3


  72:Generated_Source\PSoC4/ADC_INT.c ****         ADC_SAR_INTR_REG = intr_status;
  44              		.loc 1 72 0
  45 000c 034B     		ldr	r3, .L2
  46 000e 7A68     		ldr	r2, [r7, #4]
  47 0010 1A60     		str	r2, [r3]
  73:Generated_Source\PSoC4/ADC_INT.c ****     }
  48              		.loc 1 73 0
  49 0012 C046     		nop
  50 0014 BD46     		mov	sp, r7
  51 0016 02B0     		add	sp, sp, #8
  52              		@ sp needed
  53 0018 80BD     		pop	{r7, pc}
  54              	.L3:
  55 001a C046     		.align	2
  56              	.L2:
  57 001c 10021A40 		.word	1075446288
  58              		.cfi_endproc
  59              	.LFE0:
  60              		.size	ADC_ISR, .-ADC_ISR
  61              		.text
  62              	.Letext0:
  63              		.file 2 "Generated_Source\\PSoC4\\cytypes.h"
  64              		.section	.debug_info,"",%progbits
  65              	.Ldebug_info0:
  66 0000 C8000000 		.4byte	0xc8
  67 0004 0400     		.2byte	0x4
  68 0006 00000000 		.4byte	.Ldebug_abbrev0
  69 000a 04       		.byte	0x4
  70 000b 01       		.uleb128 0x1
  71 000c 59010000 		.4byte	.LASF16
  72 0010 0C       		.byte	0xc
  73 0011 65000000 		.4byte	.LASF17
  74 0015 86000000 		.4byte	.LASF18
  75 0019 00000000 		.4byte	.Ldebug_ranges0+0
  76 001d 00000000 		.4byte	0
  77 0021 00000000 		.4byte	.Ldebug_line0
  78 0025 02       		.uleb128 0x2
  79 0026 01       		.byte	0x1
  80 0027 06       		.byte	0x6
  81 0028 37010000 		.4byte	.LASF0
  82 002c 02       		.uleb128 0x2
  83 002d 01       		.byte	0x1
  84 002e 08       		.byte	0x8
  85 002f FB000000 		.4byte	.LASF1
  86 0033 02       		.uleb128 0x2
  87 0034 02       		.byte	0x2
  88 0035 05       		.byte	0x5
  89 0036 4F010000 		.4byte	.LASF2
  90 003a 02       		.uleb128 0x2
  91 003b 02       		.byte	0x2
  92 003c 07       		.byte	0x7
  93 003d 24010000 		.4byte	.LASF3
  94 0041 02       		.uleb128 0x2
  95 0042 04       		.byte	0x4
  96 0043 05       		.byte	0x5
  97 0044 0E010000 		.4byte	.LASF4
  98 0048 02       		.uleb128 0x2
ARM GAS  C:\Users\gjl\AppData\Local\Temp\cczlBp0o.s 			page 4


  99 0049 04       		.byte	0x4
 100 004a 07       		.byte	0x7
 101 004b 2A000000 		.4byte	.LASF5
 102 004f 02       		.uleb128 0x2
 103 0050 08       		.byte	0x8
 104 0051 05       		.byte	0x5
 105 0052 00000000 		.4byte	.LASF6
 106 0056 02       		.uleb128 0x2
 107 0057 08       		.byte	0x8
 108 0058 07       		.byte	0x7
 109 0059 3C000000 		.4byte	.LASF7
 110 005d 03       		.uleb128 0x3
 111 005e 04       		.byte	0x4
 112 005f 05       		.byte	0x5
 113 0060 696E7400 		.ascii	"int\000"
 114 0064 02       		.uleb128 0x2
 115 0065 04       		.byte	0x4
 116 0066 07       		.byte	0x7
 117 0067 15000000 		.4byte	.LASF8
 118 006b 04       		.uleb128 0x4
 119 006c 0E000000 		.4byte	.LASF12
 120 0070 02       		.byte	0x2
 121 0071 D401     		.2byte	0x1d4
 122 0073 48000000 		.4byte	0x48
 123 0077 02       		.uleb128 0x2
 124 0078 04       		.byte	0x4
 125 0079 04       		.byte	0x4
 126 007a 53000000 		.4byte	.LASF9
 127 007e 02       		.uleb128 0x2
 128 007f 08       		.byte	0x8
 129 0080 04       		.byte	0x4
 130 0081 17010000 		.4byte	.LASF10
 131 0085 02       		.uleb128 0x2
 132 0086 01       		.byte	0x1
 133 0087 08       		.byte	0x8
 134 0088 09010000 		.4byte	.LASF11
 135 008c 04       		.uleb128 0x4
 136 008d 1E010000 		.4byte	.LASF13
 137 0091 02       		.byte	0x2
 138 0092 7E02     		.2byte	0x27e
 139 0094 98000000 		.4byte	0x98
 140 0098 05       		.uleb128 0x5
 141 0099 6B000000 		.4byte	0x6b
 142 009d 02       		.uleb128 0x2
 143 009e 08       		.byte	0x8
 144 009f 04       		.byte	0x4
 145 00a0 43010000 		.4byte	.LASF14
 146 00a4 02       		.uleb128 0x2
 147 00a5 04       		.byte	0x4
 148 00a6 07       		.byte	0x7
 149 00a7 E7010000 		.4byte	.LASF15
 150 00ab 06       		.uleb128 0x6
 151 00ac 22000000 		.4byte	.LASF19
 152 00b0 01       		.byte	0x1
 153 00b1 33       		.byte	0x33
 154 00b2 00000000 		.4byte	.LFB0
 155 00b6 20000000 		.4byte	.LFE0-.LFB0
ARM GAS  C:\Users\gjl\AppData\Local\Temp\cczlBp0o.s 			page 5


 156 00ba 01       		.uleb128 0x1
 157 00bb 9C       		.byte	0x9c
 158 00bc 07       		.uleb128 0x7
 159 00bd 59000000 		.4byte	.LASF20
 160 00c1 01       		.byte	0x1
 161 00c2 35       		.byte	0x35
 162 00c3 6B000000 		.4byte	0x6b
 163 00c7 02       		.uleb128 0x2
 164 00c8 91       		.byte	0x91
 165 00c9 74       		.sleb128 -12
 166 00ca 00       		.byte	0
 167 00cb 00       		.byte	0
 168              		.section	.debug_abbrev,"",%progbits
 169              	.Ldebug_abbrev0:
 170 0000 01       		.uleb128 0x1
 171 0001 11       		.uleb128 0x11
 172 0002 01       		.byte	0x1
 173 0003 25       		.uleb128 0x25
 174 0004 0E       		.uleb128 0xe
 175 0005 13       		.uleb128 0x13
 176 0006 0B       		.uleb128 0xb
 177 0007 03       		.uleb128 0x3
 178 0008 0E       		.uleb128 0xe
 179 0009 1B       		.uleb128 0x1b
 180 000a 0E       		.uleb128 0xe
 181 000b 55       		.uleb128 0x55
 182 000c 17       		.uleb128 0x17
 183 000d 11       		.uleb128 0x11
 184 000e 01       		.uleb128 0x1
 185 000f 10       		.uleb128 0x10
 186 0010 17       		.uleb128 0x17
 187 0011 00       		.byte	0
 188 0012 00       		.byte	0
 189 0013 02       		.uleb128 0x2
 190 0014 24       		.uleb128 0x24
 191 0015 00       		.byte	0
 192 0016 0B       		.uleb128 0xb
 193 0017 0B       		.uleb128 0xb
 194 0018 3E       		.uleb128 0x3e
 195 0019 0B       		.uleb128 0xb
 196 001a 03       		.uleb128 0x3
 197 001b 0E       		.uleb128 0xe
 198 001c 00       		.byte	0
 199 001d 00       		.byte	0
 200 001e 03       		.uleb128 0x3
 201 001f 24       		.uleb128 0x24
 202 0020 00       		.byte	0
 203 0021 0B       		.uleb128 0xb
 204 0022 0B       		.uleb128 0xb
 205 0023 3E       		.uleb128 0x3e
 206 0024 0B       		.uleb128 0xb
 207 0025 03       		.uleb128 0x3
 208 0026 08       		.uleb128 0x8
 209 0027 00       		.byte	0
 210 0028 00       		.byte	0
 211 0029 04       		.uleb128 0x4
 212 002a 16       		.uleb128 0x16
ARM GAS  C:\Users\gjl\AppData\Local\Temp\cczlBp0o.s 			page 6


 213 002b 00       		.byte	0
 214 002c 03       		.uleb128 0x3
 215 002d 0E       		.uleb128 0xe
 216 002e 3A       		.uleb128 0x3a
 217 002f 0B       		.uleb128 0xb
 218 0030 3B       		.uleb128 0x3b
 219 0031 05       		.uleb128 0x5
 220 0032 49       		.uleb128 0x49
 221 0033 13       		.uleb128 0x13
 222 0034 00       		.byte	0
 223 0035 00       		.byte	0
 224 0036 05       		.uleb128 0x5
 225 0037 35       		.uleb128 0x35
 226 0038 00       		.byte	0
 227 0039 49       		.uleb128 0x49
 228 003a 13       		.uleb128 0x13
 229 003b 00       		.byte	0
 230 003c 00       		.byte	0
 231 003d 06       		.uleb128 0x6
 232 003e 2E       		.uleb128 0x2e
 233 003f 01       		.byte	0x1
 234 0040 3F       		.uleb128 0x3f
 235 0041 19       		.uleb128 0x19
 236 0042 03       		.uleb128 0x3
 237 0043 0E       		.uleb128 0xe
 238 0044 3A       		.uleb128 0x3a
 239 0045 0B       		.uleb128 0xb
 240 0046 3B       		.uleb128 0x3b
 241 0047 0B       		.uleb128 0xb
 242 0048 27       		.uleb128 0x27
 243 0049 19       		.uleb128 0x19
 244 004a 11       		.uleb128 0x11
 245 004b 01       		.uleb128 0x1
 246 004c 12       		.uleb128 0x12
 247 004d 06       		.uleb128 0x6
 248 004e 40       		.uleb128 0x40
 249 004f 18       		.uleb128 0x18
 250 0050 9742     		.uleb128 0x2117
 251 0052 19       		.uleb128 0x19
 252 0053 00       		.byte	0
 253 0054 00       		.byte	0
 254 0055 07       		.uleb128 0x7
 255 0056 34       		.uleb128 0x34
 256 0057 00       		.byte	0
 257 0058 03       		.uleb128 0x3
 258 0059 0E       		.uleb128 0xe
 259 005a 3A       		.uleb128 0x3a
 260 005b 0B       		.uleb128 0xb
 261 005c 3B       		.uleb128 0x3b
 262 005d 0B       		.uleb128 0xb
 263 005e 49       		.uleb128 0x49
 264 005f 13       		.uleb128 0x13
 265 0060 02       		.uleb128 0x2
 266 0061 18       		.uleb128 0x18
 267 0062 00       		.byte	0
 268 0063 00       		.byte	0
 269 0064 00       		.byte	0
ARM GAS  C:\Users\gjl\AppData\Local\Temp\cczlBp0o.s 			page 7


 270              		.section	.debug_aranges,"",%progbits
 271 0000 1C000000 		.4byte	0x1c
 272 0004 0200     		.2byte	0x2
 273 0006 00000000 		.4byte	.Ldebug_info0
 274 000a 04       		.byte	0x4
 275 000b 00       		.byte	0
 276 000c 0000     		.2byte	0
 277 000e 0000     		.2byte	0
 278 0010 00000000 		.4byte	.LFB0
 279 0014 20000000 		.4byte	.LFE0-.LFB0
 280 0018 00000000 		.4byte	0
 281 001c 00000000 		.4byte	0
 282              		.section	.debug_ranges,"",%progbits
 283              	.Ldebug_ranges0:
 284 0000 00000000 		.4byte	.LFB0
 285 0004 20000000 		.4byte	.LFE0
 286 0008 00000000 		.4byte	0
 287 000c 00000000 		.4byte	0
 288              		.section	.debug_line,"",%progbits
 289              	.Ldebug_line0:
 290 0000 5E000000 		.section	.debug_str,"MS",%progbits,1
 290      02004400 
 290      00000201 
 290      FB0E0D00 
 290      01010101 
 291              	.LASF6:
 292 0000 6C6F6E67 		.ascii	"long long int\000"
 292      206C6F6E 
 292      6720696E 
 292      7400
 293              	.LASF12:
 294 000e 75696E74 		.ascii	"uint32\000"
 294      333200
 295              	.LASF8:
 296 0015 756E7369 		.ascii	"unsigned int\000"
 296      676E6564 
 296      20696E74 
 296      00
 297              	.LASF19:
 298 0022 4144435F 		.ascii	"ADC_ISR\000"
 298      49535200 
 299              	.LASF5:
 300 002a 6C6F6E67 		.ascii	"long unsigned int\000"
 300      20756E73 
 300      69676E65 
 300      6420696E 
 300      7400
 301              	.LASF7:
 302 003c 6C6F6E67 		.ascii	"long long unsigned int\000"
 302      206C6F6E 
 302      6720756E 
 302      7369676E 
 302      65642069 
 303              	.LASF9:
 304 0053 666C6F61 		.ascii	"float\000"
 304      7400
 305              	.LASF20:
ARM GAS  C:\Users\gjl\AppData\Local\Temp\cczlBp0o.s 			page 8


 306 0059 696E7472 		.ascii	"intr_status\000"
 306      5F737461 
 306      74757300 
 307              	.LASF17:
 308 0065 47656E65 		.ascii	"Generated_Source\\PSoC4\\ADC_INT.c\000"
 308      72617465 
 308      645F536F 
 308      75726365 
 308      5C50536F 
 309              	.LASF18:
 310 0086 433A5C53 		.ascii	"C:\\SVN\\apps\\trunk\\Cypress Academy\\PSoC-101\\Pr"
 310      564E5C61 
 310      7070735C 
 310      7472756E 
 310      6B5C4379 
 311 00b3 6F6A6563 		.ascii	"ojects\\Team_Project\\Simon\\Simon_Slave_Pioneer\\S"
 311      74735C54 
 311      65616D5F 
 311      50726F6A 
 311      6563745C 
 312 00e2 696D6F6E 		.ascii	"imon_Slave_Pioneer.cydsn\000"
 312      5F536C61 
 312      76655F50 
 312      696F6E65 
 312      65722E63 
 313              	.LASF1:
 314 00fb 756E7369 		.ascii	"unsigned char\000"
 314      676E6564 
 314      20636861 
 314      7200
 315              	.LASF11:
 316 0109 63686172 		.ascii	"char\000"
 316      00
 317              	.LASF4:
 318 010e 6C6F6E67 		.ascii	"long int\000"
 318      20696E74 
 318      00
 319              	.LASF10:
 320 0117 646F7562 		.ascii	"double\000"
 320      6C6500
 321              	.LASF13:
 322 011e 72656733 		.ascii	"reg32\000"
 322      3200
 323              	.LASF3:
 324 0124 73686F72 		.ascii	"short unsigned int\000"
 324      7420756E 
 324      7369676E 
 324      65642069 
 324      6E7400
 325              	.LASF0:
 326 0137 7369676E 		.ascii	"signed char\000"
 326      65642063 
 326      68617200 
 327              	.LASF14:
 328 0143 6C6F6E67 		.ascii	"long double\000"
 328      20646F75 
 328      626C6500 
ARM GAS  C:\Users\gjl\AppData\Local\Temp\cczlBp0o.s 			page 9


 329              	.LASF2:
 330 014f 73686F72 		.ascii	"short int\000"
 330      7420696E 
 330      7400
 331              	.LASF16:
 332 0159 474E5520 		.ascii	"GNU C11 5.4.1 20160609 (release) [ARM/embedded-5-br"
 332      43313120 
 332      352E342E 
 332      31203230 
 332      31363036 
 333 018c 616E6368 		.ascii	"anch revision 237715] -mcpu=cortex-m0 -mthumb -g -O"
 333      20726576 
 333      6973696F 
 333      6E203233 
 333      37373135 
 334 01bf 30202D66 		.ascii	"0 -ffunction-sections -ffat-lto-objects\000"
 334      66756E63 
 334      74696F6E 
 334      2D736563 
 334      74696F6E 
 335              	.LASF15:
 336 01e7 73697A65 		.ascii	"sizetype\000"
 336      74797065 
 336      00
 337              		.ident	"GCC: (GNU Tools for ARM Embedded Processors) 5.4.1 20160609 (release) [ARM/embedded-5-bran
