ARM GAS  C:\Users\gjl\AppData\Local\Temp\ccYvuRZj.s 			page 1


   1              		.syntax unified
   2              		.cpu cortex-m0
   3              		.fpu softvfp
   4              		.eabi_attribute 20, 1
   5              		.eabi_attribute 21, 1
   6              		.eabi_attribute 23, 3
   7              		.eabi_attribute 24, 1
   8              		.eabi_attribute 25, 1
   9              		.eabi_attribute 26, 1
  10              		.eabi_attribute 30, 6
  11              		.eabi_attribute 34, 0
  12              		.eabi_attribute 18, 4
  13              		.thumb
  14              		.syntax unified
  15              		.file	"Button_Reg.c"
  16              		.text
  17              	.Ltext0:
  18              		.cfi_sections	.debug_frame
  19              		.section	.text.Button_Reg_Read,"ax",%progbits
  20              		.align	2
  21              		.global	Button_Reg_Read
  22              		.code	16
  23              		.thumb_func
  24              		.type	Button_Reg_Read, %function
  25              	Button_Reg_Read:
  26              	.LFB0:
  27              		.file 1 "Generated_Source\\PSoC4\\Button_Reg.c"
   1:Generated_Source\PSoC4/Button_Reg.c **** /*******************************************************************************
   2:Generated_Source\PSoC4/Button_Reg.c **** * File Name: Button_Reg.c  
   3:Generated_Source\PSoC4/Button_Reg.c **** * Version 1.90
   4:Generated_Source\PSoC4/Button_Reg.c **** *
   5:Generated_Source\PSoC4/Button_Reg.c **** * Description:
   6:Generated_Source\PSoC4/Button_Reg.c **** *  This file contains API to enable firmware to read the value of a Status 
   7:Generated_Source\PSoC4/Button_Reg.c **** *  Register.
   8:Generated_Source\PSoC4/Button_Reg.c **** *
   9:Generated_Source\PSoC4/Button_Reg.c **** * Note:
  10:Generated_Source\PSoC4/Button_Reg.c **** *
  11:Generated_Source\PSoC4/Button_Reg.c **** ********************************************************************************
  12:Generated_Source\PSoC4/Button_Reg.c **** * Copyright 2008-2015, Cypress Semiconductor Corporation.  All rights reserved.
  13:Generated_Source\PSoC4/Button_Reg.c **** * You may use this file only in accordance with the license, terms, conditions, 
  14:Generated_Source\PSoC4/Button_Reg.c **** * disclaimers, and limitations in the end user license agreement accompanying 
  15:Generated_Source\PSoC4/Button_Reg.c **** * the software package with which this file was provided.
  16:Generated_Source\PSoC4/Button_Reg.c **** *******************************************************************************/
  17:Generated_Source\PSoC4/Button_Reg.c **** 
  18:Generated_Source\PSoC4/Button_Reg.c **** #include "Button_Reg.h"
  19:Generated_Source\PSoC4/Button_Reg.c **** 
  20:Generated_Source\PSoC4/Button_Reg.c **** #if !defined(Button_Reg_sts_sts_reg__REMOVED) /* Check for removal by optimization */
  21:Generated_Source\PSoC4/Button_Reg.c **** 
  22:Generated_Source\PSoC4/Button_Reg.c **** 
  23:Generated_Source\PSoC4/Button_Reg.c **** /*******************************************************************************
  24:Generated_Source\PSoC4/Button_Reg.c **** * Function Name: Button_Reg_Read
  25:Generated_Source\PSoC4/Button_Reg.c **** ********************************************************************************
  26:Generated_Source\PSoC4/Button_Reg.c **** *
  27:Generated_Source\PSoC4/Button_Reg.c **** * Summary:
  28:Generated_Source\PSoC4/Button_Reg.c **** *  Reads the current value assigned to the Status Register.
  29:Generated_Source\PSoC4/Button_Reg.c **** *
  30:Generated_Source\PSoC4/Button_Reg.c **** * Parameters:
ARM GAS  C:\Users\gjl\AppData\Local\Temp\ccYvuRZj.s 			page 2


  31:Generated_Source\PSoC4/Button_Reg.c **** *  None.
  32:Generated_Source\PSoC4/Button_Reg.c **** *
  33:Generated_Source\PSoC4/Button_Reg.c **** * Return:
  34:Generated_Source\PSoC4/Button_Reg.c **** *  The current value in the Status Register.
  35:Generated_Source\PSoC4/Button_Reg.c **** *
  36:Generated_Source\PSoC4/Button_Reg.c **** *******************************************************************************/
  37:Generated_Source\PSoC4/Button_Reg.c **** uint8 Button_Reg_Read(void) 
  38:Generated_Source\PSoC4/Button_Reg.c **** { 
  28              		.loc 1 38 0
  29              		.cfi_startproc
  30              		@ args = 0, pretend = 0, frame = 0
  31              		@ frame_needed = 1, uses_anonymous_args = 0
  32 0000 80B5     		push	{r7, lr}
  33              		.cfi_def_cfa_offset 8
  34              		.cfi_offset 7, -8
  35              		.cfi_offset 14, -4
  36 0002 00AF     		add	r7, sp, #0
  37              		.cfi_def_cfa_register 7
  39:Generated_Source\PSoC4/Button_Reg.c ****     return Button_Reg_Status;
  38              		.loc 1 39 0
  39 0004 024B     		ldr	r3, .L3
  40 0006 1B78     		ldrb	r3, [r3]
  41 0008 DBB2     		uxtb	r3, r3
  40:Generated_Source\PSoC4/Button_Reg.c **** }
  42              		.loc 1 40 0
  43 000a 1800     		movs	r0, r3
  44 000c BD46     		mov	sp, r7
  45              		@ sp needed
  46 000e 80BD     		pop	{r7, pc}
  47              	.L4:
  48              		.align	2
  49              	.L3:
  50 0010 62000F40 		.word	1074724962
  51              		.cfi_endproc
  52              	.LFE0:
  53              		.size	Button_Reg_Read, .-Button_Reg_Read
  54              		.section	.text.Button_Reg_InterruptEnable,"ax",%progbits
  55              		.align	2
  56              		.global	Button_Reg_InterruptEnable
  57              		.code	16
  58              		.thumb_func
  59              		.type	Button_Reg_InterruptEnable, %function
  60              	Button_Reg_InterruptEnable:
  61              	.LFB1:
  41:Generated_Source\PSoC4/Button_Reg.c **** 
  42:Generated_Source\PSoC4/Button_Reg.c **** 
  43:Generated_Source\PSoC4/Button_Reg.c **** /*******************************************************************************
  44:Generated_Source\PSoC4/Button_Reg.c **** * Function Name: Button_Reg_InterruptEnable
  45:Generated_Source\PSoC4/Button_Reg.c **** ********************************************************************************
  46:Generated_Source\PSoC4/Button_Reg.c **** *
  47:Generated_Source\PSoC4/Button_Reg.c **** * Summary:
  48:Generated_Source\PSoC4/Button_Reg.c **** *  Enables the Status Register interrupt.
  49:Generated_Source\PSoC4/Button_Reg.c **** *
  50:Generated_Source\PSoC4/Button_Reg.c **** * Parameters:
  51:Generated_Source\PSoC4/Button_Reg.c **** *  None.
  52:Generated_Source\PSoC4/Button_Reg.c **** *
  53:Generated_Source\PSoC4/Button_Reg.c **** * Return:
ARM GAS  C:\Users\gjl\AppData\Local\Temp\ccYvuRZj.s 			page 3


  54:Generated_Source\PSoC4/Button_Reg.c **** *  None.
  55:Generated_Source\PSoC4/Button_Reg.c **** *
  56:Generated_Source\PSoC4/Button_Reg.c **** *******************************************************************************/
  57:Generated_Source\PSoC4/Button_Reg.c **** void Button_Reg_InterruptEnable(void) 
  58:Generated_Source\PSoC4/Button_Reg.c **** {
  62              		.loc 1 58 0
  63              		.cfi_startproc
  64              		@ args = 0, pretend = 0, frame = 8
  65              		@ frame_needed = 1, uses_anonymous_args = 0
  66 0000 90B5     		push	{r4, r7, lr}
  67              		.cfi_def_cfa_offset 12
  68              		.cfi_offset 4, -12
  69              		.cfi_offset 7, -8
  70              		.cfi_offset 14, -4
  71 0002 83B0     		sub	sp, sp, #12
  72              		.cfi_def_cfa_offset 24
  73 0004 00AF     		add	r7, sp, #0
  74              		.cfi_def_cfa_register 7
  59:Generated_Source\PSoC4/Button_Reg.c ****     uint8 interruptState;
  60:Generated_Source\PSoC4/Button_Reg.c ****     interruptState = CyEnterCriticalSection();
  75              		.loc 1 60 0
  76 0006 FC1D     		adds	r4, r7, #7
  77 0008 FFF7FEFF 		bl	CyEnterCriticalSection
  78 000c 0300     		movs	r3, r0
  79 000e 2370     		strb	r3, [r4]
  61:Generated_Source\PSoC4/Button_Reg.c ****     Button_Reg_Status_Aux_Ctrl |= Button_Reg_STATUS_INTR_ENBL;
  80              		.loc 1 61 0
  81 0010 084A     		ldr	r2, .L6
  82 0012 084B     		ldr	r3, .L6
  83 0014 1B78     		ldrb	r3, [r3]
  84 0016 DBB2     		uxtb	r3, r3
  85 0018 1021     		movs	r1, #16
  86 001a 0B43     		orrs	r3, r1
  87 001c DBB2     		uxtb	r3, r3
  88 001e 1370     		strb	r3, [r2]
  62:Generated_Source\PSoC4/Button_Reg.c ****     CyExitCriticalSection(interruptState);
  89              		.loc 1 62 0
  90 0020 FB1D     		adds	r3, r7, #7
  91 0022 1B78     		ldrb	r3, [r3]
  92 0024 1800     		movs	r0, r3
  93 0026 FFF7FEFF 		bl	CyExitCriticalSection
  63:Generated_Source\PSoC4/Button_Reg.c **** }
  94              		.loc 1 63 0
  95 002a C046     		nop
  96 002c BD46     		mov	sp, r7
  97 002e 03B0     		add	sp, sp, #12
  98              		@ sp needed
  99 0030 90BD     		pop	{r4, r7, pc}
 100              	.L7:
 101 0032 C046     		.align	2
 102              	.L6:
 103 0034 92000F40 		.word	1074725010
 104              		.cfi_endproc
 105              	.LFE1:
 106              		.size	Button_Reg_InterruptEnable, .-Button_Reg_InterruptEnable
 107              		.section	.text.Button_Reg_InterruptDisable,"ax",%progbits
 108              		.align	2
ARM GAS  C:\Users\gjl\AppData\Local\Temp\ccYvuRZj.s 			page 4


 109              		.global	Button_Reg_InterruptDisable
 110              		.code	16
 111              		.thumb_func
 112              		.type	Button_Reg_InterruptDisable, %function
 113              	Button_Reg_InterruptDisable:
 114              	.LFB2:
  64:Generated_Source\PSoC4/Button_Reg.c **** 
  65:Generated_Source\PSoC4/Button_Reg.c **** 
  66:Generated_Source\PSoC4/Button_Reg.c **** /*******************************************************************************
  67:Generated_Source\PSoC4/Button_Reg.c **** * Function Name: Button_Reg_InterruptDisable
  68:Generated_Source\PSoC4/Button_Reg.c **** ********************************************************************************
  69:Generated_Source\PSoC4/Button_Reg.c **** *
  70:Generated_Source\PSoC4/Button_Reg.c **** * Summary:
  71:Generated_Source\PSoC4/Button_Reg.c **** *  Disables the Status Register interrupt.
  72:Generated_Source\PSoC4/Button_Reg.c **** *
  73:Generated_Source\PSoC4/Button_Reg.c **** * Parameters:
  74:Generated_Source\PSoC4/Button_Reg.c **** *  None.
  75:Generated_Source\PSoC4/Button_Reg.c **** *
  76:Generated_Source\PSoC4/Button_Reg.c **** * Return:
  77:Generated_Source\PSoC4/Button_Reg.c **** *  None.
  78:Generated_Source\PSoC4/Button_Reg.c **** *
  79:Generated_Source\PSoC4/Button_Reg.c **** *******************************************************************************/
  80:Generated_Source\PSoC4/Button_Reg.c **** void Button_Reg_InterruptDisable(void) 
  81:Generated_Source\PSoC4/Button_Reg.c **** {
 115              		.loc 1 81 0
 116              		.cfi_startproc
 117              		@ args = 0, pretend = 0, frame = 8
 118              		@ frame_needed = 1, uses_anonymous_args = 0
 119 0000 90B5     		push	{r4, r7, lr}
 120              		.cfi_def_cfa_offset 12
 121              		.cfi_offset 4, -12
 122              		.cfi_offset 7, -8
 123              		.cfi_offset 14, -4
 124 0002 83B0     		sub	sp, sp, #12
 125              		.cfi_def_cfa_offset 24
 126 0004 00AF     		add	r7, sp, #0
 127              		.cfi_def_cfa_register 7
  82:Generated_Source\PSoC4/Button_Reg.c ****     uint8 interruptState;
  83:Generated_Source\PSoC4/Button_Reg.c ****     interruptState = CyEnterCriticalSection();
 128              		.loc 1 83 0
 129 0006 FC1D     		adds	r4, r7, #7
 130 0008 FFF7FEFF 		bl	CyEnterCriticalSection
 131 000c 0300     		movs	r3, r0
 132 000e 2370     		strb	r3, [r4]
  84:Generated_Source\PSoC4/Button_Reg.c ****     Button_Reg_Status_Aux_Ctrl &= (uint8)(~Button_Reg_STATUS_INTR_ENBL);
 133              		.loc 1 84 0
 134 0010 084A     		ldr	r2, .L9
 135 0012 084B     		ldr	r3, .L9
 136 0014 1B78     		ldrb	r3, [r3]
 137 0016 DBB2     		uxtb	r3, r3
 138 0018 1021     		movs	r1, #16
 139 001a 8B43     		bics	r3, r1
 140 001c DBB2     		uxtb	r3, r3
 141 001e 1370     		strb	r3, [r2]
  85:Generated_Source\PSoC4/Button_Reg.c ****     CyExitCriticalSection(interruptState);
 142              		.loc 1 85 0
 143 0020 FB1D     		adds	r3, r7, #7
ARM GAS  C:\Users\gjl\AppData\Local\Temp\ccYvuRZj.s 			page 5


 144 0022 1B78     		ldrb	r3, [r3]
 145 0024 1800     		movs	r0, r3
 146 0026 FFF7FEFF 		bl	CyExitCriticalSection
  86:Generated_Source\PSoC4/Button_Reg.c **** }
 147              		.loc 1 86 0
 148 002a C046     		nop
 149 002c BD46     		mov	sp, r7
 150 002e 03B0     		add	sp, sp, #12
 151              		@ sp needed
 152 0030 90BD     		pop	{r4, r7, pc}
 153              	.L10:
 154 0032 C046     		.align	2
 155              	.L9:
 156 0034 92000F40 		.word	1074725010
 157              		.cfi_endproc
 158              	.LFE2:
 159              		.size	Button_Reg_InterruptDisable, .-Button_Reg_InterruptDisable
 160              		.section	.text.Button_Reg_WriteMask,"ax",%progbits
 161              		.align	2
 162              		.global	Button_Reg_WriteMask
 163              		.code	16
 164              		.thumb_func
 165              		.type	Button_Reg_WriteMask, %function
 166              	Button_Reg_WriteMask:
 167              	.LFB3:
  87:Generated_Source\PSoC4/Button_Reg.c **** 
  88:Generated_Source\PSoC4/Button_Reg.c **** 
  89:Generated_Source\PSoC4/Button_Reg.c **** /*******************************************************************************
  90:Generated_Source\PSoC4/Button_Reg.c **** * Function Name: Button_Reg_WriteMask
  91:Generated_Source\PSoC4/Button_Reg.c **** ********************************************************************************
  92:Generated_Source\PSoC4/Button_Reg.c **** *
  93:Generated_Source\PSoC4/Button_Reg.c **** * Summary:
  94:Generated_Source\PSoC4/Button_Reg.c **** *  Writes the current mask value assigned to the Status Register.
  95:Generated_Source\PSoC4/Button_Reg.c **** *
  96:Generated_Source\PSoC4/Button_Reg.c **** * Parameters:
  97:Generated_Source\PSoC4/Button_Reg.c **** *  mask:  Value to write into the mask register.
  98:Generated_Source\PSoC4/Button_Reg.c **** *
  99:Generated_Source\PSoC4/Button_Reg.c **** * Return:
 100:Generated_Source\PSoC4/Button_Reg.c **** *  None.
 101:Generated_Source\PSoC4/Button_Reg.c **** *
 102:Generated_Source\PSoC4/Button_Reg.c **** *******************************************************************************/
 103:Generated_Source\PSoC4/Button_Reg.c **** void Button_Reg_WriteMask(uint8 mask) 
 104:Generated_Source\PSoC4/Button_Reg.c **** {
 168              		.loc 1 104 0
 169              		.cfi_startproc
 170              		@ args = 0, pretend = 0, frame = 8
 171              		@ frame_needed = 1, uses_anonymous_args = 0
 172 0000 80B5     		push	{r7, lr}
 173              		.cfi_def_cfa_offset 8
 174              		.cfi_offset 7, -8
 175              		.cfi_offset 14, -4
 176 0002 82B0     		sub	sp, sp, #8
 177              		.cfi_def_cfa_offset 16
 178 0004 00AF     		add	r7, sp, #0
 179              		.cfi_def_cfa_register 7
 180 0006 0200     		movs	r2, r0
 181 0008 FB1D     		adds	r3, r7, #7
ARM GAS  C:\Users\gjl\AppData\Local\Temp\ccYvuRZj.s 			page 6


 182 000a 1A70     		strb	r2, [r3]
 105:Generated_Source\PSoC4/Button_Reg.c ****     #if(Button_Reg_INPUTS < 8u)
 106:Generated_Source\PSoC4/Button_Reg.c ****     	mask &= ((uint8)(1u << Button_Reg_INPUTS) - 1u);
 183              		.loc 1 106 0
 184 000c FB1D     		adds	r3, r7, #7
 185 000e FA1D     		adds	r2, r7, #7
 186 0010 1278     		ldrb	r2, [r2]
 187 0012 0F21     		movs	r1, #15
 188 0014 0A40     		ands	r2, r1
 189 0016 1A70     		strb	r2, [r3]
 107:Generated_Source\PSoC4/Button_Reg.c **** 	#endif /* End Button_Reg_INPUTS < 8u */
 108:Generated_Source\PSoC4/Button_Reg.c ****     Button_Reg_Status_Mask = mask;
 190              		.loc 1 108 0
 191 0018 034A     		ldr	r2, .L12
 192 001a FB1D     		adds	r3, r7, #7
 193 001c 1B78     		ldrb	r3, [r3]
 194 001e 1370     		strb	r3, [r2]
 109:Generated_Source\PSoC4/Button_Reg.c **** }
 195              		.loc 1 109 0
 196 0020 C046     		nop
 197 0022 BD46     		mov	sp, r7
 198 0024 02B0     		add	sp, sp, #8
 199              		@ sp needed
 200 0026 80BD     		pop	{r7, pc}
 201              	.L13:
 202              		.align	2
 203              	.L12:
 204 0028 82000F40 		.word	1074724994
 205              		.cfi_endproc
 206              	.LFE3:
 207              		.size	Button_Reg_WriteMask, .-Button_Reg_WriteMask
 208              		.section	.text.Button_Reg_ReadMask,"ax",%progbits
 209              		.align	2
 210              		.global	Button_Reg_ReadMask
 211              		.code	16
 212              		.thumb_func
 213              		.type	Button_Reg_ReadMask, %function
 214              	Button_Reg_ReadMask:
 215              	.LFB4:
 110:Generated_Source\PSoC4/Button_Reg.c **** 
 111:Generated_Source\PSoC4/Button_Reg.c **** 
 112:Generated_Source\PSoC4/Button_Reg.c **** /*******************************************************************************
 113:Generated_Source\PSoC4/Button_Reg.c **** * Function Name: Button_Reg_ReadMask
 114:Generated_Source\PSoC4/Button_Reg.c **** ********************************************************************************
 115:Generated_Source\PSoC4/Button_Reg.c **** *
 116:Generated_Source\PSoC4/Button_Reg.c **** * Summary:
 117:Generated_Source\PSoC4/Button_Reg.c **** *  Reads the current interrupt mask assigned to the Status Register.
 118:Generated_Source\PSoC4/Button_Reg.c **** *
 119:Generated_Source\PSoC4/Button_Reg.c **** * Parameters:
 120:Generated_Source\PSoC4/Button_Reg.c **** *  None.
 121:Generated_Source\PSoC4/Button_Reg.c **** *
 122:Generated_Source\PSoC4/Button_Reg.c **** * Return:
 123:Generated_Source\PSoC4/Button_Reg.c **** *  The value of the interrupt mask of the Status Register.
 124:Generated_Source\PSoC4/Button_Reg.c **** *
 125:Generated_Source\PSoC4/Button_Reg.c **** *******************************************************************************/
 126:Generated_Source\PSoC4/Button_Reg.c **** uint8 Button_Reg_ReadMask(void) 
 127:Generated_Source\PSoC4/Button_Reg.c **** {
ARM GAS  C:\Users\gjl\AppData\Local\Temp\ccYvuRZj.s 			page 7


 216              		.loc 1 127 0
 217              		.cfi_startproc
 218              		@ args = 0, pretend = 0, frame = 0
 219              		@ frame_needed = 1, uses_anonymous_args = 0
 220 0000 80B5     		push	{r7, lr}
 221              		.cfi_def_cfa_offset 8
 222              		.cfi_offset 7, -8
 223              		.cfi_offset 14, -4
 224 0002 00AF     		add	r7, sp, #0
 225              		.cfi_def_cfa_register 7
 128:Generated_Source\PSoC4/Button_Reg.c ****     return Button_Reg_Status_Mask;
 226              		.loc 1 128 0
 227 0004 024B     		ldr	r3, .L16
 228 0006 1B78     		ldrb	r3, [r3]
 229 0008 DBB2     		uxtb	r3, r3
 129:Generated_Source\PSoC4/Button_Reg.c **** }
 230              		.loc 1 129 0
 231 000a 1800     		movs	r0, r3
 232 000c BD46     		mov	sp, r7
 233              		@ sp needed
 234 000e 80BD     		pop	{r7, pc}
 235              	.L17:
 236              		.align	2
 237              	.L16:
 238 0010 82000F40 		.word	1074724994
 239              		.cfi_endproc
 240              	.LFE4:
 241              		.size	Button_Reg_ReadMask, .-Button_Reg_ReadMask
 242              		.text
 243              	.Letext0:
 244              		.file 2 "Generated_Source\\PSoC4\\cytypes.h"
 245              		.section	.debug_info,"",%progbits
 246              	.Ldebug_info0:
 247 0000 3E010000 		.4byte	0x13e
 248 0004 0400     		.2byte	0x4
 249 0006 00000000 		.4byte	.Ldebug_abbrev0
 250 000a 04       		.byte	0x4
 251 000b 01       		.uleb128 0x1
 252 000c 97010000 		.4byte	.LASF22
 253 0010 0C       		.byte	0xc
 254 0011 25020000 		.4byte	.LASF23
 255 0015 94000000 		.4byte	.LASF24
 256 0019 00000000 		.4byte	.Ldebug_ranges0+0
 257 001d 00000000 		.4byte	0
 258 0021 00000000 		.4byte	.Ldebug_line0
 259 0025 02       		.uleb128 0x2
 260 0026 01       		.byte	0x1
 261 0027 06       		.byte	0x6
 262 0028 60010000 		.4byte	.LASF0
 263 002c 02       		.uleb128 0x2
 264 002d 01       		.byte	0x1
 265 002e 08       		.byte	0x8
 266 002f 0E010000 		.4byte	.LASF1
 267 0033 02       		.uleb128 0x2
 268 0034 02       		.byte	0x2
 269 0035 05       		.byte	0x5
 270 0036 8D010000 		.4byte	.LASF2
ARM GAS  C:\Users\gjl\AppData\Local\Temp\ccYvuRZj.s 			page 8


 271 003a 02       		.uleb128 0x2
 272 003b 02       		.byte	0x2
 273 003c 07       		.byte	0x7
 274 003d 4D010000 		.4byte	.LASF3
 275 0041 02       		.uleb128 0x2
 276 0042 04       		.byte	0x4
 277 0043 05       		.byte	0x5
 278 0044 3D010000 		.4byte	.LASF4
 279 0048 02       		.uleb128 0x2
 280 0049 04       		.byte	0x4
 281 004a 07       		.byte	0x7
 282 004b 41000000 		.4byte	.LASF5
 283 004f 02       		.uleb128 0x2
 284 0050 08       		.byte	0x8
 285 0051 05       		.byte	0x5
 286 0052 00000000 		.4byte	.LASF6
 287 0056 02       		.uleb128 0x2
 288 0057 08       		.byte	0x8
 289 0058 07       		.byte	0x7
 290 0059 53000000 		.4byte	.LASF7
 291 005d 03       		.uleb128 0x3
 292 005e 04       		.byte	0x4
 293 005f 05       		.byte	0x5
 294 0060 696E7400 		.ascii	"int\000"
 295 0064 02       		.uleb128 0x2
 296 0065 04       		.byte	0x4
 297 0066 07       		.byte	0x7
 298 0067 0E000000 		.4byte	.LASF8
 299 006b 04       		.uleb128 0x4
 300 006c 3B000000 		.4byte	.LASF12
 301 0070 02       		.byte	0x2
 302 0071 D201     		.2byte	0x1d2
 303 0073 2C000000 		.4byte	0x2c
 304 0077 02       		.uleb128 0x2
 305 0078 04       		.byte	0x4
 306 0079 04       		.byte	0x4
 307 007a 6A000000 		.4byte	.LASF9
 308 007e 02       		.uleb128 0x2
 309 007f 08       		.byte	0x8
 310 0080 04       		.byte	0x4
 311 0081 46010000 		.4byte	.LASF10
 312 0085 02       		.uleb128 0x2
 313 0086 01       		.byte	0x1
 314 0087 08       		.byte	0x8
 315 0088 38010000 		.4byte	.LASF11
 316 008c 04       		.uleb128 0x4
 317 008d 36000000 		.4byte	.LASF13
 318 0091 02       		.byte	0x2
 319 0092 7C02     		.2byte	0x27c
 320 0094 98000000 		.4byte	0x98
 321 0098 05       		.uleb128 0x5
 322 0099 6B000000 		.4byte	0x6b
 323 009d 02       		.uleb128 0x2
 324 009e 08       		.byte	0x8
 325 009f 04       		.byte	0x4
 326 00a0 6C010000 		.4byte	.LASF14
 327 00a4 02       		.uleb128 0x2
ARM GAS  C:\Users\gjl\AppData\Local\Temp\ccYvuRZj.s 			page 9


 328 00a5 04       		.byte	0x4
 329 00a6 07       		.byte	0x7
 330 00a7 49020000 		.4byte	.LASF15
 331 00ab 06       		.uleb128 0x6
 332 00ac 84000000 		.4byte	.LASF20
 333 00b0 01       		.byte	0x1
 334 00b1 25       		.byte	0x25
 335 00b2 6B000000 		.4byte	0x6b
 336 00b6 00000000 		.4byte	.LFB0
 337 00ba 14000000 		.4byte	.LFE0-.LFB0
 338 00be 01       		.uleb128 0x1
 339 00bf 9C       		.byte	0x9c
 340 00c0 07       		.uleb128 0x7
 341 00c1 1B000000 		.4byte	.LASF16
 342 00c5 01       		.byte	0x1
 343 00c6 39       		.byte	0x39
 344 00c7 00000000 		.4byte	.LFB1
 345 00cb 38000000 		.4byte	.LFE1-.LFB1
 346 00cf 01       		.uleb128 0x1
 347 00d0 9C       		.byte	0x9c
 348 00d1 E4000000 		.4byte	0xe4
 349 00d5 08       		.uleb128 0x8
 350 00d6 52020000 		.4byte	.LASF18
 351 00da 01       		.byte	0x1
 352 00db 3B       		.byte	0x3b
 353 00dc 6B000000 		.4byte	0x6b
 354 00e0 02       		.uleb128 0x2
 355 00e1 91       		.byte	0x91
 356 00e2 6F       		.sleb128 -17
 357 00e3 00       		.byte	0
 358 00e4 07       		.uleb128 0x7
 359 00e5 1C010000 		.4byte	.LASF17
 360 00e9 01       		.byte	0x1
 361 00ea 50       		.byte	0x50
 362 00eb 00000000 		.4byte	.LFB2
 363 00ef 38000000 		.4byte	.LFE2-.LFB2
 364 00f3 01       		.uleb128 0x1
 365 00f4 9C       		.byte	0x9c
 366 00f5 08010000 		.4byte	0x108
 367 00f9 08       		.uleb128 0x8
 368 00fa 52020000 		.4byte	.LASF18
 369 00fe 01       		.byte	0x1
 370 00ff 52       		.byte	0x52
 371 0100 6B000000 		.4byte	0x6b
 372 0104 02       		.uleb128 0x2
 373 0105 91       		.byte	0x91
 374 0106 6F       		.sleb128 -17
 375 0107 00       		.byte	0
 376 0108 09       		.uleb128 0x9
 377 0109 78010000 		.4byte	.LASF19
 378 010d 01       		.byte	0x1
 379 010e 67       		.byte	0x67
 380 010f 00000000 		.4byte	.LFB3
 381 0113 2C000000 		.4byte	.LFE3-.LFB3
 382 0117 01       		.uleb128 0x1
 383 0118 9C       		.byte	0x9c
 384 0119 2C010000 		.4byte	0x12c
ARM GAS  C:\Users\gjl\AppData\Local\Temp\ccYvuRZj.s 			page 10


 385 011d 0A       		.uleb128 0xa
 386 011e 09010000 		.4byte	.LASF25
 387 0122 01       		.byte	0x1
 388 0123 67       		.byte	0x67
 389 0124 6B000000 		.4byte	0x6b
 390 0128 02       		.uleb128 0x2
 391 0129 91       		.byte	0x91
 392 012a 77       		.sleb128 -9
 393 012b 00       		.byte	0
 394 012c 06       		.uleb128 0x6
 395 012d 70000000 		.4byte	.LASF21
 396 0131 01       		.byte	0x1
 397 0132 7E       		.byte	0x7e
 398 0133 6B000000 		.4byte	0x6b
 399 0137 00000000 		.4byte	.LFB4
 400 013b 14000000 		.4byte	.LFE4-.LFB4
 401 013f 01       		.uleb128 0x1
 402 0140 9C       		.byte	0x9c
 403 0141 00       		.byte	0
 404              		.section	.debug_abbrev,"",%progbits
 405              	.Ldebug_abbrev0:
 406 0000 01       		.uleb128 0x1
 407 0001 11       		.uleb128 0x11
 408 0002 01       		.byte	0x1
 409 0003 25       		.uleb128 0x25
 410 0004 0E       		.uleb128 0xe
 411 0005 13       		.uleb128 0x13
 412 0006 0B       		.uleb128 0xb
 413 0007 03       		.uleb128 0x3
 414 0008 0E       		.uleb128 0xe
 415 0009 1B       		.uleb128 0x1b
 416 000a 0E       		.uleb128 0xe
 417 000b 55       		.uleb128 0x55
 418 000c 17       		.uleb128 0x17
 419 000d 11       		.uleb128 0x11
 420 000e 01       		.uleb128 0x1
 421 000f 10       		.uleb128 0x10
 422 0010 17       		.uleb128 0x17
 423 0011 00       		.byte	0
 424 0012 00       		.byte	0
 425 0013 02       		.uleb128 0x2
 426 0014 24       		.uleb128 0x24
 427 0015 00       		.byte	0
 428 0016 0B       		.uleb128 0xb
 429 0017 0B       		.uleb128 0xb
 430 0018 3E       		.uleb128 0x3e
 431 0019 0B       		.uleb128 0xb
 432 001a 03       		.uleb128 0x3
 433 001b 0E       		.uleb128 0xe
 434 001c 00       		.byte	0
 435 001d 00       		.byte	0
 436 001e 03       		.uleb128 0x3
 437 001f 24       		.uleb128 0x24
 438 0020 00       		.byte	0
 439 0021 0B       		.uleb128 0xb
 440 0022 0B       		.uleb128 0xb
 441 0023 3E       		.uleb128 0x3e
ARM GAS  C:\Users\gjl\AppData\Local\Temp\ccYvuRZj.s 			page 11


 442 0024 0B       		.uleb128 0xb
 443 0025 03       		.uleb128 0x3
 444 0026 08       		.uleb128 0x8
 445 0027 00       		.byte	0
 446 0028 00       		.byte	0
 447 0029 04       		.uleb128 0x4
 448 002a 16       		.uleb128 0x16
 449 002b 00       		.byte	0
 450 002c 03       		.uleb128 0x3
 451 002d 0E       		.uleb128 0xe
 452 002e 3A       		.uleb128 0x3a
 453 002f 0B       		.uleb128 0xb
 454 0030 3B       		.uleb128 0x3b
 455 0031 05       		.uleb128 0x5
 456 0032 49       		.uleb128 0x49
 457 0033 13       		.uleb128 0x13
 458 0034 00       		.byte	0
 459 0035 00       		.byte	0
 460 0036 05       		.uleb128 0x5
 461 0037 35       		.uleb128 0x35
 462 0038 00       		.byte	0
 463 0039 49       		.uleb128 0x49
 464 003a 13       		.uleb128 0x13
 465 003b 00       		.byte	0
 466 003c 00       		.byte	0
 467 003d 06       		.uleb128 0x6
 468 003e 2E       		.uleb128 0x2e
 469 003f 00       		.byte	0
 470 0040 3F       		.uleb128 0x3f
 471 0041 19       		.uleb128 0x19
 472 0042 03       		.uleb128 0x3
 473 0043 0E       		.uleb128 0xe
 474 0044 3A       		.uleb128 0x3a
 475 0045 0B       		.uleb128 0xb
 476 0046 3B       		.uleb128 0x3b
 477 0047 0B       		.uleb128 0xb
 478 0048 27       		.uleb128 0x27
 479 0049 19       		.uleb128 0x19
 480 004a 49       		.uleb128 0x49
 481 004b 13       		.uleb128 0x13
 482 004c 11       		.uleb128 0x11
 483 004d 01       		.uleb128 0x1
 484 004e 12       		.uleb128 0x12
 485 004f 06       		.uleb128 0x6
 486 0050 40       		.uleb128 0x40
 487 0051 18       		.uleb128 0x18
 488 0052 9742     		.uleb128 0x2117
 489 0054 19       		.uleb128 0x19
 490 0055 00       		.byte	0
 491 0056 00       		.byte	0
 492 0057 07       		.uleb128 0x7
 493 0058 2E       		.uleb128 0x2e
 494 0059 01       		.byte	0x1
 495 005a 3F       		.uleb128 0x3f
 496 005b 19       		.uleb128 0x19
 497 005c 03       		.uleb128 0x3
 498 005d 0E       		.uleb128 0xe
ARM GAS  C:\Users\gjl\AppData\Local\Temp\ccYvuRZj.s 			page 12


 499 005e 3A       		.uleb128 0x3a
 500 005f 0B       		.uleb128 0xb
 501 0060 3B       		.uleb128 0x3b
 502 0061 0B       		.uleb128 0xb
 503 0062 27       		.uleb128 0x27
 504 0063 19       		.uleb128 0x19
 505 0064 11       		.uleb128 0x11
 506 0065 01       		.uleb128 0x1
 507 0066 12       		.uleb128 0x12
 508 0067 06       		.uleb128 0x6
 509 0068 40       		.uleb128 0x40
 510 0069 18       		.uleb128 0x18
 511 006a 9642     		.uleb128 0x2116
 512 006c 19       		.uleb128 0x19
 513 006d 01       		.uleb128 0x1
 514 006e 13       		.uleb128 0x13
 515 006f 00       		.byte	0
 516 0070 00       		.byte	0
 517 0071 08       		.uleb128 0x8
 518 0072 34       		.uleb128 0x34
 519 0073 00       		.byte	0
 520 0074 03       		.uleb128 0x3
 521 0075 0E       		.uleb128 0xe
 522 0076 3A       		.uleb128 0x3a
 523 0077 0B       		.uleb128 0xb
 524 0078 3B       		.uleb128 0x3b
 525 0079 0B       		.uleb128 0xb
 526 007a 49       		.uleb128 0x49
 527 007b 13       		.uleb128 0x13
 528 007c 02       		.uleb128 0x2
 529 007d 18       		.uleb128 0x18
 530 007e 00       		.byte	0
 531 007f 00       		.byte	0
 532 0080 09       		.uleb128 0x9
 533 0081 2E       		.uleb128 0x2e
 534 0082 01       		.byte	0x1
 535 0083 3F       		.uleb128 0x3f
 536 0084 19       		.uleb128 0x19
 537 0085 03       		.uleb128 0x3
 538 0086 0E       		.uleb128 0xe
 539 0087 3A       		.uleb128 0x3a
 540 0088 0B       		.uleb128 0xb
 541 0089 3B       		.uleb128 0x3b
 542 008a 0B       		.uleb128 0xb
 543 008b 27       		.uleb128 0x27
 544 008c 19       		.uleb128 0x19
 545 008d 11       		.uleb128 0x11
 546 008e 01       		.uleb128 0x1
 547 008f 12       		.uleb128 0x12
 548 0090 06       		.uleb128 0x6
 549 0091 40       		.uleb128 0x40
 550 0092 18       		.uleb128 0x18
 551 0093 9742     		.uleb128 0x2117
 552 0095 19       		.uleb128 0x19
 553 0096 01       		.uleb128 0x1
 554 0097 13       		.uleb128 0x13
 555 0098 00       		.byte	0
ARM GAS  C:\Users\gjl\AppData\Local\Temp\ccYvuRZj.s 			page 13


 556 0099 00       		.byte	0
 557 009a 0A       		.uleb128 0xa
 558 009b 05       		.uleb128 0x5
 559 009c 00       		.byte	0
 560 009d 03       		.uleb128 0x3
 561 009e 0E       		.uleb128 0xe
 562 009f 3A       		.uleb128 0x3a
 563 00a0 0B       		.uleb128 0xb
 564 00a1 3B       		.uleb128 0x3b
 565 00a2 0B       		.uleb128 0xb
 566 00a3 49       		.uleb128 0x49
 567 00a4 13       		.uleb128 0x13
 568 00a5 02       		.uleb128 0x2
 569 00a6 18       		.uleb128 0x18
 570 00a7 00       		.byte	0
 571 00a8 00       		.byte	0
 572 00a9 00       		.byte	0
 573              		.section	.debug_aranges,"",%progbits
 574 0000 3C000000 		.4byte	0x3c
 575 0004 0200     		.2byte	0x2
 576 0006 00000000 		.4byte	.Ldebug_info0
 577 000a 04       		.byte	0x4
 578 000b 00       		.byte	0
 579 000c 0000     		.2byte	0
 580 000e 0000     		.2byte	0
 581 0010 00000000 		.4byte	.LFB0
 582 0014 14000000 		.4byte	.LFE0-.LFB0
 583 0018 00000000 		.4byte	.LFB1
 584 001c 38000000 		.4byte	.LFE1-.LFB1
 585 0020 00000000 		.4byte	.LFB2
 586 0024 38000000 		.4byte	.LFE2-.LFB2
 587 0028 00000000 		.4byte	.LFB3
 588 002c 2C000000 		.4byte	.LFE3-.LFB3
 589 0030 00000000 		.4byte	.LFB4
 590 0034 14000000 		.4byte	.LFE4-.LFB4
 591 0038 00000000 		.4byte	0
 592 003c 00000000 		.4byte	0
 593              		.section	.debug_ranges,"",%progbits
 594              	.Ldebug_ranges0:
 595 0000 00000000 		.4byte	.LFB0
 596 0004 14000000 		.4byte	.LFE0
 597 0008 00000000 		.4byte	.LFB1
 598 000c 38000000 		.4byte	.LFE1
 599 0010 00000000 		.4byte	.LFB2
 600 0014 38000000 		.4byte	.LFE2
 601 0018 00000000 		.4byte	.LFB3
 602 001c 2C000000 		.4byte	.LFE3
 603 0020 00000000 		.4byte	.LFB4
 604 0024 14000000 		.4byte	.LFE4
 605 0028 00000000 		.4byte	0
 606 002c 00000000 		.4byte	0
 607              		.section	.debug_line,"",%progbits
 608              	.Ldebug_line0:
 609 0000 AA000000 		.section	.debug_str,"MS",%progbits,1
 609      02004700 
 609      00000201 
 609      FB0E0D00 
ARM GAS  C:\Users\gjl\AppData\Local\Temp\ccYvuRZj.s 			page 14


 609      01010101 
 610              	.LASF6:
 611 0000 6C6F6E67 		.ascii	"long long int\000"
 611      206C6F6E 
 611      6720696E 
 611      7400
 612              	.LASF8:
 613 000e 756E7369 		.ascii	"unsigned int\000"
 613      676E6564 
 613      20696E74 
 613      00
 614              	.LASF16:
 615 001b 42757474 		.ascii	"Button_Reg_InterruptEnable\000"
 615      6F6E5F52 
 615      65675F49 
 615      6E746572 
 615      72757074 
 616              	.LASF13:
 617 0036 72656738 		.ascii	"reg8\000"
 617      00
 618              	.LASF12:
 619 003b 75696E74 		.ascii	"uint8\000"
 619      3800
 620              	.LASF5:
 621 0041 6C6F6E67 		.ascii	"long unsigned int\000"
 621      20756E73 
 621      69676E65 
 621      6420696E 
 621      7400
 622              	.LASF7:
 623 0053 6C6F6E67 		.ascii	"long long unsigned int\000"
 623      206C6F6E 
 623      6720756E 
 623      7369676E 
 623      65642069 
 624              	.LASF9:
 625 006a 666C6F61 		.ascii	"float\000"
 625      7400
 626              	.LASF21:
 627 0070 42757474 		.ascii	"Button_Reg_ReadMask\000"
 627      6F6E5F52 
 627      65675F52 
 627      6561644D 
 627      61736B00 
 628              	.LASF20:
 629 0084 42757474 		.ascii	"Button_Reg_Read\000"
 629      6F6E5F52 
 629      65675F52 
 629      65616400 
 630              	.LASF24:
 631 0094 433A5C53 		.ascii	"C:\\SVN\\apps\\trunk\\Cypress Academy\\PSoC-101\\Pr"
 631      564E5C61 
 631      7070735C 
 631      7472756E 
 631      6B5C4379 
 632 00c1 6F6A6563 		.ascii	"ojects\\Team_Project\\Simon\\Simon_Slave_Pioneer\\S"
 632      74735C54 
ARM GAS  C:\Users\gjl\AppData\Local\Temp\ccYvuRZj.s 			page 15


 632      65616D5F 
 632      50726F6A 
 632      6563745C 
 633 00f0 696D6F6E 		.ascii	"imon_Slave_Pioneer.cydsn\000"
 633      5F536C61 
 633      76655F50 
 633      696F6E65 
 633      65722E63 
 634              	.LASF25:
 635 0109 6D61736B 		.ascii	"mask\000"
 635      00
 636              	.LASF1:
 637 010e 756E7369 		.ascii	"unsigned char\000"
 637      676E6564 
 637      20636861 
 637      7200
 638              	.LASF17:
 639 011c 42757474 		.ascii	"Button_Reg_InterruptDisable\000"
 639      6F6E5F52 
 639      65675F49 
 639      6E746572 
 639      72757074 
 640              	.LASF11:
 641 0138 63686172 		.ascii	"char\000"
 641      00
 642              	.LASF4:
 643 013d 6C6F6E67 		.ascii	"long int\000"
 643      20696E74 
 643      00
 644              	.LASF10:
 645 0146 646F7562 		.ascii	"double\000"
 645      6C6500
 646              	.LASF3:
 647 014d 73686F72 		.ascii	"short unsigned int\000"
 647      7420756E 
 647      7369676E 
 647      65642069 
 647      6E7400
 648              	.LASF0:
 649 0160 7369676E 		.ascii	"signed char\000"
 649      65642063 
 649      68617200 
 650              	.LASF14:
 651 016c 6C6F6E67 		.ascii	"long double\000"
 651      20646F75 
 651      626C6500 
 652              	.LASF19:
 653 0178 42757474 		.ascii	"Button_Reg_WriteMask\000"
 653      6F6E5F52 
 653      65675F57 
 653      72697465 
 653      4D61736B 
 654              	.LASF2:
 655 018d 73686F72 		.ascii	"short int\000"
 655      7420696E 
 655      7400
 656              	.LASF22:
ARM GAS  C:\Users\gjl\AppData\Local\Temp\ccYvuRZj.s 			page 16


 657 0197 474E5520 		.ascii	"GNU C11 5.4.1 20160609 (release) [ARM/embedded-5-br"
 657      43313120 
 657      352E342E 
 657      31203230 
 657      31363036 
 658 01ca 616E6368 		.ascii	"anch revision 237715] -mcpu=cortex-m0 -mthumb -g -O"
 658      20726576 
 658      6973696F 
 658      6E203233 
 658      37373135 
 659 01fd 30202D66 		.ascii	"0 -ffunction-sections -ffat-lto-objects\000"
 659      66756E63 
 659      74696F6E 
 659      2D736563 
 659      74696F6E 
 660              	.LASF23:
 661 0225 47656E65 		.ascii	"Generated_Source\\PSoC4\\Button_Reg.c\000"
 661      72617465 
 661      645F536F 
 661      75726365 
 661      5C50536F 
 662              	.LASF15:
 663 0249 73697A65 		.ascii	"sizetype\000"
 663      74797065 
 663      00
 664              	.LASF18:
 665 0252 696E7465 		.ascii	"interruptState\000"
 665      72727570 
 665      74537461 
 665      746500
 666              		.ident	"GCC: (GNU Tools for ARM Embedded Processors) 5.4.1 20160609 (release) [ARM/embedded-5-bran
